Deploying v60.0 metadata to brian.lavin@olympus.com.qa using the v60.0 SOAP API.
Deploy ID: 0Af9X00000Q8jc5SAB

=== Deployed Source

 FULL NAME                                                                  TYPE               PROJECT PATH                                                                                                                             
 ────────────────────────────────────────────────────────────────────────── ────────────────── ──────────────────────────────────────────────────────────────────────────────────────────────────────────────────────────────────────── 
 CMPL123CME__Complaint__c.OLY_Date_of_Event_Unknown__c                      CustomField        force-app/main/default/objects/CMPL123CME__Complaint__c/fields/OLY_Date_of_Event_Unknown__c.field-meta.xml                               
 CMPL123CME__Complaint__c.OLY_Item_Code__c                                  CustomField        force-app/main/default/objects/CMPL123CME__Complaint__c/fields/OLY_Item_Code__c.field-meta.xml                                           
 CMPL123CME__Inquiry__c.OLY_Date_of_Event_Unknown__c                        CustomField        force-app/main/default/objects/CMPL123CME__Inquiry__c/fields/OLY_Date_of_Event_Unknown__c.field-meta.xml                                 
 CMPL123CME__Inquiry__c.OLY_Item_Code__c                                    CustomField        force-app/main/default/objects/CMPL123CME__Inquiry__c/fields/OLY_Item_Code__c.field-meta.xml                                             
 CMPL123QMS__Investigation__c.OLY_Regional_Complaint_Handling_Ctr__c        CustomField        force-app/main/default/objects/CMPL123QMS__Investigation__c/fields/OLY_Regional_Complaint_Handling_Ctr__c.field-meta.xml                 
 CMPL123__Action__c.OLY_Action_ID__c                                        CustomField        force-app/main/default/objects/CMPL123__Action__c/fields/OLY_Action_ID__c.field-meta.xml                                                 
 CMPL123__Product__c.OLY_Product_Summary__c                                 CustomField        force-app/main/default/objects/CMPL123__Product__c/fields/OLY_Product_Summary__c.field-meta.xml                                          
 OLY_Country__c.OLY_Regional_Complaint_Handling_Center__c                   CustomField        force-app/main/default/objects/OLY_Country__c/fields/OLY_Regional_Complaint_Handling_Center__c.field-meta.xml                            
 CMPL123__RDC_Copy_to_Child_Configuration.x817dda72b35bee3e44a6abf561a760e6 CustomMetadata     force-app/main/default/customMetadata/CMPL123__RDC_Copy_to_Child_Configuration.x817dda72b35bee3e44a6abf561a760e6.md-meta.xml             
 CMPL123__RDC_Copy_to_Child_Configuration.xd00bd5e2b7e9e4747c7e61615a71e60a CustomMetadata     force-app/main/default/customMetadata/CMPL123__RDC_Copy_to_Child_Configuration.xd00bd5e2b7e9e4747c7e61615a71e60a.md-meta.xml             
 Investigation_Update_By_Date_Fields                                        Flow               force-app/main/default/flows/Investigation_Update_By_Date_Fields.flow-meta.xml                                                           
 OLY_Complaint_Update_By_Date_Fields                                        Flow               force-app/main/default/flows/OLY_Complaint_Update_By_Date_Fields.flow-meta.xml                                                           
 TWD_Complaint_Before_Save_Flow                                             Flow               force-app/main/default/flows/TWD_Complaint_Before_Save_Flow.flow-meta.xml                                                                
 TWD_EMDR_Before_Save_Flow                                                  Flow               force-app/main/default/flows/TWD_EMDR_Before_Save_Flow.flow-meta.xml                                                                     
 TWD_Inquiry_Before_Save_Flow                                               Flow               force-app/main/default/flows/TWD_Inquiry_Before_Save_Flow.flow-meta.xml                                                                  
 TWD_Inquiry_Create_Complaint_aflow                                         Flow               force-app/main/default/flows/TWD_Inquiry_Create_Complaint_aflow.flow-meta.xml                                                            
 CMPL123CME__Complaint__c-CMPL123CME__Complaint Layout                      Layout             force-app/main/default/layouts/CMPL123CME__Complaint__c-CMPL123CME__Complaint Layout.layout-meta.xml                                     
 CMPL123CME__Inquiry__c-CMPL123CME__Inquiry Layout                          Layout             force-app/main/default/layouts/CMPL123CME__Inquiry__c-CMPL123CME__Inquiry Layout.layout-meta.xml                                         
 CMPL123QMS__Investigation__c-CMPL123QMS__Investigation Layout              Layout             force-app/main/default/layouts/CMPL123QMS__Investigation__c-CMPL123QMS__Investigation Layout.layout-meta.xml                             
 CMPL123__Action__c-CMPL123__Action Layout                                  Layout             force-app/main/default/layouts/CMPL123__Action__c-CMPL123__Action Layout.layout-meta.xml                                                 
 CMPL123__Action__c.All                                                     ListView           force-app/main/default/objects/CMPL123__Action__c/listViews/All.listView-meta.xml                                                        
 CMPL123__Action__c.All_Closed_Records                                      ListView           force-app/main/default/objects/CMPL123__Action__c/listViews/All_Closed_Records.listView-meta.xml                                         
 CMPL123__Action__c.All_Open_Records                                        ListView           force-app/main/default/objects/CMPL123__Action__c/listViews/All_Open_Records.listView-meta.xml                                           
 CMPL123__Action__c.My_Actions_for_Complaints                               ListView           force-app/main/default/objects/CMPL123__Action__c/listViews/My_Actions_for_Complaints.listView-meta.xml                                  
 CMPL123__Action__c.My_Actions_for_Inquiries                                ListView           force-app/main/default/objects/CMPL123__Action__c/listViews/My_Actions_for_Inquiries.listView-meta.xml                                   
 CMPL123__Action__c.My_Actions_for_Investigations                           ListView           force-app/main/default/objects/CMPL123__Action__c/listViews/My_Actions_for_Investigations.listView-meta.xml                              
 CMPL123__Action__c.My_Open_Records                                         ListView           force-app/main/default/objects/CMPL123__Action__c/listViews/My_Open_Records.listView-meta.xml                                            
 CMPL123__Action__c.Pending_Actions_for_My_Complaints                       ListView           force-app/main/default/objects/CMPL123__Action__c/listViews/Pending_Actions_for_My_Complaints.listView-meta.xml                          
 CMPL123__Action__c.Pending_Actions_for_My_Investigations                   ListView           force-app/main/default/objects/CMPL123__Action__c/listViews/Pending_Actions_for_My_Investigations.listView-meta.xml                      
 UR_CM_Complaint_Investigator                                               PermissionSetGroup force-app/main/default/permissionsetgroups/UR_CM_Complaint_Investigator.permissionsetgroup-meta.xml                                      
 ComplaintReports/Completed_Actions_for_My_Complaints_tvs                   Report             force-app/main/default/reports/ComplaintReports/Completed_Actions_for_My_Complaints_tvs.report-meta.xml                                  
 ComplaintReports/My_Actions_for_Complaints_flM                             Report             force-app/main/default/reports/ComplaintReports/My_Actions_for_Complaints_flM.report-meta.xml                                            
 ComplaintReports/Pending_Actions_for_My_Complaints_z4H                     Report             force-app/main/default/reports/ComplaintReports/Pending_Actions_for_My_Complaints_z4H.report-meta.xml                                    
 InvestigationReports/My_Actions_for_Investigations_oyz                     Report             force-app/main/default/reports/InvestigationReports/My_Actions_for_Investigations_oyz.report-meta.xml                                    
 InvestigationReports/Pending_Actions_for_My_Investigations_tlj             Report             force-app/main/default/reports/InvestigationReports/Pending_Actions_for_My_Investigations_tlj.report-meta.xml                            
 TriageReports/Actions_Closed_DZr                                           Report             force-app/main/default/reports/TriageReports/Actions_Closed_DZr.report-meta.xml                                                          
 TriageReports/Actions_In_Progress_3Gl                                      Report             force-app/main/default/reports/TriageReports/Actions_In_Progress_3Gl.report-meta.xml                                                     
 TriageReports/Actions_Open_0cM                                             Report             force-app/main/default/reports/TriageReports/Actions_Open_0cM.report-meta.xml                                                            
 VigilanceReports/Action_Monitoring_hms                                     Report             force-app/main/default/reports/VigilanceReports/Action_Monitoring_hms.report-meta.xml                                                    
 CMPL123CME__Complaint__c.Manufacture_Date_Required                         ValidationRule     force-app/main/default/objects/CMPL123CME__Complaint__c/validationRules/Manufacture_Date_Required.validationRule-meta.xml                
 CMPL123CME__Complaint__c.Prevent_Product_Change_w_Known_Model_Num          ValidationRule     force-app/main/default/objects/CMPL123CME__Complaint__c/validationRules/Prevent_Product_Change_w_Known_Model_Num.validationRule-meta.xml 
 CMPL123CME__Complaint__c.Prevent_Product_change_with_Assessment            ValidationRule     force-app/main/default/objects/CMPL123CME__Complaint__c/validationRules/Prevent_Product_change_with_Assessment.validationRule-meta.xml   
 CMPL123CME__Complaint__c.Val_Event_Date_is_either_Known_or_Not             ValidationRule     force-app/main/default/objects/CMPL123CME__Complaint__c/validationRules/Val_Event_Date_is_either_Known_or_Not.validationRule-meta.xml    
 CMPL123CME__Complaint__c.Validate_Event_Date_or_Null_Event_Date            ValidationRule     force-app/main/default/objects/CMPL123CME__Complaint__c/validationRules/Validate_Event_Date_or_Null_Event_Date.validationRule-meta.xml   
 CMPL123CME__Inquiry__c.Prevent_Product_Change_w_Known_Model_Num            ValidationRule     force-app/main/default/objects/CMPL123CME__Inquiry__c/validationRules/Prevent_Product_Change_w_Known_Model_Num.validationRule-meta.xml   
 CMPL123CME__Inquiry__c.Val_Event_Date_is_either_Known_or_Not               ValidationRule     force-app/main/default/objects/CMPL123CME__Inquiry__c/validationRules/Val_Event_Date_is_either_Known_or_Not.validationRule-meta.xml      
 CMPL123CME__Inquiry__c.Validate_Event_Date_or_Null_Event_Date              ValidationRule     force-app/main/default/objects/CMPL123CME__Inquiry__c/validationRules/Validate_Event_Date_or_Null_Event_Date.validationRule-meta.xml     
 CMPL123QMS__Investigation__c.OLY_Validate_Parent_Cmplnt_Mfr_Date           ValidationRule     force-app/main/default/objects/CMPL123QMS__Investigation__c/validationRules/OLY_Validate_Parent_Cmplnt_Mfr_Date.validationRule-meta.xml  
 OLY_Regulatory_Report__c.Validate_Fin_Rpt_is_not_Future_Date               ValidationRule     force-app/main/default/objects/OLY_Regulatory_Report__c/validationRules/Validate_Fin_Rpt_is_not_Future_Date.validationRule-meta.xml      


=== Test Success [106]

 Name                                     Method                                           
 ──────────────────────────────────────── ──────────────────────────────────────────────── 
 ExtReqRelationshipTest                   ExtReqRelationshipVariableTest                   
 ExtensionRequestConfigUtilityTest        ExtensionRequestConfigClassTest                  
 ExtensionRequestUtilityTest              ExtensionRequestRelationshipTest                 
 GroupMemberUtilityTest                   GroupMemberUtilityClassTest                      
 GroupMemberUtilityTest                   GroupMemberUtilityMethodTest                     
 RetrieveOrgMetadataTest                  OrgMetadataTest                                  
 QPAEmailEngineTest                       QPAEmailEngineVariableTest                       
 ExtensionRequestConfigUtilityTest        buildDeveloperNameTest                           
 QPAEmailEngineTest                       buildEmailTests                                  
 ExtReqRelationshipTest                   buildResultEntryTest                             
 QPAEmailEngineTest                       chunkEmailAddressesTest                          
 ExtensionRequestConfigUtilityTest        createConfigRecordTest                           
 SmartFactory_Test                        createObjectWithUnsupportedTypeThrowsException   
 SmartFactory_Test                        createsObjectWithCascadeSetsLookupField          
 SmartFactory_Test                        createsObjectWithoutCascadeDoesNotSetLookupField 
 SmartFactory_Test                        createsSingleObjectWithSingleRequiredStringField 
 ExtensionRequestConfigUtilityTest        getConfigRecordValueTest                         
 ExtensionRequestUtilityTest              getExtReqRelationshipInfoTest                    
 ExtensionRequestUtilityTest              getFieldDescribesAsMapTest                       
 GroupMemberUtilityTest                   getGroupMemberIdsTest                            
 ExtensionRequestConfigUtilityTest        getMappedParentObjectNamesTest                   
 RetrieveOrgMetadataTest                  getOrgMetadataTest                               
 ExtReqRelationshipTest                   getRelationshipInformationTest                   
 ExtensionRequestUtilityTest              isParentLookupTest                               
 QPAEmailEngineTest                       isValidEmailTest                                 
 ExtReqRelationshipTest                   queryLatestWorkflowHistoryRecsTest               
 ExtReqRelationshipTest                   queryOwnersTest                                  
 GroupMemberUtilityTest                   recursionTest                                    
 RetrieveOrgMetadataTest                  retrieveOrgMetadataTest                          
 QPAEmailEngineTest                       sendGroupNotificationTest                        
 LogoutEventTriggerTest                   test                                             
 CMPL123CME_Quest_Temp_Item_TriggerTest   testAutoGeneratedTrigger                         
 CMPL123CME_Quest_Temp_TriggerTest        testAutoGeneratedTrigger                         
 CMPLCMPL123CME05ea1e8c1b06dfdTriggerTest testAutoGeneratedTrigger                         
 CMPLCMPL123CME1573e5af6bb6376TriggerTest testAutoGeneratedTrigger                         
 CMPLCMPL123CME15dfef100846911TriggerTest testAutoGeneratedTrigger                         
 CMPLCMPL123CME1de0b5b82b0fcf8TriggerTest testAutoGeneratedTrigger                         
 CMPLCMPL123CME2d8f0bfd86a887eTriggerTest testAutoGeneratedTrigger                         
 CMPLCMPL123CME4ec946cbd23e0a2TriggerTest testAutoGeneratedTrigger                         
 CMPLCMPL123CME680c32ee972e4fbTriggerTest testAutoGeneratedTrigger                         
 CMPLCMPL123CME6ec0e15510d6d88TriggerTest testAutoGeneratedTrigger                         
 CMPLCMPL123CME7fa3fa023ba419eTriggerTest testAutoGeneratedTrigger                         
 CMPLCMPL123CME804f13b345690d9TriggerTest testAutoGeneratedTrigger                         
 CMPLCMPL123CMEb5ae8efeffb1311TriggerTest testAutoGeneratedTrigger                         
 CMPLCMPL123CMEb8d07e46badc0a6TriggerTest testAutoGeneratedTrigger                         
 CMPLCMPL123CMEc93dcfbba68ff6aTriggerTest testAutoGeneratedTrigger                         
 CMPLCMPL123CMEd210eb4ff1fa8d9TriggerTest testAutoGeneratedTrigger                         
 CMPLCMPL123CMEd259caaa9a7230aTriggerTest testAutoGeneratedTrigger                         
 CMPLCMPL123CMEddbef0c4935d9e3TriggerTest testAutoGeneratedTrigger                         
 CMPLCMPL123CMEe8920237309d8b5TriggerTest testAutoGeneratedTrigger                         
 CMPLCMPL123CMEf38b9313aae226fTriggerTest testAutoGeneratedTrigger                         
 CMPLCMPL123QMS06b308e4eca0fb8TriggerTest testAutoGeneratedTrigger                         
 CMPLCMPL123QMS334584cce253c0dTriggerTest testAutoGeneratedTrigger                         
 CMPLCMPL123QMS3821a80022aacc7TriggerTest testAutoGeneratedTrigger                         
 CMPLCMPL123QMS3a74b0eeada00c4TriggerTest testAutoGeneratedTrigger                         
 CMPLCMPL123QMS596b372574b47a7TriggerTest testAutoGeneratedTrigger                         
 CMPLCMPL123QMSe750cef006e3a32TriggerTest testAutoGeneratedTrigger                         
 CMPLOLY_As_Inv8d69caa31c939caTriggerTest testAutoGeneratedTrigger                         
 CMPLOLY_As_Repfeffcca5db408caTriggerTest testAutoGeneratedTrigger                         
 CMPLOLY_Assignc044d778069b359TriggerTest testAutoGeneratedTrigger                         
 CMPLOLY_Compla29a1674f9f5a60dTriggerTest testAutoGeneratedTrigger                         
 CMPLOLY_Countr914e9308aaf32f2TriggerTest testAutoGeneratedTrigger                         
 CMPLOLY_Health783be7015e3bca9TriggerTest testAutoGeneratedTrigger                         
 CMPLOLY_Import249eeb6ad40412eTriggerTest testAutoGeneratedTrigger                         
 CMPLOLY_Manufa48e62102b6cfbcbTriggerTest testAutoGeneratedTrigger                         
 CMPLOLY_PTI6c88e523740743fTriggerTest    testAutoGeneratedTrigger                         
 CMPLOLY_RAD_Cod05930a3bf102a9TriggerTest testAutoGeneratedTrigger                         
 CMPLOLY_Relate65dfb9ec24da98cTriggerTest testAutoGeneratedTrigger                         
 CMPLSimilar_In4a72bc0d5a44725TriggerTest testAutoGeneratedTrigger                         
 CMPL_TriggerTest_Action                  testAutoGeneratedTrigger                         
 CMPL_TriggerTest_Address                 testAutoGeneratedTrigger                         
 CMPL_TriggerTest_AffectedProduct         testAutoGeneratedTrigger                         
 CMPL_TriggerTest_CVR                     testAutoGeneratedTrigger                         
 CMPL_TriggerTest_ComplaintCode           testAutoGeneratedTrigger                         
 CMPL_TriggerTest_ComplaintInvestigation  testAutoGeneratedTrigger                         
 CMPL_TriggerTest_ConcomitantProduct      testAutoGeneratedTrigger                         
 CMPL_TriggerTest_Contact                 testAutoGeneratedTrigger                         
 CMPL_TriggerTest_Deviation               testAutoGeneratedTrigger                         
 CMPL_TriggerTest_Device                  testAutoGeneratedTrigger                         
 CMPL_TriggerTest_EUMIR                   testAutoGeneratedTrigger                         
 CMPL_TriggerTest_EUMIRCode               testAutoGeneratedTrigger                         
 CMPL_TriggerTest_EUMIRCodeChoices        testAutoGeneratedTrigger                         
 CMPL_TriggerTest_ExtensionRequest        testAutoGeneratedTrigger                         
 CMPL_TriggerTest_HHE                     testAutoGeneratedTrigger                         
 CMPL_TriggerTest_Inquiry                 testAutoGeneratedTrigger                         
 CMPL_TriggerTest_Investigation           testAutoGeneratedTrigger                         
 CMPL_TriggerTest_InvestigationItems      testAutoGeneratedTrigger                         
 CMPL_TriggerTest_InvestigationTemplItem  testAutoGeneratedTrigger                         
 CMPL_TriggerTest_InvestigationTemplate   testAutoGeneratedTrigger                         
 CMPL_TriggerTest_MDR                     testAutoGeneratedTrigger                         
 CMPL_TriggerTest_MDRCode                 testAutoGeneratedTrigger                         
 CMPL_TriggerTest_MEDDEV                  testAutoGeneratedTrigger                         
 CMPL_TriggerTest_Memo                    testAutoGeneratedTrigger                         
 CMPL_TriggerTest_Product                 testAutoGeneratedTrigger                         
 CMPL_TriggerTest_RegisteredSite          testAutoGeneratedTrigger                         
 CMPL_TriggerTest_Repair                  testAutoGeneratedTrigger                         
 CMPL_TriggerTest_SubmissionHistory       testAutoGeneratedTrigger                         
 CMPL_TriggerTest_TGA                     testAutoGeneratedTrigger                         
 CMPL_TriggerTest_Vigilance               testAutoGeneratedTrigger                         
 SimilarInquiryTWD_Audit_Test             testAutoGeneratedTrigger                         
 ChangePasswordControllerTest             testChangePasswordController                     
 ForgotPasswordControllerTest             testForgotPasswordController                     
 SiteRegisterControllerTest               testRegistration                                 
 MyProfilePageControllerTest              testSave                                         
 SiteLoginControllerTest                  testSiteLoginController                          
 QPAEmailEngineTest                       validateMessageContentTest                       

Total Test Time:  160864

=== Coverage or Junit Result Report Locations

Deploy Succeeded.
