
 [14:48:26.495] Execution of the command sfdmu:run has been started.
 [14:48:26.519] newLine
 LOADING AND VALIDATING THE EXPORT.JSON SCRIPT ...
 [14:48:26.561] newLine
 OBJECT SET #1 STARTED
 [14:48:26.565] newLine
 {
   "Running Plugin version": "4.33.15"
}
 {
   "Running Add-On API version": "1.5.0"
}
 [14:48:26.602] newLine
 [14:48:26.605] Loading Core Add-On Module declarations ...
 [14:48:26.880] Connecting to the olympus-dev2 using SFDX sf org display ...
 [14:48:33.193] Successfully connected to the olympus-dev2.
 {
   "Source": "olympus-dev2.",
   "Target": "csvfile.",
   "Package script": "C:\\SalesForce\\olympus-dx\\sfdmu-data\\export.json."
}
 [14:48:34.466] newLine
 GETTING AND ANALYSING OBJECT METADATA ...
 [14:48:34.470] Processing the object CMPL123__WF_Rule__c ...
 [14:48:34.472] Fetching metadata of the CMPL123__WF_Rule__c (Source) ...
 [14:48:35.739] Processing the object CMPL123__WF_Step__c ...
 [14:48:35.741] Fetching metadata of the CMPL123__WF_Step__c (Source) ...
 [14:48:37.694] Processing the object CMPL123__WF_Phase__c ...
 [14:48:37.697] Fetching metadata of the CMPL123__WF_Phase__c (Source) ...
 [14:48:39.177] Processing the object CMPL123__WF_Rule_Phase__c ...
 [14:48:39.180] Fetching metadata of the CMPL123__WF_Rule_Phase__c (Source) ...
 [14:48:40.396] Processing the object CMPL123__WF_Phase_Status__c ...
 [14:48:40.398] Fetching metadata of the CMPL123__WF_Phase_Status__c (Source) ...
 [14:48:41.589] Processing the object CMPL123__Context_Based_Security__c ...
 [14:48:41.591] Fetching metadata of the CMPL123__Context_Based_Security__c (Source) ...
 [14:48:43.282] Processing the object CMPL123__Job_Field_Map__c ...
 [14:48:43.287] Fetching metadata of the CMPL123__Job_Field_Map__c (Source) ...
 [14:48:44.775] Processing the object CMPL123__Record_Access_Rule__c ...
 [14:48:44.777] Fetching metadata of the CMPL123__Record_Access_Rule__c (Source) ...
 [14:48:45.858] Processing the object CMPL123__Valid_Child_Status__c ...
 [14:48:45.879] Fetching metadata of the CMPL123__Valid_Child_Status__c (Source) ...
 [14:48:46.851] Processing the object CMPL123__WF_Action__c ...
 [14:48:46.854] Fetching metadata of the CMPL123__WF_Action__c (Source) ...
 [14:48:47.705] Processing the object CMPL123__WF_Status__c ...
 [14:48:47.707] Fetching metadata of the CMPL123__WF_Status__c (Source) ...
 [14:48:48.716] Processing the object CMPL123__X123Job__c ...
 [14:48:48.718] Fetching metadata of the CMPL123__X123Job__c (Source) ...
 [14:48:49.983] Processing the object CMPL123__X123Task__c ...
 [14:48:49.985] Fetching metadata of the CMPL123__X123Task__c (Source) ...
 [14:48:51.135] Processing the object CMPL123__WF_Step_Extension__c ...
 [14:48:51.137] Fetching metadata of the CMPL123__WF_Step_Extension__c (Source) ...
 [14:48:52.563] Processing the object CMPL123__AuditTrail_Config__c ...
 [14:48:52.565] Fetching metadata of the CMPL123__AuditTrail_Config__c (Source) ...
 [14:48:53.927] Fetching metadata of the Group (Source) ...
 [14:48:54.918] Processing the object CMPL123__AuditTrail_Config__c ...
 [14:48:54.920] Processing the object CMPL123__WF_Step_Extension__c ...
 [14:48:54.922] Processing the object CMPL123__X123Task__c ...
 [14:48:54.924] Processing the object CMPL123__X123Job__c ...
 [14:48:54.926] Processing the object CMPL123__WF_Status__c ...
 [14:48:54.927] Processing the object CMPL123__WF_Action__c ...
 [14:48:54.930] Processing the object CMPL123__Valid_Child_Status__c ...
 [14:48:54.932] Processing the object CMPL123__Record_Access_Rule__c ...
 [14:48:54.933] Processing the object CMPL123__Job_Field_Map__c ...
 [14:48:54.935] Processing the object CMPL123__Context_Based_Security__c ...
 [14:48:54.936] Processing the object CMPL123__WF_Phase_Status__c ...
 [14:48:54.938] Processing the object CMPL123__WF_Rule_Phase__c ...
 [14:48:54.939] Processing the object CMPL123__WF_Phase__c ...
 [14:48:54.941] Processing the object CMPL123__WF_Step__c ...
 [14:48:54.943] Processing the object CMPL123__WF_Rule__c ...
 [14:48:54.947] newLine
 PREPARING DATA MIGRATION JOB ...
 [14:48:54.953] Building the migration strategy ...
 {
   "Order of objects to query": "CMPL123__WF_Rule__c; CMPL123__WF_Step__c; CMPL123__Record_Access_Rule__c; CMPL123__AuditTrail_Config__c; CMPL123__WF_Action__c; CMPL123__WF_Status__c; CMPL123__WF_Phase__c; CMPL123__WF_Rule_Phase__c; CMPL123__WF_Phase_Status__c; CMPL123__Context_Based_Security__c; CMPL123__X123Task__c; CMPL123__X123Job__c; CMPL123__Job_Field_Map__c; CMPL123__Valid_Child_Status__c; CMPL123__WF_Step_Extension__c"
}
 {
   "Order of objects to delete": "CMPL123__AuditTrail_Config__c; CMPL123__WF_Step_Extension__c; CMPL123__Valid_Child_Status__c; CMPL123__Record_Access_Rule__c; CMPL123__Job_Field_Map__c; CMPL123__X123Job__c; CMPL123__X123Task__c; CMPL123__Context_Based_Security__c; CMPL123__WF_Phase_Status__c; CMPL123__WF_Rule_Phase__c; CMPL123__WF_Phase__c; CMPL123__WF_Step__c; CMPL123__WF_Status__c; CMPL123__WF_Action__c; CMPL123__WF_Rule__c"
}
 {
   "Order of objects to update": "CMPL123__WF_Rule__c; CMPL123__WF_Action__c; CMPL123__WF_Status__c; CMPL123__WF_Step__c; CMPL123__WF_Phase__c; CMPL123__WF_Rule_Phase__c; CMPL123__WF_Phase_Status__c; CMPL123__Context_Based_Security__c; CMPL123__X123Task__c; CMPL123__X123Job__c; CMPL123__Job_Field_Map__c; CMPL123__Record_Access_Rule__c; CMPL123__Valid_Child_Status__c; CMPL123__WF_Step_Extension__c; CMPL123__AuditTrail_Config__c"
}
 [14:48:54.971] Preparing of the data migration job has been completed.
 [14:48:54.973] newLine
 ANALYSING DATA...
 [14:48:55.704] {CMPL123__WF_Rule__c} The original query string of this object is returning 3 records from the Source org.
 [14:48:55.979] {CMPL123__WF_Action__c} The original query string of this object is returning 230 records from the Source org.
 [14:48:56.706] {CMPL123__WF_Status__c} The original query string of this object is returning 162 records from the Source org.
 [14:48:57.17] {CMPL123__WF_Step__c} The original query string of this object is returning 36 records from the Source org.
 [14:48:57.294] {CMPL123__WF_Phase__c} The original query string of this object is returning 45 records from the Source org.
 [14:48:57.566] {CMPL123__WF_Rule_Phase__c} The original query string of this object is returning 64 records from the Source org.
 [14:48:57.837] {CMPL123__WF_Phase_Status__c} The original query string of this object is returning 103 records from the Source org.
 [14:48:58.107] {CMPL123__Context_Based_Security__c} The original query string of this object is returning 0 records from the Source org.
 [14:48:58.383] {CMPL123__X123Task__c} The original query string of this object is returning 13 records from the Source org.
 [14:48:59.74] {CMPL123__X123Job__c} The original query string of this object is returning 14 records from the Source org.
 [14:48:59.359] {CMPL123__Job_Field_Map__c} The original query string of this object is returning 6 records from the Source org.
 [14:48:59.627] {CMPL123__Record_Access_Rule__c} The original query string of this object is returning 0 records from the Source org.
 [14:48:59.897] {CMPL123__Valid_Child_Status__c} The original query string of this object is returning 256 records from the Source org.
 [14:49:00.586] {CMPL123__WF_Step_Extension__c} The original query string of this object is returning 86 records from the Source org.
 [14:49:01.284] {CMPL123__AuditTrail_Config__c} The original query string of this object is returning 152 records from the Source org.
 [14:49:01.286] newLine
 TRIGGERING ADD-ON EVENTS ...
 [14:49:01.290] No Add-On modules found to run.
 [14:49:01.291] newLine
 [14:49:01.293] Ready to process the data.
 [14:49:01.295] newLine
 DELETING OLD DATA FROM THE TARGET ...
 [14:49:01.299] {CMPL123__AuditTrail_Config__c} No records to delete.
 [14:49:01.300] {CMPL123__WF_Step_Extension__c} No records to delete.
 [14:49:01.302] {CMPL123__Valid_Child_Status__c} No records to delete.
 [14:49:01.303] {CMPL123__Record_Access_Rule__c} No records to delete.
 [14:49:01.305] {CMPL123__Job_Field_Map__c} No records to delete.
 [14:49:01.306] {CMPL123__X123Job__c} No records to delete.
 [14:49:01.309] {CMPL123__X123Task__c} No records to delete.
 [14:49:01.311] {CMPL123__Context_Based_Security__c} No records to delete.
 [14:49:01.312] {CMPL123__WF_Phase_Status__c} No records to delete.
 [14:49:01.314] {CMPL123__WF_Rule_Phase__c} No records to delete.
 [14:49:01.315] {CMPL123__WF_Phase__c} No records to delete.
 [14:49:01.316] {CMPL123__WF_Step__c} No records to delete.
 [14:49:01.317] {CMPL123__WF_Status__c} No records to delete.
 [14:49:01.319] {CMPL123__WF_Action__c} No records to delete.
 [14:49:01.320] {CMPL123__WF_Rule__c} No records to delete.
 [14:49:01.322] Deleting data was skipped.
 [14:49:01.324] newLine
 SOURCE:
 =============
 [14:49:01.330] newLine
 FETCHING THE DATA (STAGE 1) ...
 [14:49:01.334] {CMPL123__WF_Rule__c} Fetching the Source data from Org (STAGE 1: all records) ...
 [14:49:01.336] {CMPL123__WF_Rule__c} Query string: SELECT Id, Name, CMPL123__WF_Rule_External_Id__c, CMPL123__Description__c, CMPL123__Has_Cycle_Time_Metrics_Fields__c, CMPL123__Has_Multiple_Actions__c, CMPL123__Is_Active__c, CMPL123__Record_Type__c, CMPL123__Target_Object__c, CMPL123__Target_Object_... FROM  CMPL123__WF_Rule__c WHERE Name in ('Due Diligence Workflow', 'eMDR Workflow', 'Assessment (US MDR)').
 [14:49:01.342] {CMPL123__WF_Rule__c} Using REST API to retrieve the data ...
 [14:49:01.677] {CMPL123__WF_Rule__c} Data retrieval (Source) has been completed. Got 3 new records.
 [14:49:01.679] {CMPL123__WF_Step__c} Fetching the Source data from Org (STAGE 1: all records) ...
 [14:49:01.680] {CMPL123__WF_Step__c} Query string: SELECT Id, CMPL123__WF_Step_External_Id__c, CMPL123__WF_Rule__c, CMPL123__Action__c, CMPL123__Are_Child_Files_Locked__c, CMPL123__Are_Child_Records_Locked__c, CMPL123__End_Status__c, CMPL123__Is_Record_Lock_Required__c, CMPL123__Is_Related_Lists_Lock... FROM  CMPL123__WF_Step__c WHERE CMPL123__WF_Rule__r.Name in ('Due Diligence Workflow', 'eMDR Workflow', 'Assessment (US MDR)').
 [14:49:01.690] {CMPL123__WF_Step__c} Using REST API to retrieve the data ...
 [14:49:02.913] {CMPL123__WF_Step__c} Data retrieval (Source) has been completed. Got 36 new records.
 [14:49:02.915] {CMPL123__Record_Access_Rule__c} Fetching the Source data from Org (STAGE 1: all records) ...
 [14:49:02.917] {CMPL123__Record_Access_Rule__c} Query string: SELECT Id, Name, CMPL123__Record_Access_Rule_External_Id__c, CMPL123__API_Path_to_User_Relationship__c, CMPL123__Active_of_the_rule__c, CMPL123__Apex_Sharing_Reason__c, CMPL123__Child_Objects__c, CMPL123__Target_Object__c, CMPL123__User_Field_Name__c... FROM  CMPL123__Record_Access_Rule__c.
 [14:49:02.919] {CMPL123__Record_Access_Rule__c} Using REST API to retrieve the data ...
 [14:49:03.209] {CMPL123__Record_Access_Rule__c} Data retrieval (Source) has been completed. Got 0 new records.
 [14:49:03.213] {CMPL123__AuditTrail_Config__c} Fetching the Source data from Org (STAGE 1: all records) ...
 [14:49:03.215] {CMPL123__AuditTrail_Config__c} Query string: SELECT Id, Name, CMPL123__AuditTrail_External_Id__c, CMPL123__Child_Relationships_Object__c, CMPL123__Fields__c, CMPL123__Is_Active__c, CMPL123__Parent_Relationship_Object__c, CMPL123__RFC_Comment_Fields__c, CMPL123__RFC_Fields__c, CMPL123__Report_Ti... FROM  CMPL123__AuditTrail_Config__c.
 [14:49:03.218] {CMPL123__AuditTrail_Config__c} Using REST API to retrieve the data ...
 [14:49:04.93] {CMPL123__AuditTrail_Config__c} Data retrieval (Source) has been completed. Got 152 new records.
 [14:49:04.100] Data retrieval (STAGE 1) has been completed.
 [14:49:04.101] newLine
 FETCHING THE DATA (STAGE 2) ...
 [14:49:04.104] PASS 1
 =============
 [14:49:04.108] {CMPL123__WF_Rule_Phase__c} Fetching the Source data from Org (STAGE 2: filtered records) ...
 [14:49:04.110] {CMPL123__WF_Rule_Phase__c} Query string: SELECT Id, Name, CMPL123__WF_Rule_Phase_External_Id__c, CMPL123__Order__c, CMPL123__Workflow_Phase__c, CMPL123__Workflow_Rule__c, CMPL123__Workflow_Phase__r.CMPL123__WF_Phase_External_Id__c, CMPL123__Workflow_Rule__r.CMPL123__WF_Rule_External_Id__c  FROM  CMPL123__WF_Rule_Phase__c WHERE CMPL123__Workflow_Rule__c IN ('a1I5r000001zzoTEAQ', 'a1I5r00000202PmEAI', 'a1I5r00000209TaEAI').
 [14:49:04.116] {CMPL123__WF_Rule_Phase__c} Using REST API to retrieve the data ...
 [14:49:04.553] {CMPL123__WF_Rule_Phase__c} Data retrieval (Source) has been completed. Got 8 new records.
 [14:49:04.556] {CMPL123__WF_Phase_Status__c} Fetching the Source data from Org (STAGE 2: filtered records) ...
 [14:49:04.557] {CMPL123__WF_Phase_Status__c} Query string: SELECT Id, CMPL123__WF_Phase_Status_External_Id__c, CMPL123__Workflow_Rule_Phase__c, CMPL123__Workflow_Status__c, Workflow_Phase__c, Workflow_Rule__c, Workflow_Status_hyperlink__c, CMPL123__Workflow_Rule_Phase__r.CMPL123__WF_Rule_Phase_External_Id__c... FROM  CMPL123__WF_Phase_Status__c WHERE CMPL123__Workflow_Rule_Phase__c IN ('a1H5r00000190dcEAA', 'a1H5r00000190ddEAA', 'a1H5r00000190deEAA', 'a1H5r00000190dhEAA', 'a1H5r00000199jpEAA', 'a1H5r00000199jqEAA', 'a1H5r00000199jrEAA', 'a1H5r000001M0uIEAS').
 [14:49:04.560] {CMPL123__WF_Phase_Status__c} Using REST API to retrieve the data ...
 [14:49:04.879] {CMPL123__WF_Phase_Status__c} Data retrieval (Source) has been completed. Got 15 new records.
 [14:49:04.883] {CMPL123__Context_Based_Security__c} Fetching the Source data from Org (STAGE 2: filtered records) ...
 [14:49:04.884] {CMPL123__Context_Based_Security__c} Query string: SELECT Id, Name, CMPL123__Access_Type__c, CMPL123__Config_Deploy_Id__c, CMPL123__Initial_CBS__c, CMPL123__User_Field_On_Record__c, CMPL123__Workflow_Rule__c, CMPL123__Workflow_Step__c, CMPL123__Corresponding_Object__c, CMPL123__Workflow_Rule__r.CMPL1... FROM  CMPL123__Context_Based_Security__c WHERE CMPL123__Workflow_Rule__c IN ('a1I5r000001zzoTEAQ', 'a1I5r00000202PmEAI', 'a1I5r00000209TaEAI').
 [14:49:04.888] {CMPL123__Context_Based_Security__c} Using REST API to retrieve the data ...
 [14:49:05.182] {CMPL123__Context_Based_Security__c} Query string: SELECT Id, Name, CMPL123__Access_Type__c, CMPL123__Config_Deploy_Id__c, CMPL123__Initial_CBS__c, CMPL123__User_Field_On_Record__c, CMPL123__Workflow_Rule__c, CMPL123__Workflow_Step__c, CMPL123__Corresponding_Object__c, CMPL123__Workflow_Rule__r.CMPL1... FROM  CMPL123__Context_Based_Security__c WHERE CMPL123__Workflow_Step__c IN ('a1L5r000000w9bSEAQ', 'a1L5r000000w9bTEAQ', 'a1L5r000000w9bUEAQ', 'a1L5r000000w9bbEAA', 'a1L5r000000w9biEAA', 'a1L5r000000w9bjEAA', 'a1L5r000000wEOOEA2', 'a1L5r000000wEOPEA2', 'a....
 [14:49:05.191] {CMPL123__Context_Based_Security__c} Using REST API to retrieve the data ...
 [14:49:05.497] {CMPL123__Context_Based_Security__c} Data retrieval (Source) has been completed. Got 0 new records.
 [14:49:05.500] {CMPL123__X123Job__c} Fetching the Source data from Org (STAGE 2: filtered records) ...
 [14:49:05.503] {CMPL123__X123Job__c} Query string: SELECT Id, Name, CMPL123__Job_External_Id__c, CMPL123__Child_Filter_Condition__c, CMPL123__Description__c, CMPL123__Is_Active__c, CMPL123__Job_Type__c, CMPL123__Related_Task__c, CMPL123__Workflow_Step__c, CMPL123__Related_Task__r.CMPL123__Task_Extern... FROM  CMPL123__X123Job__c WHERE CMPL123__Workflow_Step__c IN ('a1L5r000000w9bSEAQ', 'a1L5r000000w9bTEAQ', 'a1L5r000000w9bUEAQ', 'a1L5r000000w9bbEAA', 'a1L5r000000w9biEAA', 'a1L5r000000w9bjEAA', 'a1L5r000000wEOOEA2', 'a1L5r000000wEOPEA2', 'a1L5r000000wEOQE....
 [14:49:05.507] {CMPL123__X123Job__c} Using REST API to retrieve the data ...
 [14:49:05.947] {CMPL123__X123Job__c} Data retrieval (Source) has been completed. Got 5 new records.
 [14:49:05.950] {CMPL123__Job_Field_Map__c} Fetching the Source data from Org (STAGE 2: filtered records) ...
 [14:49:05.951] {CMPL123__Job_Field_Map__c} Query string: SELECT Id, Name, CMPL123__Job_Field_Map_External_Id__c, CMPL123__Data_Type__c, CMPL123__Field_Name__c, CMPL123__Is_Dynamic__c, CMPL123__Object_Name__c, CMPL123__Parent_Job__c, CMPL123__Relationship_Name__c, CMPL123__Value__c, CMPL123__Parent_Job__r.C... FROM  CMPL123__Job_Field_Map__c WHERE CMPL123__Parent_Job__c IN ('a1M5r000001tcEZEAY', 'a1M5r000001td9pEAA', 'a1M5r000001tdA9EAI', 'a1M5r000001thvhEAA', 'a1M5r000001tkV0EAI').
 [14:49:05.954] {CMPL123__Job_Field_Map__c} Using REST API to retrieve the data ...
 [14:49:06.240] {CMPL123__Job_Field_Map__c} Data retrieval (Source) has been completed. Got 0 new records.
 [14:49:06.244] {CMPL123__Valid_Child_Status__c} Fetching the Source data from Org (STAGE 2: filtered records) ...
 [14:49:06.246] {CMPL123__Valid_Child_Status__c} Query string: SELECT Id, Name, CMPL123__Valid_Child_Status_External_Id__c, CMPL123__Parent_Workflow_Step__c, CMPL123__Child_Relationship__c, CMPL123__Description__c, CMPL123__Required_Child_Workflow_Status__c, Parent_Workflow_Action__c, Parent_Workflow_Rule__c, Ch... FROM  CMPL123__Valid_Child_Status__c WHERE CMPL123__Parent_Workflow_Step__c IN ('a1L5r000000w9bSEAQ', 'a1L5r000000w9bTEAQ', 'a1L5r000000w9bUEAQ', 'a1L5r000000w9bbEAA', 'a1L5r000000w9biEAA', 'a1L5r000000w9bjEAA', 'a1L5r000000wEOOEA2', 'a1L5r000000wEOPEA2',....
 [14:49:06.252] {CMPL123__Valid_Child_Status__c} Using REST API to retrieve the data ...
 [14:49:06.576] {CMPL123__Valid_Child_Status__c} Data retrieval (Source) has been completed. Got 0 new records.
 [14:49:06.578] {CMPL123__WF_Step_Extension__c} Fetching the Source data from Org (STAGE 2: filtered records) ...
 [14:49:06.579] {CMPL123__WF_Step_Extension__c} Query string: SELECT Id, Name, CMPL123__External_Id__c, CMPL123__Parent_Workflow_Step__c, CMPL123__Apply_To_Automated_User__c, CMPL123__Are_Child_Files_Locked__c, CMPL123__Is_Record_Lock_Required__c, CMPL123__Is_Related_Lists_Locked__c, CMPL123__Object_Related_Lis... FROM  CMPL123__WF_Step_Extension__c WHERE CMPL123__Parent_Workflow_Step__c IN ('a1L5r000000w9bSEAQ', 'a1L5r000000w9bTEAQ', 'a1L5r000000w9bUEAQ', 'a1L5r000000w9bbEAA', 'a1L5r000000w9biEAA', 'a1L5r000000w9bjEAA', 'a1L5r000000wEOOEA2', 'a1L5r000000wEOPEA2', ....
 [14:49:06.582] {CMPL123__WF_Step_Extension__c} Using REST API to retrieve the data ...
 [14:49:07.518] {CMPL123__WF_Step_Extension__c} Data retrieval (Source) has been completed. Got 35 new records.
 [14:49:07.521] newLine
 [14:49:07.522] PASS 2
 =============
 [14:49:07.526] No records
 [14:49:07.528] newLine
 [14:49:07.530] PASS 3
 =============
 [14:49:07.534] {CMPL123__WF_Action__c} Fetching the Source data from Org (STAGE 1: filtered records) ...
 [14:49:07.535] {CMPL123__WF_Action__c} Query string: SELECT Id, Name, CMPL123__WF_Action_External_Id__c, CMPL123__Action_Custom_Label__c, CMPL123__Comment_Type__c, CMPL123__Description__c, CMPL123__E_Sign_Message_Custom_Label__c, CMPL123__Esign_Message__c, CMPL123__Generic_Comment__c, CMPL123__Is_Comme... FROM  CMPL123__WF_Action__c WHERE Id IN ('a1D5r000000hToaEAE', 'a1D5r000000hToZEAU', 'a1D5r000000hTmdEAE', 'a1D5r000000hTmXEAU', 'a1D5r000000hTmhEAE', 'a1D5r000000hfaSEAQ', 'a1D5r000000hb6oEAA', 'a1D5r000000hTp8EAE', 'a1D5r000000hTpJEAU', 'a1D5r000000hb6j....
 [14:49:07.537] {CMPL123__WF_Action__c} Using REST API to retrieve the data ...
 [14:49:08.376] {CMPL123__WF_Action__c} Data retrieval (Source) has been completed. Got 23 new records.
 [14:49:08.379] {CMPL123__WF_Status__c} Fetching the Source data from Org (STAGE 1: filtered records) ...
 [14:49:08.380] {CMPL123__WF_Status__c} Query string: SELECT Id, Name, CMPL123__WF_Status_External_Id__c, CMPL123__Description__c, CMPL123__Status_Custom_Label__c  FROM  CMPL123__WF_Status__c WHERE Id IN ('a1J5r000001NvJyEAK', 'a1J5r000001MHBpEAO', 'a1J5r000001MHAlEAO', 'a1J5r000001MHAxEAO', 'a1J5r000001MHAkEAO', 'a1J5r000001MHAHEA4', 'a1J5r000001MHADEA4', 'a1J5r000001NrVaEAK', 'a1J5r000001NrVQEA0', 'a1J5r000001NrVV....
 [14:49:08.383] {CMPL123__WF_Status__c} Using REST API to retrieve the data ...
 [14:49:08.799] {CMPL123__WF_Status__c} Data retrieval (Source) has been completed. Got 18 new records.
 [14:49:08.803] {CMPL123__WF_Phase__c} Fetching the Source data from Org (STAGE 1: filtered records) ...
 [14:49:08.804] {CMPL123__WF_Phase__c} Query string: SELECT Id, Name, CMPL123__WF_Phase_External_Id__c, CMPL123__Description__c, CMPL123__Phase_Custom_Label__c, CMPL123__Work_Instructions_Custom_Label__c, CMPL123__Work_Instructions_HTML__c, CMPL123__Work_Instructions__c  FROM  CMPL123__WF_Phase__c WHERE Id IN ('a1G5r000001niyGEAQ', 'a1G5r000001niyHEAQ', 'a1G5r000001niyIEAQ', 'a1G5r000001oavXEAQ', 'a1G5r000001oRKsEAM', 'a1G5r000001oRKpEAM', 'a1G5r0000020P4pEAE').
 [14:49:08.807] {CMPL123__WF_Phase__c} Using REST API to retrieve the data ...
 [14:49:09.223] {CMPL123__WF_Phase__c} Data retrieval (Source) has been completed. Got 7 new records.
 [14:49:09.225] {CMPL123__WF_Rule_Phase__c} Fetching the Source data from Org (STAGE 1: filtered records) ...
 [14:49:09.227] {CMPL123__WF_Rule_Phase__c} Query string: SELECT Id, Name, CMPL123__WF_Rule_Phase_External_Id__c, CMPL123__Order__c, CMPL123__Workflow_Phase__c, CMPL123__Workflow_Rule__c, CMPL123__Workflow_Phase__r.CMPL123__WF_Phase_External_Id__c, CMPL123__Workflow_Rule__r.CMPL123__WF_Rule_External_Id__c  FROM  CMPL123__WF_Rule_Phase__c WHERE Id IN ('a1H5r00000190dcEAA', 'a1H5r00000190ddEAA', 'a1H5r00000190dhEAA', 'a1H5r00000190deEAA', 'a1H5r000001M0uIEAS', 'a1H5r00000199jqEAA', 'a1H5r00000199jrEAA', 'a1H5r00000199jpEAA').
 [14:49:09.229] {CMPL123__WF_Rule_Phase__c} Using REST API to retrieve the data ...
 [14:49:09.646] {CMPL123__WF_Rule_Phase__c} Data retrieval (Source) has been completed. Got 0 new records.
 [14:49:09.648] {CMPL123__X123Task__c} Fetching the Source data from Org (STAGE 1: filtered records) ...
 [14:49:09.650] {CMPL123__X123Task__c} Query string: SELECT Id, Name, CMPL123__Task_External_Id__c, CMPL123__Allow_Partial_Processing_for_123_Tasks__c, CMPL123__Description__c, CMPL123__Is_Active__c, CMPL123__Key_Value__c, CMPL123__Related_Object__c  FROM  CMPL123__X123Task__c WHERE Id IN ('a1N5r000001WeDiEAK', 'a1N5r000001WegTEAS', 'a1N5r000001WegdEAC', 'a1N5r000001WrNsEAK', 'a1N5r000001WwQ2EAK').
 [14:49:09.652] {CMPL123__X123Task__c} Using REST API to retrieve the data ...
 [14:49:10.75] {CMPL123__X123Task__c} Data retrieval (Source) has been completed. Got 5 new records.
 [14:49:10.77] newLine
 [14:49:10.78] PASS 4
 =============
 [14:49:10.83] No records
 [14:49:10.85] newLine
 TARGET:
 =============
 [14:49:10.90] No records
 [14:49:10.91] Data retrieval (STAGE 2) has been completed.
 [14:49:10.92] newLine
 TRIGGERING ADD-ON EVENTS ...
 [14:49:10.95] No Add-On modules found to run.
 [14:49:10.97] newLine
 [14:49:10.98] newLine
 DATA RETRIEVAL SUMMARY.
 [14:49:10.101] {CMPL123__WF_Rule__c} The total amount of the retrieved records: 3/0.
 [14:49:10.102] {CMPL123__WF_Step__c} The total amount of the retrieved records: 36/0.
 [14:49:10.103] {CMPL123__Record_Access_Rule__c} The total amount of the retrieved records: 0/0.
 [14:49:10.105] {CMPL123__AuditTrail_Config__c} The total amount of the retrieved records: 152/0.
 [14:49:10.106] {CMPL123__WF_Action__c} The total amount of the retrieved records: 23/0.
 [14:49:10.108] {CMPL123__WF_Status__c} The total amount of the retrieved records: 18/0.
 [14:49:10.109] {CMPL123__WF_Phase__c} The total amount of the retrieved records: 7/0.
 [14:49:10.111] {CMPL123__WF_Rule_Phase__c} The total amount of the retrieved records: 8/0.
 [14:49:10.112] {CMPL123__WF_Phase_Status__c} The total amount of the retrieved records: 15/0.
 [14:49:10.113] {CMPL123__Context_Based_Security__c} The total amount of the retrieved records: 0/0.
 [14:49:10.114] {CMPL123__X123Task__c} The total amount of the retrieved records: 5/0.
 [14:49:10.116] {CMPL123__X123Job__c} The total amount of the retrieved records: 5/0.
 [14:49:10.117] {CMPL123__Job_Field_Map__c} The total amount of the retrieved records: 0/0.
 [14:49:10.118] {CMPL123__Valid_Child_Status__c} The total amount of the retrieved records: 0/0.
 [14:49:10.120] {CMPL123__WF_Step_Extension__c} The total amount of the retrieved records: 35/0.
 [14:49:10.122] newLine
 UPDATING THE TARGET (STAGE 1) ...
 [14:49:10.125] {CMPL123__WF_Rule__c} Creating the file C:\SalesForce\olympus-dx\sfdmu-data\CMPL123__WF_Rule__c.csv ...
 [14:49:10.138] {CMPL123__WF_Rule__c} The Target has been updated. Totally processed 3 records.
 [14:49:10.140] newLine
 [14:49:10.142] {CMPL123__WF_Action__c} Creating the file C:\SalesForce\olympus-dx\sfdmu-data\CMPL123__WF_Action__c.csv ...
 [14:49:10.152] {CMPL123__WF_Action__c} The Target has been updated. Totally processed 23 records.
 [14:49:10.154] newLine
 [14:49:10.156] {CMPL123__WF_Status__c} Creating the file C:\SalesForce\olympus-dx\sfdmu-data\CMPL123__WF_Status__c.csv ...
 [14:49:10.166] {CMPL123__WF_Status__c} The Target has been updated. Totally processed 18 records.
 [14:49:10.168] newLine
 [14:49:10.170] {CMPL123__WF_Step__c} Creating the file C:\SalesForce\olympus-dx\sfdmu-data\CMPL123__WF_Step__c.csv ...
 [14:49:10.188] {CMPL123__WF_Step__c} The Target has been updated. Totally processed 36 records.
 [14:49:10.190] newLine
 [14:49:10.192] {CMPL123__WF_Phase__c} Creating the file C:\SalesForce\olympus-dx\sfdmu-data\CMPL123__WF_Phase__c.csv ...
 [14:49:10.205] {CMPL123__WF_Phase__c} The Target has been updated. Totally processed 7 records.
 [14:49:10.207] newLine
 [14:49:10.210] {CMPL123__WF_Rule_Phase__c} Creating the file C:\SalesForce\olympus-dx\sfdmu-data\CMPL123__WF_Rule_Phase__c.csv ...
 [14:49:10.220] {CMPL123__WF_Rule_Phase__c} The Target has been updated. Totally processed 8 records.
 [14:49:10.222] newLine
 [14:49:10.224] {CMPL123__WF_Phase_Status__c} Creating the file C:\SalesForce\olympus-dx\sfdmu-data\CMPL123__WF_Phase_Status__c.csv ...
 [14:49:10.236] {CMPL123__WF_Phase_Status__c} The Target has been updated. Totally processed 15 records.
 [14:49:10.237] newLine
 [14:49:10.239] {CMPL123__Context_Based_Security__c} Creating the file C:\SalesForce\olympus-dx\sfdmu-data\CMPL123__Context_Based_Security__c.csv ...
 [14:49:10.245] {CMPL123__X123Task__c} Creating the file C:\SalesForce\olympus-dx\sfdmu-data\CMPL123__X123Task__c.csv ...
 [14:49:10.281] {CMPL123__X123Task__c} The Target has been updated. Totally processed 5 records.
 [14:49:10.285] newLine
 [14:49:10.288] {CMPL123__X123Job__c} Creating the file C:\SalesForce\olympus-dx\sfdmu-data\CMPL123__X123Job__c.csv ...
 [14:49:10.298] {CMPL123__X123Job__c} The Target has been updated. Totally processed 5 records.
 [14:49:10.300] newLine
 [14:49:10.303] {CMPL123__Job_Field_Map__c} Creating the file C:\SalesForce\olympus-dx\sfdmu-data\CMPL123__Job_Field_Map__c.csv ...
 [14:49:10.308] {CMPL123__Record_Access_Rule__c} Creating the file C:\SalesForce\olympus-dx\sfdmu-data\CMPL123__Record_Access_Rule__c.csv ...
 [14:49:10.315] {CMPL123__Valid_Child_Status__c} Creating the file C:\SalesForce\olympus-dx\sfdmu-data\CMPL123__Valid_Child_Status__c.csv ...
 [14:49:10.320] {CMPL123__WF_Step_Extension__c} Creating the file C:\SalesForce\olympus-dx\sfdmu-data\CMPL123__WF_Step_Extension__c.csv ...
 [14:49:10.331] {CMPL123__WF_Step_Extension__c} The Target has been updated. Totally processed 35 records.
 [14:49:10.335] newLine
 [14:49:10.339] {CMPL123__AuditTrail_Config__c} Creating the file C:\SalesForce\olympus-dx\sfdmu-data\CMPL123__AuditTrail_Config__c.csv ...
 [14:49:10.380] {CMPL123__AuditTrail_Config__c} The Target has been updated. Totally processed 152 records.
 [14:49:10.382] newLine
 [14:49:10.386] newLine
 [14:49:10.389] The Target (STAGE 1) has been updated. Totally processed 307 records.
 [14:49:10.391] newLine
 UPDATING THE TARGET (STAGE 2) ...
 [14:49:10.396] newLine
 [14:49:10.397] Nothing was updated.
 [14:49:10.406] newLine
 TRIGGERING ADD-ON EVENTS ...
 [14:49:10.411] No Add-On modules found to run.
 [14:49:10.413] newLine
 [14:49:10.415] newLine
 DATA PROCESSING SUMMARY.
 [14:49:10.419] {CMPL123__WF_Rule__c} Totally processed 3 records.
 [14:49:10.421] {CMPL123__WF_Step__c} Totally processed 36 records.
 [14:49:10.425] {CMPL123__Record_Access_Rule__c} Totally processed 0 records.
 [14:49:10.427] {CMPL123__AuditTrail_Config__c} Totally processed 152 records.
 [14:49:10.429] {CMPL123__WF_Action__c} Totally processed 23 records.
 [14:49:10.430] {CMPL123__WF_Status__c} Totally processed 18 records.
 [14:49:10.432] {CMPL123__WF_Phase__c} Totally processed 7 records.
 [14:49:10.434] {CMPL123__WF_Rule_Phase__c} Totally processed 8 records.
 [14:49:10.436] {CMPL123__WF_Phase_Status__c} Totally processed 15 records.
 [14:49:10.438] {CMPL123__Context_Based_Security__c} Totally processed 0 records.
 [14:49:10.439] {CMPL123__X123Task__c} Totally processed 5 records.
 [14:49:10.441] {CMPL123__X123Job__c} Totally processed 5 records.
 [14:49:10.443] {CMPL123__Job_Field_Map__c} Totally processed 0 records.
 [14:49:10.445] {CMPL123__Valid_Child_Status__c} Totally processed 0 records.
 [14:49:10.446] {CMPL123__WF_Step_Extension__c} Totally processed 35 records.
 [14:49:10.448] newLine
 [14:49:10.451] Writing to C:\SalesForce\olympus-dx\sfdmu-data\MissingParentRecordsReport.csv ...
 [14:49:10.454] newLine
 [14:49:10.456] newLine
 TRIGGERING ADD-ON EVENTS ...
 [14:49:10.459] No Add-On modules found to run.
 [14:49:10.466] newLine

 [14:49:10.486] Command succeeded.
 [14:49:10.488] Execution of the command sfdmu:run has been completed. Exit code 0 (SUCCESS).
 [14:49:10.490] Total time elapsed: 00h 00m 43s 994ms .