
 [13:16:35.562] Execution of the command sfdmu:run has been started.

 LOADING AND VALIDATING THE EXPORT.JSON SCRIPT ...

 OBJECT SET #1 STARTED

 {
   "Running Plugin version": "4.26.13"
}
 {
   "Running Add-On API version": "1.5.0"
}

 [13:16:35.582] Loading Core Add-On Module declarations ...
 [13:16:35.717] Connecting to the olympus-dev using SFDX force:org:display ...
 [13:16:56.881] Successfully connected to the olympus-dev.
 {
   "Source": "olympus-dev.",
   "Target": "csvfile.",
   "Package script": "/Users/Brian.Lavin/Projects/olympus-dx/sfdmu-data/export.json."
}

 GETTING AND ANALYSING OBJECT METADATA ...
 [13:16:58.889] Processing the object CMPL123__WF_Rule__c ...
 [13:16:58.891] Fetching metadata of the CMPL123__WF_Rule__c (Source) ...
 [13:17:01.64] Processing the object CMPL123__WF_Step__c ...
 [13:17:01.68] Fetching metadata of the CMPL123__WF_Step__c (Source) ...
 [13:17:03.524] Processing the object CMPL123__WF_Phase__c ...
 [13:17:03.525] Fetching metadata of the CMPL123__WF_Phase__c (Source) ...
 [13:17:05.594] Processing the object CMPL123__WF_Rule_Phase__c ...
 [13:17:05.608] Fetching metadata of the CMPL123__WF_Rule_Phase__c (Source) ...
 [13:17:07.786] Processing the object CMPL123__WF_Phase_Status__c ...
 [13:17:07.788] Fetching metadata of the CMPL123__WF_Phase_Status__c (Source) ...
 [13:17:10.301] Processing the object CMPL123__Context_Based_Security__c ...
 [13:17:10.308] Fetching metadata of the CMPL123__Context_Based_Security__c (Source) ...
 [13:17:12.477] Processing the object CMPL123__Job_Field_Map__c ...
 [13:17:12.478] Fetching metadata of the CMPL123__Job_Field_Map__c (Source) ...
 [13:17:14.898] Processing the object CMPL123__Record_Access_Rule__c ...
 [13:17:14.909] Fetching metadata of the CMPL123__Record_Access_Rule__c (Source) ...
 [13:17:16.994] Processing the object CMPL123__Valid_Child_Status__c ...
 [13:17:17.8] Fetching metadata of the CMPL123__Valid_Child_Status__c (Source) ...
 [13:17:19.143] Processing the object CMPL123__WF_Action__c ...
 [13:17:19.158] Fetching metadata of the CMPL123__WF_Action__c (Source) ...
 [13:17:21.231] Processing the object CMPL123__WF_Status__c ...
 [13:17:21.232] Fetching metadata of the CMPL123__WF_Status__c (Source) ...
 [13:17:23.349] Processing the object CMPL123__X123Job__c ...
 [13:17:23.358] Fetching metadata of the CMPL123__X123Job__c (Source) ...
 [13:17:25.446] Processing the object CMPL123__X123Task__c ...
 [13:17:25.458] Fetching metadata of the CMPL123__X123Task__c (Source) ...
 [13:17:27.699] Fetching metadata of the Group (Source) ...
 [13:17:29.636] Processing the object CMPL123__X123Task__c ...
 [13:17:29.637] Processing the object CMPL123__X123Job__c ...
 [13:17:29.639] Processing the object CMPL123__WF_Status__c ...
 [13:17:29.639] Processing the object CMPL123__WF_Action__c ...
 [13:17:29.640] Processing the object CMPL123__Valid_Child_Status__c ...
 [13:17:29.658] Processing the object CMPL123__Record_Access_Rule__c ...
 [13:17:29.659] Processing the object CMPL123__Job_Field_Map__c ...
 [13:17:29.660] Processing the object CMPL123__Context_Based_Security__c ...
 [13:17:29.661] Processing the object CMPL123__WF_Phase_Status__c ...
 [13:17:29.663] Processing the object CMPL123__WF_Rule_Phase__c ...
 [13:17:29.663] Processing the object CMPL123__WF_Phase__c ...
 [13:17:29.664] Processing the object CMPL123__WF_Step__c ...
 [13:17:29.667] Processing the object CMPL123__WF_Rule__c ...

 PREPARING DATA MIGRATION JOB ...
 [13:17:29.670] Building the migration strategy ...
 {
   "Order of objects to query": "CMPL123__WF_Rule__c; CMPL123__WF_Step__c; CMPL123__Record_Access_Rule__c; CMPL123__WF_Action__c; CMPL123__WF_Status__c; CMPL123__WF_Phase__c; CMPL123__WF_Rule_Phase__c; CMPL123__WF_Phase_Status__c; CMPL123__Context_Based_Security__c; CMPL123__X123Task__c; CMPL123__X123Job__c; CMPL123__Job_Field_Map__c; CMPL123__Valid_Child_Status__c"
}
 {
   "Order of objects to delete": "CMPL123__Valid_Child_Status__c; CMPL123__Record_Access_Rule__c; CMPL123__Job_Field_Map__c; CMPL123__X123Job__c; CMPL123__X123Task__c; CMPL123__Context_Based_Security__c; CMPL123__WF_Phase_Status__c; CMPL123__WF_Rule_Phase__c; CMPL123__WF_Phase__c; CMPL123__WF_Step__c; CMPL123__WF_Status__c; CMPL123__WF_Action__c; CMPL123__WF_Rule__c"
}
 {
   "Order of objects to update": "CMPL123__WF_Rule__c; CMPL123__WF_Action__c; CMPL123__WF_Status__c; CMPL123__WF_Step__c; CMPL123__WF_Phase__c; CMPL123__WF_Rule_Phase__c; CMPL123__WF_Phase_Status__c; CMPL123__Context_Based_Security__c; CMPL123__X123Task__c; CMPL123__X123Job__c; CMPL123__Job_Field_Map__c; CMPL123__Record_Access_Rule__c; CMPL123__Valid_Child_Status__c"
}
 [13:17:29.678] Preparing of the data migration job has been completed.

 ANALYSING DATA...
 [13:17:30.667] {CMPL123__WF_Rule__c} The original query string of this object is returning 3 records from the Source org.
 [13:17:31.591] {CMPL123__WF_Action__c} The original query string of this object is returning 230 records from the Source org.
 [13:17:32.544] {CMPL123__WF_Status__c} The original query string of this object is returning 162 records from the Source org.
 [13:17:33.484] {CMPL123__WF_Step__c} The original query string of this object is returning 31 records from the Source org.
 [13:17:34.412] {CMPL123__WF_Phase__c} The original query string of this object is returning 45 records from the Source org.
 [13:17:35.318] {CMPL123__WF_Rule_Phase__c} The original query string of this object is returning 64 records from the Source org.
 [13:17:36.298] {CMPL123__WF_Phase_Status__c} The original query string of this object is returning 103 records from the Source org.
 [13:17:37.219] {CMPL123__Context_Based_Security__c} The original query string of this object is returning 0 records from the Source org.
 [13:17:38.143] {CMPL123__X123Task__c} The original query string of this object is returning 13 records from the Source org.
 [13:17:39.171] {CMPL123__X123Job__c} The original query string of this object is returning 14 records from the Source org.
 [13:17:40.87] {CMPL123__Job_Field_Map__c} The original query string of this object is returning 6 records from the Source org.
 [13:17:41.45] {CMPL123__Record_Access_Rule__c} The original query string of this object is returning 0 records from the Source org.
 [13:17:41.956] {CMPL123__Valid_Child_Status__c} The original query string of this object is returning 256 records from the Source org.

 TRIGGERING ADD-ON EVENTS ...
 [13:17:41.960] No Add-On modules found to run.

 [13:17:41.961] Ready to process the data.

 DELETING OLD DATA FROM THE TARGET ...
 [13:17:41.963] {CMPL123__Valid_Child_Status__c} No records to delete.
 [13:17:41.963] {CMPL123__Record_Access_Rule__c} No records to delete.
 [13:17:41.964] {CMPL123__Job_Field_Map__c} No records to delete.
 [13:17:41.964] {CMPL123__X123Job__c} No records to delete.
 [13:17:41.965] {CMPL123__X123Task__c} No records to delete.
 [13:17:41.965] {CMPL123__Context_Based_Security__c} No records to delete.
 [13:17:41.966] {CMPL123__WF_Phase_Status__c} No records to delete.
 [13:17:41.966] {CMPL123__WF_Rule_Phase__c} No records to delete.
 [13:17:41.967] {CMPL123__WF_Phase__c} No records to delete.
 [13:17:41.967] {CMPL123__WF_Step__c} No records to delete.
 [13:17:41.968] {CMPL123__WF_Status__c} No records to delete.
 [13:17:41.969] {CMPL123__WF_Action__c} No records to delete.
 [13:17:41.969] {CMPL123__WF_Rule__c} No records to delete.
 [13:17:41.970] Deleting data was skipped.

 SOURCE:
 =============

 FETCHING THE DATA (STAGE 1) ...
 [13:17:41.974] {CMPL123__WF_Rule__c} Fetching the Source data from Org (STAGE 1: all records) ...
 [13:17:41.974] {CMPL123__WF_Rule__c} Query string: SELECT Id, Name, CMPL123__WF_Rule_External_Id__c, CMPL123__Description__c, CMPL123__Has_Cycle_Time_Metrics_Fields__c, CMPL123__Has_Multiple_Actions__c, CMPL123__Is_Active__c, CMPL123__Record_Type__c, CMPL123__Target_Object__c, CMPL123__Target_Object_... FROM  CMPL123__WF_Rule__c WHERE Name in ('Complaint Workflow', 'Investigation Workflow', 'Regulatory Report Workflow').
 [13:17:42.890] {CMPL123__WF_Rule__c} Data retrieval (Source) has been completed. Got 3 new records.
 [13:17:42.908] {CMPL123__WF_Step__c} Fetching the Source data from Org (STAGE 1: all records) ...
 [13:17:42.909] {CMPL123__WF_Step__c} Query string: SELECT Id, CMPL123__WF_Step_External_Id__c, CMPL123__WF_Rule__c, CMPL123__Action__c, CMPL123__Are_Child_Files_Locked__c, CMPL123__Are_Child_Records_Locked__c, CMPL123__End_Status__c, CMPL123__Is_Record_Lock_Required__c, CMPL123__Is_Related_Lists_Lock... FROM  CMPL123__WF_Step__c WHERE CMPL123__WF_Rule__r.Name in ('Complaint Workflow', 'Investigation Workflow', 'Regulatory Report Workflow').
 [13:17:44.318] {CMPL123__WF_Step__c} Data retrieval (Source) has been completed. Got 31 new records.
 [13:17:44.319] {CMPL123__Record_Access_Rule__c} Fetching the Source data from Org (STAGE 1: all records) ...
 [13:17:44.321] {CMPL123__Record_Access_Rule__c} Query string: SELECT Id, Name, CMPL123__Record_Access_Rule_External_Id__c, CMPL123__API_Path_to_User_Relationship__c, CMPL123__Active_of_the_rule__c, CMPL123__Apex_Sharing_Reason__c, CMPL123__Child_Objects__c, CMPL123__Target_Object__c, CMPL123__User_Field_Name__c... FROM  CMPL123__Record_Access_Rule__c.
 [13:17:45.215] {CMPL123__Record_Access_Rule__c} Data retrieval (Source) has been completed. Got 0 new records.
 [13:17:45.218] Data retrieval (STAGE 1) has been completed.

 FETCHING THE DATA (STAGE 2) ...
 [13:17:45.220] PASS 1
 =============
 [13:17:45.221] {CMPL123__WF_Rule_Phase__c} Fetching the Source data from Org (STAGE 2: filtered records) ...
 [13:17:45.222] {CMPL123__WF_Rule_Phase__c} Query string: SELECT Id, Name, CMPL123__WF_Rule_Phase_External_Id__c, CMPL123__Order__c, CMPL123__Workflow_Phase__c, CMPL123__Workflow_Rule__c, CMPL123__Workflow_Phase__r.CMPL123__WF_Phase_External_Id__c, CMPL123__Workflow_Rule__r.CMPL123__WF_Rule_External_Id__c  FROM  CMPL123__WF_Rule_Phase__c WHERE CMPL123__Workflow_Rule__c IN ('a1I5r000001zzoIEAQ', 'a1I5r000001zzoOEAQ', 'a1I5r0000020BUxEAM').
 [13:17:46.165] {CMPL123__WF_Rule_Phase__c} Data retrieval (Source) has been completed. Got 11 new records.
 [13:17:46.166] {CMPL123__WF_Phase_Status__c} Fetching the Source data from Org (STAGE 2: filtered records) ...
 [13:17:46.167] {CMPL123__WF_Phase_Status__c} Query string: SELECT Id, CMPL123__WF_Phase_Status_External_Id__c, CMPL123__Workflow_Rule_Phase__c, CMPL123__Workflow_Status__c, Workflow_Phase__c, Workflow_Rule__c, Workflow_Status_hyperlink__c, CMPL123__Workflow_Rule_Phase__r.CMPL123__WF_Rule_Phase_External_Id__c... FROM  CMPL123__WF_Phase_Status__c WHERE CMPL123__Workflow_Rule_Phase__c IN ('a1H5r0000018udwEAA', 'a1H5r0000018udxEAA', 'a1H5r0000018udyEAA', 'a1H5r0000018ue1EAA', 'a1H5r0000018ue2EAA', 'a1H5r0000018ue3EAA', 'a1H5r0000018ue4EAA', 'a1H5r00000190YXEAY', 'a1....
 [13:17:47.448] {CMPL123__WF_Phase_Status__c} Data retrieval (Source) has been completed. Got 18 new records.
 [13:17:47.459] {CMPL123__Context_Based_Security__c} Fetching the Source data from Org (STAGE 2: filtered records) ...
 [13:17:47.460] {CMPL123__Context_Based_Security__c} Query string: SELECT Id, Name, CMPL123__Access_Type__c, CMPL123__Config_Deploy_Id__c, CMPL123__Initial_CBS__c, CMPL123__User_Field_On_Record__c, CMPL123__Workflow_Rule__c, CMPL123__Workflow_Step__c, CMPL123__Corresponding_Object__c, CMPL123__Workflow_Rule__r.CMPL1... FROM  CMPL123__Context_Based_Security__c WHERE CMPL123__Workflow_Rule__c IN ('a1I5r000001zzoIEAQ', 'a1I5r000001zzoOEAQ', 'a1I5r0000020BUxEAM').
 [13:17:48.483] {CMPL123__Context_Based_Security__c} Query string: SELECT Id, Name, CMPL123__Access_Type__c, CMPL123__Config_Deploy_Id__c, CMPL123__Initial_CBS__c, CMPL123__User_Field_On_Record__c, CMPL123__Workflow_Rule__c, CMPL123__Workflow_Step__c, CMPL123__Corresponding_Object__c, CMPL123__Workflow_Rule__r.CMPL1... FROM  CMPL123__Context_Based_Security__c WHERE CMPL123__Workflow_Step__c IN ('a1L5r000000w9b5EAA', 'a1L5r000000w9b6EAA', 'a1L5r000000w9b7EAA', 'a1L5r000000w9b8EAA', 'a1L5r000000w9bAEAQ', 'a1L5r000000w9bBEAQ', 'a1L5r000000w9bIEAQ', 'a1L5r000000w9bKEAQ', 'a....
 [13:17:49.421] {CMPL123__Context_Based_Security__c} Data retrieval (Source) has been completed. Got 0 new records.
 [13:17:49.422] {CMPL123__X123Job__c} Fetching the Source data from Org (STAGE 2: filtered records) ...
 [13:17:49.423] {CMPL123__X123Job__c} Query string: SELECT Id, Name, CMPL123__Job_External_Id__c, CMPL123__Child_Filter_Condition__c, CMPL123__Description__c, CMPL123__Is_Active__c, CMPL123__Job_Type__c, CMPL123__Related_Task__c, CMPL123__Workflow_Step__c, CMPL123__Related_Task__r.CMPL123__Task_Extern... FROM  CMPL123__X123Job__c WHERE CMPL123__Workflow_Step__c IN ('a1L5r000000w9b5EAA', 'a1L5r000000w9b6EAA', 'a1L5r000000w9b7EAA', 'a1L5r000000w9b8EAA', 'a1L5r000000w9bAEAQ', 'a1L5r000000w9bBEAQ', 'a1L5r000000w9bIEAQ', 'a1L5r000000w9bKEAQ', 'a1L5r000000w9bME....
 [13:17:50.374] {CMPL123__X123Job__c} Data retrieval (Source) has been completed. Got 3 new records.
 [13:17:50.375] {CMPL123__Job_Field_Map__c} Fetching the Source data from Org (STAGE 2: filtered records) ...
 [13:17:50.375] {CMPL123__Job_Field_Map__c} Query string: SELECT Id, Name, CMPL123__Job_Field_Map_External_Id__c, CMPL123__Data_Type__c, CMPL123__Field_Name__c, CMPL123__Is_Dynamic__c, CMPL123__Object_Name__c, CMPL123__Parent_Job__c, CMPL123__Relationship_Name__c, CMPL123__Value__c, CMPL123__Parent_Job__r.C... FROM  CMPL123__Job_Field_Map__c WHERE CMPL123__Parent_Job__c IN ('a1M5r000000sEtHEAU', 'a1M5r000001tkV5EAI', 'a1M5r000001tkZjEAI').
 [13:17:51.351] {CMPL123__Job_Field_Map__c} Data retrieval (Source) has been completed. Got 0 new records.
 [13:17:51.358] {CMPL123__Valid_Child_Status__c} Fetching the Source data from Org (STAGE 2: filtered records) ...
 [13:17:51.358] {CMPL123__Valid_Child_Status__c} Query string: SELECT Id, Name, CMPL123__Valid_Child_Status_External_Id__c, CMPL123__Parent_Workflow_Step__c, CMPL123__Child_Relationship__c, CMPL123__Description__c, CMPL123__Required_Child_Workflow_Status__c, Parent_Workflow_Action__c, Parent_Workflow_Rule__c, Ch... FROM  CMPL123__Valid_Child_Status__c WHERE CMPL123__Parent_Workflow_Step__c IN ('a1L5r000000w9b5EAA', 'a1L5r000000w9b6EAA', 'a1L5r000000w9b7EAA', 'a1L5r000000w9b8EAA', 'a1L5r000000w9bAEAQ', 'a1L5r000000w9bBEAQ', 'a1L5r000000w9bIEAQ', 'a1L5r000000w9bKEAQ',....
 [13:17:53.32] {CMPL123__Valid_Child_Status__c} Data retrieval (Source) has been completed. Got 156 new records.

 [13:17:53.34] PASS 2
 =============
 [13:17:53.35] No records

 [13:17:53.36] PASS 3
 =============
 [13:17:53.38] {CMPL123__WF_Action__c} Fetching the Source data from Org (STAGE 1: filtered records) ...
 [13:17:53.39] {CMPL123__WF_Action__c} Query string: SELECT Id, Name, CMPL123__WF_Action_External_Id__c, CMPL123__Action_Custom_Label__c, CMPL123__Comment_Type__c, CMPL123__Description__c, CMPL123__E_Sign_Message_Custom_Label__c, CMPL123__Esign_Message__c, CMPL123__Generic_Comment__c, CMPL123__Is_Comme... FROM  CMPL123__WF_Action__c WHERE Id IN ('a1D5r000000hb6jEAA', 'a1D5r000000hToaEAE', 'a1D5r000000hTpNEAU', 'a1D5r000000hb6oEAA', 'a1D5r000000hbIpEAI', 'a1D5r000000hTpJEAU', 'a1D5r000000hTneEAE', 'a1D5r000000hTnHEAU', 'a1D5r000000hbIuEAI', 'a1D5r000000hTmh....
 [13:17:54.96] {CMPL123__WF_Action__c} Data retrieval (Source) has been completed. Got 21 new records.
 [13:17:54.108] {CMPL123__WF_Status__c} Fetching the Source data from Org (STAGE 1: filtered records) ...
 [13:17:54.109] {CMPL123__WF_Status__c} Query string: SELECT Id, Name, CMPL123__WF_Status_External_Id__c, CMPL123__Description__c, CMPL123__Status_Custom_Label__c  FROM  CMPL123__WF_Status__c WHERE Id IN ('a1J5r000001MHAVEA4', 'a1J5r000001MHADEA4', 'a1J5r000001MHAIEA4', 'a1J5r000001MHALEA4', 'a1J5r000001MHAUEA4', 'a1J5r000001MHASEA4', 'a1J5r000001MHAQEA4', 'a1J5r000001MHAHEA4', 'a1J5r000001MHAKEA4', 'a1J5r000001MHAW....
 [13:17:55.159] {CMPL123__WF_Status__c} Data retrieval (Source) has been completed. Got 19 new records.
 [13:17:55.160] {CMPL123__WF_Phase__c} Fetching the Source data from Org (STAGE 1: filtered records) ...
 [13:17:55.161] {CMPL123__WF_Phase__c} Query string: SELECT Id, Name, CMPL123__WF_Phase_External_Id__c, CMPL123__Description__c, CMPL123__Phase_Custom_Label__c, CMPL123__Work_Instructions_Custom_Label__c, CMPL123__Work_Instructions_HTML__c, CMPL123__Work_Instructions__c  FROM  CMPL123__WF_Phase__c WHERE Id IN ('a1G5r000001niyFEAQ', 'a1G5r000001niyLEAQ', 'a1G5r000001niyEEAQ', 'a1G5r000001niyQEAQ', 'a1G5r000001niyREAQ', 'a1G5r000001niyTEAQ', 'a1G5r000001niyWEAQ', 'a1G5r000001oaZ5EAI', 'a1G5r000001niySEAQ', 'a1G5r000001niyUE....
 [13:17:56.270] {CMPL123__WF_Phase__c} Data retrieval (Source) has been completed. Got 11 new records.
 [13:17:56.271] {CMPL123__WF_Rule_Phase__c} Fetching the Source data from Org (STAGE 1: filtered records) ...
 [13:17:56.271] {CMPL123__WF_Rule_Phase__c} Query string: SELECT Id, Name, CMPL123__WF_Rule_Phase_External_Id__c, CMPL123__Order__c, CMPL123__Workflow_Phase__c, CMPL123__Workflow_Rule__c, CMPL123__Workflow_Phase__r.CMPL123__WF_Phase_External_Id__c, CMPL123__Workflow_Rule__r.CMPL123__WF_Rule_External_Id__c  FROM  CMPL123__WF_Rule_Phase__c WHERE Id IN ('a1H5r0000018udyEAA', 'a1H5r00000190YXEAY', 'a1H5r0000018udxEAA', 'a1H5r0000018udwEAA', 'a1H5r0000018ue2EAA', 'a1H5r0000018ue3EAA', 'a1H5r0000018ue4EAA', 'a1H5r0000018ue1EAA', 'a1H5r0000019CIhEAM', 'a1H5r000001....
 [13:17:57.392] {CMPL123__WF_Rule_Phase__c} Data retrieval (Source) has been completed. Got 0 new records.
 [13:17:57.409] {CMPL123__X123Task__c} Fetching the Source data from Org (STAGE 1: filtered records) ...
 [13:17:57.410] {CMPL123__X123Task__c} Query string: SELECT Id, Name, CMPL123__Task_External_Id__c, CMPL123__Allow_Partial_Processing_for_123_Tasks__c, CMPL123__Description__c, CMPL123__Is_Active__c, CMPL123__Key_Value__c, CMPL123__Related_Object__c  FROM  CMPL123__X123Task__c WHERE Id IN ('a1N5r000001W2xkEAC', 'a1N5r000001WwPxEAK', 'a1N5r000001WwqiEAC').
 [13:17:58.419] {CMPL123__X123Task__c} Data retrieval (Source) has been completed. Got 3 new records.

 [13:17:58.421] PASS 4
 =============
 [13:17:58.423] No records

 TARGET:
 =============
 [13:17:58.426] No records
 [13:17:58.426] Data retrieval (STAGE 2) has been completed.

 TRIGGERING ADD-ON EVENTS ...
 [13:17:58.428] No Add-On modules found to run.


 DATA RETRIEVAL SUMMARY.
 [13:17:58.429] {CMPL123__WF_Rule__c} The total amount of the retrieved records: 3/0.
 [13:17:58.430] {CMPL123__WF_Step__c} The total amount of the retrieved records: 31/0.
 [13:17:58.430] {CMPL123__Record_Access_Rule__c} The total amount of the retrieved records: 0/0.
 [13:17:58.431] {CMPL123__WF_Action__c} The total amount of the retrieved records: 21/0.
 [13:17:58.431] {CMPL123__WF_Status__c} The total amount of the retrieved records: 19/0.
 [13:17:58.432] {CMPL123__WF_Phase__c} The total amount of the retrieved records: 11/0.
 [13:17:58.432] {CMPL123__WF_Rule_Phase__c} The total amount of the retrieved records: 11/0.
 [13:17:58.433] {CMPL123__WF_Phase_Status__c} The total amount of the retrieved records: 18/0.
 [13:17:58.433] {CMPL123__Context_Based_Security__c} The total amount of the retrieved records: 0/0.
 [13:17:58.434] {CMPL123__X123Task__c} The total amount of the retrieved records: 3/0.
 [13:17:58.434] {CMPL123__X123Job__c} The total amount of the retrieved records: 3/0.
 [13:17:58.434] {CMPL123__Job_Field_Map__c} The total amount of the retrieved records: 0/0.
 [13:17:58.435] {CMPL123__Valid_Child_Status__c} The total amount of the retrieved records: 156/0.

 UPDATING THE TARGET (STAGE 1) ...
 [13:17:58.437] {CMPL123__WF_Rule__c} Creating the file /Users/Brian.Lavin/Projects/olympus-dx/sfdmu-data/CMPL123__WF_Rule__c.csv ...
 [13:17:58.458] {CMPL123__WF_Rule__c} The Target has been updated. Totally processed 3 records.

 [13:17:58.460] {CMPL123__WF_Action__c} Creating the file /Users/Brian.Lavin/Projects/olympus-dx/sfdmu-data/CMPL123__WF_Action__c.csv ...
 [13:17:58.463] {CMPL123__WF_Action__c} The Target has been updated. Totally processed 21 records.

 [13:17:58.464] {CMPL123__WF_Status__c} Creating the file /Users/Brian.Lavin/Projects/olympus-dx/sfdmu-data/CMPL123__WF_Status__c.csv ...
 [13:17:58.467] {CMPL123__WF_Status__c} The Target has been updated. Totally processed 19 records.

 [13:17:58.468] {CMPL123__WF_Step__c} Creating the file /Users/Brian.Lavin/Projects/olympus-dx/sfdmu-data/CMPL123__WF_Step__c.csv ...
 [13:17:58.473] {CMPL123__WF_Step__c} The Target has been updated. Totally processed 31 records.

 [13:17:58.474] {CMPL123__WF_Phase__c} Creating the file /Users/Brian.Lavin/Projects/olympus-dx/sfdmu-data/CMPL123__WF_Phase__c.csv ...
 [13:17:58.477] {CMPL123__WF_Phase__c} The Target has been updated. Totally processed 11 records.

 [13:17:58.478] {CMPL123__WF_Rule_Phase__c} Creating the file /Users/Brian.Lavin/Projects/olympus-dx/sfdmu-data/CMPL123__WF_Rule_Phase__c.csv ...
 [13:17:58.480] {CMPL123__WF_Rule_Phase__c} The Target has been updated. Totally processed 11 records.

 [13:17:58.481] {CMPL123__WF_Phase_Status__c} Creating the file /Users/Brian.Lavin/Projects/olympus-dx/sfdmu-data/CMPL123__WF_Phase_Status__c.csv ...
 [13:17:58.484] {CMPL123__WF_Phase_Status__c} The Target has been updated. Totally processed 18 records.

 [13:17:58.485] {CMPL123__Context_Based_Security__c} Creating the file /Users/Brian.Lavin/Projects/olympus-dx/sfdmu-data/CMPL123__Context_Based_Security__c.csv ...
 [13:17:58.487] {CMPL123__X123Task__c} Creating the file /Users/Brian.Lavin/Projects/olympus-dx/sfdmu-data/CMPL123__X123Task__c.csv ...
 [13:17:58.489] {CMPL123__X123Task__c} The Target has been updated. Totally processed 3 records.

 [13:17:58.490] {CMPL123__X123Job__c} Creating the file /Users/Brian.Lavin/Projects/olympus-dx/sfdmu-data/CMPL123__X123Job__c.csv ...
 [13:17:58.511] {CMPL123__X123Job__c} The Target has been updated. Totally processed 3 records.

 [13:17:58.512] {CMPL123__Job_Field_Map__c} Creating the file /Users/Brian.Lavin/Projects/olympus-dx/sfdmu-data/CMPL123__Job_Field_Map__c.csv ...
 [13:17:58.513] {CMPL123__Record_Access_Rule__c} Creating the file /Users/Brian.Lavin/Projects/olympus-dx/sfdmu-data/CMPL123__Record_Access_Rule__c.csv ...
 [13:17:58.515] {CMPL123__Valid_Child_Status__c} Creating the file /Users/Brian.Lavin/Projects/olympus-dx/sfdmu-data/CMPL123__Valid_Child_Status__c.csv ...
 [13:17:58.522] {CMPL123__Valid_Child_Status__c} The Target has been updated. Totally processed 156 records.


 [13:17:58.524] The Target (STAGE 1) has been updated. Totally processed 276 records.

 UPDATING THE TARGET (STAGE 2) ...

 [13:17:58.525] Nothing was updated.

 TRIGGERING ADD-ON EVENTS ...
 [13:17:58.527] No Add-On modules found to run.


 DATA PROCESSING SUMMARY.
 [13:17:58.529] {CMPL123__WF_Rule__c} Totally processed 3 records.
 [13:17:58.529] {CMPL123__WF_Step__c} Totally processed 31 records.
 [13:17:58.530] {CMPL123__Record_Access_Rule__c} Totally processed 0 records.
 [13:17:58.531] {CMPL123__WF_Action__c} Totally processed 21 records.
 [13:17:58.531] {CMPL123__WF_Status__c} Totally processed 19 records.
 [13:17:58.532] {CMPL123__WF_Phase__c} Totally processed 11 records.
 [13:17:58.533] {CMPL123__WF_Rule_Phase__c} Totally processed 11 records.
 [13:17:58.534] {CMPL123__WF_Phase_Status__c} Totally processed 18 records.
 [13:17:58.534] {CMPL123__Context_Based_Security__c} Totally processed 0 records.
 [13:17:58.535] {CMPL123__X123Task__c} Totally processed 3 records.
 [13:17:58.536] {CMPL123__X123Job__c} Totally processed 3 records.
 [13:17:58.536] {CMPL123__Job_Field_Map__c} Totally processed 0 records.
 [13:17:58.537] {CMPL123__Valid_Child_Status__c} Totally processed 156 records.

 [13:17:58.538] Writing to /Users/Brian.Lavin/Projects/olympus-dx/sfdmu-data/MissingParentRecordsReport.csv ...


 TRIGGERING ADD-ON EVENTS ...
 [13:17:58.558] No Add-On modules found to run.


 [13:17:58.564] Command succeeded.
 [13:17:58.565] Execution of the command sfdmu:run has been completed. Exit code 0 (SUCCESS).
 [13:17:58.566] Total time elapsed: 00h 01m 23s 004ms .