
 [22:23:35.798] Execution of the command sfdmu:run has been started.
 [22:23:35.823] newLine
 LOADING AND VALIDATING THE EXPORT.JSON SCRIPT ...
 [22:23:35.853] newLine
 OBJECT SET #1 STARTED
 [22:23:35.860] newLine
 {
   "Running Plugin version": "4.33.17"
}
 {
   "Running Add-On API version": "1.5.0"
}
 [22:23:35.893] newLine
 [22:23:35.896] Loading Core Add-On Module declarations ...
 [22:23:36.227] Connecting to the qa-R1-GCHS using SFDX sf org display ...
 [22:23:43.79] Successfully connected to the qa-R1-GCHS.
 {
   "Source": "qa-R1-GCHS.",
   "Target": "csvfile.",
   "Package script": "C:\\Users\\Himanshu.Desai\\Documents\\GitHub\\GCHS-Release-1\\sfdmu-data\\export.json."
}
 [22:23:44.366] newLine
 GETTING AND ANALYSING OBJECT METADATA ...
 [22:23:44.370] Processing the object CMPL123__WF_Rule__c ...
 [22:23:44.374] Fetching metadata of the CMPL123__WF_Rule__c (Source) ...
 [22:23:45.428] Processing the object CMPL123__WF_Step__c ...
 [22:23:45.432] Fetching metadata of the CMPL123__WF_Step__c (Source) ...
 [22:23:46.236] Processing the object CMPL123__WF_Phase__c ...
 [22:23:46.239] Fetching metadata of the CMPL123__WF_Phase__c (Source) ...
 [22:23:46.934] Processing the object CMPL123__WF_Rule_Phase__c ...
 [22:23:46.937] Fetching metadata of the CMPL123__WF_Rule_Phase__c (Source) ...
 [22:23:47.685] Processing the object CMPL123__WF_Phase_Status__c ...
 [22:23:47.688] Fetching metadata of the CMPL123__WF_Phase_Status__c (Source) ...
 [22:23:48.94] Processing the object CMPL123__Context_Based_Security__c ...
 [22:23:48.96] Fetching metadata of the CMPL123__Context_Based_Security__c (Source) ...
 [22:23:49.78] Processing the object CMPL123__Job_Field_Map__c ...
 [22:23:49.82] Fetching metadata of the CMPL123__Job_Field_Map__c (Source) ...
 [22:23:49.400] Processing the object CMPL123__Record_Access_Rule__c ...
 [22:23:49.404] Fetching metadata of the CMPL123__Record_Access_Rule__c (Source) ...
 [22:23:50.87] Processing the object CMPL123__Valid_Child_Status__c ...
 [22:23:50.90] Fetching metadata of the CMPL123__Valid_Child_Status__c (Source) ...
 [22:23:50.828] Processing the object CMPL123__WF_Action__c ...
 [22:23:50.831] Fetching metadata of the CMPL123__WF_Action__c (Source) ...
 [22:23:51.814] Processing the object CMPL123__WF_Status__c ...
 [22:23:51.817] Fetching metadata of the CMPL123__WF_Status__c (Source) ...
 [22:23:52.133] Processing the object CMPL123__X123Job__c ...
 [22:23:52.136] Fetching metadata of the CMPL123__X123Job__c (Source) ...
 [22:23:52.861] Processing the object CMPL123__X123Task__c ...
 [22:23:52.863] Fetching metadata of the CMPL123__X123Task__c (Source) ...
 [22:23:53.874] Processing the object CMPL123__WF_Step_Extension__c ...
 [22:23:53.876] Fetching metadata of the CMPL123__WF_Step_Extension__c (Source) ...
 [22:23:54.553] Processing the object CMPL123__AuditTrail_Config__c ...
 [22:23:54.556] Fetching metadata of the CMPL123__AuditTrail_Config__c (Source) ...
 [22:23:55.233] Fetching metadata of the Group (Source) ...
 [22:23:55.609] Processing the object CMPL123__AuditTrail_Config__c ...
 [22:23:55.612] Processing the object CMPL123__WF_Step_Extension__c ...
 [22:23:55.615] Processing the object CMPL123__X123Task__c ...
 [22:23:55.616] Processing the object CMPL123__X123Job__c ...
 [22:23:55.618] Processing the object CMPL123__WF_Status__c ...
 [22:23:55.620] Processing the object CMPL123__WF_Action__c ...
 [22:23:55.622] Processing the object CMPL123__Valid_Child_Status__c ...
 [22:23:55.624] Processing the object CMPL123__Record_Access_Rule__c ...
 [22:23:55.625] Processing the object CMPL123__Job_Field_Map__c ...
 [22:23:55.628] Processing the object CMPL123__Context_Based_Security__c ...
 [22:23:55.630] Processing the object CMPL123__WF_Phase_Status__c ...
 [22:23:55.632] Processing the object CMPL123__WF_Rule_Phase__c ...
 [22:23:55.634] Processing the object CMPL123__WF_Phase__c ...
 [22:23:55.643] Processing the object CMPL123__WF_Step__c ...
 [22:23:55.647] Processing the object CMPL123__WF_Rule__c ...
 [22:23:55.653] newLine
 PREPARING DATA MIGRATION JOB ...
 [22:23:55.657] Building the migration strategy ...
 {
   "Order of objects to query": "CMPL123__WF_Rule__c; CMPL123__WF_Step__c; CMPL123__Record_Access_Rule__c; CMPL123__AuditTrail_Config__c; CMPL123__WF_Action__c; CMPL123__WF_Status__c; CMPL123__WF_Phase__c; CMPL123__WF_Rule_Phase__c; CMPL123__WF_Phase_Status__c; CMPL123__Context_Based_Security__c; CMPL123__X123Task__c; CMPL123__X123Job__c; CMPL123__Job_Field_Map__c; CMPL123__Valid_Child_Status__c; CMPL123__WF_Step_Extension__c"
}
 {
   "Order of objects to delete": "CMPL123__AuditTrail_Config__c; CMPL123__WF_Step_Extension__c; CMPL123__Valid_Child_Status__c; CMPL123__Record_Access_Rule__c; CMPL123__Job_Field_Map__c; CMPL123__X123Job__c; CMPL123__X123Task__c; CMPL123__Context_Based_Security__c; CMPL123__WF_Phase_Status__c; CMPL123__WF_Rule_Phase__c; CMPL123__WF_Phase__c; CMPL123__WF_Step__c; CMPL123__WF_Status__c; CMPL123__WF_Action__c; CMPL123__WF_Rule__c"
}
 {
   "Order of objects to update": "CMPL123__WF_Rule__c; CMPL123__WF_Action__c; CMPL123__WF_Status__c; CMPL123__WF_Step__c; CMPL123__WF_Phase__c; CMPL123__WF_Rule_Phase__c; CMPL123__WF_Phase_Status__c; CMPL123__Context_Based_Security__c; CMPL123__X123Task__c; CMPL123__X123Job__c; CMPL123__Job_Field_Map__c; CMPL123__Record_Access_Rule__c; CMPL123__Valid_Child_Status__c; CMPL123__WF_Step_Extension__c; CMPL123__AuditTrail_Config__c"
}
 [22:23:55.676] Preparing of the data migration job has been completed.
 [22:23:55.679] newLine
 ANALYSING DATA...
 [22:23:55.842] {CMPL123__WF_Rule__c} The original query string of this object is returning 3 records from the Source org.
 [22:23:55.991] {CMPL123__WF_Action__c} The original query string of this object is returning 230 records from the Source org.
 [22:23:56.137] {CMPL123__WF_Status__c} The original query string of this object is returning 162 records from the Source org.
 [22:23:56.597] {CMPL123__WF_Step__c} The original query string of this object is returning 31 records from the Source org.
 [22:23:57.16] {CMPL123__WF_Phase__c} The original query string of this object is returning 45 records from the Source org.
 [22:23:57.159] {CMPL123__WF_Rule_Phase__c} The original query string of this object is returning 64 records from the Source org.
 [22:23:57.300] {CMPL123__WF_Phase_Status__c} The original query string of this object is returning 103 records from the Source org.
 [22:23:57.436] {CMPL123__Context_Based_Security__c} The original query string of this object is returning 0 records from the Source org.
 [22:23:57.571] {CMPL123__X123Task__c} The original query string of this object is returning 13 records from the Source org.
 [22:23:57.721] {CMPL123__X123Job__c} The original query string of this object is returning 14 records from the Source org.
 [22:23:57.866] {CMPL123__Job_Field_Map__c} The original query string of this object is returning 6 records from the Source org.
 [22:23:58.2] {CMPL123__Record_Access_Rule__c} The original query string of this object is returning 0 records from the Source org.
 [22:23:58.141] {CMPL123__Valid_Child_Status__c} The original query string of this object is returning 256 records from the Source org.
 [22:23:58.558] {CMPL123__WF_Step_Extension__c} The original query string of this object is returning 86 records from the Source org.
 [22:23:58.697] {CMPL123__AuditTrail_Config__c} The original query string of this object is returning 152 records from the Source org.
 [22:23:58.699] newLine
 TRIGGERING ADD-ON EVENTS ...
 [22:23:58.703] No Add-On modules found to run.
 [22:23:58.705] newLine
 [22:23:58.707] Ready to process the data.
 [22:23:58.709] newLine
 DELETING OLD DATA FROM THE TARGET ...
 [22:23:58.713] {CMPL123__AuditTrail_Config__c} No records to delete.
 [22:23:58.715] {CMPL123__WF_Step_Extension__c} No records to delete.
 [22:23:58.717] {CMPL123__Valid_Child_Status__c} No records to delete.
 [22:23:58.718] {CMPL123__Record_Access_Rule__c} No records to delete.
 [22:23:58.720] {CMPL123__Job_Field_Map__c} No records to delete.
 [22:23:58.721] {CMPL123__X123Job__c} No records to delete.
 [22:23:58.723] {CMPL123__X123Task__c} No records to delete.
 [22:23:58.725] {CMPL123__Context_Based_Security__c} No records to delete.
 [22:23:58.727] {CMPL123__WF_Phase_Status__c} No records to delete.
 [22:23:58.729] {CMPL123__WF_Rule_Phase__c} No records to delete.
 [22:23:58.731] {CMPL123__WF_Phase__c} No records to delete.
 [22:23:58.732] {CMPL123__WF_Step__c} No records to delete.
 [22:23:58.734] {CMPL123__WF_Status__c} No records to delete.
 [22:23:58.735] {CMPL123__WF_Action__c} No records to delete.
 [22:23:58.737] {CMPL123__WF_Rule__c} No records to delete.
 [22:23:58.739] Deleting data was skipped.
 [22:23:58.741] newLine
 SOURCE:
 =============
 [22:23:58.748] newLine
 FETCHING THE DATA (STAGE 1) ...
 [22:23:58.753] {CMPL123__WF_Rule__c} Fetching the Source data from Org (STAGE 1: all records) ...
 [22:23:58.754] {CMPL123__WF_Rule__c} Query string: SELECT Id, Name, CMPL123__WF_Rule_External_Id__c, CMPL123__Description__c, CMPL123__Has_Cycle_Time_Metrics_Fields__c, CMPL123__Has_Multiple_Actions__c, CMPL123__Is_Active__c, CMPL123__Record_Type__c, CMPL123__Target_Object__c, CMPL123__Target_Object_... FROM  CMPL123__WF_Rule__c WHERE Name in ('Complaint Workflow', 'Investigation Workflow', 'Regulatory Report Workflow').
 [22:23:58.758] {CMPL123__WF_Rule__c} Using REST API to retrieve the data ...
 [22:23:58.913] {CMPL123__WF_Rule__c} Data retrieval (Source) has been completed. Got 3 new records.
 [22:23:58.915] {CMPL123__WF_Step__c} Fetching the Source data from Org (STAGE 1: all records) ...
 [22:23:58.919] {CMPL123__WF_Step__c} Query string: SELECT Id, CMPL123__WF_Step_External_Id__c, CMPL123__WF_Rule__c, CMPL123__Action__c, CMPL123__Are_Child_Files_Locked__c, CMPL123__Are_Child_Records_Locked__c, CMPL123__End_Status__c, CMPL123__Is_Record_Lock_Required__c, CMPL123__Is_Related_Lists_Lock... FROM  CMPL123__WF_Step__c WHERE CMPL123__WF_Rule__r.Name in ('Complaint Workflow', 'Investigation Workflow', 'Regulatory Report Workflow').
 [22:23:58.924] {CMPL123__WF_Step__c} Using REST API to retrieve the data ...
 [22:23:59.592] {CMPL123__WF_Step__c} Data retrieval (Source) has been completed. Got 31 new records.
 [22:23:59.595] {CMPL123__Record_Access_Rule__c} Fetching the Source data from Org (STAGE 1: all records) ...
 [22:23:59.596] {CMPL123__Record_Access_Rule__c} Query string: SELECT Id, Name, CMPL123__Record_Access_Rule_External_Id__c, CMPL123__API_Path_to_User_Relationship__c, CMPL123__Active_of_the_rule__c, CMPL123__Apex_Sharing_Reason__c, CMPL123__Child_Objects__c, CMPL123__Target_Object__c, CMPL123__User_Field_Name__c... FROM  CMPL123__Record_Access_Rule__c.
 [22:23:59.599] {CMPL123__Record_Access_Rule__c} Using REST API to retrieve the data ...
 [22:23:59.750] {CMPL123__Record_Access_Rule__c} Data retrieval (Source) has been completed. Got 0 new records.
 [22:23:59.752] {CMPL123__AuditTrail_Config__c} Fetching the Source data from Org (STAGE 1: all records) ...
 [22:23:59.755] {CMPL123__AuditTrail_Config__c} Query string: SELECT Id, Name, CMPL123__AuditTrail_External_Id__c, CMPL123__Child_Relationships_Object__c, CMPL123__Fields__c, CMPL123__Is_Active__c, CMPL123__Parent_Relationship_Object__c, CMPL123__RFC_Comment_Fields__c, CMPL123__RFC_Fields__c, CMPL123__Report_Ti... FROM  CMPL123__AuditTrail_Config__c.
 [22:23:59.757] {CMPL123__AuditTrail_Config__c} Using REST API to retrieve the data ...
 [22:24:00.303] {CMPL123__AuditTrail_Config__c} Data retrieval (Source) has been completed. Got 152 new records.
 [22:24:00.310] Data retrieval (STAGE 1) has been completed.
 [22:24:00.312] newLine
 FETCHING THE DATA (STAGE 2) ...
 [22:24:00.316] PASS 1
 =============
 [22:24:00.322] {CMPL123__WF_Rule_Phase__c} Fetching the Source data from Org (STAGE 2: filtered records) ...
 [22:24:00.324] {CMPL123__WF_Rule_Phase__c} Query string: SELECT Id, Name, CMPL123__WF_Rule_Phase_External_Id__c, CMPL123__Order__c, CMPL123__Workflow_Phase__c, CMPL123__Workflow_Rule__c, CMPL123__Workflow_Phase__r.CMPL123__WF_Phase_External_Id__c, CMPL123__Workflow_Rule__r.CMPL123__WF_Rule_External_Id__c  FROM  CMPL123__WF_Rule_Phase__c WHERE CMPL123__Workflow_Rule__c IN ('a1I7E000001YNlAUAW', 'a1I7E000001YNlDUAW', 'a1I7E000001YNlJUAW').
 [22:24:00.330] {CMPL123__WF_Rule_Phase__c} Using REST API to retrieve the data ...
 [22:24:00.588] {CMPL123__WF_Rule_Phase__c} Data retrieval (Source) has been completed. Got 11 new records.
 [22:24:00.591] {CMPL123__WF_Phase_Status__c} Fetching the Source data from Org (STAGE 2: filtered records) ...
 [22:24:00.593] {CMPL123__WF_Phase_Status__c} Query string: SELECT Id, CMPL123__WF_Phase_Status_External_Id__c, CMPL123__Workflow_Rule_Phase__c, CMPL123__Workflow_Status__c, Workflow_Phase__c, Workflow_Rule__c, Workflow_Status_hyperlink__c, CMPL123__Workflow_Rule_Phase__r.CMPL123__WF_Rule_Phase_External_Id__c... FROM  CMPL123__WF_Phase_Status__c WHERE CMPL123__Workflow_Rule_Phase__c IN ('a1H7E000003UbMXUA0', 'a1H7E000003UbMYUA0', 'a1H7E000003UbMZUA0', 'a1H7E000003UbMaUAK', 'a1H7E000003UbMbUAK', 'a1H7E000003UbMcUAK', 'a1H7E000003UbMdUAK', 'a1H7E000003UbMyUAK', 'a1....
 [22:24:00.596] {CMPL123__WF_Phase_Status__c} Using REST API to retrieve the data ...
 [22:24:00.860] {CMPL123__WF_Phase_Status__c} Data retrieval (Source) has been completed. Got 18 new records.
 [22:24:00.864] {CMPL123__Context_Based_Security__c} Fetching the Source data from Org (STAGE 2: filtered records) ...
 [22:24:00.866] {CMPL123__Context_Based_Security__c} Query string: SELECT Id, Name, CMPL123__Access_Type__c, CMPL123__Config_Deploy_Id__c, CMPL123__Initial_CBS__c, CMPL123__User_Field_On_Record__c, CMPL123__Workflow_Rule__c, CMPL123__Workflow_Step__c, CMPL123__Corresponding_Object__c, CMPL123__Workflow_Rule__r.CMPL1... FROM  CMPL123__Context_Based_Security__c WHERE CMPL123__Workflow_Rule__c IN ('a1I7E000001YNlAUAW', 'a1I7E000001YNlDUAW', 'a1I7E000001YNlJUAW').
 [22:24:00.869] {CMPL123__Context_Based_Security__c} Using REST API to retrieve the data ...
 [22:24:01.317] {CMPL123__Context_Based_Security__c} Query string: SELECT Id, Name, CMPL123__Access_Type__c, CMPL123__Config_Deploy_Id__c, CMPL123__Initial_CBS__c, CMPL123__User_Field_On_Record__c, CMPL123__Workflow_Rule__c, CMPL123__Workflow_Step__c, CMPL123__Corresponding_Object__c, CMPL123__Workflow_Rule__r.CMPL1... FROM  CMPL123__Context_Based_Security__c WHERE CMPL123__Workflow_Step__c IN ('a1L7E000001q66wUAA', 'a1L7E000001q66xUAA', 'a1L7E000001q66zUAA', 'a1L7E000001q674UAA', 'a1L7E000001q67aUAA', 'a1L7E000001q67cUAA', 'a1L7E000001q67iUAA', 'a1L7E000001q67nUAA', 'a....
 [22:24:01.327] {CMPL123__Context_Based_Security__c} Using REST API to retrieve the data ...
 [22:24:01.561] {CMPL123__Context_Based_Security__c} Data retrieval (Source) has been completed. Got 0 new records.
 [22:24:01.564] {CMPL123__X123Job__c} Fetching the Source data from Org (STAGE 2: filtered records) ...
 [22:24:01.566] {CMPL123__X123Job__c} Query string: SELECT Id, Name, CMPL123__Job_External_Id__c, CMPL123__Child_Filter_Condition__c, CMPL123__Description__c, CMPL123__Is_Active__c, CMPL123__Job_Type__c, CMPL123__Related_Task__c, CMPL123__Workflow_Step__c, CMPL123__Related_Task__r.CMPL123__Task_Extern... FROM  CMPL123__X123Job__c WHERE CMPL123__Workflow_Step__c IN ('a1L7E000001q66wUAA', 'a1L7E000001q66xUAA', 'a1L7E000001q66zUAA', 'a1L7E000001q674UAA', 'a1L7E000001q67aUAA', 'a1L7E000001q67cUAA', 'a1L7E000001q67iUAA', 'a1L7E000001q67nUAA', 'a1L7E000001q67vU....
 [22:24:01.570] {CMPL123__X123Job__c} Using REST API to retrieve the data ...
 [22:24:02.28] {CMPL123__X123Job__c} Data retrieval (Source) has been completed. Got 3 new records.
 [22:24:02.30] {CMPL123__Job_Field_Map__c} Fetching the Source data from Org (STAGE 2: filtered records) ...
 [22:24:02.32] {CMPL123__Job_Field_Map__c} Query string: SELECT Id, Name, CMPL123__Job_Field_Map_External_Id__c, CMPL123__Data_Type__c, CMPL123__Field_Name__c, CMPL123__Is_Dynamic__c, CMPL123__Object_Name__c, CMPL123__Parent_Job__c, CMPL123__Relationship_Name__c, CMPL123__Value__c, CMPL123__Parent_Job__r.C... FROM  CMPL123__Job_Field_Map__c WHERE CMPL123__Parent_Job__c IN ('a1M7E000003l4VKUAY', 'a1M7E000003l4VNUAY', 'a1M7E000003l4VOUAY').
 [22:24:02.35] {CMPL123__Job_Field_Map__c} Using REST API to retrieve the data ...
 [22:24:02.192] {CMPL123__Job_Field_Map__c} Data retrieval (Source) has been completed. Got 0 new records.
 [22:24:02.195] {CMPL123__Valid_Child_Status__c} Fetching the Source data from Org (STAGE 2: filtered records) ...
 [22:24:02.197] {CMPL123__Valid_Child_Status__c} Query string: SELECT Id, Name, CMPL123__Valid_Child_Status_External_Id__c, CMPL123__Parent_Workflow_Step__c, CMPL123__Child_Relationship__c, CMPL123__Description__c, CMPL123__Required_Child_Workflow_Status__c, Child_Workflow_Status__c, Parent_Workflow_Action__c, P... FROM  CMPL123__Valid_Child_Status__c WHERE CMPL123__Parent_Workflow_Step__c IN ('a1L7E000001q66wUAA', 'a1L7E000001q66xUAA', 'a1L7E000001q66zUAA', 'a1L7E000001q674UAA', 'a1L7E000001q67aUAA', 'a1L7E000001q67cUAA', 'a1L7E000001q67iUAA', 'a1L7E000001q67nUAA',....
 [22:24:02.201] {CMPL123__Valid_Child_Status__c} Using REST API to retrieve the data ...
 [22:24:02.748] {CMPL123__Valid_Child_Status__c} Data retrieval (Source) has been completed. Got 156 new records.
 [22:24:02.751] {CMPL123__WF_Step_Extension__c} Fetching the Source data from Org (STAGE 2: filtered records) ...
 [22:24:02.753] {CMPL123__WF_Step_Extension__c} Query string: SELECT Id, Name, CMPL123__External_Id__c, CMPL123__Parent_Workflow_Step__c, CMPL123__Apply_To_Automated_User__c, CMPL123__Are_Child_Files_Locked__c, CMPL123__Is_Record_Lock_Required__c, CMPL123__Is_Related_Lists_Locked__c, CMPL123__Object_Related_Lis... FROM  CMPL123__WF_Step_Extension__c WHERE CMPL123__Parent_Workflow_Step__c IN ('a1L7E000001q66wUAA', 'a1L7E000001q66xUAA', 'a1L7E000001q66zUAA', 'a1L7E000001q674UAA', 'a1L7E000001q67aUAA', 'a1L7E000001q67cUAA', 'a1L7E000001q67iUAA', 'a1L7E000001q67nUAA', ....
 [22:24:02.756] {CMPL123__WF_Step_Extension__c} Using REST API to retrieve the data ...
 [22:24:03.11] {CMPL123__WF_Step_Extension__c} Data retrieval (Source) has been completed. Got 20 new records.
 [22:24:03.13] newLine
 [22:24:03.15] PASS 2
 =============
 [22:24:03.19] No records
 [22:24:03.21] newLine
 [22:24:03.22] PASS 3
 =============
 [22:24:03.27] {CMPL123__WF_Action__c} Fetching the Source data from Org (STAGE 1: filtered records) ...
 [22:24:03.28] {CMPL123__WF_Action__c} Query string: SELECT Id, Name, CMPL123__WF_Action_External_Id__c, CMPL123__Action_Custom_Label__c, CMPL123__Comment_Type__c, CMPL123__Description__c, CMPL123__E_Sign_Message_Custom_Label__c, CMPL123__Esign_Message__c, CMPL123__Generic_Comment__c, CMPL123__Is_Comme... FROM  CMPL123__WF_Action__c WHERE Id IN ('a1D7E000005ysZIUAY', 'a1D7E000005ysZJUAY', 'a1D7E000005ysZLUAY', 'a1D7E000005ysZOUAY', 'a1D7E000005ysa3UAA', 'a1D7E000005ysa5UAA', 'a1D7E000005ysa7UAA', 'a1D7E000005ysafUAA', 'a1D7E000005ysb2UAA', 'a1D7E000005ysbd....
 [22:24:03.31] {CMPL123__WF_Action__c} Using REST API to retrieve the data ...
 [22:24:03.272] {CMPL123__WF_Action__c} Data retrieval (Source) has been completed. Got 21 new records.
 [22:24:03.275] {CMPL123__WF_Status__c} Fetching the Source data from Org (STAGE 1: filtered records) ...
 [22:24:03.277] {CMPL123__WF_Status__c} Query string: SELECT Id, Name, CMPL123__WF_Status_External_Id__c, CMPL123__Description__c, CMPL123__Status_Custom_Label__c  FROM  CMPL123__WF_Status__c WHERE Id IN ('a1J7E000004ekcrUAA', 'a1J7E000004ekcZUAQ', 'a1J7E000004ekceUAA', 'a1J7E000004ekchUAA', 'a1J7E000004ekcqUAA', 'a1J7E000004ekcoUAA', 'a1J7E000004ekcmUAA', 'a1J7E000004ekcdUAA', 'a1J7E000004ekcgUAA', 'a1J7E000004ekcs....
 [22:24:03.279] {CMPL123__WF_Status__c} Using REST API to retrieve the data ...
 [22:24:03.424] {CMPL123__WF_Status__c} Data retrieval (Source) has been completed. Got 19 new records.
 [22:24:03.428] {CMPL123__WF_Phase__c} Fetching the Source data from Org (STAGE 1: filtered records) ...
 [22:24:03.429] {CMPL123__WF_Phase__c} Query string: SELECT Id, Name, CMPL123__WF_Phase_External_Id__c, CMPL123__Description__c, CMPL123__Phase_Custom_Label__c, CMPL123__Work_Instructions_Custom_Label__c, CMPL123__Work_Instructions_HTML__c, CMPL123__Work_Instructions__c  FROM  CMPL123__WF_Phase__c WHERE Id IN ('a1G7E000002PhWVUA0', 'a1G7E000002PhWXUA0', 'a1G7E000002PhWcUAK', 'a1G7E000002PhWTUA0', 'a1G7E000002PhWUUA0', 'a1G7E000002PhWWUA0', 'a1G7E000002PhWZUA0', 'a1G7E000002PhWkUAK', 'a1G7E000002PhWlUAK', 'a1G7E000002PhWjU....
 [22:24:03.433] {CMPL123__WF_Phase__c} Using REST API to retrieve the data ...
 [22:24:03.680] {CMPL123__WF_Phase__c} Data retrieval (Source) has been completed. Got 11 new records.
 [22:24:03.682] {CMPL123__WF_Rule_Phase__c} Fetching the Source data from Org (STAGE 1: filtered records) ...
 [22:24:03.683] {CMPL123__WF_Rule_Phase__c} Query string: SELECT Id, Name, CMPL123__WF_Rule_Phase_External_Id__c, CMPL123__Order__c, CMPL123__Workflow_Phase__c, CMPL123__Workflow_Rule__c, CMPL123__Workflow_Phase__r.CMPL123__WF_Phase_External_Id__c, CMPL123__Workflow_Rule__r.CMPL123__WF_Rule_External_Id__c  FROM  CMPL123__WF_Rule_Phase__c WHERE Id IN ('a1H7E000003UbMXUA0', 'a1H7E000003UbMYUA0', 'a1H7E000003UbMZUA0', 'a1H7E000003UbMbUAK', 'a1H7E000003UbMcUAK', 'a1H7E000003UbMdUAK', 'a1H7E000003UbMaUAK', 'a1H7E000003UbN0UAK', 'a1H7E000003UbNUUA0', 'a1H7E000003....
 [22:24:03.686] {CMPL123__WF_Rule_Phase__c} Using REST API to retrieve the data ...
 [22:24:04.216] {CMPL123__WF_Rule_Phase__c} Data retrieval (Source) has been completed. Got 0 new records.
 [22:24:04.219] {CMPL123__X123Task__c} Fetching the Source data from Org (STAGE 1: filtered records) ...
 [22:24:04.220] {CMPL123__X123Task__c} Query string: SELECT Id, Name, CMPL123__Task_External_Id__c, CMPL123__Allow_Partial_Processing_for_123_Tasks__c, CMPL123__Description__c, CMPL123__Is_Active__c, CMPL123__Key_Value__c, CMPL123__Related_Object__c  FROM  CMPL123__X123Task__c WHERE Id IN ('a1N7E000005WNvvUAG', 'a1N7E000005WNvrUAG', 'a1N7E000005WNvsUAG').
 [22:24:04.222] {CMPL123__X123Task__c} Using REST API to retrieve the data ...
 [22:24:04.373] {CMPL123__X123Task__c} Data retrieval (Source) has been completed. Got 3 new records.
 [22:24:04.376] newLine
 [22:24:04.378] PASS 4
 =============
 [22:24:04.383] No records
 [22:24:04.384] newLine
 TARGET:
 =============
 [22:24:04.390] No records
 [22:24:04.392] Data retrieval (STAGE 2) has been completed.
 [22:24:04.393] newLine
 TRIGGERING ADD-ON EVENTS ...
 [22:24:04.397] No Add-On modules found to run.
 [22:24:04.398] newLine
 [22:24:04.400] newLine
 DATA RETRIEVAL SUMMARY.
 [22:24:04.403] {CMPL123__WF_Rule__c} The total amount of the retrieved records: 3/0.
 [22:24:04.404] {CMPL123__WF_Step__c} The total amount of the retrieved records: 31/0.
 [22:24:04.405] {CMPL123__Record_Access_Rule__c} The total amount of the retrieved records: 0/0.
 [22:24:04.407] {CMPL123__AuditTrail_Config__c} The total amount of the retrieved records: 152/0.
 [22:24:04.408] {CMPL123__WF_Action__c} The total amount of the retrieved records: 21/0.
 [22:24:04.410] {CMPL123__WF_Status__c} The total amount of the retrieved records: 19/0.
 [22:24:04.411] {CMPL123__WF_Phase__c} The total amount of the retrieved records: 11/0.
 [22:24:04.413] {CMPL123__WF_Rule_Phase__c} The total amount of the retrieved records: 11/0.
 [22:24:04.414] {CMPL123__WF_Phase_Status__c} The total amount of the retrieved records: 18/0.
 [22:24:04.416] {CMPL123__Context_Based_Security__c} The total amount of the retrieved records: 0/0.
 [22:24:04.417] {CMPL123__X123Task__c} The total amount of the retrieved records: 3/0.
 [22:24:04.419] {CMPL123__X123Job__c} The total amount of the retrieved records: 3/0.
 [22:24:04.420] {CMPL123__Job_Field_Map__c} The total amount of the retrieved records: 0/0.
 [22:24:04.421] {CMPL123__Valid_Child_Status__c} The total amount of the retrieved records: 156/0.
 [22:24:04.423] {CMPL123__WF_Step_Extension__c} The total amount of the retrieved records: 20/0.
 [22:24:04.427] newLine
 UPDATING THE TARGET (STAGE 1) ...
 [22:24:04.432] {CMPL123__WF_Rule__c} Creating the file C:\Users\Himanshu.Desai\Documents\GitHub\GCHS-Release-1\sfdmu-data\CMPL123__WF_Rule__c.csv ...
 [22:24:04.452] {CMPL123__WF_Rule__c} The Target has been updated. Totally processed 3 records.
 [22:24:04.453] newLine
 [22:24:04.455] {CMPL123__WF_Action__c} Creating the file C:\Users\Himanshu.Desai\Documents\GitHub\GCHS-Release-1\sfdmu-data\CMPL123__WF_Action__c.csv ...
 [22:24:04.467] {CMPL123__WF_Action__c} The Target has been updated. Totally processed 21 records.
 [22:24:04.469] newLine
 [22:24:04.471] {CMPL123__WF_Status__c} Creating the file C:\Users\Himanshu.Desai\Documents\GitHub\GCHS-Release-1\sfdmu-data\CMPL123__WF_Status__c.csv ...
 [22:24:04.499] {CMPL123__WF_Status__c} The Target has been updated. Totally processed 19 records.
 [22:24:04.503] newLine
 [22:24:04.510] {CMPL123__WF_Step__c} Creating the file C:\Users\Himanshu.Desai\Documents\GitHub\GCHS-Release-1\sfdmu-data\CMPL123__WF_Step__c.csv ...
 [22:24:04.530] {CMPL123__WF_Step__c} The Target has been updated. Totally processed 31 records.
 [22:24:04.532] newLine
 [22:24:04.534] {CMPL123__WF_Phase__c} Creating the file C:\Users\Himanshu.Desai\Documents\GitHub\GCHS-Release-1\sfdmu-data\CMPL123__WF_Phase__c.csv ...
 [22:24:04.546] {CMPL123__WF_Phase__c} The Target has been updated. Totally processed 11 records.
 [22:24:04.549] newLine
 [22:24:04.551] {CMPL123__WF_Rule_Phase__c} Creating the file C:\Users\Himanshu.Desai\Documents\GitHub\GCHS-Release-1\sfdmu-data\CMPL123__WF_Rule_Phase__c.csv ...
 [22:24:04.561] {CMPL123__WF_Rule_Phase__c} The Target has been updated. Totally processed 11 records.
 [22:24:04.563] newLine
 [22:24:04.565] {CMPL123__WF_Phase_Status__c} Creating the file C:\Users\Himanshu.Desai\Documents\GitHub\GCHS-Release-1\sfdmu-data\CMPL123__WF_Phase_Status__c.csv ...
 [22:24:04.575] {CMPL123__WF_Phase_Status__c} The Target has been updated. Totally processed 18 records.
 [22:24:04.577] newLine
 [22:24:04.579] {CMPL123__Context_Based_Security__c} Creating the file C:\Users\Himanshu.Desai\Documents\GitHub\GCHS-Release-1\sfdmu-data\CMPL123__Context_Based_Security__c.csv ...
 [22:24:04.585] {CMPL123__X123Task__c} Creating the file C:\Users\Himanshu.Desai\Documents\GitHub\GCHS-Release-1\sfdmu-data\CMPL123__X123Task__c.csv ...
 [22:24:04.594] {CMPL123__X123Task__c} The Target has been updated. Totally processed 3 records.
 [22:24:04.596] newLine
 [22:24:04.599] {CMPL123__X123Job__c} Creating the file C:\Users\Himanshu.Desai\Documents\GitHub\GCHS-Release-1\sfdmu-data\CMPL123__X123Job__c.csv ...
 [22:24:04.607] {CMPL123__X123Job__c} The Target has been updated. Totally processed 3 records.
 [22:24:04.609] newLine
 [22:24:04.611] {CMPL123__Job_Field_Map__c} Creating the file C:\Users\Himanshu.Desai\Documents\GitHub\GCHS-Release-1\sfdmu-data\CMPL123__Job_Field_Map__c.csv ...
 [22:24:04.617] {CMPL123__Record_Access_Rule__c} Creating the file C:\Users\Himanshu.Desai\Documents\GitHub\GCHS-Release-1\sfdmu-data\CMPL123__Record_Access_Rule__c.csv ...
 [22:24:04.623] {CMPL123__Valid_Child_Status__c} Creating the file C:\Users\Himanshu.Desai\Documents\GitHub\GCHS-Release-1\sfdmu-data\CMPL123__Valid_Child_Status__c.csv ...
 [22:24:04.649] {CMPL123__Valid_Child_Status__c} The Target has been updated. Totally processed 156 records.
 [22:24:04.650] newLine
 [22:24:04.652] {CMPL123__WF_Step_Extension__c} Creating the file C:\Users\Himanshu.Desai\Documents\GitHub\GCHS-Release-1\sfdmu-data\CMPL123__WF_Step_Extension__c.csv ...
 [22:24:04.661] {CMPL123__WF_Step_Extension__c} The Target has been updated. Totally processed 20 records.
 [22:24:04.663] newLine
 [22:24:04.665] {CMPL123__AuditTrail_Config__c} Creating the file C:\Users\Himanshu.Desai\Documents\GitHub\GCHS-Release-1\sfdmu-data\CMPL123__AuditTrail_Config__c.csv ...
 [22:24:04.697] {CMPL123__AuditTrail_Config__c} The Target has been updated. Totally processed 152 records.
 [22:24:04.699] newLine
 [22:24:04.700] newLine
 [22:24:04.702] The Target (STAGE 1) has been updated. Totally processed 448 records.
 [22:24:04.703] newLine
 UPDATING THE TARGET (STAGE 2) ...
 [22:24:04.706] newLine
 [22:24:04.707] Nothing was updated.
 [22:24:04.709] newLine
 TRIGGERING ADD-ON EVENTS ...
 [22:24:04.711] No Add-On modules found to run.
 [22:24:04.712] newLine
 [22:24:04.714] newLine
 DATA PROCESSING SUMMARY.
 [22:24:04.717] {CMPL123__WF_Rule__c} Totally processed 3 records.
 [22:24:04.719] {CMPL123__WF_Step__c} Totally processed 31 records.
 [22:24:04.720] {CMPL123__Record_Access_Rule__c} Totally processed 0 records.
 [22:24:04.721] {CMPL123__AuditTrail_Config__c} Totally processed 152 records.
 [22:24:04.723] {CMPL123__WF_Action__c} Totally processed 21 records.
 [22:24:04.724] {CMPL123__WF_Status__c} Totally processed 19 records.
 [22:24:04.726] {CMPL123__WF_Phase__c} Totally processed 11 records.
 [22:24:04.727] {CMPL123__WF_Rule_Phase__c} Totally processed 11 records.
 [22:24:04.728] {CMPL123__WF_Phase_Status__c} Totally processed 18 records.
 [22:24:04.730] {CMPL123__Context_Based_Security__c} Totally processed 0 records.
 [22:24:04.731] {CMPL123__X123Task__c} Totally processed 3 records.
 [22:24:04.733] {CMPL123__X123Job__c} Totally processed 3 records.
 [22:24:04.734] {CMPL123__Job_Field_Map__c} Totally processed 0 records.
 [22:24:04.735] {CMPL123__Valid_Child_Status__c} Totally processed 156 records.
 [22:24:04.737] {CMPL123__WF_Step_Extension__c} Totally processed 20 records.
 [22:24:04.738] newLine
 [22:24:04.740] Writing to C:\Users\Himanshu.Desai\Documents\GitHub\GCHS-Release-1\sfdmu-data\MissingParentRecordsReport.csv ...
 [22:24:04.743] newLine
 [22:24:04.744] newLine
 TRIGGERING ADD-ON EVENTS ...
 [22:24:04.747] No Add-On modules found to run.
 [22:24:04.748] newLine

 [22:24:04.789] Command succeeded.
 [22:24:04.791] Execution of the command sfdmu:run has been completed. Exit code 0 (SUCCESS).
 [22:24:04.801] Total time elapsed: 00h 00m 28s 994ms .