
 [09:12:41.657] Execution of the command sfdmu:run has been started.
 [09:12:41.665] newLine
 LOADING AND VALIDATING THE EXPORT.JSON SCRIPT ...
 [09:12:41.680] newLine
 OBJECT SET #1 STARTED
 [09:12:41.685] newLine
 {
   "Running Plugin version": "4.33.15"
}
 {
   "Running Add-On API version": "1.5.0"
}
 [09:12:41.848] newLine
 [09:12:41.855] Loading Core Add-On Module declarations ...
 [09:12:42.178] Connecting to the olympus-qa using SFDX sf org display ...
 [09:12:48.466] Successfully connected to the olympus-qa.
 {
   "Source": "csvfile.",
   "Target": "olympus-qa.",
   "Package script": "C:\\SalesForce\\olympus-dx\\sfdmu-data\\export.json."
}
 [09:12:50.697] newLine
 GETTING AND ANALYSING OBJECT METADATA ...
 [09:12:50.702] Processing the object CMPL123__WF_Rule__c ...
 [09:12:50.705] Fetching metadata of the CMPL123__WF_Rule__c (Target) ...
 [09:12:51.901] Processing the object CMPL123__WF_Step__c ...
 [09:12:51.904] Fetching metadata of the CMPL123__WF_Step__c (Target) ...
 [09:12:53.269] Processing the object CMPL123__WF_Phase__c ...
 [09:12:53.273] Fetching metadata of the CMPL123__WF_Phase__c (Target) ...
 [09:12:54.866] Processing the object CMPL123__WF_Rule_Phase__c ...
 [09:12:54.868] Fetching metadata of the CMPL123__WF_Rule_Phase__c (Target) ...
 [09:12:55.674] Processing the object CMPL123__WF_Phase_Status__c ...
 [09:12:55.677] Fetching metadata of the CMPL123__WF_Phase_Status__c (Target) ...
 [09:12:57.252] Processing the object CMPL123__Context_Based_Security__c ...
 [09:12:57.254] Fetching metadata of the CMPL123__Context_Based_Security__c (Target) ...
 [09:12:58.805] Processing the object CMPL123__Job_Field_Map__c ...
 [09:12:58.809] Fetching metadata of the CMPL123__Job_Field_Map__c (Target) ...
 [09:13:00.64] Processing the object CMPL123__Record_Access_Rule__c ...
 [09:13:00.66] Fetching metadata of the CMPL123__Record_Access_Rule__c (Target) ...
 [09:13:00.873] Processing the object CMPL123__Valid_Child_Status__c ...
 [09:13:00.887] Fetching metadata of the CMPL123__Valid_Child_Status__c (Target) ...
 [09:13:01.758] Processing the object CMPL123__WF_Action__c ...
 [09:13:01.823] Fetching metadata of the CMPL123__WF_Action__c (Target) ...
 [09:13:03.74] Processing the object CMPL123__WF_Status__c ...
 [09:13:03.77] Fetching metadata of the CMPL123__WF_Status__c (Target) ...
 [09:13:04.194] Processing the object CMPL123__X123Job__c ...
 [09:13:04.197] Fetching metadata of the CMPL123__X123Job__c (Target) ...
 [09:13:05.42] Processing the object CMPL123__X123Task__c ...
 [09:13:05.45] Fetching metadata of the CMPL123__X123Task__c (Target) ...
 [09:13:05.890] Processing the object CMPL123__WF_Step_Extension__c ...
 [09:13:05.894] Fetching metadata of the CMPL123__WF_Step_Extension__c (Target) ...
 [09:13:07.431] Fetching metadata of the Group (Target) ...
 [09:13:08.179] Processing the object CMPL123__WF_Step_Extension__c ...
 [09:13:08.184] Processing the object CMPL123__X123Task__c ...
 [09:13:08.185] Processing the object CMPL123__X123Job__c ...
 [09:13:08.188] Processing the object CMPL123__WF_Status__c ...
 [09:13:08.190] Processing the object CMPL123__WF_Action__c ...
 [09:13:08.191] Processing the object CMPL123__Valid_Child_Status__c ...
 [09:13:08.194] Processing the object CMPL123__Record_Access_Rule__c ...
 [09:13:08.195] Processing the object CMPL123__Job_Field_Map__c ...
 [09:13:08.197] Processing the object CMPL123__Context_Based_Security__c ...
 [09:13:08.200] Processing the object CMPL123__WF_Phase_Status__c ...
 [09:13:08.202] Processing the object CMPL123__WF_Rule_Phase__c ...
 [09:13:08.205] Processing the object CMPL123__WF_Phase__c ...
 [09:13:08.207] Processing the object CMPL123__WF_Step__c ...
 [09:13:08.210] Processing the object CMPL123__WF_Rule__c ...
 [09:13:08.214] newLine
 PREPARING DATA MIGRATION JOB ...
 [09:13:08.219] Building the migration strategy ...
 {
   "Order of objects to query": "CMPL123__WF_Rule__c; CMPL123__WF_Step__c; CMPL123__Record_Access_Rule__c; CMPL123__WF_Action__c; CMPL123__WF_Status__c; CMPL123__WF_Phase__c; CMPL123__WF_Rule_Phase__c; CMPL123__WF_Phase_Status__c; CMPL123__Context_Based_Security__c; CMPL123__X123Task__c; CMPL123__X123Job__c; CMPL123__Job_Field_Map__c; CMPL123__Valid_Child_Status__c; CMPL123__WF_Step_Extension__c"
}
 {
   "Order of objects to delete": "CMPL123__WF_Step_Extension__c; CMPL123__Valid_Child_Status__c; CMPL123__Record_Access_Rule__c; CMPL123__Job_Field_Map__c; CMPL123__X123Job__c; CMPL123__X123Task__c; CMPL123__Context_Based_Security__c; CMPL123__WF_Phase_Status__c; CMPL123__WF_Rule_Phase__c; CMPL123__WF_Phase__c; CMPL123__WF_Step__c; CMPL123__WF_Status__c; CMPL123__WF_Action__c; CMPL123__WF_Rule__c"
}
 {
   "Order of objects to update": "CMPL123__WF_Rule__c; CMPL123__WF_Action__c; CMPL123__WF_Status__c; CMPL123__WF_Step__c; CMPL123__WF_Phase__c; CMPL123__WF_Rule_Phase__c; CMPL123__WF_Phase_Status__c; CMPL123__Context_Based_Security__c; CMPL123__X123Task__c; CMPL123__X123Job__c; CMPL123__Job_Field_Map__c; CMPL123__Record_Access_Rule__c; CMPL123__Valid_Child_Status__c; CMPL123__WF_Step_Extension__c"
}
 [09:13:08.304] Validation of the source CSV files ...
 [09:13:08.746] Writing to C:\SalesForce\olympus-dx\sfdmu-data\source\CMPL123__WF_Step__c_source.csv ...
 [09:13:08.998] Writing to C:\SalesForce\olympus-dx\sfdmu-data\source\CMPL123__WF_Rule_Phase__c_source.csv ...
 [09:13:09.5] Writing to C:\SalesForce\olympus-dx\sfdmu-data\source\CMPL123__WF_Phase_Status__c_source.csv ...
 [09:13:09.14] Writing to C:\SalesForce\olympus-dx\sfdmu-data\source\CMPL123__X123Job__c_source.csv ...
 [09:13:09.20] Writing to C:\SalesForce\olympus-dx\sfdmu-data\source\CMPL123__Valid_Child_Status__c_source.csv ...
 [09:13:09.26] Writing to C:\SalesForce\olympus-dx\sfdmu-data\source\CMPL123__WF_Step_Extension__c_source.csv ...
 [09:13:09.35] Amount of updated source CSV files: 6.
 [09:13:09.37] No issues were found in the source CSV files.
 [09:13:09.39] Processing the source CSV files has been completed.
 [09:13:09.41] Preparing of the data migration job has been completed.
 [09:13:09.43] newLine
 ANALYSING DATA...
 [09:13:09.336] {CMPL123__WF_Rule__c} The original query string of this object is returning 5 records from the Target org.
 [09:13:09.604] {CMPL123__WF_Action__c} The original query string of this object is returning 230 records from the Target org.
 [09:13:09.877] {CMPL123__WF_Status__c} The original query string of this object is returning 162 records from the Target org.
 [09:13:10.179] {CMPL123__WF_Step__c} The original query string of this object is returning 51 records from the Target org.
 [09:13:10.897] {CMPL123__WF_Phase__c} The original query string of this object is returning 45 records from the Target org.
 [09:13:11.172] {CMPL123__WF_Rule_Phase__c} The original query string of this object is returning 64 records from the Target org.
 [09:13:11.470] {CMPL123__WF_Phase_Status__c} The original query string of this object is returning 103 records from the Target org.
 [09:13:11.733] {CMPL123__Context_Based_Security__c} The original query string of this object is returning 0 records from the Target org.
 [09:13:11.995] {CMPL123__X123Task__c} The original query string of this object is returning 13 records from the Target org.
 [09:13:12.267] {CMPL123__X123Job__c} The original query string of this object is returning 14 records from the Target org.
 [09:13:12.528] {CMPL123__Job_Field_Map__c} The original query string of this object is returning 6 records from the Target org.
 [09:13:13.220] {CMPL123__Record_Access_Rule__c} The original query string of this object is returning 0 records from the Target org.
 [09:13:13.489] {CMPL123__Valid_Child_Status__c} The original query string of this object is returning 256 records from the Target org.
 [09:13:13.757] {CMPL123__WF_Step_Extension__c} The original query string of this object is returning 86 records from the Target org.
 [09:13:13.761] newLine
 TRIGGERING ADD-ON EVENTS ...
 [09:13:13.765] No Add-On modules found to run.
 [09:13:13.767] newLine
 [09:13:13.769] Ready to process the data.
 [09:13:13.771] newLine
 DELETING OLD DATA FROM THE TARGET ...
 [09:13:13.775] {CMPL123__WF_Step_Extension__c} No records to delete.
 [09:13:13.776] {CMPL123__Valid_Child_Status__c} Deleting old records from the Target ...
 [09:13:14.469] {CMPL123__Valid_Child_Status__c} No records to delete.
 [09:13:14.473] {CMPL123__Record_Access_Rule__c} No records to delete.
 [09:13:14.476] {CMPL123__Job_Field_Map__c} No records to delete.
 [09:13:14.478] {CMPL123__X123Job__c} No records to delete.
 [09:13:14.480] {CMPL123__X123Task__c} No records to delete.
 [09:13:14.482] {CMPL123__Context_Based_Security__c} No records to delete.
 [09:13:14.484] {CMPL123__WF_Phase_Status__c} No records to delete.
 [09:13:14.486] {CMPL123__WF_Rule_Phase__c} No records to delete.
 [09:13:14.488] {CMPL123__WF_Phase__c} No records to delete.
 [09:13:14.489] {CMPL123__WF_Step__c} No records to delete.
 [09:13:14.491] {CMPL123__WF_Status__c} No records to delete.
 [09:13:14.493] {CMPL123__WF_Action__c} No records to delete.
 [09:13:14.494] {CMPL123__WF_Rule__c} No records to delete.
 [09:13:14.496] Deleting data was skipped.
 [09:13:14.499] newLine
 SOURCE:
 =============
 [09:13:14.504] newLine
 FETCHING THE DATA (STAGE 1) ...
 [09:13:14.510] {CMPL123__WF_Rule__c} Fetching the Source data from CSV file (STAGE 1: all records) ...
 [09:13:14.522] {CMPL123__WF_Rule__c} Data retrieval (Source) has been completed. Got 5 new records.
 [09:13:14.524] {CMPL123__WF_Step__c} Fetching the Source data from CSV file (STAGE 1: all records) ...
 [09:13:14.598] {CMPL123__WF_Step__c} Data retrieval (Source) has been completed. Got 53 new records.
 [09:13:14.601] {CMPL123__Record_Access_Rule__c} Fetching the Source data from CSV file (STAGE 1: all records) ...
 [09:13:14.605] {CMPL123__Record_Access_Rule__c} Data retrieval (Source) has been completed. Got 0 new records.
 [09:13:14.607] {CMPL123__WF_Action__c} Fetching the Source data from CSV file (STAGE 1: all records) ...
 [09:13:14.619] {CMPL123__WF_Action__c} Data retrieval (Source) has been completed. Got 28 new records.
 [09:13:14.621] {CMPL123__WF_Status__c} Fetching the Source data from CSV file (STAGE 1: all records) ...
 [09:13:14.628] {CMPL123__WF_Status__c} Data retrieval (Source) has been completed. Got 28 new records.
 [09:13:14.630] {CMPL123__WF_Phase__c} Fetching the Source data from CSV file (STAGE 1: all records) ...
 [09:13:14.638] {CMPL123__WF_Phase__c} Data retrieval (Source) has been completed. Got 14 new records.
 [09:13:14.640] {CMPL123__WF_Rule_Phase__c} Fetching the Source data from CSV file (STAGE 1: all records) ...
 [09:13:14.647] {CMPL123__WF_Rule_Phase__c} Data retrieval (Source) has been completed. Got 15 new records.
 [09:13:14.650] {CMPL123__WF_Phase_Status__c} Fetching the Source data from CSV file (STAGE 1: all records) ...
 [09:13:14.661] {CMPL123__WF_Phase_Status__c} Data retrieval (Source) has been completed. Got 26 new records.
 [09:13:14.664] {CMPL123__Context_Based_Security__c} Fetching the Source data from CSV file (STAGE 1: all records) ...
 [09:13:14.668] {CMPL123__Context_Based_Security__c} Data retrieval (Source) has been completed. Got 0 new records.
 [09:13:14.670] {CMPL123__X123Task__c} Fetching the Source data from CSV file (STAGE 1: all records) ...
 [09:13:14.679] {CMPL123__X123Task__c} Data retrieval (Source) has been completed. Got 7 new records.
 [09:13:14.682] {CMPL123__X123Job__c} Fetching the Source data from CSV file (STAGE 1: all records) ...
 [09:13:14.688] {CMPL123__X123Job__c} Data retrieval (Source) has been completed. Got 7 new records.
 [09:13:14.690] {CMPL123__Job_Field_Map__c} Fetching the Source data from CSV file (STAGE 1: all records) ...
 [09:13:14.694] {CMPL123__Job_Field_Map__c} Data retrieval (Source) has been completed. Got 0 new records.
 [09:13:14.696] {CMPL123__Valid_Child_Status__c} Fetching the Source data from CSV file (STAGE 1: all records) ...
 [09:13:14.710] {CMPL123__Valid_Child_Status__c} Data retrieval (Source) has been completed. Got 32 new records.
 [09:13:14.712] {CMPL123__WF_Step_Extension__c} Fetching the Source data from CSV file (STAGE 1: all records) ...
 [09:13:14.724] {CMPL123__WF_Step_Extension__c} Data retrieval (Source) has been completed. Got 47 new records.
 [09:13:14.726] Data retrieval (STAGE 1) has been completed.
 [09:13:14.728] newLine
 FETCHING THE DATA (STAGE 2) ...
 [09:13:14.731] PASS 1
 =============
 [09:13:14.735] No records
 [09:13:14.737] newLine
 [09:13:14.738] PASS 2
 =============
 [09:13:14.742] No records
 [09:13:14.744] newLine
 [09:13:14.745] PASS 3
 =============
 [09:13:14.752] No records
 [09:13:14.754] newLine
 [09:13:14.755] PASS 4
 =============
 [09:13:14.758] No records
 [09:13:14.760] newLine
 TARGET:
 =============
 [09:13:14.767] {CMPL123__WF_Rule__c} Fetching the Target data from Org (STAGE 2: all records) ...
 [09:13:14.770] {CMPL123__WF_Rule__c} Query string: SELECT Id, Name, CMPL123__WF_Rule_External_Id__c, CMPL123__Description__c, CMPL123__Has_Cycle_Time_Metrics_Fields__c, CMPL123__Has_Multiple_Actions__c, CMPL123__Is_Active__c, CMPL123__Record_Type__c, CMPL123__Target_Object__c, CMPL123__Target_Object_... FROM  CMPL123__WF_Rule__c WHERE Name in ('Due Diligence Workflow', 'eMDR Workflow', 'Assessment (US MDR)', 'Investigation Workflow', 'Inquiry Workflow').
 [09:13:14.777] {CMPL123__WF_Rule__c} Using REST API to retrieve the data ...
 [09:13:15.520] {CMPL123__WF_Rule__c} Data retrieval (Target) has been completed. Got 5 new records.
 [09:13:15.523] {CMPL123__WF_Step__c} Fetching the Target data from Org (STAGE 2: all records) ...
 [09:13:15.525] {CMPL123__WF_Step__c} Query string: SELECT Id, CMPL123__WF_Step_External_Id__c, CMPL123__WF_Rule__c, CMPL123__Action__c, CMPL123__Are_Child_Files_Locked__c, CMPL123__Are_Child_Records_Locked__c, CMPL123__End_Status__c, CMPL123__Is_Record_Lock_Required__c, CMPL123__Is_Related_Lists_Lock... FROM  CMPL123__WF_Step__c WHERE CMPL123__WF_Rule__r.Name in ('Due Diligence Workflow', 'eMDR Workflow', 'Assessment (US MDR)', 'Investigation Workflow', 'Inquiry Workflow').
 [09:13:15.534] {CMPL123__WF_Step__c} Using REST API to retrieve the data ...
 [09:13:17.162] {CMPL123__WF_Step__c} Data retrieval (Target) has been completed. Got 51 new records.
 [09:13:17.167] {CMPL123__Record_Access_Rule__c} Fetching the Target data from Org (STAGE 2: all records) ...
 [09:13:17.169] {CMPL123__Record_Access_Rule__c} Query string: SELECT Id, Name, CMPL123__Record_Access_Rule_External_Id__c, CMPL123__API_Path_to_User_Relationship__c, CMPL123__Active_of_the_rule__c, CMPL123__Apex_Sharing_Reason__c, CMPL123__Child_Objects__c, CMPL123__Target_Object__c, CMPL123__User_Field_Name__c... FROM  CMPL123__Record_Access_Rule__c.
 [09:13:17.172] {CMPL123__Record_Access_Rule__c} Using REST API to retrieve the data ...
 [09:13:17.440] {CMPL123__Record_Access_Rule__c} Data retrieval (Target) has been completed. Got 0 new records.
 [09:13:17.444] {CMPL123__WF_Action__c} Fetching the Target data from Org (STAGE 2: filtered records) ...
 [09:13:17.445] {CMPL123__WF_Action__c} Query string: SELECT Id, Name, CMPL123__WF_Action_External_Id__c, CMPL123__Action_Custom_Label__c, CMPL123__Comment_Type__c, CMPL123__Description__c, CMPL123__E_Sign_Message_Custom_Label__c, CMPL123__Esign_Message__c, CMPL123__Generic_Comment__c, CMPL123__Is_Comme... FROM  CMPL123__WF_Action__c WHERE CMPL123__WF_Action_External_Id__c IN ('qpa-common-00015', 'qpa-common-00032', 'qpa-common-00038', 'qpa-common-00040', 'qpa-common-00042', 'qpa-common-00055', 'qpa-common-00080', 'qpa-common-00124', 'qpa-common-00138', 'qp....
 [09:13:17.454] {CMPL123__WF_Action__c} Using REST API to retrieve the data ...
 [09:13:17.898] {CMPL123__WF_Action__c} Data retrieval (Target) has been completed. Got 28 new records.
 [09:13:17.901] {CMPL123__WF_Status__c} Fetching the Target data from Org (STAGE 2: filtered records) ...
 [09:13:17.903] {CMPL123__WF_Status__c} Query string: SELECT Id, Name, CMPL123__WF_Status_External_Id__c, CMPL123__Description__c, CMPL123__Status_Custom_Label__c  FROM  CMPL123__WF_Status__c WHERE CMPL123__WF_Status_External_Id__c IN ('qpa-common-00016', 'qpa-common-00020', 'qpa-common-00021', 'qpa-common-00023', 'qpa-common-00024', 'qpa-common-00029', 'qpa-common-00031', 'qpa-common-00033', 'qpa-common-00034', 'qp....
 [09:13:17.908] {CMPL123__WF_Status__c} Using REST API to retrieve the data ...
 [09:13:18.758] {CMPL123__WF_Status__c} Data retrieval (Target) has been completed. Got 28 new records.
 [09:13:18.761] {CMPL123__WF_Phase__c} Fetching the Target data from Org (STAGE 2: filtered records) ...
 [09:13:18.763] {CMPL123__WF_Phase__c} Query string: SELECT Id, Name, CMPL123__WF_Phase_External_Id__c, CMPL123__Description__c, CMPL123__Phase_Custom_Label__c, CMPL123__Work_Instructions_Custom_Label__c, CMPL123__Work_Instructions_HTML__c, CMPL123__Work_Instructions__c  FROM  CMPL123__WF_Phase__c WHERE CMPL123__WF_Phase_External_Id__c IN ('qpa-investigation-phase-001', 'qpa-investigation-phase-002', 'qpa-assess-phase-001', 'qpa-assess-phase-002', 'qpa-assess-phase-003', 'qpa-investigation-phase-003', 'qpa-complaints-phas....
 [09:13:18.766] {CMPL123__WF_Phase__c} Using REST API to retrieve the data ...
 [09:13:19.182] {CMPL123__WF_Phase__c} Data retrieval (Target) has been completed. Got 14 new records.
 [09:13:19.185] {CMPL123__WF_Rule_Phase__c} Fetching the Target data from Org (STAGE 2: filtered records) ...
 [09:13:19.186] {CMPL123__WF_Rule_Phase__c} Query string: SELECT Id, Name, CMPL123__WF_Rule_Phase_External_Id__c, CMPL123__Order__c, CMPL123__Workflow_Phase__c, CMPL123__Workflow_Rule__c, CMPL123__Workflow_Phase__r.CMPL123__WF_Phase_External_Id__c, CMPL123__Workflow_Rule__r.CMPL123__WF_Rule_External_Id__c  FROM  CMPL123__WF_Rule_Phase__c WHERE CMPL123__WF_Rule_Phase_External_Id__c IN ('qpa-investigation-phrule-001', 'qpa-investigation-phrule-002', 'qpa-investigation-phrule-003', 'qpa-complaints-phrule-016', 'qpa-complaints-phrule-017', 'qpa-complaints-phrul....
 [09:13:19.190] {CMPL123__WF_Rule_Phase__c} Using REST API to retrieve the data ...
 [09:13:19.610] {CMPL123__WF_Rule_Phase__c} Data retrieval (Target) has been completed. Got 15 new records.
 [09:13:19.613] {CMPL123__WF_Phase_Status__c} Fetching the Target data from Org (STAGE 2: filtered records) ...
 [09:13:19.615] {CMPL123__WF_Phase_Status__c} Query string: SELECT Id, CMPL123__WF_Phase_Status_External_Id__c, CMPL123__Workflow_Rule_Phase__c, CMPL123__Workflow_Status__c, Workflow_Phase__c, Workflow_Rule__c, Workflow_Status_hyperlink__c, CMPL123__Workflow_Rule_Phase__r.CMPL123__WF_Rule_Phase_External_Id__c... FROM  CMPL123__WF_Phase_Status__c WHERE CMPL123__WF_Phase_Status_External_Id__c IN ('a1F5r00000274jDEAQ', 'a1F5r0000026kPWEAY', 'qpa-investigation-phstatus-004', 'qpa-investigation-phstatus-003', 'qpa-investigation-phstatus-002', 'qpa-investigation-phstat....
 [09:13:19.618] {CMPL123__WF_Phase_Status__c} Using REST API to retrieve the data ...
 [09:13:20.564] {CMPL123__WF_Phase_Status__c} Data retrieval (Target) has been completed. Got 26 new records.
 [09:13:20.568] {CMPL123__X123Task__c} Fetching the Target data from Org (STAGE 2: filtered records) ...
 [09:13:20.570] {CMPL123__X123Task__c} Query string: SELECT Id, Name, CMPL123__Task_External_Id__c, CMPL123__Allow_Partial_Processing_for_123_Tasks__c, CMPL123__Description__c, CMPL123__Is_Active__c, CMPL123__Key_Value__c, CMPL123__Related_Object__c  FROM  CMPL123__X123Task__c WHERE CMPL123__Task_External_Id__c IN ('a1N5r000001W5m3EAC', 'a1N5r000001WeDiEAK', 'a1N5r000001WegTEAS', 'a1N5r000001WegdEAC', 'a1N5r000001WrNsEAK', 'a1N5r000001WwPxEAK', 'a1N5r000001WwQ2EAK').
 [09:13:20.573] {CMPL123__X123Task__c} Using REST API to retrieve the data ...
 [09:13:20.852] {CMPL123__X123Task__c} Data retrieval (Target) has been completed. Got 7 new records.
 [09:13:20.854] {CMPL123__X123Job__c} Fetching the Target data from Org (STAGE 2: filtered records) ...
 [09:13:20.856] {CMPL123__X123Job__c} Query string: SELECT Id, Name, CMPL123__Job_External_Id__c, CMPL123__Child_Filter_Condition__c, CMPL123__Description__c, CMPL123__Is_Active__c, CMPL123__Job_Type__c, CMPL123__Related_Task__c, CMPL123__Workflow_Step__c, CMPL123__Related_Task__r.CMPL123__Task_Extern... FROM  CMPL123__X123Job__c WHERE CMPL123__Job_External_Id__c IN ('a1M5r000000sF8AEAU', 'a1M5r000001tcEZEAY', 'a1M5r000001td9pEAA', 'a1M5r000001tdA9EAI', 'a1M5r000001thvhEAA', 'a1M5r000001tkV0EAI', 'a1M5r000001tkV5EAI').
 [09:13:20.859] {CMPL123__X123Job__c} Using REST API to retrieve the data ...
 [09:13:21.287] {CMPL123__X123Job__c} Data retrieval (Target) has been completed. Got 7 new records.
 [09:13:21.292] {CMPL123__Valid_Child_Status__c} Fetching the Target data from Org (STAGE 2: filtered records) ...
 [09:13:21.295] {CMPL123__Valid_Child_Status__c} Query string: SELECT Id, Name, CMPL123__Valid_Child_Status_External_Id__c, CMPL123__Parent_Workflow_Step__c, CMPL123__Child_Relationship__c, CMPL123__Description__c, CMPL123__Required_Child_Workflow_Status__c, Child_Workflow_Status__c, Parent_Workflow_Action__c, P... FROM  CMPL123__Valid_Child_Status__c WHERE CMPL123__Valid_Child_Status_External_Id__c IN ('qpa-utility-inv-00004', 'qpa-utility-inv-00005', 'qpa-utility-inv-00006', 'a1C5r0000016WBSEA2', 'a1C5r0000016WBXEA2', 'qpa-utility-inv-00001', 'qpa-utility-inv-0000....
 [09:13:21.298] {CMPL123__Valid_Child_Status__c} Using REST API to retrieve the data ...
 [09:13:22.243] {CMPL123__Valid_Child_Status__c} Data retrieval (Target) has been completed. Got 30 new records.
 [09:13:22.246] {CMPL123__WF_Step_Extension__c} Fetching the Target data from Org (STAGE 2: filtered records) ...
 [09:13:22.248] {CMPL123__WF_Step_Extension__c} Query string: SELECT Id, Name, CMPL123__External_Id__c, CMPL123__Parent_Workflow_Step__c, CMPL123__Apply_To_Automated_User__c, CMPL123__Are_Child_Files_Locked__c, CMPL123__Is_Record_Lock_Required__c, CMPL123__Is_Related_Lists_Locked__c, CMPL123__Object_Related_Lis... FROM  CMPL123__WF_Step_Extension__c WHERE CMPL123__External_Id__c IN ('a1K5r000006ybO5EAI', 'a1K5r000006ybOAEAY', 'a1K5r000006ybOFEAY', 'a1K5r000006ybOKEAY', 'a1K5r000006ybOPEAY', 'a1K5r000006ybOUEAY', 'a1K5r000006ybOZEAY', 'a1K5r000006ybOeEAI', 'a1K5r000....
 [09:13:22.250] {CMPL123__WF_Step_Extension__c} Using REST API to retrieve the data ...
 [09:13:23.179] {CMPL123__WF_Step_Extension__c} Data retrieval (Target) has been completed. Got 47 new records.
 [09:13:23.182] Data retrieval (STAGE 2) has been completed.
 [09:13:23.190] newLine
 TRIGGERING ADD-ON EVENTS ...
 [09:13:23.195] No Add-On modules found to run.
 [09:13:23.197] newLine
 [09:13:23.199] newLine
 DATA RETRIEVAL SUMMARY.
 [09:13:23.203] {CMPL123__WF_Rule__c} The total amount of the retrieved records: 5/5.
 [09:13:23.205] {CMPL123__WF_Step__c} The total amount of the retrieved records: 53/51.
 [09:13:23.207] {CMPL123__Record_Access_Rule__c} The total amount of the retrieved records: 0/0.
 [09:13:23.209] {CMPL123__WF_Action__c} The total amount of the retrieved records: 28/28.
 [09:13:23.211] {CMPL123__WF_Status__c} The total amount of the retrieved records: 28/28.
 [09:13:23.213] {CMPL123__WF_Phase__c} The total amount of the retrieved records: 14/14.
 [09:13:23.214] {CMPL123__WF_Rule_Phase__c} The total amount of the retrieved records: 15/15.
 [09:13:23.218] {CMPL123__WF_Phase_Status__c} The total amount of the retrieved records: 26/26.
 [09:13:23.220] {CMPL123__Context_Based_Security__c} The total amount of the retrieved records: 0/0.
 [09:13:23.221] {CMPL123__X123Task__c} The total amount of the retrieved records: 7/7.
 [09:13:23.223] {CMPL123__X123Job__c} The total amount of the retrieved records: 7/7.
 [09:13:23.224] {CMPL123__Job_Field_Map__c} The total amount of the retrieved records: 0/0.
 [09:13:23.226] {CMPL123__Valid_Child_Status__c} The total amount of the retrieved records: 32/30.
 [09:13:23.228] {CMPL123__WF_Step_Extension__c} The total amount of the retrieved records: 47/47.
 [09:13:23.231] newLine
 UPDATING THE TARGET (STAGE 1) ...
 [09:13:23.240] {CMPL123__WF_Rule__c} 5 target records remained untouched, since they do not differ from the corresponding source records.
 [09:13:23.243] {CMPL123__WF_Action__c} 28 target records remained untouched, since they do not differ from the corresponding source records.
 [09:13:23.246] {CMPL123__WF_Status__c} 28 target records remained untouched, since they do not differ from the corresponding source records.
 [09:13:23.254] {CMPL123__WF_Step__c} Amount of records to Insert: 2.
 [09:13:23.262] {CMPL123__WF_Step__c} The Insert API operation has been started using REST API.
 [09:13:23.263] [Job# REST:Insert] {CMPL123__WF_Step__c} The job has been created. Uploading data ...
 [09:13:34.470] {CMPL123__WF_Step__c} The Insert API operation has been completed.
 [09:13:34.476] {CMPL123__WF_Step__c} Amount of records to Update: 15.
 [09:13:34.479] {CMPL123__WF_Step__c} The Update API operation has been started using REST API.
 [09:13:34.481] [Job# REST:Update] {CMPL123__WF_Step__c} The job has been created. Uploading data ...
 [09:13:36.766] {CMPL123__WF_Step__c} The Update API operation has been completed.
 [09:13:36.773] {CMPL123__WF_Step__c} 36 target records remained untouched, since they do not differ from the corresponding source records.
 [09:13:36.775] {CMPL123__WF_Step__c} The Target has been updated. Totally processed 17 records.
 [09:13:36.776] newLine
 [09:13:36.780] {CMPL123__WF_Phase__c} 14 target records remained untouched, since they do not differ from the corresponding source records.
 [09:13:36.783] {CMPL123__WF_Rule_Phase__c} 15 target records remained untouched, since they do not differ from the corresponding source records.
 [09:13:36.786] {CMPL123__WF_Phase_Status__c} 26 target records remained untouched, since they do not differ from the corresponding source records.
 [09:13:36.789] {CMPL123__X123Task__c} 7 target records remained untouched, since they do not differ from the corresponding source records.
 [09:13:36.792] {CMPL123__X123Job__c} 7 target records remained untouched, since they do not differ from the corresponding source records.
 [09:13:36.796] {CMPL123__Valid_Child_Status__c} Amount of records to Insert: 2.
 [09:13:36.801] {CMPL123__Valid_Child_Status__c} The Insert API operation has been started using REST API.
 [09:13:36.803] [Job# REST:Insert] {CMPL123__Valid_Child_Status__c} The job has been created. Uploading data ...
 [09:13:42.413] {CMPL123__Valid_Child_Status__c} The Insert API operation has been completed.
 [09:13:42.419] {CMPL123__Valid_Child_Status__c} 30 target records remained untouched, since they do not differ from the corresponding source records.
 [09:13:42.421] {CMPL123__Valid_Child_Status__c} The Target has been updated. Totally processed 2 records.
 [09:13:42.423] newLine
 [09:13:42.427] {CMPL123__WF_Step_Extension__c} 47 target records remained untouched, since they do not differ from the corresponding source records.
 [09:13:42.428] newLine
 [09:13:42.430] The Target (STAGE 1) has been updated. Totally processed 19 records.
 [09:13:42.432] newLine
 UPDATING THE TARGET (STAGE 2) ...
 [09:13:42.436] newLine
 [09:13:42.437] PASS 1
 =============
 [09:13:42.449] {CMPL123__WF_Step__c} 36 target records remained untouched, since they do not differ from the corresponding source records.
 [09:13:42.452] {CMPL123__WF_Rule_Phase__c} 15 target records remained untouched, since they do not differ from the corresponding source records.
 [09:13:42.454] {CMPL123__WF_Phase_Status__c} 26 target records remained untouched, since they do not differ from the corresponding source records.
 [09:13:42.457] {CMPL123__X123Job__c} 7 target records remained untouched, since they do not differ from the corresponding source records.
 [09:13:42.461] {CMPL123__Valid_Child_Status__c} 30 target records remained untouched, since they do not differ from the corresponding source records.
 [09:13:42.464] {CMPL123__WF_Step_Extension__c} 47 target records remained untouched, since they do not differ from the corresponding source records.
 [09:13:42.465] newLine
 [09:13:42.467] PASS 2
 =============
 [09:13:42.475] {CMPL123__WF_Step__c} 36 target records remained untouched, since they do not differ from the corresponding source records.
 [09:13:42.477] {CMPL123__WF_Rule_Phase__c} 15 target records remained untouched, since they do not differ from the corresponding source records.
 [09:13:42.479] {CMPL123__WF_Phase_Status__c} 26 target records remained untouched, since they do not differ from the corresponding source records.
 [09:13:42.481] {CMPL123__X123Job__c} 7 target records remained untouched, since they do not differ from the corresponding source records.
 [09:13:42.484] {CMPL123__Valid_Child_Status__c} 30 target records remained untouched, since they do not differ from the corresponding source records.
 [09:13:42.486] {CMPL123__WF_Step_Extension__c} 47 target records remained untouched, since they do not differ from the corresponding source records.
 [09:13:42.488] newLine
 [09:13:42.489] Nothing was updated.
 [09:13:42.491] newLine
 TRIGGERING ADD-ON EVENTS ...
 [09:13:42.495] No Add-On modules found to run.
 [09:13:42.498] newLine
 [09:13:42.499] newLine
 DATA PROCESSING SUMMARY.
 [09:13:42.503] {CMPL123__WF_Rule__c} Totally processed 0 records.
 [09:13:42.505] {CMPL123__WF_Step__c} Totally processed 17 records.
 [09:13:42.506] {CMPL123__Record_Access_Rule__c} Totally processed 0 records.
 [09:13:42.508] {CMPL123__WF_Action__c} Totally processed 0 records.
 [09:13:42.509] {CMPL123__WF_Status__c} Totally processed 0 records.
 [09:13:42.511] {CMPL123__WF_Phase__c} Totally processed 0 records.
 [09:13:42.513] {CMPL123__WF_Rule_Phase__c} Totally processed 0 records.
 [09:13:42.516] {CMPL123__WF_Phase_Status__c} Totally processed 0 records.
 [09:13:42.517] {CMPL123__Context_Based_Security__c} Totally processed 0 records.
 [09:13:42.519] {CMPL123__X123Task__c} Totally processed 0 records.
 [09:13:42.521] {CMPL123__X123Job__c} Totally processed 0 records.
 [09:13:42.523] {CMPL123__Job_Field_Map__c} Totally processed 0 records.
 [09:13:42.525] {CMPL123__Valid_Child_Status__c} Totally processed 2 records.
 [09:13:42.526] {CMPL123__WF_Step_Extension__c} Totally processed 0 records.
 [09:13:42.528] newLine
 [09:13:42.530] Writing to C:\SalesForce\olympus-dx\sfdmu-data\MissingParentRecordsReport.csv ...
 [09:13:42.534] newLine
 [09:13:42.536] newLine
 TRIGGERING ADD-ON EVENTS ...
 [09:13:42.539] No Add-On modules found to run.
 [09:13:42.541] newLine

 [09:13:42.570] Command succeeded.
 [09:13:42.573] Execution of the command sfdmu:run has been completed. Exit code 0 (SUCCESS).
 [09:13:42.576] Total time elapsed: 00h 01m 00s 918ms .