
 [19:48:09.178] Execution of the command sfdmu:run has been started.
 [19:48:09.186] newLine
 LOADING AND VALIDATING THE EXPORT.JSON SCRIPT ...
 [19:48:09.215] newLine
 OBJECT SET #1 STARTED
 [19:48:09.221] newLine
 {
   "Running Plugin version": "4.33.17"
}
 {
   "Running Add-On API version": "1.5.0"
}
 [19:48:09.240] newLine
 [19:48:09.243] Loading Core Add-On Module declarations ...
 [19:48:09.792] Connecting to the cminvbckup-R1 using SFDX sf org display ...
 [19:48:15.844] Successfully connected to the cminvbckup-R1.
 {
   "Source": "csvfile.",
   "Target": "cminvbckup-R1.",
   "Package script": "C:\\Users\\Himanshu.Desai\\Documents\\GitHub\\GCHS-Release-1\\sfdmu-data\\export.json."
}
 [19:48:23.582] newLine
 GETTING AND ANALYSING OBJECT METADATA ...
 [19:48:23.586] Processing the object CMPL123__WF_Rule__c ...
 [19:48:23.590] Fetching metadata of the CMPL123__WF_Rule__c (Target) ...
 [19:48:25.338] Processing the object CMPL123__WF_Step__c ...
 [19:48:25.341] Fetching metadata of the CMPL123__WF_Step__c (Target) ...
 [19:48:26.699] Processing the object CMPL123__WF_Phase__c ...
 [19:48:26.702] Fetching metadata of the CMPL123__WF_Phase__c (Target) ...
 [19:48:27.904] Processing the object CMPL123__WF_Rule_Phase__c ...
 [19:48:27.908] Fetching metadata of the CMPL123__WF_Rule_Phase__c (Target) ...
 [19:48:28.418] Processing the object CMPL123__WF_Phase_Status__c ...
 [19:48:28.420] Fetching metadata of the CMPL123__WF_Phase_Status__c (Target) ...
 [19:48:29.182] Processing the object CMPL123__Context_Based_Security__c ...
 [19:48:29.185] Fetching metadata of the CMPL123__Context_Based_Security__c (Target) ...
 [19:48:29.996] Processing the object CMPL123__Job_Field_Map__c ...
 [19:48:29.998] Fetching metadata of the CMPL123__Job_Field_Map__c (Target) ...
 [19:48:30.933] Processing the object CMPL123__Record_Access_Rule__c ...
 [19:48:30.935] Fetching metadata of the CMPL123__Record_Access_Rule__c (Target) ...
 [19:48:32.517] Processing the object CMPL123__Valid_Child_Status__c ...
 [19:48:32.520] Fetching metadata of the CMPL123__Valid_Child_Status__c (Target) ...
 [19:48:33.164] Processing the object CMPL123__WF_Action__c ...
 [19:48:33.170] Fetching metadata of the CMPL123__WF_Action__c (Target) ...
 [19:48:34.72] Processing the object CMPL123__WF_Status__c ...
 [19:48:34.75] Fetching metadata of the CMPL123__WF_Status__c (Target) ...
 [19:48:35.154] Processing the object CMPL123__X123Job__c ...
 [19:48:35.156] Fetching metadata of the CMPL123__X123Job__c (Target) ...
 [19:48:35.730] Processing the object CMPL123__X123Task__c ...
 [19:48:35.734] Fetching metadata of the CMPL123__X123Task__c (Target) ...
 [19:48:36.392] Processing the object CMPL123__WF_Step_Extension__c ...
 [19:48:36.395] Fetching metadata of the CMPL123__WF_Step_Extension__c (Target) ...
 [19:48:36.997] Processing the object CMPL123__AuditTrail_Config__c ...
 [19:48:36.999] Fetching metadata of the CMPL123__AuditTrail_Config__c (Target) ...
 [19:48:37.797] Fetching metadata of the Group (Target) ...
 [19:48:38.633] Processing the object CMPL123__AuditTrail_Config__c ...
 [19:48:38.636] Processing the object CMPL123__WF_Step_Extension__c ...
 [19:48:38.639] Processing the object CMPL123__X123Task__c ...
 [19:48:38.641] Processing the object CMPL123__X123Job__c ...
 [19:48:38.643] Processing the object CMPL123__WF_Status__c ...
 [19:48:38.645] Processing the object CMPL123__WF_Action__c ...
 [19:48:38.647] Processing the object CMPL123__Valid_Child_Status__c ...
 [19:48:38.649] Processing the object CMPL123__Record_Access_Rule__c ...
 [19:48:38.652] Processing the object CMPL123__Job_Field_Map__c ...
 [19:48:38.654] Processing the object CMPL123__Context_Based_Security__c ...
 [19:48:38.656] Processing the object CMPL123__WF_Phase_Status__c ...
 [19:48:38.659] Processing the object CMPL123__WF_Rule_Phase__c ...
 [19:48:38.661] Processing the object CMPL123__WF_Phase__c ...
 [19:48:38.663] Processing the object CMPL123__WF_Step__c ...
 [19:48:38.666] Processing the object CMPL123__WF_Rule__c ...
 [19:48:38.672] newLine
 PREPARING DATA MIGRATION JOB ...
 [19:48:38.676] Building the migration strategy ...
 {
   "Order of objects to query": "CMPL123__WF_Rule__c; CMPL123__WF_Step__c; CMPL123__Record_Access_Rule__c; CMPL123__AuditTrail_Config__c; CMPL123__WF_Action__c; CMPL123__WF_Status__c; CMPL123__WF_Phase__c; CMPL123__WF_Rule_Phase__c; CMPL123__WF_Phase_Status__c; CMPL123__Context_Based_Security__c; CMPL123__X123Task__c; CMPL123__X123Job__c; CMPL123__Job_Field_Map__c; CMPL123__Valid_Child_Status__c; CMPL123__WF_Step_Extension__c"
}
 {
   "Order of objects to delete": "CMPL123__AuditTrail_Config__c; CMPL123__WF_Step_Extension__c; CMPL123__Valid_Child_Status__c; CMPL123__Record_Access_Rule__c; CMPL123__Job_Field_Map__c; CMPL123__X123Job__c; CMPL123__X123Task__c; CMPL123__Context_Based_Security__c; CMPL123__WF_Phase_Status__c; CMPL123__WF_Rule_Phase__c; CMPL123__WF_Phase__c; CMPL123__WF_Step__c; CMPL123__WF_Status__c; CMPL123__WF_Action__c; CMPL123__WF_Rule__c"
}
 {
   "Order of objects to update": "CMPL123__WF_Rule__c; CMPL123__WF_Action__c; CMPL123__WF_Status__c; CMPL123__WF_Step__c; CMPL123__WF_Phase__c; CMPL123__WF_Rule_Phase__c; CMPL123__WF_Phase_Status__c; CMPL123__Context_Based_Security__c; CMPL123__X123Task__c; CMPL123__X123Job__c; CMPL123__Job_Field_Map__c; CMPL123__Record_Access_Rule__c; CMPL123__Valid_Child_Status__c; CMPL123__WF_Step_Extension__c; CMPL123__AuditTrail_Config__c"
}
 [19:48:38.769] Validation of the source CSV files ...
 [19:48:39.312] Writing to C:\Users\Himanshu.Desai\Documents\GitHub\GCHS-Release-1\sfdmu-data\source\CMPL123__WF_Step__c_source.csv ...
 [19:48:39.370] Writing to C:\Users\Himanshu.Desai\Documents\GitHub\GCHS-Release-1\sfdmu-data\source\CMPL123__WF_Rule_Phase__c_source.csv ...
 [19:48:39.388] Writing to C:\Users\Himanshu.Desai\Documents\GitHub\GCHS-Release-1\sfdmu-data\source\CMPL123__WF_Phase_Status__c_source.csv ...
 [19:48:39.434] Writing to C:\Users\Himanshu.Desai\Documents\GitHub\GCHS-Release-1\sfdmu-data\source\CMPL123__X123Job__c_source.csv ...
 [19:48:39.441] Writing to C:\Users\Himanshu.Desai\Documents\GitHub\GCHS-Release-1\sfdmu-data\source\CMPL123__Valid_Child_Status__c_source.csv ...
 [19:48:39.463] Writing to C:\Users\Himanshu.Desai\Documents\GitHub\GCHS-Release-1\sfdmu-data\source\CMPL123__WF_Step_Extension__c_source.csv ...
 [19:48:39.468] Amount of updated source CSV files: 6.
 [19:48:39.469] No issues were found in the source CSV files.
 [19:48:39.471] Processing the source CSV files has been completed.
 [19:48:39.483] Preparing of the data migration job has been completed.
 [19:48:39.488] newLine
 ANALYSING DATA...
 [19:48:39.647] {CMPL123__WF_Rule__c} The original query string of this object is returning 3 records from the Target org.
 [19:48:39.790] {CMPL123__WF_Action__c} The original query string of this object is returning 230 records from the Target org.
 [19:48:40.204] {CMPL123__WF_Status__c} The original query string of this object is returning 162 records from the Target org.
 [19:48:40.357] {CMPL123__WF_Step__c} The original query string of this object is returning 28 records from the Target org.
 [19:48:40.496] {CMPL123__WF_Phase__c} The original query string of this object is returning 45 records from the Target org.
 [19:48:40.645] {CMPL123__WF_Rule_Phase__c} The original query string of this object is returning 64 records from the Target org.
 [19:48:40.785] {CMPL123__WF_Phase_Status__c} The original query string of this object is returning 103 records from the Target org.
 [19:48:41.210] {CMPL123__Context_Based_Security__c} The original query string of this object is returning 0 records from the Target org.
 [19:48:41.355] {CMPL123__X123Task__c} The original query string of this object is returning 13 records from the Target org.
 [19:48:41.492] {CMPL123__X123Job__c} The original query string of this object is returning 14 records from the Target org.
 [19:48:41.923] {CMPL123__Job_Field_Map__c} The original query string of this object is returning 6 records from the Target org.
 [19:48:42.70] {CMPL123__Record_Access_Rule__c} The original query string of this object is returning 0 records from the Target org.
 [19:48:42.214] {CMPL123__Valid_Child_Status__c} The original query string of this object is returning 258 records from the Target org.
 [19:48:42.354] {CMPL123__WF_Step_Extension__c} The original query string of this object is returning 84 records from the Target org.
 [19:48:42.500] {CMPL123__AuditTrail_Config__c} The original query string of this object is returning 152 records from the Target org.
 [19:48:42.503] newLine
 TRIGGERING ADD-ON EVENTS ...
 [19:48:42.508] No Add-On modules found to run.
 [19:48:42.510] newLine
 [19:48:42.512] Ready to process the data.
 [19:48:42.514] newLine
 DELETING OLD DATA FROM THE TARGET ...
 [19:48:42.518] {CMPL123__AuditTrail_Config__c} No records to delete.
 [19:48:42.520] {CMPL123__WF_Step_Extension__c} No records to delete.
 [19:48:42.521] {CMPL123__Valid_Child_Status__c} Deleting old records from the Target ...
 [19:48:42.764] {CMPL123__Valid_Child_Status__c} Amount of records to delete: 158.
 [19:48:42.772] {CMPL123__Valid_Child_Status__c} The Delete API operation has been started using REST API.
 [19:48:42.774] [Job# REST:Delete] {CMPL123__Valid_Child_Status__c} The job has been created. Uploading data ...
 [19:48:56.370] {CMPL123__Valid_Child_Status__c} The Delete API operation has been completed.
 [19:48:56.385] {CMPL123__Valid_Child_Status__c} Deleting has been completed.
 [19:48:56.388] {CMPL123__Record_Access_Rule__c} No records to delete.
 [19:48:56.390] {CMPL123__Job_Field_Map__c} No records to delete.
 [19:48:56.391] {CMPL123__X123Job__c} No records to delete.
 [19:48:56.393] {CMPL123__X123Task__c} No records to delete.
 [19:48:56.395] {CMPL123__Context_Based_Security__c} No records to delete.
 [19:48:56.396] {CMPL123__WF_Phase_Status__c} No records to delete.
 [19:48:56.398] {CMPL123__WF_Rule_Phase__c} No records to delete.
 [19:48:56.400] {CMPL123__WF_Phase__c} No records to delete.
 [19:48:56.401] {CMPL123__WF_Step__c} No records to delete.
 [19:48:56.403] {CMPL123__WF_Status__c} No records to delete.
 [19:48:56.404] {CMPL123__WF_Action__c} No records to delete.
 [19:48:56.406] {CMPL123__WF_Rule__c} No records to delete.
 [19:48:56.408] Deleting data has been completed.
 [19:48:56.411] newLine
 SOURCE:
 =============
 [19:48:56.415] newLine
 FETCHING THE DATA (STAGE 1) ...
 [19:48:56.420] {CMPL123__WF_Rule__c} Fetching the Source data from CSV file (STAGE 1: all records) ...
 [19:48:56.433] {CMPL123__WF_Rule__c} Data retrieval (Source) has been completed. Got 3 new records.
 [19:48:56.436] {CMPL123__WF_Step__c} Fetching the Source data from CSV file (STAGE 1: all records) ...
 [19:48:56.500] {CMPL123__WF_Step__c} Data retrieval (Source) has been completed. Got 31 new records.
 [19:48:56.504] {CMPL123__Record_Access_Rule__c} Fetching the Source data from CSV file (STAGE 1: all records) ...
 [19:48:56.510] {CMPL123__Record_Access_Rule__c} Data retrieval (Source) has been completed. Got 0 new records.
 [19:48:56.512] {CMPL123__AuditTrail_Config__c} Fetching the Source data from CSV file (STAGE 1: all records) ...
 [19:48:56.546] {CMPL123__AuditTrail_Config__c} Data retrieval (Source) has been completed. Got 152 new records.
 [19:48:56.548] {CMPL123__WF_Action__c} Fetching the Source data from CSV file (STAGE 1: all records) ...
 [19:48:56.556] {CMPL123__WF_Action__c} Data retrieval (Source) has been completed. Got 21 new records.
 [19:48:56.558] {CMPL123__WF_Status__c} Fetching the Source data from CSV file (STAGE 1: all records) ...
 [19:48:56.563] {CMPL123__WF_Status__c} Data retrieval (Source) has been completed. Got 19 new records.
 [19:48:56.565] {CMPL123__WF_Phase__c} Fetching the Source data from CSV file (STAGE 1: all records) ...
 [19:48:56.572] {CMPL123__WF_Phase__c} Data retrieval (Source) has been completed. Got 11 new records.
 [19:48:56.574] {CMPL123__WF_Rule_Phase__c} Fetching the Source data from CSV file (STAGE 1: all records) ...
 [19:48:56.579] {CMPL123__WF_Rule_Phase__c} Data retrieval (Source) has been completed. Got 11 new records.
 [19:48:56.582] {CMPL123__WF_Phase_Status__c} Fetching the Source data from CSV file (STAGE 1: all records) ...
 [19:48:56.590] {CMPL123__WF_Phase_Status__c} Data retrieval (Source) has been completed. Got 18 new records.
 [19:48:56.592] {CMPL123__Context_Based_Security__c} Fetching the Source data from CSV file (STAGE 1: all records) ...
 [19:48:56.596] {CMPL123__Context_Based_Security__c} Data retrieval (Source) has been completed. Got 0 new records.
 [19:48:56.598] {CMPL123__X123Task__c} Fetching the Source data from CSV file (STAGE 1: all records) ...
 [19:48:56.602] {CMPL123__X123Task__c} Data retrieval (Source) has been completed. Got 3 new records.
 [19:48:56.604] {CMPL123__X123Job__c} Fetching the Source data from CSV file (STAGE 1: all records) ...
 [19:48:56.608] {CMPL123__X123Job__c} Data retrieval (Source) has been completed. Got 3 new records.
 [19:48:56.610] {CMPL123__Job_Field_Map__c} Fetching the Source data from CSV file (STAGE 1: all records) ...
 [19:48:56.614] {CMPL123__Job_Field_Map__c} Data retrieval (Source) has been completed. Got 0 new records.
 [19:48:56.615] {CMPL123__Valid_Child_Status__c} Fetching the Source data from CSV file (STAGE 1: all records) ...
 [19:48:56.665] {CMPL123__Valid_Child_Status__c} Data retrieval (Source) has been completed. Got 156 new records.
 [19:48:56.667] {CMPL123__WF_Step_Extension__c} Fetching the Source data from CSV file (STAGE 1: all records) ...
 [19:48:56.675] {CMPL123__WF_Step_Extension__c} Data retrieval (Source) has been completed. Got 20 new records.
 [19:48:56.677] Data retrieval (STAGE 1) has been completed.
 [19:48:56.679] newLine
 FETCHING THE DATA (STAGE 2) ...
 [19:48:56.683] PASS 1
 =============
 [19:48:56.687] No records
 [19:48:56.689] newLine
 [19:48:56.691] PASS 2
 =============
 [19:48:56.695] No records
 [19:48:56.696] newLine
 [19:48:56.697] PASS 3
 =============
 [19:48:56.700] No records
 [19:48:56.702] newLine
 [19:48:56.703] PASS 4
 =============
 [19:48:56.707] No records
 [19:48:56.708] newLine
 TARGET:
 =============
 [19:48:56.718] {CMPL123__WF_Rule__c} Fetching the Target data from Org (STAGE 2: all records) ...
 [19:48:56.720] {CMPL123__WF_Rule__c} Query string: SELECT Id, Name, CMPL123__WF_Rule_External_Id__c, CMPL123__Description__c, CMPL123__Has_Cycle_Time_Metrics_Fields__c, CMPL123__Has_Multiple_Actions__c, CMPL123__Is_Active__c, CMPL123__Record_Type__c, CMPL123__Target_Object__c, CMPL123__Target_Object_... FROM  CMPL123__WF_Rule__c WHERE Name in ('Complaint Workflow', 'Investigation Workflow', 'Regulatory Report Workflow').
 [19:48:56.722] {CMPL123__WF_Rule__c} Using REST API to retrieve the data ...
 [19:48:56.907] {CMPL123__WF_Rule__c} Data retrieval (Target) has been completed. Got 3 new records.
 [19:48:56.910] {CMPL123__WF_Step__c} Fetching the Target data from Org (STAGE 2: all records) ...
 [19:48:56.913] {CMPL123__WF_Step__c} Query string: SELECT Id, CMPL123__WF_Step_External_Id__c, CMPL123__WF_Rule__c, CMPL123__Action__c, CMPL123__Are_Child_Files_Locked__c, CMPL123__Are_Child_Records_Locked__c, CMPL123__End_Status__c, CMPL123__Is_Record_Lock_Required__c, CMPL123__Is_Related_Lists_Lock... FROM  CMPL123__WF_Step__c WHERE CMPL123__WF_Rule__r.Name in ('Complaint Workflow', 'Investigation Workflow', 'Regulatory Report Workflow').
 [19:48:56.918] {CMPL123__WF_Step__c} Using REST API to retrieve the data ...
 [19:48:57.384] {CMPL123__WF_Step__c} Data retrieval (Target) has been completed. Got 28 new records.
 [19:48:57.387] {CMPL123__Record_Access_Rule__c} Fetching the Target data from Org (STAGE 2: all records) ...
 [19:48:57.388] {CMPL123__Record_Access_Rule__c} Query string: SELECT Id, Name, CMPL123__Record_Access_Rule_External_Id__c, CMPL123__API_Path_to_User_Relationship__c, CMPL123__Active_of_the_rule__c, CMPL123__Apex_Sharing_Reason__c, CMPL123__Child_Objects__c, CMPL123__Target_Object__c, CMPL123__User_Field_Name__c... FROM  CMPL123__Record_Access_Rule__c.
 [19:48:57.390] {CMPL123__Record_Access_Rule__c} Using REST API to retrieve the data ...
 [19:48:57.626] {CMPL123__Record_Access_Rule__c} Data retrieval (Target) has been completed. Got 0 new records.
 [19:48:57.629] {CMPL123__AuditTrail_Config__c} Fetching the Target data from Org (STAGE 2: all records) ...
 [19:48:57.630] {CMPL123__AuditTrail_Config__c} Query string: SELECT Id, Name, CMPL123__AuditTrail_External_Id__c, CMPL123__Child_Relationships_Object__c, CMPL123__Fields__c, CMPL123__Is_Active__c, CMPL123__Parent_Relationship_Object__c, CMPL123__RFC_Comment_Fields__c, CMPL123__RFC_Fields__c, CMPL123__Report_Ti... FROM  CMPL123__AuditTrail_Config__c.
 [19:48:57.632] {CMPL123__AuditTrail_Config__c} Using REST API to retrieve the data ...
 [19:48:58.157] {CMPL123__AuditTrail_Config__c} Data retrieval (Target) has been completed. Got 152 new records.
 [19:48:58.161] {CMPL123__WF_Action__c} Fetching the Target data from Org (STAGE 2: filtered records) ...
 [19:48:58.162] {CMPL123__WF_Action__c} Query string: SELECT Id, Name, CMPL123__WF_Action_External_Id__c, CMPL123__Action_Custom_Label__c, CMPL123__Comment_Type__c, CMPL123__Description__c, CMPL123__E_Sign_Message_Custom_Label__c, CMPL123__Esign_Message__c, CMPL123__Generic_Comment__c, CMPL123__Is_Comme... FROM  CMPL123__WF_Action__c WHERE CMPL123__WF_Action_External_Id__c IN ('a1D5r000000hdpgEAA', 'a1D5r000000hjJ9EAI', 'a1D5r000000hqRuEAI', 'a1D5r000000hjEqEAI', 'qpa-common-00032', 'qpa-common-00040', 'qpa-common-00042', 'qpa-common-00044', 'qpa-common-000....
 [19:48:58.171] {CMPL123__WF_Action__c} Using REST API to retrieve the data ...
 [19:48:58.440] {CMPL123__WF_Action__c} Data retrieval (Target) has been completed. Got 21 new records.
 [19:48:58.443] {CMPL123__WF_Status__c} Fetching the Target data from Org (STAGE 2: filtered records) ...
 [19:48:58.445] {CMPL123__WF_Status__c} Query string: SELECT Id, Name, CMPL123__WF_Status_External_Id__c, CMPL123__Description__c, CMPL123__Status_Custom_Label__c  FROM  CMPL123__WF_Status__c WHERE CMPL123__WF_Status_External_Id__c IN ('a1J5r000001NvJyEAK', 'qpa-common-00016', 'qpa-common-00020', 'qpa-common-00021', 'qpa-common-00023', 'qpa-common-00024', 'qpa-common-00029', 'qpa-common-00031', 'qpa-common-00033', '....
 [19:48:58.450] {CMPL123__WF_Status__c} Using REST API to retrieve the data ...
 [19:48:58.601] {CMPL123__WF_Status__c} Data retrieval (Target) has been completed. Got 19 new records.
 [19:48:58.603] {CMPL123__WF_Phase__c} Fetching the Target data from Org (STAGE 2: filtered records) ...
 [19:48:58.604] {CMPL123__WF_Phase__c} Query string: SELECT Id, Name, CMPL123__WF_Phase_External_Id__c, CMPL123__Description__c, CMPL123__Phase_Custom_Label__c, CMPL123__Work_Instructions_Custom_Label__c, CMPL123__Work_Instructions_HTML__c, CMPL123__Work_Instructions__c  FROM  CMPL123__WF_Phase__c WHERE CMPL123__WF_Phase_External_Id__c IN ('qpa-complaints-phase-001', 'qpa-complaints-phase-002', 'qpa-complaints-phase-003', 'qpa-complaints-phase-004', 'qpa-complaints-phase-005', 'qpa-complaints-phase-007', 'qpa-complaints-p....
 [19:48:58.607] {CMPL123__WF_Phase__c} Using REST API to retrieve the data ...
 [19:48:58.771] {CMPL123__WF_Phase__c} Data retrieval (Target) has been completed. Got 11 new records.
 [19:48:58.774] {CMPL123__WF_Rule_Phase__c} Fetching the Target data from Org (STAGE 2: filtered records) ...
 [19:48:58.775] {CMPL123__WF_Rule_Phase__c} Query string: SELECT Id, Name, CMPL123__WF_Rule_Phase_External_Id__c, CMPL123__Order__c, CMPL123__Workflow_Phase__c, CMPL123__Workflow_Rule__c, CMPL123__Workflow_Phase__r.CMPL123__WF_Phase_External_Id__c, CMPL123__Workflow_Rule__r.CMPL123__WF_Rule_External_Id__c  FROM  CMPL123__WF_Rule_Phase__c WHERE CMPL123__WF_Rule_Phase_External_Id__c IN ('a1H5r0000019CIhEAM', 'a1H5r0000019CIiEAM', 'a1H5r0000019CIjEAM', 'qpa-complaints-phrule-001', 'qpa-complaints-phrule-002', 'qpa-complaints-phrule-003', 'qpa-complaints-phrule....
 [19:48:58.779] {CMPL123__WF_Rule_Phase__c} Using REST API to retrieve the data ...
 [19:48:59.36] {CMPL123__WF_Rule_Phase__c} Data retrieval (Target) has been completed. Got 11 new records.
 [19:48:59.39] {CMPL123__WF_Phase_Status__c} Fetching the Target data from Org (STAGE 2: filtered records) ...
 [19:48:59.41] {CMPL123__WF_Phase_Status__c} Query string: SELECT Id, CMPL123__WF_Phase_Status_External_Id__c, CMPL123__Workflow_Rule_Phase__c, CMPL123__Workflow_Status__c, Workflow_Phase__c, Workflow_Rule__c, Workflow_Status_hyperlink__c, CMPL123__Workflow_Rule_Phase__r.CMPL123__WF_Rule_Phase_External_Id__c... FROM  CMPL123__WF_Phase_Status__c WHERE CMPL123__WF_Phase_Status_External_Id__c IN ('a1F5r0000026qj1EAA', 'a1F5r0000026qj0EAA', 'a1F5r0000026qizEAA', 'a1F5r0000026qiyEAA', 'a1F5r0000026ifAEAQ', 'a1F5r0000026if9EAA', 'a1F5r0000026if8EAA', 'a1F5r0000026if7E....
 [19:48:59.44] {CMPL123__WF_Phase_Status__c} Using REST API to retrieve the data ...
 [19:48:59.312] {CMPL123__WF_Phase_Status__c} Data retrieval (Target) has been completed. Got 18 new records.
 [19:48:59.315] {CMPL123__X123Task__c} Fetching the Target data from Org (STAGE 2: filtered records) ...
 [19:48:59.317] {CMPL123__X123Task__c} Query string: SELECT Id, Name, CMPL123__Task_External_Id__c, CMPL123__Allow_Partial_Processing_for_123_Tasks__c, CMPL123__Description__c, CMPL123__Is_Active__c, CMPL123__Key_Value__c, CMPL123__Related_Object__c  FROM  CMPL123__X123Task__c WHERE CMPL123__Task_External_Id__c IN ('a1N5r000001WwqiEAC', 'a1N5r000001WwPxEAK', 'a1N5r000001W2xkEAC').
 [19:48:59.320] {CMPL123__X123Task__c} Using REST API to retrieve the data ...
 [19:48:59.469] {CMPL123__X123Task__c} Data retrieval (Target) has been completed. Got 3 new records.
 [19:48:59.472] {CMPL123__X123Job__c} Fetching the Target data from Org (STAGE 2: filtered records) ...
 [19:48:59.474] {CMPL123__X123Job__c} Query string: SELECT Id, Name, CMPL123__Job_External_Id__c, CMPL123__Child_Filter_Condition__c, CMPL123__Description__c, CMPL123__Is_Active__c, CMPL123__Job_Type__c, CMPL123__Related_Task__c, CMPL123__Workflow_Step__c, CMPL123__Related_Task__r.CMPL123__Task_Extern... FROM  CMPL123__X123Job__c WHERE CMPL123__Job_External_Id__c IN ('a1M5r000000sEtHEAU', 'a1M5r000001tkZjEAI', 'a1M5r000001tkV5EAI').
 [19:48:59.478] {CMPL123__X123Job__c} Using REST API to retrieve the data ...
 [19:48:59.740] {CMPL123__X123Job__c} Data retrieval (Target) has been completed. Got 3 new records.
 [19:48:59.742] {CMPL123__Valid_Child_Status__c} Fetching the Target data from Org (STAGE 2: filtered records) ...
 [19:48:59.744] {CMPL123__Valid_Child_Status__c} Query string: SELECT Id, Name, CMPL123__Valid_Child_Status_External_Id__c, CMPL123__Parent_Workflow_Step__c, CMPL123__Child_Relationship__c, CMPL123__Description__c, CMPL123__Required_Child_Workflow_Status__c, Parent_Workflow_Action__c, Parent_Workflow_Rule__c, Ch... FROM  CMPL123__Valid_Child_Status__c WHERE CMPL123__Valid_Child_Status_External_Id__c IN ('qpa-utility-inv-00001', 'qpa-utility-inv-00002', 'qpa-utility-inv-00003', 'qpa-utility-inv-00004', 'qpa-utility-inv-00005', 'qpa-utility-inv-00006', 'qpa-complaints....
 [19:48:59.749] {CMPL123__Valid_Child_Status__c} Using REST API to retrieve the data ...
 [19:48:59.933] {CMPL123__Valid_Child_Status__c} Data retrieval (Target) has been completed. Got 0 new records.
 [19:48:59.937] {CMPL123__WF_Step_Extension__c} Fetching the Target data from Org (STAGE 2: filtered records) ...
 [19:48:59.939] {CMPL123__WF_Step_Extension__c} Query string: SELECT Id, Name, CMPL123__External_Id__c, CMPL123__Parent_Workflow_Step__c, CMPL123__Apply_To_Automated_User__c, CMPL123__Are_Child_Files_Locked__c, CMPL123__Is_Record_Lock_Required__c, CMPL123__Is_Related_Lists_Locked__c, CMPL123__Object_Related_Lis... FROM  CMPL123__WF_Step_Extension__c WHERE CMPL123__External_Id__c IN ('a1K5r000006ydv3EAA', 'a1K5r000006ytOXEAY', 'a1K5r0000070oWeEAI', 'a1K5r000007070iEAA', 'a1K5r00000707bOEAQ', 'a1K5r00000707y6EAA', 'a1K5r00000707iaEAA', 'a1K5r000006yfFjEAI', 'a1K5r000....
 [19:48:59.942] {CMPL123__WF_Step_Extension__c} Using REST API to retrieve the data ...
 [19:49:00.494] {CMPL123__WF_Step_Extension__c} Data retrieval (Target) has been completed. Got 18 new records.
 [19:49:00.496] Data retrieval (STAGE 2) has been completed.
 [19:49:00.498] newLine
 TRIGGERING ADD-ON EVENTS ...
 [19:49:00.501] No Add-On modules found to run.
 [19:49:00.503] newLine
 [19:49:00.505] newLine
 DATA RETRIEVAL SUMMARY.
 [19:49:00.508] {CMPL123__WF_Rule__c} The total amount of the retrieved records: 3/3.
 [19:49:00.510] {CMPL123__WF_Step__c} The total amount of the retrieved records: 31/28.
 [19:49:00.511] {CMPL123__Record_Access_Rule__c} The total amount of the retrieved records: 0/0.
 [19:49:00.513] {CMPL123__AuditTrail_Config__c} The total amount of the retrieved records: 152/152.
 [19:49:00.514] {CMPL123__WF_Action__c} The total amount of the retrieved records: 21/21.
 [19:49:00.516] {CMPL123__WF_Status__c} The total amount of the retrieved records: 19/19.
 [19:49:00.518] {CMPL123__WF_Phase__c} The total amount of the retrieved records: 11/11.
 [19:49:00.519] {CMPL123__WF_Rule_Phase__c} The total amount of the retrieved records: 11/11.
 [19:49:00.520] {CMPL123__WF_Phase_Status__c} The total amount of the retrieved records: 18/18.
 [19:49:00.524] {CMPL123__Context_Based_Security__c} The total amount of the retrieved records: 0/0.
 [19:49:00.527] {CMPL123__X123Task__c} The total amount of the retrieved records: 3/3.
 [19:49:00.540] {CMPL123__X123Job__c} The total amount of the retrieved records: 3/3.
 [19:49:00.542] {CMPL123__Job_Field_Map__c} The total amount of the retrieved records: 0/0.
 [19:49:00.544] {CMPL123__Valid_Child_Status__c} The total amount of the retrieved records: 156/0.
 [19:49:00.546] {CMPL123__WF_Step_Extension__c} The total amount of the retrieved records: 20/18.
 [19:49:00.549] newLine
 UPDATING THE TARGET (STAGE 1) ...
 [19:49:00.557] {CMPL123__WF_Rule__c} 3 target records remained untouched, since they do not differ from the corresponding source records.
 [19:49:00.559] {CMPL123__WF_Action__c} 21 target records remained untouched, since they do not differ from the corresponding source records.
 [19:49:00.561] {CMPL123__WF_Status__c} 19 target records remained untouched, since they do not differ from the corresponding source records.
 [19:49:00.590] {CMPL123__WF_Step__c} Amount of records to Insert: 3.
 [19:49:00.594] {CMPL123__WF_Step__c} The Insert API operation has been started using REST API.
 [19:49:00.596] [Job# REST:Insert] {CMPL123__WF_Step__c} The job has been created. Uploading data ...
 [19:49:09.258] {CMPL123__WF_Step__c} The Insert API operation has been completed.
 [19:49:09.263] {CMPL123__WF_Step__c} Amount of records to Update: 14.
 [19:49:09.265] {CMPL123__WF_Step__c} The Update API operation has been started using REST API.
 [19:49:09.266] [Job# REST:Update] {CMPL123__WF_Step__c} The job has been created. Uploading data ...
 [19:49:18.650] {CMPL123__WF_Step__c} The Update API operation has been completed.
 [19:49:18.657] {CMPL123__WF_Step__c} 14 target records remained untouched, since they do not differ from the corresponding source records.
 [19:49:18.659] {CMPL123__WF_Step__c} The Target has been updated. Totally processed 17 records.
 [19:49:18.660] newLine
 [19:49:18.662] {CMPL123__WF_Phase__c} 11 target records remained untouched, since they do not differ from the corresponding source records.
 [19:49:18.665] {CMPL123__WF_Rule_Phase__c} 11 target records remained untouched, since they do not differ from the corresponding source records.
 [19:49:18.667] {CMPL123__WF_Phase_Status__c} 18 target records remained untouched, since they do not differ from the corresponding source records.
 [19:49:18.669] {CMPL123__X123Task__c} 3 target records remained untouched, since they do not differ from the corresponding source records.
 [19:49:18.671] {CMPL123__X123Job__c} 3 target records remained untouched, since they do not differ from the corresponding source records.
 [19:49:18.677] {CMPL123__Valid_Child_Status__c} Amount of records to Insert: 156.
 [19:49:18.680] {CMPL123__Valid_Child_Status__c} The Insert API operation has been started using REST API.
 [19:49:18.681] [Job# REST:Insert] {CMPL123__Valid_Child_Status__c} The job has been created. Uploading data ...
 [19:49:20.774] {CMPL123__Valid_Child_Status__c} The Insert API operation has been completed.
 [19:49:20.788] {CMPL123__Valid_Child_Status__c} The Target has been updated. Totally processed 156 records.
 [19:49:20.790] newLine
 [19:49:20.793] {CMPL123__WF_Step_Extension__c} Amount of records to Insert: 2.
 [19:49:20.795] {CMPL123__WF_Step_Extension__c} The Insert API operation has been started using REST API.
 [19:49:20.797] [Job# REST:Insert] {CMPL123__WF_Step_Extension__c} The job has been created. Uploading data ...
 [19:49:23.421] {CMPL123__WF_Step_Extension__c} The Insert API operation has been completed.
 [19:49:23.426] {CMPL123__WF_Step_Extension__c} 18 target records remained untouched, since they do not differ from the corresponding source records.
 [19:49:23.428] {CMPL123__WF_Step_Extension__c} The Target has been updated. Totally processed 2 records.
 [19:49:23.429] newLine
 [19:49:23.433] {CMPL123__AuditTrail_Config__c} Amount of records to Update: 4.
 [19:49:23.436] {CMPL123__AuditTrail_Config__c} The Update API operation has been started using REST API.
 [19:49:23.437] [Job# REST:Update] {CMPL123__AuditTrail_Config__c} The job has been created. Uploading data ...
 [19:49:23.729] {CMPL123__AuditTrail_Config__c} The Update API operation has been completed.
 [19:49:23.735] {CMPL123__AuditTrail_Config__c} 148 target records remained untouched, since they do not differ from the corresponding source records.
 [19:49:23.737] {CMPL123__AuditTrail_Config__c} The Target has been updated. Totally processed 4 records.
 [19:49:23.738] newLine
 [19:49:23.740] newLine
 [19:49:23.741] The Target (STAGE 1) has been updated. Totally processed 179 records.
 [19:49:23.743] newLine
 UPDATING THE TARGET (STAGE 2) ...
 [19:49:23.746] newLine
 [19:49:23.748] PASS 1
 =============
 [19:49:23.755] {CMPL123__WF_Step__c} 14 target records remained untouched, since they do not differ from the corresponding source records.
 [19:49:23.757] {CMPL123__WF_Rule_Phase__c} 11 target records remained untouched, since they do not differ from the corresponding source records.
 [19:49:23.760] {CMPL123__WF_Phase_Status__c} 18 target records remained untouched, since they do not differ from the corresponding source records.
 [19:49:23.763] {CMPL123__X123Job__c} 3 target records remained untouched, since they do not differ from the corresponding source records.
 [19:49:23.771] {CMPL123__WF_Step_Extension__c} 18 target records remained untouched, since they do not differ from the corresponding source records.
 [19:49:23.773] newLine
 [19:49:23.775] PASS 2
 =============
 [19:49:23.784] {CMPL123__WF_Step__c} 14 target records remained untouched, since they do not differ from the corresponding source records.
 [19:49:23.787] {CMPL123__WF_Rule_Phase__c} 11 target records remained untouched, since they do not differ from the corresponding source records.
 [19:49:23.789] {CMPL123__WF_Phase_Status__c} 18 target records remained untouched, since they do not differ from the corresponding source records.
 [19:49:23.792] {CMPL123__X123Job__c} 3 target records remained untouched, since they do not differ from the corresponding source records.
 [19:49:23.808] {CMPL123__WF_Step_Extension__c} 18 target records remained untouched, since they do not differ from the corresponding source records.
 [19:49:23.810] newLine
 [19:49:23.812] Nothing was updated.
 [19:49:23.814] newLine
 TRIGGERING ADD-ON EVENTS ...
 [19:49:23.817] No Add-On modules found to run.
 [19:49:23.819] newLine
 [19:49:23.820] newLine
 DATA PROCESSING SUMMARY.
 [19:49:23.823] {CMPL123__WF_Rule__c} Totally processed 0 records.
 [19:49:23.825] {CMPL123__WF_Step__c} Totally processed 17 records.
 [19:49:23.826] {CMPL123__Record_Access_Rule__c} Totally processed 0 records.
 [19:49:23.828] {CMPL123__AuditTrail_Config__c} Totally processed 4 records.
 [19:49:23.830] {CMPL123__WF_Action__c} Totally processed 0 records.
 [19:49:23.831] {CMPL123__WF_Status__c} Totally processed 0 records.
 [19:49:23.840] {CMPL123__WF_Phase__c} Totally processed 0 records.
 [19:49:23.843] {CMPL123__WF_Rule_Phase__c} Totally processed 0 records.
 [19:49:23.848] {CMPL123__WF_Phase_Status__c} Totally processed 0 records.
 [19:49:23.849] {CMPL123__Context_Based_Security__c} Totally processed 0 records.
 [19:49:23.851] {CMPL123__X123Task__c} Totally processed 0 records.
 [19:49:23.853] {CMPL123__X123Job__c} Totally processed 0 records.
 [19:49:23.882] {CMPL123__Job_Field_Map__c} Totally processed 0 records.
 [19:49:23.883] {CMPL123__Valid_Child_Status__c} Totally processed 156 records.
 [19:49:23.884] {CMPL123__WF_Step_Extension__c} Totally processed 2 records.
 [19:49:23.886] newLine
 [19:49:23.889] Writing to C:\Users\Himanshu.Desai\Documents\GitHub\GCHS-Release-1\sfdmu-data\MissingParentRecordsReport.csv ...
 [19:49:23.892] newLine
 [19:49:23.893] newLine
 TRIGGERING ADD-ON EVENTS ...
 [19:49:23.896] No Add-On modules found to run.
 [19:49:23.898] newLine

 [19:49:23.919] Command succeeded.
 [19:49:23.922] Execution of the command sfdmu:run has been completed. Exit code 0 (SUCCESS).
 [19:49:23.925] Total time elapsed: 00h 01m 14s 746ms .