
 [14:09:52.829] Execution of the command sfdmu:run has been started.
 [14:09:52.833] newLine
 LOADING AND VALIDATING THE EXPORT.JSON SCRIPT ...
 [14:09:52.848] newLine
 OBJECT SET #1 STARTED
 [14:09:52.852] newLine
 {
   "Running Plugin version": "4.33.15"
}
 {
   "Running Add-On API version": "1.5.0"
}
 [14:09:52.860] newLine
 [14:09:52.862] Loading Core Add-On Module declarations ...
 [14:09:53.108] Connecting to the olympus-prod using SFDX sf org display ...
 [14:09:57.502] Successfully connected to the olympus-prod.
 {
   "Source": "csvfile.",
   "Target": "olympus-prod.",
   "Package script": "C:\\SalesForce\\olympus-dx\\sfdmu-data\\export.json."
}
 [14:10:17.571] newLine
 GETTING AND ANALYSING OBJECT METADATA ...
 [14:10:17.574] Processing the object CMPL123__WF_Rule__c ...
 [14:10:17.576] Fetching metadata of the CMPL123__WF_Rule__c (Target) ...
 [14:10:18.248] Processing the object CMPL123__WF_Step__c ...
 [14:10:18.250] Fetching metadata of the CMPL123__WF_Step__c (Target) ...
 [14:10:18.768] Processing the object CMPL123__WF_Phase__c ...
 [14:10:18.771] Fetching metadata of the CMPL123__WF_Phase__c (Target) ...
 [14:10:19.123] Processing the object CMPL123__WF_Rule_Phase__c ...
 [14:10:19.126] Fetching metadata of the CMPL123__WF_Rule_Phase__c (Target) ...
 [14:10:19.531] Processing the object CMPL123__WF_Phase_Status__c ...
 [14:10:19.533] Fetching metadata of the CMPL123__WF_Phase_Status__c (Target) ...
 [14:10:19.889] Processing the object CMPL123__Context_Based_Security__c ...
 [14:10:19.891] Fetching metadata of the CMPL123__Context_Based_Security__c (Target) ...
 [14:10:20.255] Processing the object CMPL123__Job_Field_Map__c ...
 [14:10:20.258] Fetching metadata of the CMPL123__Job_Field_Map__c (Target) ...
 [14:10:20.632] Processing the object CMPL123__Record_Access_Rule__c ...
 [14:10:20.635] Fetching metadata of the CMPL123__Record_Access_Rule__c (Target) ...
 [14:10:20.957] Processing the object CMPL123__Valid_Child_Status__c ...
 [14:10:20.959] Fetching metadata of the CMPL123__Valid_Child_Status__c (Target) ...
 [14:10:21.372] Processing the object CMPL123__WF_Action__c ...
 [14:10:21.374] Fetching metadata of the CMPL123__WF_Action__c (Target) ...
 [14:10:21.698] Processing the object CMPL123__WF_Status__c ...
 [14:10:21.700] Fetching metadata of the CMPL123__WF_Status__c (Target) ...
 [14:10:22.5] Processing the object CMPL123__X123Job__c ...
 [14:10:22.7] Fetching metadata of the CMPL123__X123Job__c (Target) ...
 [14:10:22.406] Processing the object CMPL123__X123Task__c ...
 [14:10:22.409] Fetching metadata of the CMPL123__X123Task__c (Target) ...
 [14:10:22.739] Processing the object CMPL123__WF_Step_Extension__c ...
 [14:10:22.746] Fetching metadata of the CMPL123__WF_Step_Extension__c (Target) ...
 [14:10:23.72] Fetching metadata of the Group (Target) ...
 [14:10:23.430] Processing the object CMPL123__WF_Step_Extension__c ...
 [14:10:23.433] Processing the object CMPL123__X123Task__c ...
 [14:10:23.436] Processing the object CMPL123__X123Job__c ...
 [14:10:23.439] Processing the object CMPL123__WF_Status__c ...
 [14:10:23.440] Processing the object CMPL123__WF_Action__c ...
 [14:10:23.442] Processing the object CMPL123__Valid_Child_Status__c ...
 [14:10:23.443] Processing the object CMPL123__Record_Access_Rule__c ...
 [14:10:23.445] Processing the object CMPL123__Job_Field_Map__c ...
 [14:10:23.446] Processing the object CMPL123__Context_Based_Security__c ...
 [14:10:23.448] Processing the object CMPL123__WF_Phase_Status__c ...
 [14:10:23.450] Processing the object CMPL123__WF_Rule_Phase__c ...
 [14:10:23.452] Processing the object CMPL123__WF_Phase__c ...
 [14:10:23.453] Processing the object CMPL123__WF_Step__c ...
 [14:10:23.455] Processing the object CMPL123__WF_Rule__c ...
 [14:10:23.458] newLine
 PREPARING DATA MIGRATION JOB ...
 [14:10:23.461] Building the migration strategy ...
 {
   "Order of objects to query": "CMPL123__WF_Rule__c; CMPL123__WF_Step__c; CMPL123__Record_Access_Rule__c; CMPL123__WF_Action__c; CMPL123__WF_Status__c; CMPL123__WF_Phase__c; CMPL123__WF_Rule_Phase__c; CMPL123__WF_Phase_Status__c; CMPL123__Context_Based_Security__c; CMPL123__X123Task__c; CMPL123__X123Job__c; CMPL123__Job_Field_Map__c; CMPL123__Valid_Child_Status__c; CMPL123__WF_Step_Extension__c"
}
 {
   "Order of objects to delete": "CMPL123__WF_Step_Extension__c; CMPL123__Valid_Child_Status__c; CMPL123__Record_Access_Rule__c; CMPL123__Job_Field_Map__c; CMPL123__X123Job__c; CMPL123__X123Task__c; CMPL123__Context_Based_Security__c; CMPL123__WF_Phase_Status__c; CMPL123__WF_Rule_Phase__c; CMPL123__WF_Phase__c; CMPL123__WF_Step__c; CMPL123__WF_Status__c; CMPL123__WF_Action__c; CMPL123__WF_Rule__c"
}
 {
   "Order of objects to update": "CMPL123__WF_Rule__c; CMPL123__WF_Action__c; CMPL123__WF_Status__c; CMPL123__WF_Step__c; CMPL123__WF_Phase__c; CMPL123__WF_Rule_Phase__c; CMPL123__WF_Phase_Status__c; CMPL123__Context_Based_Security__c; CMPL123__X123Task__c; CMPL123__X123Job__c; CMPL123__Job_Field_Map__c; CMPL123__Record_Access_Rule__c; CMPL123__Valid_Child_Status__c; CMPL123__WF_Step_Extension__c"
}
 [14:10:23.523] Validation of the source CSV files ...
 [14:10:23.808] Writing to C:\SalesForce\olympus-dx\sfdmu-data\source\CMPL123__WF_Step__c_source.csv ...
 [14:10:23.899] Writing to C:\SalesForce\olympus-dx\sfdmu-data\source\CMPL123__WF_Rule_Phase__c_source.csv ...
 [14:10:23.904] Writing to C:\SalesForce\olympus-dx\sfdmu-data\source\CMPL123__WF_Phase_Status__c_source.csv ...
 [14:10:23.910] Writing to C:\SalesForce\olympus-dx\sfdmu-data\source\CMPL123__X123Job__c_source.csv ...
 [14:10:23.916] Writing to C:\SalesForce\olympus-dx\sfdmu-data\source\CMPL123__Valid_Child_Status__c_source.csv ...
 [14:10:23.923] Writing to C:\SalesForce\olympus-dx\sfdmu-data\source\CMPL123__WF_Step_Extension__c_source.csv ...
 [14:10:23.933] Amount of updated source CSV files: 6.
 [14:10:23.934] No issues were found in the source CSV files.
 [14:10:23.936] Processing the source CSV files has been completed.
 [14:10:23.938] Preparing of the data migration job has been completed.
 [14:10:23.940] newLine
 ANALYSING DATA...
 [14:10:24.110] {CMPL123__WF_Rule__c} The original query string of this object is returning 5 records from the Target org.
 [14:10:24.241] {CMPL123__WF_Action__c} The original query string of this object is returning 230 records from the Target org.
 [14:10:24.388] {CMPL123__WF_Status__c} The original query string of this object is returning 162 records from the Target org.
 [14:10:24.554] {CMPL123__WF_Step__c} The original query string of this object is returning 51 records from the Target org.
 [14:10:24.701] {CMPL123__WF_Phase__c} The original query string of this object is returning 45 records from the Target org.
 [14:10:24.854] {CMPL123__WF_Rule_Phase__c} The original query string of this object is returning 64 records from the Target org.
 [14:10:24.998] {CMPL123__WF_Phase_Status__c} The original query string of this object is returning 103 records from the Target org.
 [14:10:25.146] {CMPL123__Context_Based_Security__c} The original query string of this object is returning 0 records from the Target org.
 [14:10:25.294] {CMPL123__X123Task__c} The original query string of this object is returning 13 records from the Target org.
 [14:10:25.420] {CMPL123__X123Job__c} The original query string of this object is returning 14 records from the Target org.
 [14:10:25.572] {CMPL123__Job_Field_Map__c} The original query string of this object is returning 6 records from the Target org.
 [14:10:25.716] {CMPL123__Record_Access_Rule__c} The original query string of this object is returning 0 records from the Target org.
 [14:10:25.853] {CMPL123__Valid_Child_Status__c} The original query string of this object is returning 256 records from the Target org.
 [14:10:26.3] {CMPL123__WF_Step_Extension__c} The original query string of this object is returning 86 records from the Target org.
 [14:10:26.5] newLine
 TRIGGERING ADD-ON EVENTS ...
 [14:10:26.9] No Add-On modules found to run.
 [14:10:26.12] newLine
 [14:10:26.14] Ready to process the data.
 [14:10:26.15] newLine
 DELETING OLD DATA FROM THE TARGET ...
 [14:10:26.19] {CMPL123__WF_Step_Extension__c} No records to delete.
 [14:10:26.21] {CMPL123__Valid_Child_Status__c} Deleting old records from the Target ...
 [14:10:26.170] {CMPL123__Valid_Child_Status__c} Amount of records to delete: 30.
 [14:10:26.177] {CMPL123__Valid_Child_Status__c} The Delete API operation has been started using REST API.
 [14:10:26.179] [Job# REST:Delete] {CMPL123__Valid_Child_Status__c} The job has been created. Uploading data ...
 [14:10:27.740] {CMPL123__Valid_Child_Status__c} The Delete API operation has been completed.
 [14:10:27.747] {CMPL123__Valid_Child_Status__c} Deleting has been completed.
 [14:10:27.748] {CMPL123__Record_Access_Rule__c} No records to delete.
 [14:10:27.750] {CMPL123__Job_Field_Map__c} No records to delete.
 [14:10:27.751] {CMPL123__X123Job__c} No records to delete.
 [14:10:27.753] {CMPL123__X123Task__c} No records to delete.
 [14:10:27.754] {CMPL123__Context_Based_Security__c} No records to delete.
 [14:10:27.756] {CMPL123__WF_Phase_Status__c} No records to delete.
 [14:10:27.757] {CMPL123__WF_Rule_Phase__c} No records to delete.
 [14:10:27.759] {CMPL123__WF_Phase__c} No records to delete.
 [14:10:27.760] {CMPL123__WF_Step__c} No records to delete.
 [14:10:27.762] {CMPL123__WF_Status__c} No records to delete.
 [14:10:27.763] {CMPL123__WF_Action__c} No records to delete.
 [14:10:27.765] {CMPL123__WF_Rule__c} No records to delete.
 [14:10:27.767] Deleting data has been completed.
 [14:10:27.768] newLine
 SOURCE:
 =============
 [14:10:27.773] newLine
 FETCHING THE DATA (STAGE 1) ...
 [14:10:27.777] {CMPL123__WF_Rule__c} Fetching the Source data from CSV file (STAGE 1: all records) ...
 [14:10:27.785] {CMPL123__WF_Rule__c} Data retrieval (Source) has been completed. Got 5 new records.
 [14:10:27.787] {CMPL123__WF_Step__c} Fetching the Source data from CSV file (STAGE 1: all records) ...
 [14:10:27.832] {CMPL123__WF_Step__c} Data retrieval (Source) has been completed. Got 53 new records.
 [14:10:27.834] {CMPL123__Record_Access_Rule__c} Fetching the Source data from CSV file (STAGE 1: all records) ...
 [14:10:27.838] {CMPL123__Record_Access_Rule__c} Data retrieval (Source) has been completed. Got 0 new records.
 [14:10:27.840] {CMPL123__WF_Action__c} Fetching the Source data from CSV file (STAGE 1: all records) ...
 [14:10:27.852] {CMPL123__WF_Action__c} Data retrieval (Source) has been completed. Got 28 new records.
 [14:10:27.854] {CMPL123__WF_Status__c} Fetching the Source data from CSV file (STAGE 1: all records) ...
 [14:10:27.860] {CMPL123__WF_Status__c} Data retrieval (Source) has been completed. Got 28 new records.
 [14:10:27.862] {CMPL123__WF_Phase__c} Fetching the Source data from CSV file (STAGE 1: all records) ...
 [14:10:27.867] {CMPL123__WF_Phase__c} Data retrieval (Source) has been completed. Got 14 new records.
 [14:10:27.869] {CMPL123__WF_Rule_Phase__c} Fetching the Source data from CSV file (STAGE 1: all records) ...
 [14:10:27.873] {CMPL123__WF_Rule_Phase__c} Data retrieval (Source) has been completed. Got 15 new records.
 [14:10:27.875] {CMPL123__WF_Phase_Status__c} Fetching the Source data from CSV file (STAGE 1: all records) ...
 [14:10:27.885] {CMPL123__WF_Phase_Status__c} Data retrieval (Source) has been completed. Got 26 new records.
 [14:10:27.888] {CMPL123__Context_Based_Security__c} Fetching the Source data from CSV file (STAGE 1: all records) ...
 [14:10:27.893] {CMPL123__Context_Based_Security__c} Data retrieval (Source) has been completed. Got 0 new records.
 [14:10:27.896] {CMPL123__X123Task__c} Fetching the Source data from CSV file (STAGE 1: all records) ...
 [14:10:27.900] {CMPL123__X123Task__c} Data retrieval (Source) has been completed. Got 7 new records.
 [14:10:27.901] {CMPL123__X123Job__c} Fetching the Source data from CSV file (STAGE 1: all records) ...
 [14:10:27.905] {CMPL123__X123Job__c} Data retrieval (Source) has been completed. Got 7 new records.
 [14:10:27.907] {CMPL123__Job_Field_Map__c} Fetching the Source data from CSV file (STAGE 1: all records) ...
 [14:10:27.910] {CMPL123__Job_Field_Map__c} Data retrieval (Source) has been completed. Got 0 new records.
 [14:10:27.912] {CMPL123__Valid_Child_Status__c} Fetching the Source data from CSV file (STAGE 1: all records) ...
 [14:10:27.925] {CMPL123__Valid_Child_Status__c} Data retrieval (Source) has been completed. Got 32 new records.
 [14:10:27.927] {CMPL123__WF_Step_Extension__c} Fetching the Source data from CSV file (STAGE 1: all records) ...
 [14:10:27.935] {CMPL123__WF_Step_Extension__c} Data retrieval (Source) has been completed. Got 47 new records.
 [14:10:27.937] Data retrieval (STAGE 1) has been completed.
 [14:10:27.940] newLine
 FETCHING THE DATA (STAGE 2) ...
 [14:10:27.944] PASS 1
 =============
 [14:10:27.948] No records
 [14:10:27.949] newLine
 [14:10:27.951] PASS 2
 =============
 [14:10:27.955] No records
 [14:10:27.957] newLine
 [14:10:27.958] PASS 3
 =============
 [14:10:27.961] No records
 [14:10:27.962] newLine
 [14:10:27.963] PASS 4
 =============
 [14:10:27.966] No records
 [14:10:27.967] newLine
 TARGET:
 =============
 [14:10:27.972] {CMPL123__WF_Rule__c} Fetching the Target data from Org (STAGE 2: all records) ...
 [14:10:27.974] {CMPL123__WF_Rule__c} Query string: SELECT Id, Name, CMPL123__WF_Rule_External_Id__c, CMPL123__Description__c, CMPL123__Has_Cycle_Time_Metrics_Fields__c, CMPL123__Has_Multiple_Actions__c, CMPL123__Is_Active__c, CMPL123__Record_Type__c, CMPL123__Target_Object__c, CMPL123__Target_Object_... FROM  CMPL123__WF_Rule__c WHERE Name in ('Due Diligence Workflow', 'eMDR Workflow', 'Assessment (US MDR)', 'Investigation Workflow', 'Inquiry Workflow').
 [14:10:27.976] {CMPL123__WF_Rule__c} Using REST API to retrieve the data ...
 [14:10:28.238] {CMPL123__WF_Rule__c} Data retrieval (Target) has been completed. Got 5 new records.
 [14:10:28.241] {CMPL123__WF_Step__c} Fetching the Target data from Org (STAGE 2: all records) ...
 [14:10:28.243] {CMPL123__WF_Step__c} Query string: SELECT Id, CMPL123__WF_Step_External_Id__c, CMPL123__WF_Rule__c, CMPL123__Action__c, CMPL123__Are_Child_Files_Locked__c, CMPL123__Are_Child_Records_Locked__c, CMPL123__End_Status__c, CMPL123__Is_Record_Lock_Required__c, CMPL123__Is_Related_Lists_Lock... FROM  CMPL123__WF_Step__c WHERE CMPL123__WF_Rule__r.Name in ('Due Diligence Workflow', 'eMDR Workflow', 'Assessment (US MDR)', 'Investigation Workflow', 'Inquiry Workflow').
 [14:10:28.247] {CMPL123__WF_Step__c} Using REST API to retrieve the data ...
 [14:10:28.734] {CMPL123__WF_Step__c} Data retrieval (Target) has been completed. Got 51 new records.
 [14:10:28.737] {CMPL123__Record_Access_Rule__c} Fetching the Target data from Org (STAGE 2: all records) ...
 [14:10:28.738] {CMPL123__Record_Access_Rule__c} Query string: SELECT Id, Name, CMPL123__Record_Access_Rule_External_Id__c, CMPL123__API_Path_to_User_Relationship__c, CMPL123__Active_of_the_rule__c, CMPL123__Apex_Sharing_Reason__c, CMPL123__Child_Objects__c, CMPL123__Target_Object__c, CMPL123__User_Field_Name__c... FROM  CMPL123__Record_Access_Rule__c.
 [14:10:28.740] {CMPL123__Record_Access_Rule__c} Using REST API to retrieve the data ...
 [14:10:28.876] {CMPL123__Record_Access_Rule__c} Data retrieval (Target) has been completed. Got 0 new records.
 [14:10:28.880] {CMPL123__WF_Action__c} Fetching the Target data from Org (STAGE 2: filtered records) ...
 [14:10:28.881] {CMPL123__WF_Action__c} Query string: SELECT Id, Name, CMPL123__WF_Action_External_Id__c, CMPL123__Action_Custom_Label__c, CMPL123__Comment_Type__c, CMPL123__Description__c, CMPL123__E_Sign_Message_Custom_Label__c, CMPL123__Esign_Message__c, CMPL123__Generic_Comment__c, CMPL123__Is_Comme... FROM  CMPL123__WF_Action__c WHERE CMPL123__WF_Action_External_Id__c IN ('a1D5r000000hheLEAQ', 'a1D5r000000hfq2EAA', 'a1D5r000000hjEqEAI', 'a1D5r000000hfaSEAQ', 'qpa-common-00015', 'qpa-common-00032', 'qpa-common-00038', 'qpa-common-00040', 'qpa-common-000....
 [14:10:28.888] {CMPL123__WF_Action__c} Using REST API to retrieve the data ...
 [14:10:29.70] {CMPL123__WF_Action__c} Data retrieval (Target) has been completed. Got 28 new records.
 [14:10:29.74] {CMPL123__WF_Status__c} Fetching the Target data from Org (STAGE 2: filtered records) ...
 [14:10:29.77] {CMPL123__WF_Status__c} Query string: SELECT Id, Name, CMPL123__WF_Status_External_Id__c, CMPL123__Description__c, CMPL123__Status_Custom_Label__c  FROM  CMPL123__WF_Status__c WHERE CMPL123__WF_Status_External_Id__c IN ('a1J5r000001NcBcEAK', 'a1J5r000001NvJyEAK', 'qpa-common-00016', 'qpa-common-00020', 'qpa-common-00021', 'qpa-common-00023', 'qpa-common-00024', 'qpa-common-00029', 'qpa-common-00031',....
 [14:10:29.82] {CMPL123__WF_Status__c} Using REST API to retrieve the data ...
 [14:10:29.250] {CMPL123__WF_Status__c} Data retrieval (Target) has been completed. Got 28 new records.
 [14:10:29.253] {CMPL123__WF_Phase__c} Fetching the Target data from Org (STAGE 2: filtered records) ...
 [14:10:29.254] {CMPL123__WF_Phase__c} Query string: SELECT Id, Name, CMPL123__WF_Phase_External_Id__c, CMPL123__Description__c, CMPL123__Phase_Custom_Label__c, CMPL123__Work_Instructions_Custom_Label__c, CMPL123__Work_Instructions_HTML__c, CMPL123__Work_Instructions__c  FROM  CMPL123__WF_Phase__c WHERE CMPL123__WF_Phase_External_Id__c IN ('qpa-complaints-phase-002', 'qpa-complaints-phase-006', 'qpa-complaints-phase-012', 'qpa-investigation-phase-001', 'qpa-investigation-phase-002', 'qpa-investigation-phase-003', 'qpa-ass....
 [14:10:29.257] {CMPL123__WF_Phase__c} Using REST API to retrieve the data ...
 [14:10:29.408] {CMPL123__WF_Phase__c} Data retrieval (Target) has been completed. Got 14 new records.
 [14:10:29.411] {CMPL123__WF_Rule_Phase__c} Fetching the Target data from Org (STAGE 2: filtered records) ...
 [14:10:29.412] {CMPL123__WF_Rule_Phase__c} Query string: SELECT Id, Name, CMPL123__WF_Rule_Phase_External_Id__c, CMPL123__Order__c, CMPL123__Workflow_Phase__c, CMPL123__Workflow_Rule__c, CMPL123__Workflow_Phase__r.CMPL123__WF_Phase_External_Id__c, CMPL123__Workflow_Rule__r.CMPL123__WF_Rule_External_Id__c  FROM  CMPL123__WF_Rule_Phase__c WHERE CMPL123__WF_Rule_Phase_External_Id__c IN ('qpa-complaints-phrule-016', 'qpa-complaints-phrule-017', 'qpa-complaints-phrule-018', 'qpa-investigation-phrule-001', 'qpa-investigation-phrule-002', 'qpa-investigation-phrul....
 [14:10:29.415] {CMPL123__WF_Rule_Phase__c} Using REST API to retrieve the data ...
 [14:10:29.582] {CMPL123__WF_Rule_Phase__c} Data retrieval (Target) has been completed. Got 15 new records.
 [14:10:29.585] {CMPL123__WF_Phase_Status__c} Fetching the Target data from Org (STAGE 2: filtered records) ...
 [14:10:29.586] {CMPL123__WF_Phase_Status__c} Query string: SELECT Id, CMPL123__WF_Phase_Status_External_Id__c, CMPL123__Workflow_Rule_Phase__c, CMPL123__Workflow_Status__c, Workflow_Phase__c, Workflow_Rule__c, Workflow_Status_hyperlink__c, CMPL123__Workflow_Rule_Phase__r.CMPL123__WF_Rule_Phase_External_Id__c... FROM  CMPL123__WF_Phase_Status__c WHERE CMPL123__WF_Phase_Status_External_Id__c IN ('a1F5r0000026hhKEAQ', 'qpa-complaints-phstatus-027', 'qpa-complaints-phstatus-026', 'qpa-complaints-phstatus-025', 'qpa-complaints-phstatus-024', 'a1F5r00000274jDEAQ', 'a1....
 [14:10:29.589] {CMPL123__WF_Phase_Status__c} Using REST API to retrieve the data ...
 [14:10:29.768] {CMPL123__WF_Phase_Status__c} Data retrieval (Target) has been completed. Got 26 new records.
 [14:10:29.772] {CMPL123__X123Task__c} Fetching the Target data from Org (STAGE 2: filtered records) ...
 [14:10:29.774] {CMPL123__X123Task__c} Query string: SELECT Id, Name, CMPL123__Task_External_Id__c, CMPL123__Allow_Partial_Processing_for_123_Tasks__c, CMPL123__Description__c, CMPL123__Is_Active__c, CMPL123__Key_Value__c, CMPL123__Related_Object__c  FROM  CMPL123__X123Task__c WHERE CMPL123__Task_External_Id__c IN ('a1N5r000001W5m3EAC', 'a1N5r000001WrNsEAK', 'a1N5r000001WwPxEAK', 'a1N5r000001WwQ2EAK', 'a1N5r000001WegTEAS', 'a1N5r000001WegdEAC', 'a1N5r000001WeDiEAK').
 [14:10:29.776] {CMPL123__X123Task__c} Using REST API to retrieve the data ...
 [14:10:29.915] {CMPL123__X123Task__c} Data retrieval (Target) has been completed. Got 7 new records.
 [14:10:29.918] {CMPL123__X123Job__c} Fetching the Target data from Org (STAGE 2: filtered records) ...
 [14:10:29.920] {CMPL123__X123Job__c} Query string: SELECT Id, Name, CMPL123__Job_External_Id__c, CMPL123__Child_Filter_Condition__c, CMPL123__Description__c, CMPL123__Is_Active__c, CMPL123__Job_Type__c, CMPL123__Related_Task__c, CMPL123__Workflow_Step__c, CMPL123__Related_Task__r.CMPL123__Task_Extern... FROM  CMPL123__X123Job__c WHERE CMPL123__Job_External_Id__c IN ('a1M5r000001tkV0EAI', 'a1M5r000001tdA9EAI', 'a1M5r000001tkV5EAI', 'a1M5r000001td9pEAA', 'a1M5r000000sF8AEAU', 'a1M5r000001tcEZEAY', 'a1M5r000001thvhEAA').
 [14:10:29.921] {CMPL123__X123Job__c} Using REST API to retrieve the data ...
 [14:10:30.98] {CMPL123__X123Job__c} Data retrieval (Target) has been completed. Got 7 new records.
 [14:10:30.102] {CMPL123__Valid_Child_Status__c} Fetching the Target data from Org (STAGE 2: filtered records) ...
 [14:10:30.105] {CMPL123__Valid_Child_Status__c} Query string: SELECT Id, Name, CMPL123__Valid_Child_Status_External_Id__c, CMPL123__Parent_Workflow_Step__c, CMPL123__Child_Relationship__c, CMPL123__Description__c, CMPL123__Required_Child_Workflow_Status__c, Child_Workflow_Status__c, Parent_Workflow_Action__c, P... FROM  CMPL123__Valid_Child_Status__c WHERE CMPL123__Valid_Child_Status_External_Id__c IN ('a1C5r0000016Y9TEAU', 'qpa-complaints-vcs-039', 'a1C5r0000016Y9YEAU', 'a1C5r0000019UFcEAM', 'a1C5r0000016ck6EAA', 'a1C5r0000019UFmEAM', 'a1C5r0000016ck1EAA', 'a1C5r0....
 [14:10:30.107] {CMPL123__Valid_Child_Status__c} Using REST API to retrieve the data ...
 [14:10:30.286] {CMPL123__Valid_Child_Status__c} Data retrieval (Target) has been completed. Got 0 new records.
 [14:10:30.288] {CMPL123__WF_Step_Extension__c} Fetching the Target data from Org (STAGE 2: filtered records) ...
 [14:10:30.290] {CMPL123__WF_Step_Extension__c} Query string: SELECT Id, Name, CMPL123__External_Id__c, CMPL123__Parent_Workflow_Step__c, CMPL123__Apply_To_Automated_User__c, CMPL123__Are_Child_Files_Locked__c, CMPL123__Is_Record_Lock_Required__c, CMPL123__Is_Related_Lists_Locked__c, CMPL123__Object_Related_Lis... FROM  CMPL123__WF_Step_Extension__c WHERE CMPL123__External_Id__c IN ('a1K5r0000070C77EAE', 'a1K5r0000070C7HEAU', 'a1K5r000006z0pfEAA', 'a1K5r0000070C6xEAE', 'a1K5r0000070C6iEAE', 'a1K5r0000070C72EAE', 'a1K5r0000070C7CEAU', 'a1K5r0000070C7MEAU', 'a1K5r000....
 [14:10:30.292] {CMPL123__WF_Step_Extension__c} Using REST API to retrieve the data ...
 [14:10:30.459] {CMPL123__WF_Step_Extension__c} Data retrieval (Target) has been completed. Got 47 new records.
 [14:10:30.461] Data retrieval (STAGE 2) has been completed.
 [14:10:30.463] newLine
 TRIGGERING ADD-ON EVENTS ...
 [14:10:30.466] No Add-On modules found to run.
 [14:10:30.468] newLine
 [14:10:30.470] newLine
 DATA RETRIEVAL SUMMARY.
 [14:10:30.473] {CMPL123__WF_Rule__c} The total amount of the retrieved records: 5/5.
 [14:10:30.475] {CMPL123__WF_Step__c} The total amount of the retrieved records: 53/51.
 [14:10:30.476] {CMPL123__Record_Access_Rule__c} The total amount of the retrieved records: 0/0.
 [14:10:30.477] {CMPL123__WF_Action__c} The total amount of the retrieved records: 28/28.
 [14:10:30.478] {CMPL123__WF_Status__c} The total amount of the retrieved records: 28/28.
 [14:10:30.479] {CMPL123__WF_Phase__c} The total amount of the retrieved records: 14/14.
 [14:10:30.481] {CMPL123__WF_Rule_Phase__c} The total amount of the retrieved records: 15/15.
 [14:10:30.482] {CMPL123__WF_Phase_Status__c} The total amount of the retrieved records: 26/26.
 [14:10:30.483] {CMPL123__Context_Based_Security__c} The total amount of the retrieved records: 0/0.
 [14:10:30.485] {CMPL123__X123Task__c} The total amount of the retrieved records: 7/7.
 [14:10:30.487] {CMPL123__X123Job__c} The total amount of the retrieved records: 7/7.
 [14:10:30.488] {CMPL123__Job_Field_Map__c} The total amount of the retrieved records: 0/0.
 [14:10:30.489] {CMPL123__Valid_Child_Status__c} The total amount of the retrieved records: 32/0.
 [14:10:30.490] {CMPL123__WF_Step_Extension__c} The total amount of the retrieved records: 47/47.
 [14:10:30.492] newLine
 UPDATING THE TARGET (STAGE 1) ...
 [14:10:30.498] {CMPL123__WF_Rule__c} 5 target records remained untouched, since they do not differ from the corresponding source records.
 [14:10:30.500] {CMPL123__WF_Action__c} 28 target records remained untouched, since they do not differ from the corresponding source records.
 [14:10:30.502] {CMPL123__WF_Status__c} 28 target records remained untouched, since they do not differ from the corresponding source records.
 [14:10:30.509] {CMPL123__WF_Step__c} Amount of records to Insert: 2.
 [14:10:30.511] {CMPL123__WF_Step__c} The Insert API operation has been started using REST API.
 [14:10:30.513] [Job# REST:Insert] {CMPL123__WF_Step__c} The job has been created. Uploading data ...
 [14:10:32.124] {CMPL123__WF_Step__c} The Insert API operation has been completed.
 [14:10:32.128] {CMPL123__WF_Step__c} Amount of records to Update: 15.
 [14:10:32.131] {CMPL123__WF_Step__c} The Update API operation has been started using REST API.
 [14:10:32.133] [Job# REST:Update] {CMPL123__WF_Step__c} The job has been created. Uploading data ...
 [14:10:33.446] {CMPL123__WF_Step__c} The Update API operation has been completed.
 [14:10:33.451] {CMPL123__WF_Step__c} 36 target records remained untouched, since they do not differ from the corresponding source records.
 [14:10:33.453] {CMPL123__WF_Step__c} The Target has been updated. Totally processed 17 records.
 [14:10:33.455] newLine
 [14:10:33.457] {CMPL123__WF_Phase__c} 14 target records remained untouched, since they do not differ from the corresponding source records.
 [14:10:33.460] {CMPL123__WF_Rule_Phase__c} 15 target records remained untouched, since they do not differ from the corresponding source records.
 [14:10:33.462] {CMPL123__WF_Phase_Status__c} 26 target records remained untouched, since they do not differ from the corresponding source records.
 [14:10:33.465] {CMPL123__X123Task__c} 7 target records remained untouched, since they do not differ from the corresponding source records.
 [14:10:33.468] {CMPL123__X123Job__c} 7 target records remained untouched, since they do not differ from the corresponding source records.
 [14:10:33.471] {CMPL123__Valid_Child_Status__c} Amount of records to Insert: 32.
 [14:10:33.474] {CMPL123__Valid_Child_Status__c} The Insert API operation has been started using REST API.
 [14:10:33.475] [Job# REST:Insert] {CMPL123__Valid_Child_Status__c} The job has been created. Uploading data ...
 [14:10:34.278] {CMPL123__Valid_Child_Status__c} The Insert API operation has been completed.
 [14:10:34.285] {CMPL123__Valid_Child_Status__c} The Target has been updated. Totally processed 32 records.
 [14:10:34.287] newLine
 [14:10:34.292] {CMPL123__WF_Step_Extension__c} 47 target records remained untouched, since they do not differ from the corresponding source records.
 [14:10:34.294] newLine
 [14:10:34.296] The Target (STAGE 1) has been updated. Totally processed 49 records.
 [14:10:34.297] newLine
 UPDATING THE TARGET (STAGE 2) ...
 [14:10:34.300] newLine
 [14:10:34.302] PASS 1
 =============
 [14:10:34.310] {CMPL123__WF_Step__c} 36 target records remained untouched, since they do not differ from the corresponding source records.
 [14:10:34.313] {CMPL123__WF_Rule_Phase__c} 15 target records remained untouched, since they do not differ from the corresponding source records.
 [14:10:34.315] {CMPL123__WF_Phase_Status__c} 26 target records remained untouched, since they do not differ from the corresponding source records.
 [14:10:34.317] {CMPL123__X123Job__c} 7 target records remained untouched, since they do not differ from the corresponding source records.
 [14:10:34.321] {CMPL123__WF_Step_Extension__c} 47 target records remained untouched, since they do not differ from the corresponding source records.
 [14:10:34.323] newLine
 [14:10:34.324] PASS 2
 =============
 [14:10:34.332] {CMPL123__WF_Step__c} 36 target records remained untouched, since they do not differ from the corresponding source records.
 [14:10:34.334] {CMPL123__WF_Rule_Phase__c} 15 target records remained untouched, since they do not differ from the corresponding source records.
 [14:10:34.336] {CMPL123__WF_Phase_Status__c} 26 target records remained untouched, since they do not differ from the corresponding source records.
 [14:10:34.339] {CMPL123__X123Job__c} 7 target records remained untouched, since they do not differ from the corresponding source records.
 [14:10:34.342] {CMPL123__WF_Step_Extension__c} 47 target records remained untouched, since they do not differ from the corresponding source records.
 [14:10:34.344] newLine
 [14:10:34.346] Nothing was updated.
 [14:10:34.347] newLine
 TRIGGERING ADD-ON EVENTS ...
 [14:10:34.351] No Add-On modules found to run.
 [14:10:34.352] newLine
 [14:10:34.354] newLine
 DATA PROCESSING SUMMARY.
 [14:10:34.357] {CMPL123__WF_Rule__c} Totally processed 0 records.
 [14:10:34.358] {CMPL123__WF_Step__c} Totally processed 17 records.
 [14:10:34.360] {CMPL123__Record_Access_Rule__c} Totally processed 0 records.
 [14:10:34.364] {CMPL123__WF_Action__c} Totally processed 0 records.
 [14:10:34.365] {CMPL123__WF_Status__c} Totally processed 0 records.
 [14:10:34.367] {CMPL123__WF_Phase__c} Totally processed 0 records.
 [14:10:34.369] {CMPL123__WF_Rule_Phase__c} Totally processed 0 records.
 [14:10:34.371] {CMPL123__WF_Phase_Status__c} Totally processed 0 records.
 [14:10:34.373] {CMPL123__Context_Based_Security__c} Totally processed 0 records.
 [14:10:34.375] {CMPL123__X123Task__c} Totally processed 0 records.
 [14:10:34.377] {CMPL123__X123Job__c} Totally processed 0 records.
 [14:10:34.378] {CMPL123__Job_Field_Map__c} Totally processed 0 records.
 [14:10:34.380] {CMPL123__Valid_Child_Status__c} Totally processed 32 records.
 [14:10:34.381] {CMPL123__WF_Step_Extension__c} Totally processed 0 records.
 [14:10:34.383] newLine
 [14:10:34.385] Writing to C:\SalesForce\olympus-dx\sfdmu-data\MissingParentRecordsReport.csv ...
 [14:10:34.388] newLine
 [14:10:34.389] newLine
 TRIGGERING ADD-ON EVENTS ...
 [14:10:34.393] No Add-On modules found to run.
 [14:10:34.394] newLine

 [14:10:34.422] Command succeeded.
 [14:10:34.424] Execution of the command sfdmu:run has been completed. Exit code 0 (SUCCESS).
 [14:10:34.426] Total time elapsed: 00h 00m 41s 595ms .