
 [12:59:03.426] Execution of the command sfdmu:run has been started.
 [12:59:03.466] newLine
 LOADING AND VALIDATING THE EXPORT.JSON SCRIPT ...
 [12:59:03.508] newLine
 OBJECT SET #1 STARTED
 [12:59:03.512] newLine
 {
   "Running Plugin version": "4.33.15"
}
 {
   "Running Add-On API version": "1.5.0"
}
 [12:59:03.549] newLine
 [12:59:03.552] Loading Core Add-On Module declarations ...
 [12:59:03.805] Connecting to the olympus-qa using SFDX sf org display ...
 [12:59:10.324] Successfully connected to the olympus-qa.
 {
   "Source": "olympus-qa.",
   "Target": "csvfile.",
   "Package script": "C:\\SalesForce\\olympus-dx\\sfdmu-data\\export.json."
}
 [12:59:11.928] newLine
 GETTING AND ANALYSING OBJECT METADATA ...
 [12:59:11.931] Processing the object CMPL123__WF_Rule__c ...
 [12:59:11.934] Fetching metadata of the CMPL123__WF_Rule__c (Source) ...
 [12:59:13.291] Processing the object CMPL123__WF_Step__c ...
 [12:59:13.294] Fetching metadata of the CMPL123__WF_Step__c (Source) ...
 [12:59:15.287] Processing the object CMPL123__WF_Phase__c ...
 [12:59:15.289] Fetching metadata of the CMPL123__WF_Phase__c (Source) ...
 [12:59:16.564] Processing the object CMPL123__WF_Rule_Phase__c ...
 [12:59:16.567] Fetching metadata of the CMPL123__WF_Rule_Phase__c (Source) ...
 [12:59:17.872] Processing the object CMPL123__WF_Phase_Status__c ...
 [12:59:17.874] Fetching metadata of the CMPL123__WF_Phase_Status__c (Source) ...
 [12:59:18.557] Processing the object CMPL123__Context_Based_Security__c ...
 [12:59:18.559] Fetching metadata of the CMPL123__Context_Based_Security__c (Source) ...
 [12:59:19.821] Processing the object CMPL123__Job_Field_Map__c ...
 [12:59:19.823] Fetching metadata of the CMPL123__Job_Field_Map__c (Source) ...
 [12:59:21.86] Processing the object CMPL123__Record_Access_Rule__c ...
 [12:59:21.89] Fetching metadata of the CMPL123__Record_Access_Rule__c (Source) ...
 [12:59:22.18] Processing the object CMPL123__Valid_Child_Status__c ...
 [12:59:22.21] Fetching metadata of the CMPL123__Valid_Child_Status__c (Source) ...
 [12:59:23.308] Processing the object CMPL123__WF_Action__c ...
 [12:59:23.311] Fetching metadata of the CMPL123__WF_Action__c (Source) ...
 [12:59:24.93] Processing the object CMPL123__WF_Status__c ...
 [12:59:24.95] Fetching metadata of the CMPL123__WF_Status__c (Source) ...
 [12:59:24.922] Processing the object CMPL123__X123Job__c ...
 [12:59:24.924] Fetching metadata of the CMPL123__X123Job__c (Source) ...
 [12:59:26.116] Processing the object CMPL123__X123Task__c ...
 [12:59:26.118] Fetching metadata of the CMPL123__X123Task__c (Source) ...
 [12:59:27.106] Processing the object CMPL123__WF_Step_Extension__c ...
 [12:59:27.108] Fetching metadata of the CMPL123__WF_Step_Extension__c (Source) ...
 [12:59:27.936] Fetching metadata of the Group (Source) ...
 [12:59:28.780] Processing the object CMPL123__WF_Step_Extension__c ...
 [12:59:28.784] Processing the object CMPL123__X123Task__c ...
 [12:59:28.785] Processing the object CMPL123__X123Job__c ...
 [12:59:28.787] Processing the object CMPL123__WF_Status__c ...
 [12:59:28.788] Processing the object CMPL123__WF_Action__c ...
 [12:59:28.790] Processing the object CMPL123__Valid_Child_Status__c ...
 [12:59:28.794] Processing the object CMPL123__Record_Access_Rule__c ...
 [12:59:28.796] Processing the object CMPL123__Job_Field_Map__c ...
 [12:59:28.798] Processing the object CMPL123__Context_Based_Security__c ...
 [12:59:28.800] Processing the object CMPL123__WF_Phase_Status__c ...
 [12:59:28.802] Processing the object CMPL123__WF_Rule_Phase__c ...
 [12:59:28.804] Processing the object CMPL123__WF_Phase__c ...
 [12:59:28.805] Processing the object CMPL123__WF_Step__c ...
 [12:59:28.808] Processing the object CMPL123__WF_Rule__c ...
 [12:59:28.812] newLine
 PREPARING DATA MIGRATION JOB ...
 [12:59:28.815] Building the migration strategy ...
 {
   "Order of objects to query": "CMPL123__WF_Rule__c; CMPL123__WF_Step__c; CMPL123__Record_Access_Rule__c; CMPL123__WF_Action__c; CMPL123__WF_Status__c; CMPL123__WF_Phase__c; CMPL123__WF_Rule_Phase__c; CMPL123__WF_Phase_Status__c; CMPL123__Context_Based_Security__c; CMPL123__X123Task__c; CMPL123__X123Job__c; CMPL123__Job_Field_Map__c; CMPL123__Valid_Child_Status__c; CMPL123__WF_Step_Extension__c"
}
 {
   "Order of objects to delete": "CMPL123__WF_Step_Extension__c; CMPL123__Valid_Child_Status__c; CMPL123__Record_Access_Rule__c; CMPL123__Job_Field_Map__c; CMPL123__X123Job__c; CMPL123__X123Task__c; CMPL123__Context_Based_Security__c; CMPL123__WF_Phase_Status__c; CMPL123__WF_Rule_Phase__c; CMPL123__WF_Phase__c; CMPL123__WF_Step__c; CMPL123__WF_Status__c; CMPL123__WF_Action__c; CMPL123__WF_Rule__c"
}
 {
   "Order of objects to update": "CMPL123__WF_Rule__c; CMPL123__WF_Action__c; CMPL123__WF_Status__c; CMPL123__WF_Step__c; CMPL123__WF_Phase__c; CMPL123__WF_Rule_Phase__c; CMPL123__WF_Phase_Status__c; CMPL123__Context_Based_Security__c; CMPL123__X123Task__c; CMPL123__X123Job__c; CMPL123__Job_Field_Map__c; CMPL123__Record_Access_Rule__c; CMPL123__Valid_Child_Status__c; CMPL123__WF_Step_Extension__c"
}
 [12:59:28.831] Preparing of the data migration job has been completed.
 [12:59:28.834] newLine
 ANALYSING DATA...
 [12:59:29.129] {CMPL123__WF_Rule__c} The original query string of this object is returning 5 records from the Source org.
 [12:59:29.851] {CMPL123__WF_Action__c} The original query string of this object is returning 230 records from the Source org.
 [12:59:30.117] {CMPL123__WF_Status__c} The original query string of this object is returning 162 records from the Source org.
 [12:59:30.411] {CMPL123__WF_Step__c} The original query string of this object is returning 53 records from the Source org.
 [12:59:31.114] {CMPL123__WF_Phase__c} The original query string of this object is returning 45 records from the Source org.
 [12:59:31.384] {CMPL123__WF_Rule_Phase__c} The original query string of this object is returning 64 records from the Source org.
 [12:59:31.655] {CMPL123__WF_Phase_Status__c} The original query string of this object is returning 103 records from the Source org.
 [12:59:31.919] {CMPL123__Context_Based_Security__c} The original query string of this object is returning 0 records from the Source org.
 [12:59:32.193] {CMPL123__X123Task__c} The original query string of this object is returning 13 records from the Source org.
 [12:59:32.889] {CMPL123__X123Job__c} The original query string of this object is returning 14 records from the Source org.
 [12:59:33.151] {CMPL123__Job_Field_Map__c} The original query string of this object is returning 6 records from the Source org.
 [12:59:33.418] {CMPL123__Record_Access_Rule__c} The original query string of this object is returning 0 records from the Source org.
 [12:59:33.696] {CMPL123__Valid_Child_Status__c} The original query string of this object is returning 258 records from the Source org.
 [12:59:34.389] {CMPL123__WF_Step_Extension__c} The original query string of this object is returning 86 records from the Source org.
 [12:59:34.391] newLine
 TRIGGERING ADD-ON EVENTS ...
 [12:59:34.395] No Add-On modules found to run.
 [12:59:34.396] newLine
 [12:59:34.398] Ready to process the data.
 [12:59:34.400] newLine
 DELETING OLD DATA FROM THE TARGET ...
 [12:59:34.403] {CMPL123__WF_Step_Extension__c} No records to delete.
 [12:59:34.404] {CMPL123__Valid_Child_Status__c} No records to delete.
 [12:59:34.405] {CMPL123__Record_Access_Rule__c} No records to delete.
 [12:59:34.407] {CMPL123__Job_Field_Map__c} No records to delete.
 [12:59:34.408] {CMPL123__X123Job__c} No records to delete.
 [12:59:34.409] {CMPL123__X123Task__c} No records to delete.
 [12:59:34.411] {CMPL123__Context_Based_Security__c} No records to delete.
 [12:59:34.413] {CMPL123__WF_Phase_Status__c} No records to delete.
 [12:59:34.415] {CMPL123__WF_Rule_Phase__c} No records to delete.
 [12:59:34.416] {CMPL123__WF_Phase__c} No records to delete.
 [12:59:34.418] {CMPL123__WF_Step__c} No records to delete.
 [12:59:34.419] {CMPL123__WF_Status__c} No records to delete.
 [12:59:34.421] {CMPL123__WF_Action__c} No records to delete.
 [12:59:34.422] {CMPL123__WF_Rule__c} No records to delete.
 [12:59:34.424] Deleting data was skipped.
 [12:59:34.426] newLine
 SOURCE:
 =============
 [12:59:34.432] newLine
 FETCHING THE DATA (STAGE 1) ...
 [12:59:34.438] {CMPL123__WF_Rule__c} Fetching the Source data from Org (STAGE 1: all records) ...
 [12:59:34.440] {CMPL123__WF_Rule__c} Query string: SELECT Id, Name, CMPL123__WF_Rule_External_Id__c, CMPL123__Description__c, CMPL123__Has_Cycle_Time_Metrics_Fields__c, CMPL123__Has_Multiple_Actions__c, CMPL123__Is_Active__c, CMPL123__Record_Type__c, CMPL123__Target_Object__c, CMPL123__Target_Object_... FROM  CMPL123__WF_Rule__c WHERE Name in ('Due Diligence Workflow', 'eMDR Workflow', 'Assessment (US MDR)', 'Investigation Workflow', 'Inquiry Workflow').
 [12:59:34.448] {CMPL123__WF_Rule__c} Using REST API to retrieve the data ...
 [12:59:35.168] {CMPL123__WF_Rule__c} Data retrieval (Source) has been completed. Got 5 new records.
 [12:59:35.171] {CMPL123__WF_Step__c} Fetching the Source data from Org (STAGE 1: all records) ...
 [12:59:35.173] {CMPL123__WF_Step__c} Query string: SELECT Id, CMPL123__WF_Step_External_Id__c, CMPL123__WF_Rule__c, CMPL123__Action__c, CMPL123__Are_Child_Files_Locked__c, CMPL123__Are_Child_Records_Locked__c, CMPL123__End_Status__c, CMPL123__Is_Record_Lock_Required__c, CMPL123__Is_Related_Lists_Lock... FROM  CMPL123__WF_Step__c WHERE CMPL123__WF_Rule__r.Name in ('Due Diligence Workflow', 'eMDR Workflow', 'Assessment (US MDR)', 'Investigation Workflow', 'Inquiry Workflow').
 [12:59:35.183] {CMPL123__WF_Step__c} Using REST API to retrieve the data ...
 [12:59:36.534] {CMPL123__WF_Step__c} Data retrieval (Source) has been completed. Got 53 new records.
 [12:59:36.537] {CMPL123__Record_Access_Rule__c} Fetching the Source data from Org (STAGE 1: all records) ...
 [12:59:36.539] {CMPL123__Record_Access_Rule__c} Query string: SELECT Id, Name, CMPL123__Record_Access_Rule_External_Id__c, CMPL123__API_Path_to_User_Relationship__c, CMPL123__Active_of_the_rule__c, CMPL123__Apex_Sharing_Reason__c, CMPL123__Child_Objects__c, CMPL123__Target_Object__c, CMPL123__User_Field_Name__c... FROM  CMPL123__Record_Access_Rule__c.
 [12:59:36.541] {CMPL123__Record_Access_Rule__c} Using REST API to retrieve the data ...
 [12:59:36.813] {CMPL123__Record_Access_Rule__c} Data retrieval (Source) has been completed. Got 0 new records.
 [12:59:36.817] Data retrieval (STAGE 1) has been completed.
 [12:59:36.819] newLine
 FETCHING THE DATA (STAGE 2) ...
 [12:59:36.822] PASS 1
 =============
 [12:59:36.826] {CMPL123__WF_Rule_Phase__c} Fetching the Source data from Org (STAGE 2: filtered records) ...
 [12:59:36.828] {CMPL123__WF_Rule_Phase__c} Query string: SELECT Id, Name, CMPL123__WF_Rule_Phase_External_Id__c, CMPL123__Order__c, CMPL123__Workflow_Phase__c, CMPL123__Workflow_Rule__c, CMPL123__Workflow_Phase__r.CMPL123__WF_Phase_External_Id__c, CMPL123__Workflow_Rule__r.CMPL123__WF_Rule_External_Id__c  FROM  CMPL123__WF_Rule_Phase__c WHERE CMPL123__Workflow_Rule__c IN ('a1I7E000001YNlEUAW', 'a1I7E000001YNlIUAW', 'a1I7E000001YNlJUAW', 'a1I7E000001YNlOUAW', 'a1I7E000001YNlTUAW').
 [12:59:36.832] {CMPL123__WF_Rule_Phase__c} Using REST API to retrieve the data ...
 [12:59:37.263] {CMPL123__WF_Rule_Phase__c} Data retrieval (Source) has been completed. Got 15 new records.
 [12:59:37.266] {CMPL123__WF_Phase_Status__c} Fetching the Source data from Org (STAGE 2: filtered records) ...
 [12:59:37.267] {CMPL123__WF_Phase_Status__c} Query string: SELECT Id, CMPL123__WF_Phase_Status_External_Id__c, CMPL123__Workflow_Rule_Phase__c, CMPL123__Workflow_Status__c, Workflow_Phase__c, Workflow_Rule__c, Workflow_Status_hyperlink__c, CMPL123__Workflow_Rule_Phase__r.CMPL123__WF_Rule_Phase_External_Id__c... FROM  CMPL123__WF_Phase_Status__c WHERE CMPL123__Workflow_Rule_Phase__c IN ('a1H7E000003UbMpUAK', 'a1H7E000003UbMqUAK', 'a1H7E000003UbMrUAK', 'a1H7E000003UbMyUAK', 'a1H7E000003UbMzUAK', 'a1H7E000003UbN0UAK', 'a1H7E000003UbNDUA0', 'a1H7E000003UbNJUA0', 'a1....
 [12:59:37.273] {CMPL123__WF_Phase_Status__c} Using REST API to retrieve the data ...
 [12:59:37.722] {CMPL123__WF_Phase_Status__c} Data retrieval (Source) has been completed. Got 26 new records.
 [12:59:37.725] {CMPL123__Context_Based_Security__c} Fetching the Source data from Org (STAGE 2: filtered records) ...
 [12:59:37.727] {CMPL123__Context_Based_Security__c} Query string: SELECT Id, Name, CMPL123__Access_Type__c, CMPL123__Config_Deploy_Id__c, CMPL123__Initial_CBS__c, CMPL123__User_Field_On_Record__c, CMPL123__Workflow_Rule__c, CMPL123__Workflow_Step__c, CMPL123__Corresponding_Object__c, CMPL123__Workflow_Rule__r.CMPL1... FROM  CMPL123__Context_Based_Security__c WHERE CMPL123__Workflow_Rule__c IN ('a1I7E000001YNlEUAW', 'a1I7E000001YNlIUAW', 'a1I7E000001YNlJUAW', 'a1I7E000001YNlOUAW', 'a1I7E000001YNlTUAW').
 [12:59:37.730] {CMPL123__Context_Based_Security__c} Using REST API to retrieve the data ...
 [12:59:38.34] {CMPL123__Context_Based_Security__c} Query string: SELECT Id, Name, CMPL123__Access_Type__c, CMPL123__Config_Deploy_Id__c, CMPL123__Initial_CBS__c, CMPL123__User_Field_On_Record__c, CMPL123__Workflow_Rule__c, CMPL123__Workflow_Step__c, CMPL123__Corresponding_Object__c, CMPL123__Workflow_Rule__r.CMPL1... FROM  CMPL123__Context_Based_Security__c WHERE CMPL123__Workflow_Step__c IN ('a1L7E000001q66yUAA', 'a1L7E000001q672UAA', 'a1L7E000001q674UAA', 'a1L7E000001q675UAA', 'a1L7E000001q676UAA', 'a1L7E000001q67AUAQ', 'a1L7E000001q67DUAQ', 'a1L7E000001q67GUAQ', 'a....
 [12:59:38.41] {CMPL123__Context_Based_Security__c} Using REST API to retrieve the data ...
 [12:59:38.342] {CMPL123__Context_Based_Security__c} Data retrieval (Source) has been completed. Got 0 new records.
 [12:59:38.344] {CMPL123__X123Job__c} Fetching the Source data from Org (STAGE 2: filtered records) ...
 [12:59:38.346] {CMPL123__X123Job__c} Query string: SELECT Id, Name, CMPL123__Job_External_Id__c, CMPL123__Child_Filter_Condition__c, CMPL123__Description__c, CMPL123__Is_Active__c, CMPL123__Job_Type__c, CMPL123__Related_Task__c, CMPL123__Workflow_Step__c, CMPL123__Related_Task__r.CMPL123__Task_Extern... FROM  CMPL123__X123Job__c WHERE CMPL123__Workflow_Step__c IN ('a1L7E000001q66yUAA', 'a1L7E000001q672UAA', 'a1L7E000001q674UAA', 'a1L7E000001q675UAA', 'a1L7E000001q676UAA', 'a1L7E000001q67AUAQ', 'a1L7E000001q67DUAQ', 'a1L7E000001q67GUAQ', 'a1L7E000001q67PU....
 [12:59:38.348] {CMPL123__X123Job__c} Using REST API to retrieve the data ...
 [12:59:38.791] {CMPL123__X123Job__c} Data retrieval (Source) has been completed. Got 7 new records.
 [12:59:38.793] {CMPL123__Job_Field_Map__c} Fetching the Source data from Org (STAGE 2: filtered records) ...
 [12:59:38.795] {CMPL123__Job_Field_Map__c} Query string: SELECT Id, Name, CMPL123__Job_Field_Map_External_Id__c, CMPL123__Data_Type__c, CMPL123__Field_Name__c, CMPL123__Is_Dynamic__c, CMPL123__Object_Name__c, CMPL123__Parent_Job__c, CMPL123__Relationship_Name__c, CMPL123__Value__c, CMPL123__Parent_Job__r.C... FROM  CMPL123__Job_Field_Map__c WHERE CMPL123__Parent_Job__c IN ('a1M7E000003l4VGUAY', 'a1M7E000003l4VLUAY', 'a1M7E000003l4VOUAY', 'a1M7E000003l4VPUAY', 'a1M7E000003l4VQUAY', 'a1M7E000003l4VSUAY', 'a1M7E000003l4VTUAY').
 [12:59:38.797] {CMPL123__Job_Field_Map__c} Using REST API to retrieve the data ...
 [12:59:39.71] {CMPL123__Job_Field_Map__c} Data retrieval (Source) has been completed. Got 0 new records.
 [12:59:39.75] {CMPL123__Valid_Child_Status__c} Fetching the Source data from Org (STAGE 2: filtered records) ...
 [12:59:39.77] {CMPL123__Valid_Child_Status__c} Query string: SELECT Id, Name, CMPL123__Valid_Child_Status_External_Id__c, CMPL123__Parent_Workflow_Step__c, CMPL123__Child_Relationship__c, CMPL123__Description__c, CMPL123__Required_Child_Workflow_Status__c, Child_Workflow_Status__c, Parent_Workflow_Action__c, P... FROM  CMPL123__Valid_Child_Status__c WHERE CMPL123__Parent_Workflow_Step__c IN ('a1L7E000001q66yUAA', 'a1L7E000001q672UAA', 'a1L7E000001q674UAA', 'a1L7E000001q675UAA', 'a1L7E000001q676UAA', 'a1L7E000001q67AUAQ', 'a1L7E000001q67DUAQ', 'a1L7E000001q67GUAQ',....
 [12:59:39.80] {CMPL123__Valid_Child_Status__c} Using REST API to retrieve the data ...
 [12:59:39.690] {CMPL123__Valid_Child_Status__c} Data retrieval (Source) has been completed. Got 32 new records.
 [12:59:39.694] {CMPL123__WF_Step_Extension__c} Fetching the Source data from Org (STAGE 2: filtered records) ...
 [12:59:39.696] {CMPL123__WF_Step_Extension__c} Query string: SELECT Id, Name, CMPL123__External_Id__c, CMPL123__Parent_Workflow_Step__c, CMPL123__Apply_To_Automated_User__c, CMPL123__Are_Child_Files_Locked__c, CMPL123__Is_Record_Lock_Required__c, CMPL123__Is_Related_Lists_Locked__c, CMPL123__Object_Related_Lis... FROM  CMPL123__WF_Step_Extension__c WHERE CMPL123__Parent_Workflow_Step__c IN ('a1L7E000001q66yUAA', 'a1L7E000001q672UAA', 'a1L7E000001q674UAA', 'a1L7E000001q675UAA', 'a1L7E000001q676UAA', 'a1L7E000001q67AUAQ', 'a1L7E000001q67DUAQ', 'a1L7E000001q67GUAQ', ....
 [12:59:39.700] {CMPL123__WF_Step_Extension__c} Using REST API to retrieve the data ...
 [12:59:40.274] {CMPL123__WF_Step_Extension__c} Data retrieval (Source) has been completed. Got 47 new records.
 [12:59:40.276] newLine
 [12:59:40.278] PASS 2
 =============
 [12:59:40.282] No records
 [12:59:40.283] newLine
 [12:59:40.285] PASS 3
 =============
 [12:59:40.289] {CMPL123__WF_Action__c} Fetching the Source data from Org (STAGE 1: filtered records) ...
 [12:59:40.291] {CMPL123__WF_Action__c} Query string: SELECT Id, Name, CMPL123__WF_Action_External_Id__c, CMPL123__Action_Custom_Label__c, CMPL123__Comment_Type__c, CMPL123__Description__c, CMPL123__E_Sign_Message_Custom_Label__c, CMPL123__Esign_Message__c, CMPL123__Generic_Comment__c, CMPL123__Is_Comme... FROM  CMPL123__WF_Action__c WHERE Id IN ('a1D7E000005ysZKUAY', 'a1D7E000005ysZNUAY', 'a1D7E000005ysZOUAY', 'a1D7E000005ysZPUAY', 'a1D7E000005ysZeUAI', 'a1D7E000005ysZvUAI', 'a1D7E000005ysa1UAA', 'a1D7E000005ysa3UAA', 'a1D7E000005ysa5UAA', 'a1D7E000005ysaI....
 [12:59:40.293] {CMPL123__WF_Action__c} Using REST API to retrieve the data ...
 [12:59:40.708] {CMPL123__WF_Action__c} Data retrieval (Source) has been completed. Got 28 new records.
 [12:59:40.710] {CMPL123__WF_Status__c} Fetching the Source data from Org (STAGE 1: filtered records) ...
 [12:59:40.712] {CMPL123__WF_Status__c} Query string: SELECT Id, Name, CMPL123__WF_Status_External_Id__c, CMPL123__Description__c, CMPL123__Status_Custom_Label__c  FROM  CMPL123__WF_Status__c WHERE Id IN ('a1J7E000004ekepUAA', 'a1J7E000004ekcdUAA', 'a1J7E000004ekcmUAA', 'a1J7E000004ekcqUAA', 'a1J7E000004ekcZUAQ', 'a1J7E000004ekcoUAA', 'a1J7E000004ekcrUAA', 'a1J7E000004ekceUAA', 'a1J7E000004ekdRUAQ', 'a1J7E000004ekdJ....
 [12:59:40.714] {CMPL123__WF_Status__c} Using REST API to retrieve the data ...
 [12:59:41.129] {CMPL123__WF_Status__c} Data retrieval (Source) has been completed. Got 28 new records.
 [12:59:41.132] {CMPL123__WF_Phase__c} Fetching the Source data from Org (STAGE 1: filtered records) ...
 [12:59:41.134] {CMPL123__WF_Phase__c} Query string: SELECT Id, Name, CMPL123__WF_Phase_External_Id__c, CMPL123__Description__c, CMPL123__Phase_Custom_Label__c, CMPL123__Work_Instructions_Custom_Label__c, CMPL123__Work_Instructions_HTML__c, CMPL123__Work_Instructions__c  FROM  CMPL123__WF_Phase__c WHERE Id IN ('a1G7E000002PhWYUA0', 'a1G7E000002PhWeUAK', 'a1G7E000002PhWUUA0', 'a1G7E000002PhWkUAK', 'a1G7E000002PhWlUAK', 'a1G7E000002PhWjUAK', 'a1G7E000002PhX7UAK', 'a1G7E000002PhWmUAK', 'a1G7E000002PhWnUAK', 'a1G7E000002PhWoU....
 [12:59:41.137] {CMPL123__WF_Phase__c} Using REST API to retrieve the data ...
 [12:59:41.562] {CMPL123__WF_Phase__c} Data retrieval (Source) has been completed. Got 14 new records.
 [12:59:41.564] {CMPL123__WF_Rule_Phase__c} Fetching the Source data from Org (STAGE 1: filtered records) ...
 [12:59:41.566] {CMPL123__WF_Rule_Phase__c} Query string: SELECT Id, Name, CMPL123__WF_Rule_Phase_External_Id__c, CMPL123__Order__c, CMPL123__Workflow_Phase__c, CMPL123__Workflow_Rule__c, CMPL123__Workflow_Phase__r.CMPL123__WF_Phase_External_Id__c, CMPL123__Workflow_Rule__r.CMPL123__WF_Rule_External_Id__c  FROM  CMPL123__WF_Rule_Phase__c WHERE Id IN ('a1H7E000003UbMrUAK', 'a1H7E000003UbMqUAK', 'a1H7E000003UbMpUAK', 'a1H7E000003UbN0UAK', 'a1H7E000003UbNUUA0', 'a1H7E000003UbMzUAK', 'a1H7E000003UbMyUAK', 'a1H7E000003UbNVUA0', 'a1H7E000003UbNLUA0', 'a1H7E000003....
 [12:59:41.567] {CMPL123__WF_Rule_Phase__c} Using REST API to retrieve the data ...
 [12:59:42.112] {CMPL123__WF_Rule_Phase__c} Data retrieval (Source) has been completed. Got 0 new records.
 [12:59:42.115] {CMPL123__X123Task__c} Fetching the Source data from Org (STAGE 1: filtered records) ...
 [12:59:42.118] {CMPL123__X123Task__c} Query string: SELECT Id, Name, CMPL123__Task_External_Id__c, CMPL123__Allow_Partial_Processing_for_123_Tasks__c, CMPL123__Description__c, CMPL123__Is_Active__c, CMPL123__Key_Value__c, CMPL123__Related_Object__c  FROM  CMPL123__X123Task__c WHERE Id IN ('a1N7E000005WNvtUAG', 'a1N7E000005WNvxUAG', 'a1N7E000005WNvsUAG', 'a1N7E000005WNvwUAG', 'a1N7E000005WNvpUAG', 'a1N7E000005WNvyUAG', 'a1N7E000005WNvqUAG').
 [12:59:42.120] {CMPL123__X123Task__c} Using REST API to retrieve the data ...
 [12:59:42.539] {CMPL123__X123Task__c} Data retrieval (Source) has been completed. Got 7 new records.
 [12:59:42.542] newLine
 [12:59:42.543] PASS 4
 =============
 [12:59:42.548] No records
 [12:59:42.550] newLine
 TARGET:
 =============
 [12:59:42.554] No records
 [12:59:42.555] Data retrieval (STAGE 2) has been completed.
 [12:59:42.557] newLine
 TRIGGERING ADD-ON EVENTS ...
 [12:59:42.560] No Add-On modules found to run.
 [12:59:42.562] newLine
 [12:59:42.563] newLine
 DATA RETRIEVAL SUMMARY.
 [12:59:42.567] {CMPL123__WF_Rule__c} The total amount of the retrieved records: 5/0.
 [12:59:42.568] {CMPL123__WF_Step__c} The total amount of the retrieved records: 53/0.
 [12:59:42.570] {CMPL123__Record_Access_Rule__c} The total amount of the retrieved records: 0/0.
 [12:59:42.571] {CMPL123__WF_Action__c} The total amount of the retrieved records: 28/0.
 [12:59:42.573] {CMPL123__WF_Status__c} The total amount of the retrieved records: 28/0.
 [12:59:42.574] {CMPL123__WF_Phase__c} The total amount of the retrieved records: 14/0.
 [12:59:42.576] {CMPL123__WF_Rule_Phase__c} The total amount of the retrieved records: 15/0.
 [12:59:42.577] {CMPL123__WF_Phase_Status__c} The total amount of the retrieved records: 26/0.
 [12:59:42.579] {CMPL123__Context_Based_Security__c} The total amount of the retrieved records: 0/0.
 [12:59:42.580] {CMPL123__X123Task__c} The total amount of the retrieved records: 7/0.
 [12:59:42.581] {CMPL123__X123Job__c} The total amount of the retrieved records: 7/0.
 [12:59:42.583] {CMPL123__Job_Field_Map__c} The total amount of the retrieved records: 0/0.
 [12:59:42.584] {CMPL123__Valid_Child_Status__c} The total amount of the retrieved records: 32/0.
 [12:59:42.585] {CMPL123__WF_Step_Extension__c} The total amount of the retrieved records: 47/0.
 [12:59:42.588] newLine
 UPDATING THE TARGET (STAGE 1) ...
 [12:59:42.591] {CMPL123__WF_Rule__c} Creating the file C:\SalesForce\olympus-dx\sfdmu-data\CMPL123__WF_Rule__c.csv ...
 [12:59:42.604] {CMPL123__WF_Rule__c} The Target has been updated. Totally processed 5 records.
 [12:59:42.606] newLine
 [12:59:42.608] {CMPL123__WF_Action__c} Creating the file C:\SalesForce\olympus-dx\sfdmu-data\CMPL123__WF_Action__c.csv ...
 [12:59:42.619] {CMPL123__WF_Action__c} The Target has been updated. Totally processed 28 records.
 [12:59:42.621] newLine
 [12:59:42.623] {CMPL123__WF_Status__c} Creating the file C:\SalesForce\olympus-dx\sfdmu-data\CMPL123__WF_Status__c.csv ...
 [12:59:42.647] {CMPL123__WF_Status__c} The Target has been updated. Totally processed 28 records.
 [12:59:42.649] newLine
 [12:59:42.651] {CMPL123__WF_Step__c} Creating the file C:\SalesForce\olympus-dx\sfdmu-data\CMPL123__WF_Step__c.csv ...
 [12:59:42.675] {CMPL123__WF_Step__c} The Target has been updated. Totally processed 53 records.
 [12:59:42.679] newLine
 [12:59:42.683] {CMPL123__WF_Phase__c} Creating the file C:\SalesForce\olympus-dx\sfdmu-data\CMPL123__WF_Phase__c.csv ...
 [12:59:42.693] {CMPL123__WF_Phase__c} The Target has been updated. Totally processed 14 records.
 [12:59:42.694] newLine
 [12:59:42.696] {CMPL123__WF_Rule_Phase__c} Creating the file C:\SalesForce\olympus-dx\sfdmu-data\CMPL123__WF_Rule_Phase__c.csv ...
 [12:59:42.707] {CMPL123__WF_Rule_Phase__c} The Target has been updated. Totally processed 15 records.
 [12:59:42.709] newLine
 [12:59:42.711] {CMPL123__WF_Phase_Status__c} Creating the file C:\SalesForce\olympus-dx\sfdmu-data\CMPL123__WF_Phase_Status__c.csv ...
 [12:59:42.721] {CMPL123__WF_Phase_Status__c} The Target has been updated. Totally processed 26 records.
 [12:59:42.723] newLine
 [12:59:42.725] {CMPL123__Context_Based_Security__c} Creating the file C:\SalesForce\olympus-dx\sfdmu-data\CMPL123__Context_Based_Security__c.csv ...
 [12:59:42.730] {CMPL123__X123Task__c} Creating the file C:\SalesForce\olympus-dx\sfdmu-data\CMPL123__X123Task__c.csv ...
 [12:59:42.738] {CMPL123__X123Task__c} The Target has been updated. Totally processed 7 records.
 [12:59:42.740] newLine
 [12:59:42.742] {CMPL123__X123Job__c} Creating the file C:\SalesForce\olympus-dx\sfdmu-data\CMPL123__X123Job__c.csv ...
 [12:59:42.750] {CMPL123__X123Job__c} The Target has been updated. Totally processed 7 records.
 [12:59:42.752] newLine
 [12:59:42.754] {CMPL123__Job_Field_Map__c} Creating the file C:\SalesForce\olympus-dx\sfdmu-data\CMPL123__Job_Field_Map__c.csv ...
 [12:59:42.760] {CMPL123__Record_Access_Rule__c} Creating the file C:\SalesForce\olympus-dx\sfdmu-data\CMPL123__Record_Access_Rule__c.csv ...
 [12:59:42.765] {CMPL123__Valid_Child_Status__c} Creating the file C:\SalesForce\olympus-dx\sfdmu-data\CMPL123__Valid_Child_Status__c.csv ...
 [12:59:42.776] {CMPL123__Valid_Child_Status__c} The Target has been updated. Totally processed 32 records.
 [12:59:42.777] newLine
 [12:59:42.779] {CMPL123__WF_Step_Extension__c} Creating the file C:\SalesForce\olympus-dx\sfdmu-data\CMPL123__WF_Step_Extension__c.csv ...
 [12:59:42.789] {CMPL123__WF_Step_Extension__c} The Target has been updated. Totally processed 47 records.
 [12:59:42.791] newLine
 [12:59:42.793] newLine
 [12:59:42.794] The Target (STAGE 1) has been updated. Totally processed 262 records.
 [12:59:42.796] newLine
 UPDATING THE TARGET (STAGE 2) ...
 [12:59:42.800] newLine
 [12:59:42.802] Nothing was updated.
 [12:59:42.804] newLine
 TRIGGERING ADD-ON EVENTS ...
 [12:59:42.807] No Add-On modules found to run.
 [12:59:42.809] newLine
 [12:59:42.810] newLine
 DATA PROCESSING SUMMARY.
 [12:59:42.813] {CMPL123__WF_Rule__c} Totally processed 5 records.
 [12:59:42.816] {CMPL123__WF_Step__c} Totally processed 53 records.
 [12:59:42.818] {CMPL123__Record_Access_Rule__c} Totally processed 0 records.
 [12:59:42.820] {CMPL123__WF_Action__c} Totally processed 28 records.
 [12:59:42.821] {CMPL123__WF_Status__c} Totally processed 28 records.
 [12:59:42.823] {CMPL123__WF_Phase__c} Totally processed 14 records.
 [12:59:42.825] {CMPL123__WF_Rule_Phase__c} Totally processed 15 records.
 [12:59:42.826] {CMPL123__WF_Phase_Status__c} Totally processed 26 records.
 [12:59:42.828] {CMPL123__Context_Based_Security__c} Totally processed 0 records.
 [12:59:42.832] {CMPL123__X123Task__c} Totally processed 7 records.
 [12:59:42.834] {CMPL123__X123Job__c} Totally processed 7 records.
 [12:59:42.836] {CMPL123__Job_Field_Map__c} Totally processed 0 records.
 [12:59:42.837] {CMPL123__Valid_Child_Status__c} Totally processed 32 records.
 [12:59:42.839] {CMPL123__WF_Step_Extension__c} Totally processed 47 records.
 [12:59:42.841] newLine
 [12:59:42.843] Writing to C:\SalesForce\olympus-dx\sfdmu-data\MissingParentRecordsReport.csv ...
 [12:59:42.846] newLine
 [12:59:42.848] newLine
 TRIGGERING ADD-ON EVENTS ...
 [12:59:42.852] No Add-On modules found to run.
 [12:59:42.854] newLine

 [12:59:42.883] Command succeeded.
 [12:59:42.885] Execution of the command sfdmu:run has been completed. Exit code 0 (SUCCESS).
 [12:59:42.888] Total time elapsed: 00h 00m 39s 461ms .