
 [21:16:48.329] Execution of the command sfdmu:run has been started.
 [21:16:48.335] newLine
 LOADING AND VALIDATING THE EXPORT.JSON SCRIPT ...
 [21:16:48.353] newLine
 OBJECT SET #1 STARTED
 [21:16:48.359] newLine
 {
   "Running Plugin version": "4.33.17"
}
 {
   "Running Add-On API version": "1.5.0"
}
 [21:16:48.370] newLine
 [21:16:48.372] Loading Core Add-On Module declarations ...
 [21:16:48.679] Connecting to the triagbckup using SFDX sf org display ...
 [21:16:55.553] Successfully connected to the triagbckup.
 {
   "Source": "csvfile.",
   "Target": "triagbckup.",
   "Package script": "C:\\Users\\Himanshu.Desai\\Documents\\GitHub\\GCHS-Release-1\\sfdmu-data\\export.json."
}
 [21:16:56.939] newLine
 GETTING AND ANALYSING OBJECT METADATA ...
 [21:16:56.943] Processing the object CMPL123__WF_Rule__c ...
 [21:16:56.946] Fetching metadata of the CMPL123__WF_Rule__c (Target) ...
 [21:16:58.175] Processing the object CMPL123__WF_Step__c ...
 [21:16:58.178] Fetching metadata of the CMPL123__WF_Step__c (Target) ...
 [21:16:58.835] Processing the object CMPL123__WF_Phase__c ...
 [21:16:58.838] Fetching metadata of the CMPL123__WF_Phase__c (Target) ...
 [21:16:59.835] Processing the object CMPL123__WF_Rule_Phase__c ...
 [21:16:59.838] Fetching metadata of the CMPL123__WF_Rule_Phase__c (Target) ...
 [21:17:00.304] Processing the object CMPL123__WF_Phase_Status__c ...
 [21:17:00.307] Fetching metadata of the CMPL123__WF_Phase_Status__c (Target) ...
 [21:17:00.773] Processing the object CMPL123__Context_Based_Security__c ...
 [21:17:00.775] Fetching metadata of the CMPL123__Context_Based_Security__c (Target) ...
 [21:17:01.524] Processing the object CMPL123__Job_Field_Map__c ...
 [21:17:01.527] Fetching metadata of the CMPL123__Job_Field_Map__c (Target) ...
 [21:17:02.282] Processing the object CMPL123__Record_Access_Rule__c ...
 [21:17:02.284] Fetching metadata of the CMPL123__Record_Access_Rule__c (Target) ...
 [21:17:03.11] Processing the object CMPL123__Valid_Child_Status__c ...
 [21:17:03.14] Fetching metadata of the CMPL123__Valid_Child_Status__c (Target) ...
 [21:17:03.751] Processing the object CMPL123__WF_Action__c ...
 [21:17:03.753] Fetching metadata of the CMPL123__WF_Action__c (Target) ...
 [21:17:04.474] Processing the object CMPL123__WF_Status__c ...
 [21:17:04.477] Fetching metadata of the CMPL123__WF_Status__c (Target) ...
 [21:17:05.471] Processing the object CMPL123__X123Job__c ...
 [21:17:05.474] Fetching metadata of the CMPL123__X123Job__c (Target) ...
 [21:17:05.912] Processing the object CMPL123__X123Task__c ...
 [21:17:05.914] Fetching metadata of the CMPL123__X123Task__c (Target) ...
 [21:17:06.385] Processing the object CMPL123__WF_Step_Extension__c ...
 [21:17:06.387] Fetching metadata of the CMPL123__WF_Step_Extension__c (Target) ...
 [21:17:06.826] Processing the object CMPL123__AuditTrail_Config__c ...
 [21:17:06.829] Fetching metadata of the CMPL123__AuditTrail_Config__c (Target) ...
 [21:17:07.250] Fetching metadata of the Group (Target) ...
 [21:17:07.691] Processing the object CMPL123__AuditTrail_Config__c ...
 [21:17:07.693] Processing the object CMPL123__WF_Step_Extension__c ...
 [21:17:07.696] Processing the object CMPL123__X123Task__c ...
 [21:17:07.698] Processing the object CMPL123__X123Job__c ...
 [21:17:07.700] Processing the object CMPL123__WF_Status__c ...
 [21:17:07.703] Processing the object CMPL123__WF_Action__c ...
 [21:17:07.705] Processing the object CMPL123__Valid_Child_Status__c ...
 [21:17:07.707] Processing the object CMPL123__Record_Access_Rule__c ...
 [21:17:07.709] Processing the object CMPL123__Job_Field_Map__c ...
 [21:17:07.712] Processing the object CMPL123__Context_Based_Security__c ...
 [21:17:07.714] Processing the object CMPL123__WF_Phase_Status__c ...
 [21:17:07.716] Processing the object CMPL123__WF_Rule_Phase__c ...
 [21:17:07.719] Processing the object CMPL123__WF_Phase__c ...
 [21:17:07.721] Processing the object CMPL123__WF_Step__c ...
 [21:17:07.724] Processing the object CMPL123__WF_Rule__c ...
 [21:17:07.727] newLine
 PREPARING DATA MIGRATION JOB ...
 [21:17:07.732] Building the migration strategy ...
 {
   "Order of objects to query": "CMPL123__WF_Rule__c; CMPL123__WF_Step__c; CMPL123__Record_Access_Rule__c; CMPL123__AuditTrail_Config__c; CMPL123__WF_Action__c; CMPL123__WF_Status__c; CMPL123__WF_Phase__c; CMPL123__WF_Rule_Phase__c; CMPL123__WF_Phase_Status__c; CMPL123__Context_Based_Security__c; CMPL123__X123Task__c; CMPL123__X123Job__c; CMPL123__Job_Field_Map__c; CMPL123__Valid_Child_Status__c; CMPL123__WF_Step_Extension__c"
}
 {
   "Order of objects to delete": "CMPL123__AuditTrail_Config__c; CMPL123__WF_Step_Extension__c; CMPL123__Valid_Child_Status__c; CMPL123__Record_Access_Rule__c; CMPL123__Job_Field_Map__c; CMPL123__X123Job__c; CMPL123__X123Task__c; CMPL123__Context_Based_Security__c; CMPL123__WF_Phase_Status__c; CMPL123__WF_Rule_Phase__c; CMPL123__WF_Phase__c; CMPL123__WF_Step__c; CMPL123__WF_Status__c; CMPL123__WF_Action__c; CMPL123__WF_Rule__c"
}
 {
   "Order of objects to update": "CMPL123__WF_Rule__c; CMPL123__WF_Action__c; CMPL123__WF_Status__c; CMPL123__WF_Step__c; CMPL123__WF_Phase__c; CMPL123__WF_Rule_Phase__c; CMPL123__WF_Phase_Status__c; CMPL123__Context_Based_Security__c; CMPL123__X123Task__c; CMPL123__X123Job__c; CMPL123__Job_Field_Map__c; CMPL123__Record_Access_Rule__c; CMPL123__Valid_Child_Status__c; CMPL123__WF_Step_Extension__c; CMPL123__AuditTrail_Config__c"
}
 [21:17:07.818] Validation of the source CSV files ...
 [21:17:08.192] Writing to C:\Users\Himanshu.Desai\Documents\GitHub\GCHS-Release-1\sfdmu-data\source\CMPL123__WF_Step__c_source.csv ...
 [21:17:08.220] Writing to C:\Users\Himanshu.Desai\Documents\GitHub\GCHS-Release-1\sfdmu-data\source\CMPL123__WF_Rule_Phase__c_source.csv ...
 [21:17:08.225] Writing to C:\Users\Himanshu.Desai\Documents\GitHub\GCHS-Release-1\sfdmu-data\source\CMPL123__WF_Phase_Status__c_source.csv ...
 [21:17:08.232] Writing to C:\Users\Himanshu.Desai\Documents\GitHub\GCHS-Release-1\sfdmu-data\source\CMPL123__X123Job__c_source.csv ...
 [21:17:08.267] Writing to C:\Users\Himanshu.Desai\Documents\GitHub\GCHS-Release-1\sfdmu-data\source\CMPL123__Valid_Child_Status__c_source.csv ...
 [21:17:08.285] Writing to C:\Users\Himanshu.Desai\Documents\GitHub\GCHS-Release-1\sfdmu-data\source\CMPL123__WF_Step_Extension__c_source.csv ...
 [21:17:08.291] Amount of updated source CSV files: 6.
 [21:17:08.293] No issues were found in the source CSV files.
 [21:17:08.295] Processing the source CSV files has been completed.
 [21:17:08.299] Preparing of the data migration job has been completed.
 [21:17:08.303] newLine
 ANALYSING DATA...
 [21:17:08.507] {CMPL123__WF_Rule__c} The original query string of this object is returning 3 records from the Target org.
 [21:17:08.693] {CMPL123__WF_Action__c} The original query string of this object is returning 230 records from the Target org.
 [21:17:08.839] {CMPL123__WF_Status__c} The original query string of this object is returning 162 records from the Target org.
 [21:17:08.985] {CMPL123__WF_Step__c} The original query string of this object is returning 28 records from the Target org.
 [21:17:09.135] {CMPL123__WF_Phase__c} The original query string of this object is returning 45 records from the Target org.
 [21:17:09.280] {CMPL123__WF_Rule_Phase__c} The original query string of this object is returning 64 records from the Target org.
 [21:17:09.421] {CMPL123__WF_Phase_Status__c} The original query string of this object is returning 103 records from the Target org.
 [21:17:09.561] {CMPL123__Context_Based_Security__c} The original query string of this object is returning 0 records from the Target org.
 [21:17:09.735] {CMPL123__X123Task__c} The original query string of this object is returning 13 records from the Target org.
 [21:17:10.161] {CMPL123__X123Job__c} The original query string of this object is returning 14 records from the Target org.
 [21:17:10.319] {CMPL123__Job_Field_Map__c} The original query string of this object is returning 6 records from the Target org.
 [21:17:10.460] {CMPL123__Record_Access_Rule__c} The original query string of this object is returning 0 records from the Target org.
 [21:17:10.601] {CMPL123__Valid_Child_Status__c} The original query string of this object is returning 258 records from the Target org.
 [21:17:10.738] {CMPL123__WF_Step_Extension__c} The original query string of this object is returning 84 records from the Target org.
 [21:17:10.889] {CMPL123__AuditTrail_Config__c} The original query string of this object is returning 152 records from the Target org.
 [21:17:10.892] newLine
 TRIGGERING ADD-ON EVENTS ...
 [21:17:10.896] No Add-On modules found to run.
 [21:17:10.898] newLine
 [21:17:10.900] Ready to process the data.
 [21:17:10.902] newLine
 DELETING OLD DATA FROM THE TARGET ...
 [21:17:10.906] {CMPL123__AuditTrail_Config__c} No records to delete.
 [21:17:10.907] {CMPL123__WF_Step_Extension__c} No records to delete.
 [21:17:10.909] {CMPL123__Valid_Child_Status__c} Deleting old records from the Target ...
 [21:17:11.157] {CMPL123__Valid_Child_Status__c} Amount of records to delete: 158.
 [21:17:11.165] {CMPL123__Valid_Child_Status__c} The Delete API operation has been started using REST API.
 [21:17:11.168] [Job# REST:Delete] {CMPL123__Valid_Child_Status__c} The job has been created. Uploading data ...
 [21:17:23.712] {CMPL123__Valid_Child_Status__c} The Delete API operation has been completed.
 [21:17:23.726] {CMPL123__Valid_Child_Status__c} Deleting has been completed.
 [21:17:23.728] {CMPL123__Record_Access_Rule__c} No records to delete.
 [21:17:23.730] {CMPL123__Job_Field_Map__c} No records to delete.
 [21:17:23.734] {CMPL123__X123Job__c} No records to delete.
 [21:17:23.736] {CMPL123__X123Task__c} No records to delete.
 [21:17:23.738] {CMPL123__Context_Based_Security__c} No records to delete.
 [21:17:23.740] {CMPL123__WF_Phase_Status__c} No records to delete.
 [21:17:23.741] {CMPL123__WF_Rule_Phase__c} No records to delete.
 [21:17:23.743] {CMPL123__WF_Phase__c} No records to delete.
 [21:17:23.745] {CMPL123__WF_Step__c} No records to delete.
 [21:17:23.747] {CMPL123__WF_Status__c} No records to delete.
 [21:17:23.749] {CMPL123__WF_Action__c} No records to delete.
 [21:17:23.751] {CMPL123__WF_Rule__c} No records to delete.
 [21:17:23.753] Deleting data has been completed.
 [21:17:23.756] newLine
 SOURCE:
 =============
 [21:17:23.761] newLine
 FETCHING THE DATA (STAGE 1) ...
 [21:17:23.766] {CMPL123__WF_Rule__c} Fetching the Source data from CSV file (STAGE 1: all records) ...
 [21:17:23.777] {CMPL123__WF_Rule__c} Data retrieval (Source) has been completed. Got 3 new records.
 [21:17:23.780] {CMPL123__WF_Step__c} Fetching the Source data from CSV file (STAGE 1: all records) ...
 [21:17:23.840] {CMPL123__WF_Step__c} Data retrieval (Source) has been completed. Got 31 new records.
 [21:17:23.843] {CMPL123__Record_Access_Rule__c} Fetching the Source data from CSV file (STAGE 1: all records) ...
 [21:17:23.849] {CMPL123__Record_Access_Rule__c} Data retrieval (Source) has been completed. Got 0 new records.
 [21:17:23.852] {CMPL123__AuditTrail_Config__c} Fetching the Source data from CSV file (STAGE 1: all records) ...
 [21:17:23.893] {CMPL123__AuditTrail_Config__c} Data retrieval (Source) has been completed. Got 152 new records.
 [21:17:23.896] {CMPL123__WF_Action__c} Fetching the Source data from CSV file (STAGE 1: all records) ...
 [21:17:23.907] {CMPL123__WF_Action__c} Data retrieval (Source) has been completed. Got 21 new records.
 [21:17:23.910] {CMPL123__WF_Status__c} Fetching the Source data from CSV file (STAGE 1: all records) ...
 [21:17:23.917] {CMPL123__WF_Status__c} Data retrieval (Source) has been completed. Got 19 new records.
 [21:17:23.920] {CMPL123__WF_Phase__c} Fetching the Source data from CSV file (STAGE 1: all records) ...
 [21:17:23.926] {CMPL123__WF_Phase__c} Data retrieval (Source) has been completed. Got 11 new records.
 [21:17:23.928] {CMPL123__WF_Rule_Phase__c} Fetching the Source data from CSV file (STAGE 1: all records) ...
 [21:17:23.936] {CMPL123__WF_Rule_Phase__c} Data retrieval (Source) has been completed. Got 11 new records.
 [21:17:23.939] {CMPL123__WF_Phase_Status__c} Fetching the Source data from CSV file (STAGE 1: all records) ...
 [21:17:23.949] {CMPL123__WF_Phase_Status__c} Data retrieval (Source) has been completed. Got 18 new records.
 [21:17:23.951] {CMPL123__Context_Based_Security__c} Fetching the Source data from CSV file (STAGE 1: all records) ...
 [21:17:23.957] {CMPL123__Context_Based_Security__c} Data retrieval (Source) has been completed. Got 0 new records.
 [21:17:23.959] {CMPL123__X123Task__c} Fetching the Source data from CSV file (STAGE 1: all records) ...
 [21:17:23.964] {CMPL123__X123Task__c} Data retrieval (Source) has been completed. Got 3 new records.
 [21:17:23.966] {CMPL123__X123Job__c} Fetching the Source data from CSV file (STAGE 1: all records) ...
 [21:17:23.973] {CMPL123__X123Job__c} Data retrieval (Source) has been completed. Got 3 new records.
 [21:17:23.975] {CMPL123__Job_Field_Map__c} Fetching the Source data from CSV file (STAGE 1: all records) ...
 [21:17:23.979] {CMPL123__Job_Field_Map__c} Data retrieval (Source) has been completed. Got 0 new records.
 [21:17:23.981] {CMPL123__Valid_Child_Status__c} Fetching the Source data from CSV file (STAGE 1: all records) ...
 [21:17:24.48] {CMPL123__Valid_Child_Status__c} Data retrieval (Source) has been completed. Got 156 new records.
 [21:17:24.51] {CMPL123__WF_Step_Extension__c} Fetching the Source data from CSV file (STAGE 1: all records) ...
 [21:17:24.63] {CMPL123__WF_Step_Extension__c} Data retrieval (Source) has been completed. Got 20 new records.
 [21:17:24.65] Data retrieval (STAGE 1) has been completed.
 [21:17:24.67] newLine
 FETCHING THE DATA (STAGE 2) ...
 [21:17:24.71] PASS 1
 =============
 [21:17:24.75] No records
 [21:17:24.78] newLine
 [21:17:24.80] PASS 2
 =============
 [21:17:24.84] No records
 [21:17:24.86] newLine
 [21:17:24.87] PASS 3
 =============
 [21:17:24.90] No records
 [21:17:24.92] newLine
 [21:17:24.93] PASS 4
 =============
 [21:17:24.96] No records
 [21:17:24.98] newLine
 TARGET:
 =============
 [21:17:24.105] {CMPL123__WF_Rule__c} Fetching the Target data from Org (STAGE 2: all records) ...
 [21:17:24.107] {CMPL123__WF_Rule__c} Query string: SELECT Id, Name, CMPL123__WF_Rule_External_Id__c, CMPL123__Description__c, CMPL123__Has_Cycle_Time_Metrics_Fields__c, CMPL123__Has_Multiple_Actions__c, CMPL123__Is_Active__c, CMPL123__Record_Type__c, CMPL123__Target_Object__c, CMPL123__Target_Object_... FROM  CMPL123__WF_Rule__c WHERE Name in ('Complaint Workflow', 'Investigation Workflow', 'Regulatory Report Workflow').
 [21:17:24.110] {CMPL123__WF_Rule__c} Using REST API to retrieve the data ...
 [21:17:24.277] {CMPL123__WF_Rule__c} Data retrieval (Target) has been completed. Got 3 new records.
 [21:17:24.281] {CMPL123__WF_Step__c} Fetching the Target data from Org (STAGE 2: all records) ...
 [21:17:24.283] {CMPL123__WF_Step__c} Query string: SELECT Id, CMPL123__WF_Step_External_Id__c, CMPL123__WF_Rule__c, CMPL123__Action__c, CMPL123__Are_Child_Files_Locked__c, CMPL123__Are_Child_Records_Locked__c, CMPL123__End_Status__c, CMPL123__Is_Record_Lock_Required__c, CMPL123__Is_Related_Lists_Lock... FROM  CMPL123__WF_Step__c WHERE CMPL123__WF_Rule__r.Name in ('Complaint Workflow', 'Investigation Workflow', 'Regulatory Report Workflow').
 [21:17:24.290] {CMPL123__WF_Step__c} Using REST API to retrieve the data ...
 [21:17:24.771] {CMPL123__WF_Step__c} Data retrieval (Target) has been completed. Got 28 new records.
 [21:17:24.774] {CMPL123__Record_Access_Rule__c} Fetching the Target data from Org (STAGE 2: all records) ...
 [21:17:24.776] {CMPL123__Record_Access_Rule__c} Query string: SELECT Id, Name, CMPL123__Record_Access_Rule_External_Id__c, CMPL123__API_Path_to_User_Relationship__c, CMPL123__Active_of_the_rule__c, CMPL123__Apex_Sharing_Reason__c, CMPL123__Child_Objects__c, CMPL123__Target_Object__c, CMPL123__User_Field_Name__c... FROM  CMPL123__Record_Access_Rule__c.
 [21:17:24.778] {CMPL123__Record_Access_Rule__c} Using REST API to retrieve the data ...
 [21:17:24.923] {CMPL123__Record_Access_Rule__c} Data retrieval (Target) has been completed. Got 0 new records.
 [21:17:24.925] {CMPL123__AuditTrail_Config__c} Fetching the Target data from Org (STAGE 2: all records) ...
 [21:17:24.927] {CMPL123__AuditTrail_Config__c} Query string: SELECT Id, Name, CMPL123__AuditTrail_External_Id__c, CMPL123__Child_Relationships_Object__c, CMPL123__Fields__c, CMPL123__Is_Active__c, CMPL123__Parent_Relationship_Object__c, CMPL123__RFC_Comment_Fields__c, CMPL123__RFC_Fields__c, CMPL123__Report_Ti... FROM  CMPL123__AuditTrail_Config__c.
 [21:17:24.929] {CMPL123__AuditTrail_Config__c} Using REST API to retrieve the data ...
 [21:17:25.484] {CMPL123__AuditTrail_Config__c} Data retrieval (Target) has been completed. Got 152 new records.
 [21:17:25.488] {CMPL123__WF_Action__c} Fetching the Target data from Org (STAGE 2: filtered records) ...
 [21:17:25.489] {CMPL123__WF_Action__c} Query string: SELECT Id, Name, CMPL123__WF_Action_External_Id__c, CMPL123__Action_Custom_Label__c, CMPL123__Comment_Type__c, CMPL123__Description__c, CMPL123__E_Sign_Message_Custom_Label__c, CMPL123__Esign_Message__c, CMPL123__Generic_Comment__c, CMPL123__Is_Comme... FROM  CMPL123__WF_Action__c WHERE CMPL123__WF_Action_External_Id__c IN ('a1D5r000000hdpgEAA', 'a1D5r000000hjJ9EAI', 'a1D5r000000hqRuEAI', 'a1D5r000000hjEqEAI', 'qpa-common-00032', 'qpa-common-00040', 'qpa-common-00042', 'qpa-common-00044', 'qpa-common-000....
 [21:17:25.498] {CMPL123__WF_Action__c} Using REST API to retrieve the data ...
 [21:17:25.755] {CMPL123__WF_Action__c} Data retrieval (Target) has been completed. Got 21 new records.
 [21:17:25.759] {CMPL123__WF_Status__c} Fetching the Target data from Org (STAGE 2: filtered records) ...
 [21:17:25.761] {CMPL123__WF_Status__c} Query string: SELECT Id, Name, CMPL123__WF_Status_External_Id__c, CMPL123__Description__c, CMPL123__Status_Custom_Label__c  FROM  CMPL123__WF_Status__c WHERE CMPL123__WF_Status_External_Id__c IN ('a1J5r000001NvJyEAK', 'qpa-common-00016', 'qpa-common-00020', 'qpa-common-00021', 'qpa-common-00023', 'qpa-common-00024', 'qpa-common-00029', 'qpa-common-00031', 'qpa-common-00033', '....
 [21:17:25.767] {CMPL123__WF_Status__c} Using REST API to retrieve the data ...
 [21:17:26.297] {CMPL123__WF_Status__c} Data retrieval (Target) has been completed. Got 19 new records.
 [21:17:26.300] {CMPL123__WF_Phase__c} Fetching the Target data from Org (STAGE 2: filtered records) ...
 [21:17:26.301] {CMPL123__WF_Phase__c} Query string: SELECT Id, Name, CMPL123__WF_Phase_External_Id__c, CMPL123__Description__c, CMPL123__Phase_Custom_Label__c, CMPL123__Work_Instructions_Custom_Label__c, CMPL123__Work_Instructions_HTML__c, CMPL123__Work_Instructions__c  FROM  CMPL123__WF_Phase__c WHERE CMPL123__WF_Phase_External_Id__c IN ('qpa-complaints-phase-001', 'qpa-complaints-phase-002', 'qpa-complaints-phase-003', 'qpa-complaints-phase-004', 'qpa-complaints-phase-005', 'qpa-complaints-phase-007', 'qpa-complaints-p....
 [21:17:26.304] {CMPL123__WF_Phase__c} Using REST API to retrieve the data ...
 [21:17:26.552] {CMPL123__WF_Phase__c} Data retrieval (Target) has been completed. Got 11 new records.
 [21:17:26.554] {CMPL123__WF_Rule_Phase__c} Fetching the Target data from Org (STAGE 2: filtered records) ...
 [21:17:26.556] {CMPL123__WF_Rule_Phase__c} Query string: SELECT Id, Name, CMPL123__WF_Rule_Phase_External_Id__c, CMPL123__Order__c, CMPL123__Workflow_Phase__c, CMPL123__Workflow_Rule__c, CMPL123__Workflow_Phase__r.CMPL123__WF_Phase_External_Id__c, CMPL123__Workflow_Rule__r.CMPL123__WF_Rule_External_Id__c  FROM  CMPL123__WF_Rule_Phase__c WHERE CMPL123__WF_Rule_Phase_External_Id__c IN ('a1H5r0000019CIhEAM', 'a1H5r0000019CIiEAM', 'a1H5r0000019CIjEAM', 'qpa-complaints-phrule-001', 'qpa-complaints-phrule-002', 'qpa-complaints-phrule-003', 'qpa-complaints-phrule....
 [21:17:26.559] {CMPL123__WF_Rule_Phase__c} Using REST API to retrieve the data ...
 [21:17:26.742] {CMPL123__WF_Rule_Phase__c} Data retrieval (Target) has been completed. Got 11 new records.
 [21:17:26.745] {CMPL123__WF_Phase_Status__c} Fetching the Target data from Org (STAGE 2: filtered records) ...
 [21:17:26.746] {CMPL123__WF_Phase_Status__c} Query string: SELECT Id, CMPL123__WF_Phase_Status_External_Id__c, CMPL123__Workflow_Rule_Phase__c, CMPL123__Workflow_Status__c, Workflow_Phase__c, Workflow_Rule__c, Workflow_Status_hyperlink__c, CMPL123__Workflow_Rule_Phase__r.CMPL123__WF_Rule_Phase_External_Id__c... FROM  CMPL123__WF_Phase_Status__c WHERE CMPL123__WF_Phase_Status_External_Id__c IN ('a1F5r0000026qj1EAA', 'a1F5r0000026qj0EAA', 'a1F5r0000026qizEAA', 'a1F5r0000026qiyEAA', 'a1F5r0000026ifAEAQ', 'a1F5r0000026if9EAA', 'a1F5r0000026if8EAA', 'a1F5r0000026if7E....
 [21:17:26.750] {CMPL123__WF_Phase_Status__c} Using REST API to retrieve the data ...
 [21:17:27.6] {CMPL123__WF_Phase_Status__c} Data retrieval (Target) has been completed. Got 18 new records.
 [21:17:27.9] {CMPL123__X123Task__c} Fetching the Target data from Org (STAGE 2: filtered records) ...
 [21:17:27.10] {CMPL123__X123Task__c} Query string: SELECT Id, Name, CMPL123__Task_External_Id__c, CMPL123__Allow_Partial_Processing_for_123_Tasks__c, CMPL123__Description__c, CMPL123__Is_Active__c, CMPL123__Key_Value__c, CMPL123__Related_Object__c  FROM  CMPL123__X123Task__c WHERE CMPL123__Task_External_Id__c IN ('a1N5r000001WwqiEAC', 'a1N5r000001WwPxEAK', 'a1N5r000001W2xkEAC').
 [21:17:27.12] {CMPL123__X123Task__c} Using REST API to retrieve the data ...
 [21:17:27.442] {CMPL123__X123Task__c} Data retrieval (Target) has been completed. Got 3 new records.
 [21:17:27.445] {CMPL123__X123Job__c} Fetching the Target data from Org (STAGE 2: filtered records) ...
 [21:17:27.446] {CMPL123__X123Job__c} Query string: SELECT Id, Name, CMPL123__Job_External_Id__c, CMPL123__Child_Filter_Condition__c, CMPL123__Description__c, CMPL123__Is_Active__c, CMPL123__Job_Type__c, CMPL123__Related_Task__c, CMPL123__Workflow_Step__c, CMPL123__Related_Task__r.CMPL123__Task_Extern... FROM  CMPL123__X123Job__c WHERE CMPL123__Job_External_Id__c IN ('a1M5r000000sEtHEAU', 'a1M5r000001tkZjEAI', 'a1M5r000001tkV5EAI').
 [21:17:27.449] {CMPL123__X123Job__c} Using REST API to retrieve the data ...
 [21:17:27.703] {CMPL123__X123Job__c} Data retrieval (Target) has been completed. Got 3 new records.
 [21:17:27.707] {CMPL123__Valid_Child_Status__c} Fetching the Target data from Org (STAGE 2: filtered records) ...
 [21:17:27.709] {CMPL123__Valid_Child_Status__c} Query string: SELECT Id, Name, CMPL123__Valid_Child_Status_External_Id__c, CMPL123__Parent_Workflow_Step__c, CMPL123__Child_Relationship__c, CMPL123__Description__c, CMPL123__Required_Child_Workflow_Status__c, Parent_Workflow_Action__c, Parent_Workflow_Rule__c, Ch... FROM  CMPL123__Valid_Child_Status__c WHERE CMPL123__Valid_Child_Status_External_Id__c IN ('qpa-utility-inv-00001', 'qpa-utility-inv-00002', 'qpa-utility-inv-00003', 'qpa-utility-inv-00004', 'qpa-utility-inv-00005', 'qpa-utility-inv-00006', 'qpa-complaints....
 [21:17:27.716] {CMPL123__Valid_Child_Status__c} Using REST API to retrieve the data ...
 [21:17:27.883] {CMPL123__Valid_Child_Status__c} Data retrieval (Target) has been completed. Got 0 new records.
 [21:17:27.888] {CMPL123__WF_Step_Extension__c} Fetching the Target data from Org (STAGE 2: filtered records) ...
 [21:17:27.890] {CMPL123__WF_Step_Extension__c} Query string: SELECT Id, Name, CMPL123__External_Id__c, CMPL123__Parent_Workflow_Step__c, CMPL123__Apply_To_Automated_User__c, CMPL123__Are_Child_Files_Locked__c, CMPL123__Is_Record_Lock_Required__c, CMPL123__Is_Related_Lists_Locked__c, CMPL123__Object_Related_Lis... FROM  CMPL123__WF_Step_Extension__c WHERE CMPL123__External_Id__c IN ('a1K5r000006ydv3EAA', 'a1K5r000006ytOXEAY', 'a1K5r0000070oWeEAI', 'a1K5r000007070iEAA', 'a1K5r00000707bOEAQ', 'a1K5r00000707y6EAA', 'a1K5r00000707iaEAA', 'a1K5r000006yfFjEAI', 'a1K5r000....
 [21:17:27.895] {CMPL123__WF_Step_Extension__c} Using REST API to retrieve the data ...
 [21:17:28.441] {CMPL123__WF_Step_Extension__c} Data retrieval (Target) has been completed. Got 18 new records.
 [21:17:28.442] Data retrieval (STAGE 2) has been completed.
 [21:17:28.444] newLine
 TRIGGERING ADD-ON EVENTS ...
 [21:17:28.446] No Add-On modules found to run.
 [21:17:28.448] newLine
 [21:17:28.449] newLine
 DATA RETRIEVAL SUMMARY.
 [21:17:28.452] {CMPL123__WF_Rule__c} The total amount of the retrieved records: 3/3.
 [21:17:28.453] {CMPL123__WF_Step__c} The total amount of the retrieved records: 31/28.
 [21:17:28.455] {CMPL123__Record_Access_Rule__c} The total amount of the retrieved records: 0/0.
 [21:17:28.456] {CMPL123__AuditTrail_Config__c} The total amount of the retrieved records: 152/152.
 [21:17:28.457] {CMPL123__WF_Action__c} The total amount of the retrieved records: 21/21.
 [21:17:28.458] {CMPL123__WF_Status__c} The total amount of the retrieved records: 19/19.
 [21:17:28.460] {CMPL123__WF_Phase__c} The total amount of the retrieved records: 11/11.
 [21:17:28.461] {CMPL123__WF_Rule_Phase__c} The total amount of the retrieved records: 11/11.
 [21:17:28.462] {CMPL123__WF_Phase_Status__c} The total amount of the retrieved records: 18/18.
 [21:17:28.463] {CMPL123__Context_Based_Security__c} The total amount of the retrieved records: 0/0.
 [21:17:28.465] {CMPL123__X123Task__c} The total amount of the retrieved records: 3/3.
 [21:17:28.466] {CMPL123__X123Job__c} The total amount of the retrieved records: 3/3.
 [21:17:28.467] {CMPL123__Job_Field_Map__c} The total amount of the retrieved records: 0/0.
 [21:17:28.469] {CMPL123__Valid_Child_Status__c} The total amount of the retrieved records: 156/0.
 [21:17:28.470] {CMPL123__WF_Step_Extension__c} The total amount of the retrieved records: 20/18.
 [21:17:28.472] newLine
 UPDATING THE TARGET (STAGE 1) ...
 [21:17:28.478] {CMPL123__WF_Rule__c} 3 target records remained untouched, since they do not differ from the corresponding source records.
 [21:17:28.480] {CMPL123__WF_Action__c} 21 target records remained untouched, since they do not differ from the corresponding source records.
 [21:17:28.482] {CMPL123__WF_Status__c} 19 target records remained untouched, since they do not differ from the corresponding source records.
 [21:17:28.488] {CMPL123__WF_Step__c} Amount of records to Insert: 3.
 [21:17:28.491] {CMPL123__WF_Step__c} The Insert API operation has been started using REST API.
 [21:17:28.492] [Job# REST:Insert] {CMPL123__WF_Step__c} The job has been created. Uploading data ...
 [21:17:35.983] {CMPL123__WF_Step__c} The Insert API operation has been completed.
 [21:17:35.988] {CMPL123__WF_Step__c} Amount of records to Update: 14.
 [21:17:35.990] {CMPL123__WF_Step__c} The Update API operation has been started using REST API.
 [21:17:35.992] [Job# REST:Update] {CMPL123__WF_Step__c} The job has been created. Uploading data ...
 [21:17:37.427] {CMPL123__WF_Step__c} The Update API operation has been completed.
 [21:17:37.435] {CMPL123__WF_Step__c} 14 target records remained untouched, since they do not differ from the corresponding source records.
 [21:17:37.437] {CMPL123__WF_Step__c} The Target has been updated. Totally processed 17 records.
 [21:17:37.439] newLine
 [21:17:37.441] {CMPL123__WF_Phase__c} 11 target records remained untouched, since they do not differ from the corresponding source records.
 [21:17:37.443] {CMPL123__WF_Rule_Phase__c} 11 target records remained untouched, since they do not differ from the corresponding source records.
 [21:17:37.446] {CMPL123__WF_Phase_Status__c} 18 target records remained untouched, since they do not differ from the corresponding source records.
 [21:17:37.448] {CMPL123__X123Task__c} 3 target records remained untouched, since they do not differ from the corresponding source records.
 [21:17:37.451] {CMPL123__X123Job__c} 3 target records remained untouched, since they do not differ from the corresponding source records.
 [21:17:37.458] {CMPL123__Valid_Child_Status__c} Amount of records to Insert: 156.
 [21:17:37.461] {CMPL123__Valid_Child_Status__c} The Insert API operation has been started using REST API.
 [21:17:37.463] [Job# REST:Insert] {CMPL123__Valid_Child_Status__c} The job has been created. Uploading data ...
 [21:17:39.245] {CMPL123__Valid_Child_Status__c} The Insert API operation has been completed.
 [21:17:39.257] {CMPL123__Valid_Child_Status__c} The Target has been updated. Totally processed 156 records.
 [21:17:39.258] newLine
 [21:17:39.260] {CMPL123__WF_Step_Extension__c} Amount of records to Insert: 2.
 [21:17:39.262] {CMPL123__WF_Step_Extension__c} The Insert API operation has been started using REST API.
 [21:17:39.264] [Job# REST:Insert] {CMPL123__WF_Step_Extension__c} The job has been created. Uploading data ...
 [21:17:45.995] {CMPL123__WF_Step_Extension__c} The Insert API operation has been completed.
 [21:17:46.1] {CMPL123__WF_Step_Extension__c} 18 target records remained untouched, since they do not differ from the corresponding source records.
 [21:17:46.2] {CMPL123__WF_Step_Extension__c} The Target has been updated. Totally processed 2 records.
 [21:17:46.4] newLine
 [21:17:46.8] {CMPL123__AuditTrail_Config__c} Amount of records to Update: 4.
 [21:17:46.11] {CMPL123__AuditTrail_Config__c} The Update API operation has been started using REST API.
 [21:17:46.16] [Job# REST:Update] {CMPL123__AuditTrail_Config__c} The job has been created. Uploading data ...
 [21:17:46.302] {CMPL123__AuditTrail_Config__c} The Update API operation has been completed.
 [21:17:46.307] {CMPL123__AuditTrail_Config__c} 148 target records remained untouched, since they do not differ from the corresponding source records.
 [21:17:46.309] {CMPL123__AuditTrail_Config__c} The Target has been updated. Totally processed 4 records.
 [21:17:46.310] newLine
 [21:17:46.312] newLine
 [21:17:46.313] The Target (STAGE 1) has been updated. Totally processed 179 records.
 [21:17:46.315] newLine
 UPDATING THE TARGET (STAGE 2) ...
 [21:17:46.318] newLine
 [21:17:46.319] PASS 1
 =============
 [21:17:46.325] {CMPL123__WF_Step__c} 14 target records remained untouched, since they do not differ from the corresponding source records.
 [21:17:46.327] {CMPL123__WF_Rule_Phase__c} 11 target records remained untouched, since they do not differ from the corresponding source records.
 [21:17:46.330] {CMPL123__WF_Phase_Status__c} 18 target records remained untouched, since they do not differ from the corresponding source records.
 [21:17:46.331] {CMPL123__X123Job__c} 3 target records remained untouched, since they do not differ from the corresponding source records.
 [21:17:46.337] {CMPL123__WF_Step_Extension__c} 18 target records remained untouched, since they do not differ from the corresponding source records.
 [21:17:46.338] newLine
 [21:17:46.340] PASS 2
 =============
 [21:17:46.346] {CMPL123__WF_Step__c} 14 target records remained untouched, since they do not differ from the corresponding source records.
 [21:17:46.348] {CMPL123__WF_Rule_Phase__c} 11 target records remained untouched, since they do not differ from the corresponding source records.
 [21:17:46.351] {CMPL123__WF_Phase_Status__c} 18 target records remained untouched, since they do not differ from the corresponding source records.
 [21:17:46.353] {CMPL123__X123Job__c} 3 target records remained untouched, since they do not differ from the corresponding source records.
 [21:17:46.363] {CMPL123__WF_Step_Extension__c} 18 target records remained untouched, since they do not differ from the corresponding source records.
 [21:17:46.365] newLine
 [21:17:46.366] Nothing was updated.
 [21:17:46.368] newLine
 TRIGGERING ADD-ON EVENTS ...
 [21:17:46.371] No Add-On modules found to run.
 [21:17:46.372] newLine
 [21:17:46.374] newLine
 DATA PROCESSING SUMMARY.
 [21:17:46.377] {CMPL123__WF_Rule__c} Totally processed 0 records.
 [21:17:46.378] {CMPL123__WF_Step__c} Totally processed 17 records.
 [21:17:46.379] {CMPL123__Record_Access_Rule__c} Totally processed 0 records.
 [21:17:46.381] {CMPL123__AuditTrail_Config__c} Totally processed 4 records.
 [21:17:46.382] {CMPL123__WF_Action__c} Totally processed 0 records.
 [21:17:46.384] {CMPL123__WF_Status__c} Totally processed 0 records.
 [21:17:46.385] {CMPL123__WF_Phase__c} Totally processed 0 records.
 [21:17:46.386] {CMPL123__WF_Rule_Phase__c} Totally processed 0 records.
 [21:17:46.388] {CMPL123__WF_Phase_Status__c} Totally processed 0 records.
 [21:17:46.389] {CMPL123__Context_Based_Security__c} Totally processed 0 records.
 [21:17:46.391] {CMPL123__X123Task__c} Totally processed 0 records.
 [21:17:46.392] {CMPL123__X123Job__c} Totally processed 0 records.
 [21:17:46.394] {CMPL123__Job_Field_Map__c} Totally processed 0 records.
 [21:17:46.395] {CMPL123__Valid_Child_Status__c} Totally processed 156 records.
 [21:17:46.397] {CMPL123__WF_Step_Extension__c} Totally processed 2 records.
 [21:17:46.398] newLine
 [21:17:46.400] Writing to C:\Users\Himanshu.Desai\Documents\GitHub\GCHS-Release-1\sfdmu-data\MissingParentRecordsReport.csv ...
 [21:17:46.403] newLine
 [21:17:46.405] newLine
 TRIGGERING ADD-ON EVENTS ...
 [21:17:46.408] No Add-On modules found to run.
 [21:17:46.409] newLine

 [21:17:46.434] Command succeeded.
 [21:17:46.436] Execution of the command sfdmu:run has been completed. Exit code 0 (SUCCESS).
 [21:17:46.438] Total time elapsed: 00h 00m 58s 108ms .