
 [20:18:32.908] Execution of the command sfdmu:run has been started.
 [20:18:32.921] newLine
 LOADING AND VALIDATING THE EXPORT.JSON SCRIPT ...
 [20:18:32.970] newLine
 OBJECT SET #1 STARTED
 [20:18:32.986] newLine
 {
   "Running Plugin version": "4.33.17"
}
 {
   "Running Add-On API version": "1.5.0"
}
 [20:18:33.12] newLine
 [20:18:33.26] Loading Core Add-On Module declarations ...
 [20:18:33.40] 

### The job is running in the SIMULATION MODE ###


 [20:18:33.459] Connecting to the cmownbckup using SFDX sf org display ...
 [20:18:40.291] Successfully connected to the cmownbckup.
 {
   "Source": "csvfile.",
   "Target": "cmownbckup.",
   "Package script": "C:\\Users\\Himanshu.Desai\\Documents\\GitHub\\GCHS-Release-1\\sfdmu-data\\export.json."
}
 [20:18:43.347] newLine
 GETTING AND ANALYSING OBJECT METADATA ...
 [20:18:43.351] Processing the object CMPL123__WF_Rule__c ...
 [20:18:43.354] Fetching metadata of the CMPL123__WF_Rule__c (Target) ...
 [20:18:44.695] Processing the object CMPL123__WF_Step__c ...
 [20:18:44.698] Fetching metadata of the CMPL123__WF_Step__c (Target) ...
 [20:18:46.22] Processing the object CMPL123__WF_Phase__c ...
 [20:18:46.24] Fetching metadata of the CMPL123__WF_Phase__c (Target) ...
 [20:18:47.355] Processing the object CMPL123__WF_Rule_Phase__c ...
 [20:18:47.358] Fetching metadata of the CMPL123__WF_Rule_Phase__c (Target) ...
 [20:18:48.135] Processing the object CMPL123__WF_Phase_Status__c ...
 [20:18:48.139] Fetching metadata of the CMPL123__WF_Phase_Status__c (Target) ...
 [20:18:48.598] Processing the object CMPL123__Context_Based_Security__c ...
 [20:18:48.601] Fetching metadata of the CMPL123__Context_Based_Security__c (Target) ...
 [20:18:49.57] Processing the object CMPL123__Job_Field_Map__c ...
 [20:18:49.60] Fetching metadata of the CMPL123__Job_Field_Map__c (Target) ...
 [20:18:49.707] Processing the object CMPL123__Record_Access_Rule__c ...
 [20:18:49.710] Fetching metadata of the CMPL123__Record_Access_Rule__c (Target) ...
 [20:18:51.14] Processing the object CMPL123__Valid_Child_Status__c ...
 [20:18:51.17] Fetching metadata of the CMPL123__Valid_Child_Status__c (Target) ...
 [20:18:52.36] Processing the object CMPL123__WF_Action__c ...
 [20:18:52.40] Fetching metadata of the CMPL123__WF_Action__c (Target) ...
 [20:18:53.46] Processing the object CMPL123__WF_Status__c ...
 [20:18:53.48] Fetching metadata of the CMPL123__WF_Status__c (Target) ...
 [20:18:54.14] Processing the object CMPL123__X123Job__c ...
 [20:18:54.17] Fetching metadata of the CMPL123__X123Job__c (Target) ...
 [20:18:54.509] Processing the object CMPL123__X123Task__c ...
 [20:18:54.512] Fetching metadata of the CMPL123__X123Task__c (Target) ...
 [20:18:55.559] Processing the object CMPL123__WF_Step_Extension__c ...
 [20:18:55.562] Fetching metadata of the CMPL123__WF_Step_Extension__c (Target) ...
 [20:18:56.545] Processing the object CMPL123__AuditTrail_Config__c ...
 [20:18:56.548] Fetching metadata of the CMPL123__AuditTrail_Config__c (Target) ...
 [20:18:57.222] Fetching metadata of the Group (Target) ...
 [20:18:57.869] Processing the object CMPL123__AuditTrail_Config__c ...
 [20:18:57.872] Processing the object CMPL123__WF_Step_Extension__c ...
 [20:18:57.875] Processing the object CMPL123__X123Task__c ...
 [20:18:57.877] Processing the object CMPL123__X123Job__c ...
 [20:18:57.879] Processing the object CMPL123__WF_Status__c ...
 [20:18:57.881] Processing the object CMPL123__WF_Action__c ...
 [20:18:57.883] Processing the object CMPL123__Valid_Child_Status__c ...
 [20:18:57.886] Processing the object CMPL123__Record_Access_Rule__c ...
 [20:18:57.888] Processing the object CMPL123__Job_Field_Map__c ...
 [20:18:57.890] Processing the object CMPL123__Context_Based_Security__c ...
 [20:18:57.893] Processing the object CMPL123__WF_Phase_Status__c ...
 [20:18:57.895] Processing the object CMPL123__WF_Rule_Phase__c ...
 [20:18:57.897] Processing the object CMPL123__WF_Phase__c ...
 [20:18:57.899] Processing the object CMPL123__WF_Step__c ...
 [20:18:57.901] Processing the object CMPL123__WF_Rule__c ...
 [20:18:57.905] newLine
 PREPARING DATA MIGRATION JOB ...
 [20:18:57.908] Building the migration strategy ...
 {
   "Order of objects to query": "CMPL123__WF_Rule__c; CMPL123__WF_Step__c; CMPL123__Record_Access_Rule__c; CMPL123__AuditTrail_Config__c; CMPL123__WF_Action__c; CMPL123__WF_Status__c; CMPL123__WF_Phase__c; CMPL123__WF_Rule_Phase__c; CMPL123__WF_Phase_Status__c; CMPL123__Context_Based_Security__c; CMPL123__X123Task__c; CMPL123__X123Job__c; CMPL123__Job_Field_Map__c; CMPL123__Valid_Child_Status__c; CMPL123__WF_Step_Extension__c"
}
 {
   "Order of objects to delete": "CMPL123__AuditTrail_Config__c; CMPL123__WF_Step_Extension__c; CMPL123__Valid_Child_Status__c; CMPL123__Record_Access_Rule__c; CMPL123__Job_Field_Map__c; CMPL123__X123Job__c; CMPL123__X123Task__c; CMPL123__Context_Based_Security__c; CMPL123__WF_Phase_Status__c; CMPL123__WF_Rule_Phase__c; CMPL123__WF_Phase__c; CMPL123__WF_Step__c; CMPL123__WF_Status__c; CMPL123__WF_Action__c; CMPL123__WF_Rule__c"
}
 {
   "Order of objects to update": "CMPL123__WF_Rule__c; CMPL123__WF_Action__c; CMPL123__WF_Status__c; CMPL123__WF_Step__c; CMPL123__WF_Phase__c; CMPL123__WF_Rule_Phase__c; CMPL123__WF_Phase_Status__c; CMPL123__Context_Based_Security__c; CMPL123__X123Task__c; CMPL123__X123Job__c; CMPL123__Job_Field_Map__c; CMPL123__Record_Access_Rule__c; CMPL123__Valid_Child_Status__c; CMPL123__WF_Step_Extension__c; CMPL123__AuditTrail_Config__c"
}
 [20:18:57.990] Validation of the source CSV files ...
 [20:18:58.439] Writing to C:\Users\Himanshu.Desai\Documents\GitHub\GCHS-Release-1\sfdmu-data\source\CMPL123__WF_Step__c_source.csv ...
 [20:18:58.496] Writing to C:\Users\Himanshu.Desai\Documents\GitHub\GCHS-Release-1\sfdmu-data\source\CMPL123__WF_Rule_Phase__c_source.csv ...
 [20:18:58.533] Writing to C:\Users\Himanshu.Desai\Documents\GitHub\GCHS-Release-1\sfdmu-data\source\CMPL123__WF_Phase_Status__c_source.csv ...
 [20:18:58.541] Writing to C:\Users\Himanshu.Desai\Documents\GitHub\GCHS-Release-1\sfdmu-data\source\CMPL123__X123Job__c_source.csv ...
 [20:18:58.547] Writing to C:\Users\Himanshu.Desai\Documents\GitHub\GCHS-Release-1\sfdmu-data\source\CMPL123__Valid_Child_Status__c_source.csv ...
 [20:18:58.570] Writing to C:\Users\Himanshu.Desai\Documents\GitHub\GCHS-Release-1\sfdmu-data\source\CMPL123__WF_Step_Extension__c_source.csv ...
 [20:18:58.577] Amount of updated source CSV files: 6.
 [20:18:58.580] No issues were found in the source CSV files.
 [20:18:58.582] Processing the source CSV files has been completed.
 [20:18:58.584] Preparing of the data migration job has been completed.
 [20:18:58.587] newLine
 ANALYSING DATA...
 [20:18:58.755] {CMPL123__WF_Rule__c} The original query string of this object is returning 3 records from the Target org.
 [20:18:58.896] {CMPL123__WF_Action__c} The original query string of this object is returning 230 records from the Target org.
 [20:18:59.41] {CMPL123__WF_Status__c} The original query string of this object is returning 162 records from the Target org.
 [20:18:59.199] {CMPL123__WF_Step__c} The original query string of this object is returning 28 records from the Target org.
 [20:18:59.344] {CMPL123__WF_Phase__c} The original query string of this object is returning 45 records from the Target org.
 [20:18:59.487] {CMPL123__WF_Rule_Phase__c} The original query string of this object is returning 64 records from the Target org.
 [20:18:59.627] {CMPL123__WF_Phase_Status__c} The original query string of this object is returning 103 records from the Target org.
 [20:18:59.766] {CMPL123__Context_Based_Security__c} The original query string of this object is returning 0 records from the Target org.
 [20:18:59.907] {CMPL123__X123Task__c} The original query string of this object is returning 13 records from the Target org.
 [20:19:00.52] {CMPL123__X123Job__c} The original query string of this object is returning 14 records from the Target org.
 [20:19:00.192] {CMPL123__Job_Field_Map__c} The original query string of this object is returning 6 records from the Target org.
 [20:19:00.344] {CMPL123__Record_Access_Rule__c} The original query string of this object is returning 0 records from the Target org.
 [20:19:00.500] {CMPL123__Valid_Child_Status__c} The original query string of this object is returning 258 records from the Target org.
 [20:19:00.643] {CMPL123__WF_Step_Extension__c} The original query string of this object is returning 84 records from the Target org.
 [20:19:00.781] {CMPL123__AuditTrail_Config__c} The original query string of this object is returning 152 records from the Target org.
 [20:19:00.784] newLine
 TRIGGERING ADD-ON EVENTS ...
 [20:19:00.789] No Add-On modules found to run.
 [20:19:00.791] newLine
 [20:19:00.793] Ready to process the data.
 [20:19:00.795] newLine
 DELETING OLD DATA FROM THE TARGET ...
 [20:19:00.799] {CMPL123__AuditTrail_Config__c} No records to delete.
 [20:19:00.804] {CMPL123__WF_Step_Extension__c} No records to delete.
 [20:19:00.807] {CMPL123__Valid_Child_Status__c} Deleting old records from the Target ...
 [20:19:01.88] {CMPL123__Valid_Child_Status__c} Amount of records to delete: 158.
 [20:19:01.95] {CMPL123__Valid_Child_Status__c} The Delete API operation has been started using REST API (SIMULATION MODE).
 [20:19:01.97] {CMPL123__Valid_Child_Status__c} The Delete API operation has been completed.
 [20:19:01.107] {CMPL123__Valid_Child_Status__c} Deleting has been completed.
 [20:19:01.108] {CMPL123__Record_Access_Rule__c} No records to delete.
 [20:19:01.110] {CMPL123__Job_Field_Map__c} No records to delete.
 [20:19:01.112] {CMPL123__X123Job__c} No records to delete.
 [20:19:01.114] {CMPL123__X123Task__c} No records to delete.
 [20:19:01.116] {CMPL123__Context_Based_Security__c} No records to delete.
 [20:19:01.118] {CMPL123__WF_Phase_Status__c} No records to delete.
 [20:19:01.119] {CMPL123__WF_Rule_Phase__c} No records to delete.
 [20:19:01.121] {CMPL123__WF_Phase__c} No records to delete.
 [20:19:01.123] {CMPL123__WF_Step__c} No records to delete.
 [20:19:01.125] {CMPL123__WF_Status__c} No records to delete.
 [20:19:01.128] {CMPL123__WF_Action__c} No records to delete.
 [20:19:01.131] {CMPL123__WF_Rule__c} No records to delete.
 [20:19:01.134] Deleting data has been completed.
 [20:19:01.139] newLine
 SOURCE:
 =============
 [20:19:01.151] newLine
 FETCHING THE DATA (STAGE 1) ...
 [20:19:01.159] {CMPL123__WF_Rule__c} Fetching the Source data from CSV file (STAGE 1: all records) ...
 [20:19:01.167] {CMPL123__WF_Rule__c} Data retrieval (Source) has been completed. Got 3 new records.
 [20:19:01.170] {CMPL123__WF_Step__c} Fetching the Source data from CSV file (STAGE 1: all records) ...
 [20:19:01.203] {CMPL123__WF_Step__c} Data retrieval (Source) has been completed. Got 31 new records.
 [20:19:01.206] {CMPL123__Record_Access_Rule__c} Fetching the Source data from CSV file (STAGE 1: all records) ...
 [20:19:01.210] {CMPL123__Record_Access_Rule__c} Data retrieval (Source) has been completed. Got 0 new records.
 [20:19:01.212] {CMPL123__AuditTrail_Config__c} Fetching the Source data from CSV file (STAGE 1: all records) ...
 [20:19:01.308] {CMPL123__AuditTrail_Config__c} Data retrieval (Source) has been completed. Got 152 new records.
 [20:19:01.312] {CMPL123__WF_Action__c} Fetching the Source data from CSV file (STAGE 1: all records) ...
 [20:19:01.327] {CMPL123__WF_Action__c} Data retrieval (Source) has been completed. Got 21 new records.
 [20:19:01.330] {CMPL123__WF_Status__c} Fetching the Source data from CSV file (STAGE 1: all records) ...
 [20:19:01.344] {CMPL123__WF_Status__c} Data retrieval (Source) has been completed. Got 19 new records.
 [20:19:01.348] {CMPL123__WF_Phase__c} Fetching the Source data from CSV file (STAGE 1: all records) ...
 [20:19:01.355] {CMPL123__WF_Phase__c} Data retrieval (Source) has been completed. Got 11 new records.
 [20:19:01.360] {CMPL123__WF_Rule_Phase__c} Fetching the Source data from CSV file (STAGE 1: all records) ...
 [20:19:01.371] {CMPL123__WF_Rule_Phase__c} Data retrieval (Source) has been completed. Got 11 new records.
 [20:19:01.375] {CMPL123__WF_Phase_Status__c} Fetching the Source data from CSV file (STAGE 1: all records) ...
 [20:19:01.444] {CMPL123__WF_Phase_Status__c} Data retrieval (Source) has been completed. Got 18 new records.
 [20:19:01.451] {CMPL123__Context_Based_Security__c} Fetching the Source data from CSV file (STAGE 1: all records) ...
 [20:19:01.456] {CMPL123__Context_Based_Security__c} Data retrieval (Source) has been completed. Got 0 new records.
 [20:19:01.458] {CMPL123__X123Task__c} Fetching the Source data from CSV file (STAGE 1: all records) ...
 [20:19:01.462] {CMPL123__X123Task__c} Data retrieval (Source) has been completed. Got 3 new records.
 [20:19:01.464] {CMPL123__X123Job__c} Fetching the Source data from CSV file (STAGE 1: all records) ...
 [20:19:01.468] {CMPL123__X123Job__c} Data retrieval (Source) has been completed. Got 3 new records.
 [20:19:01.470] {CMPL123__Job_Field_Map__c} Fetching the Source data from CSV file (STAGE 1: all records) ...
 [20:19:01.474] {CMPL123__Job_Field_Map__c} Data retrieval (Source) has been completed. Got 0 new records.
 [20:19:01.476] {CMPL123__Valid_Child_Status__c} Fetching the Source data from CSV file (STAGE 1: all records) ...
 [20:19:01.517] {CMPL123__Valid_Child_Status__c} Data retrieval (Source) has been completed. Got 156 new records.
 [20:19:01.520] {CMPL123__WF_Step_Extension__c} Fetching the Source data from CSV file (STAGE 1: all records) ...
 [20:19:01.526] {CMPL123__WF_Step_Extension__c} Data retrieval (Source) has been completed. Got 20 new records.
 [20:19:01.528] Data retrieval (STAGE 1) has been completed.
 [20:19:01.530] newLine
 FETCHING THE DATA (STAGE 2) ...
 [20:19:01.534] PASS 1
 =============
 [20:19:01.538] No records
 [20:19:01.539] newLine
 [20:19:01.541] PASS 2
 =============
 [20:19:01.544] No records
 [20:19:01.546] newLine
 [20:19:01.547] PASS 3
 =============
 [20:19:01.550] No records
 [20:19:01.551] newLine
 [20:19:01.553] PASS 4
 =============
 [20:19:01.556] No records
 [20:19:01.557] newLine
 TARGET:
 =============
 [20:19:01.563] {CMPL123__WF_Rule__c} Fetching the Target data from Org (STAGE 2: all records) ...
 [20:19:01.565] {CMPL123__WF_Rule__c} Query string: SELECT Id, Name, CMPL123__WF_Rule_External_Id__c, CMPL123__Description__c, CMPL123__Has_Cycle_Time_Metrics_Fields__c, CMPL123__Has_Multiple_Actions__c, CMPL123__Is_Active__c, CMPL123__Record_Type__c, CMPL123__Target_Object__c, CMPL123__Target_Object_... FROM  CMPL123__WF_Rule__c WHERE Name in ('Complaint Workflow', 'Investigation Workflow', 'Regulatory Report Workflow').
 [20:19:01.568] {CMPL123__WF_Rule__c} Using REST API to retrieve the data ...
 [20:19:01.735] {CMPL123__WF_Rule__c} Data retrieval (Target) has been completed. Got 3 new records.
 [20:19:01.738] {CMPL123__WF_Step__c} Fetching the Target data from Org (STAGE 2: all records) ...
 [20:19:01.741] {CMPL123__WF_Step__c} Query string: SELECT Id, CMPL123__WF_Step_External_Id__c, CMPL123__WF_Rule__c, CMPL123__Action__c, CMPL123__Are_Child_Files_Locked__c, CMPL123__Are_Child_Records_Locked__c, CMPL123__End_Status__c, CMPL123__Is_Record_Lock_Required__c, CMPL123__Is_Related_Lists_Lock... FROM  CMPL123__WF_Step__c WHERE CMPL123__WF_Rule__r.Name in ('Complaint Workflow', 'Investigation Workflow', 'Regulatory Report Workflow').
 [20:19:01.745] {CMPL123__WF_Step__c} Using REST API to retrieve the data ...
 [20:19:02.251] {CMPL123__WF_Step__c} Data retrieval (Target) has been completed. Got 28 new records.
 [20:19:02.254] {CMPL123__Record_Access_Rule__c} Fetching the Target data from Org (STAGE 2: all records) ...
 [20:19:02.256] {CMPL123__Record_Access_Rule__c} Query string: SELECT Id, Name, CMPL123__Record_Access_Rule_External_Id__c, CMPL123__API_Path_to_User_Relationship__c, CMPL123__Active_of_the_rule__c, CMPL123__Apex_Sharing_Reason__c, CMPL123__Child_Objects__c, CMPL123__Target_Object__c, CMPL123__User_Field_Name__c... FROM  CMPL123__Record_Access_Rule__c.
 [20:19:02.257] {CMPL123__Record_Access_Rule__c} Using REST API to retrieve the data ...
 [20:19:02.404] {CMPL123__Record_Access_Rule__c} Data retrieval (Target) has been completed. Got 0 new records.
 [20:19:02.407] {CMPL123__AuditTrail_Config__c} Fetching the Target data from Org (STAGE 2: all records) ...
 [20:19:02.408] {CMPL123__AuditTrail_Config__c} Query string: SELECT Id, Name, CMPL123__AuditTrail_External_Id__c, CMPL123__Child_Relationships_Object__c, CMPL123__Fields__c, CMPL123__Is_Active__c, CMPL123__Parent_Relationship_Object__c, CMPL123__RFC_Comment_Fields__c, CMPL123__RFC_Fields__c, CMPL123__Report_Ti... FROM  CMPL123__AuditTrail_Config__c.
 [20:19:02.410] {CMPL123__AuditTrail_Config__c} Using REST API to retrieve the data ...
 [20:19:02.961] {CMPL123__AuditTrail_Config__c} Data retrieval (Target) has been completed. Got 152 new records.
 [20:19:02.967] {CMPL123__WF_Action__c} Fetching the Target data from Org (STAGE 2: filtered records) ...
 [20:19:02.969] {CMPL123__WF_Action__c} Query string: SELECT Id, Name, CMPL123__WF_Action_External_Id__c, CMPL123__Action_Custom_Label__c, CMPL123__Comment_Type__c, CMPL123__Description__c, CMPL123__E_Sign_Message_Custom_Label__c, CMPL123__Esign_Message__c, CMPL123__Generic_Comment__c, CMPL123__Is_Comme... FROM  CMPL123__WF_Action__c WHERE CMPL123__WF_Action_External_Id__c IN ('a1D5r000000hdpgEAA', 'a1D5r000000hjJ9EAI', 'a1D5r000000hqRuEAI', 'a1D5r000000hjEqEAI', 'qpa-common-00032', 'qpa-common-00040', 'qpa-common-00042', 'qpa-common-00044', 'qpa-common-000....
 [20:19:02.978] {CMPL123__WF_Action__c} Using REST API to retrieve the data ...
 [20:19:03.248] {CMPL123__WF_Action__c} Data retrieval (Target) has been completed. Got 21 new records.
 [20:19:03.252] {CMPL123__WF_Status__c} Fetching the Target data from Org (STAGE 2: filtered records) ...
 [20:19:03.254] {CMPL123__WF_Status__c} Query string: SELECT Id, Name, CMPL123__WF_Status_External_Id__c, CMPL123__Description__c, CMPL123__Status_Custom_Label__c  FROM  CMPL123__WF_Status__c WHERE CMPL123__WF_Status_External_Id__c IN ('a1J5r000001NvJyEAK', 'qpa-common-00016', 'qpa-common-00020', 'qpa-common-00021', 'qpa-common-00023', 'qpa-common-00024', 'qpa-common-00029', 'qpa-common-00031', 'qpa-common-00033', '....
 [20:19:03.258] {CMPL123__WF_Status__c} Using REST API to retrieve the data ...
 [20:19:03.509] {CMPL123__WF_Status__c} Data retrieval (Target) has been completed. Got 19 new records.
 [20:19:03.512] {CMPL123__WF_Phase__c} Fetching the Target data from Org (STAGE 2: filtered records) ...
 [20:19:03.513] {CMPL123__WF_Phase__c} Query string: SELECT Id, Name, CMPL123__WF_Phase_External_Id__c, CMPL123__Description__c, CMPL123__Phase_Custom_Label__c, CMPL123__Work_Instructions_Custom_Label__c, CMPL123__Work_Instructions_HTML__c, CMPL123__Work_Instructions__c  FROM  CMPL123__WF_Phase__c WHERE CMPL123__WF_Phase_External_Id__c IN ('qpa-complaints-phase-001', 'qpa-complaints-phase-002', 'qpa-complaints-phase-003', 'qpa-complaints-phase-004', 'qpa-complaints-phase-005', 'qpa-complaints-phase-007', 'qpa-complaints-p....
 [20:19:03.515] {CMPL123__WF_Phase__c} Using REST API to retrieve the data ...
 [20:19:03.755] {CMPL123__WF_Phase__c} Data retrieval (Target) has been completed. Got 11 new records.
 [20:19:03.759] {CMPL123__WF_Rule_Phase__c} Fetching the Target data from Org (STAGE 2: filtered records) ...
 [20:19:03.760] {CMPL123__WF_Rule_Phase__c} Query string: SELECT Id, Name, CMPL123__WF_Rule_Phase_External_Id__c, CMPL123__Order__c, CMPL123__Workflow_Phase__c, CMPL123__Workflow_Rule__c, CMPL123__Workflow_Phase__r.CMPL123__WF_Phase_External_Id__c, CMPL123__Workflow_Rule__r.CMPL123__WF_Rule_External_Id__c  FROM  CMPL123__WF_Rule_Phase__c WHERE CMPL123__WF_Rule_Phase_External_Id__c IN ('a1H5r0000019CIhEAM', 'a1H5r0000019CIiEAM', 'a1H5r0000019CIjEAM', 'qpa-complaints-phrule-001', 'qpa-complaints-phrule-002', 'qpa-complaints-phrule-003', 'qpa-complaints-phrule....
 [20:19:03.763] {CMPL123__WF_Rule_Phase__c} Using REST API to retrieve the data ...
 [20:19:04.36] {CMPL123__WF_Rule_Phase__c} Data retrieval (Target) has been completed. Got 11 new records.
 [20:19:04.40] {CMPL123__WF_Phase_Status__c} Fetching the Target data from Org (STAGE 2: filtered records) ...
 [20:19:04.42] {CMPL123__WF_Phase_Status__c} Query string: SELECT Id, CMPL123__WF_Phase_Status_External_Id__c, CMPL123__Workflow_Rule_Phase__c, CMPL123__Workflow_Status__c, Workflow_Phase__c, Workflow_Rule__c, Workflow_Status_hyperlink__c, CMPL123__Workflow_Rule_Phase__r.CMPL123__WF_Rule_Phase_External_Id__c... FROM  CMPL123__WF_Phase_Status__c WHERE CMPL123__WF_Phase_Status_External_Id__c IN ('a1F5r0000026qj1EAA', 'a1F5r0000026qj0EAA', 'a1F5r0000026qizEAA', 'a1F5r0000026qiyEAA', 'a1F5r0000026ifAEAQ', 'a1F5r0000026if9EAA', 'a1F5r0000026if8EAA', 'a1F5r0000026if7E....
 [20:19:04.46] {CMPL123__WF_Phase_Status__c} Using REST API to retrieve the data ...
 [20:19:04.614] {CMPL123__WF_Phase_Status__c} Data retrieval (Target) has been completed. Got 18 new records.
 [20:19:04.617] {CMPL123__X123Task__c} Fetching the Target data from Org (STAGE 2: filtered records) ...
 [20:19:04.618] {CMPL123__X123Task__c} Query string: SELECT Id, Name, CMPL123__Task_External_Id__c, CMPL123__Allow_Partial_Processing_for_123_Tasks__c, CMPL123__Description__c, CMPL123__Is_Active__c, CMPL123__Key_Value__c, CMPL123__Related_Object__c  FROM  CMPL123__X123Task__c WHERE CMPL123__Task_External_Id__c IN ('a1N5r000001WwqiEAC', 'a1N5r000001WwPxEAK', 'a1N5r000001W2xkEAC').
 [20:19:04.620] {CMPL123__X123Task__c} Using REST API to retrieve the data ...
 [20:19:04.773] {CMPL123__X123Task__c} Data retrieval (Target) has been completed. Got 3 new records.
 [20:19:04.776] {CMPL123__X123Job__c} Fetching the Target data from Org (STAGE 2: filtered records) ...
 [20:19:04.777] {CMPL123__X123Job__c} Query string: SELECT Id, Name, CMPL123__Job_External_Id__c, CMPL123__Child_Filter_Condition__c, CMPL123__Description__c, CMPL123__Is_Active__c, CMPL123__Job_Type__c, CMPL123__Related_Task__c, CMPL123__Workflow_Step__c, CMPL123__Related_Task__r.CMPL123__Task_Extern... FROM  CMPL123__X123Job__c WHERE CMPL123__Job_External_Id__c IN ('a1M5r000000sEtHEAU', 'a1M5r000001tkZjEAI', 'a1M5r000001tkV5EAI').
 [20:19:04.780] {CMPL123__X123Job__c} Using REST API to retrieve the data ...
 [20:19:04.954] {CMPL123__X123Job__c} Data retrieval (Target) has been completed. Got 3 new records.
 [20:19:04.957] {CMPL123__Valid_Child_Status__c} Fetching the Target data from Org (STAGE 2: filtered records) ...
 [20:19:04.959] {CMPL123__Valid_Child_Status__c} Query string: SELECT Id, Name, CMPL123__Valid_Child_Status_External_Id__c, CMPL123__Parent_Workflow_Step__c, CMPL123__Child_Relationship__c, CMPL123__Description__c, CMPL123__Required_Child_Workflow_Status__c, Parent_Workflow_Action__c, Parent_Workflow_Rule__c, Ch... FROM  CMPL123__Valid_Child_Status__c WHERE CMPL123__Valid_Child_Status_External_Id__c IN ('qpa-utility-inv-00001', 'qpa-utility-inv-00002', 'qpa-utility-inv-00003', 'qpa-utility-inv-00004', 'qpa-utility-inv-00005', 'qpa-utility-inv-00006', 'qpa-complaints....
 [20:19:04.965] {CMPL123__Valid_Child_Status__c} Using REST API to retrieve the data ...
 [20:19:05.538] {CMPL123__Valid_Child_Status__c} Data retrieval (Target) has been completed. Got 152 new records.
 [20:19:05.541] {CMPL123__WF_Step_Extension__c} Fetching the Target data from Org (STAGE 2: filtered records) ...
 [20:19:05.542] {CMPL123__WF_Step_Extension__c} Query string: SELECT Id, Name, CMPL123__External_Id__c, CMPL123__Parent_Workflow_Step__c, CMPL123__Apply_To_Automated_User__c, CMPL123__Are_Child_Files_Locked__c, CMPL123__Is_Record_Lock_Required__c, CMPL123__Is_Related_Lists_Locked__c, CMPL123__Object_Related_Lis... FROM  CMPL123__WF_Step_Extension__c WHERE CMPL123__External_Id__c IN ('a1K5r000006ydv3EAA', 'a1K5r000006ytOXEAY', 'a1K5r0000070oWeEAI', 'a1K5r000007070iEAA', 'a1K5r00000707bOEAQ', 'a1K5r00000707y6EAA', 'a1K5r00000707iaEAA', 'a1K5r000006yfFjEAI', 'a1K5r000....
 [20:19:05.545] {CMPL123__WF_Step_Extension__c} Using REST API to retrieve the data ...
 [20:19:05.802] {CMPL123__WF_Step_Extension__c} Data retrieval (Target) has been completed. Got 18 new records.
 [20:19:05.804] Data retrieval (STAGE 2) has been completed.
 [20:19:05.806] newLine
 TRIGGERING ADD-ON EVENTS ...
 [20:19:05.810] No Add-On modules found to run.
 [20:19:05.811] newLine
 [20:19:05.813] newLine
 DATA RETRIEVAL SUMMARY.
 [20:19:05.816] {CMPL123__WF_Rule__c} The total amount of the retrieved records: 3/3.
 [20:19:05.818] {CMPL123__WF_Step__c} The total amount of the retrieved records: 31/28.
 [20:19:05.819] {CMPL123__Record_Access_Rule__c} The total amount of the retrieved records: 0/0.
 [20:19:05.821] {CMPL123__AuditTrail_Config__c} The total amount of the retrieved records: 152/152.
 [20:19:05.822] {CMPL123__WF_Action__c} The total amount of the retrieved records: 21/21.
 [20:19:05.824] {CMPL123__WF_Status__c} The total amount of the retrieved records: 19/19.
 [20:19:05.825] {CMPL123__WF_Phase__c} The total amount of the retrieved records: 11/11.
 [20:19:05.827] {CMPL123__WF_Rule_Phase__c} The total amount of the retrieved records: 11/11.
 [20:19:05.828] {CMPL123__WF_Phase_Status__c} The total amount of the retrieved records: 18/18.
 [20:19:05.829] {CMPL123__Context_Based_Security__c} The total amount of the retrieved records: 0/0.
 [20:19:05.831] {CMPL123__X123Task__c} The total amount of the retrieved records: 3/3.
 [20:19:05.832] {CMPL123__X123Job__c} The total amount of the retrieved records: 3/3.
 [20:19:05.834] {CMPL123__Job_Field_Map__c} The total amount of the retrieved records: 0/0.
 [20:19:05.835] {CMPL123__Valid_Child_Status__c} The total amount of the retrieved records: 156/152.
 [20:19:05.836] {CMPL123__WF_Step_Extension__c} The total amount of the retrieved records: 20/18.
 [20:19:05.840] newLine
 UPDATING THE TARGET (STAGE 1) ...
 [20:19:05.847] {CMPL123__WF_Rule__c} 3 target records remained untouched, since they do not differ from the corresponding source records.
 [20:19:05.850] {CMPL123__WF_Action__c} 21 target records remained untouched, since they do not differ from the corresponding source records.
 [20:19:05.852] {CMPL123__WF_Status__c} 19 target records remained untouched, since they do not differ from the corresponding source records.
 [20:19:05.859] {CMPL123__WF_Step__c} Amount of records to Insert: 3.
 [20:19:05.863] {CMPL123__WF_Step__c} The Insert API operation has been started using REST API (SIMULATION MODE).
 [20:19:05.865] {CMPL123__WF_Step__c} The Insert API operation has been completed.
 [20:19:05.873] {CMPL123__WF_Step__c} Amount of records to Update: 14.
 [20:19:05.877] {CMPL123__WF_Step__c} The Update API operation has been started using REST API (SIMULATION MODE).
 [20:19:05.879] {CMPL123__WF_Step__c} The Update API operation has been completed.
 [20:19:05.887] {CMPL123__WF_Step__c} 14 target records remained untouched, since they do not differ from the corresponding source records.
 [20:19:05.889] {CMPL123__WF_Step__c} The Target has been updated. Totally processed 17 records.
 [20:19:05.890] newLine
 [20:19:05.893] {CMPL123__WF_Phase__c} 11 target records remained untouched, since they do not differ from the corresponding source records.
 [20:19:05.895] {CMPL123__WF_Rule_Phase__c} 11 target records remained untouched, since they do not differ from the corresponding source records.
 [20:19:05.898] {CMPL123__WF_Phase_Status__c} 18 target records remained untouched, since they do not differ from the corresponding source records.
 [20:19:05.901] {CMPL123__X123Task__c} 3 target records remained untouched, since they do not differ from the corresponding source records.
 [20:19:05.903] {CMPL123__X123Job__c} 3 target records remained untouched, since they do not differ from the corresponding source records.
 [20:19:05.930] {CMPL123__Valid_Child_Status__c} Amount of records to Insert: 4.
 [20:19:05.933] {CMPL123__Valid_Child_Status__c} The Insert API operation has been started using REST API (SIMULATION MODE).
 [20:19:05.935] {CMPL123__Valid_Child_Status__c} The Insert API operation has been completed.
 [20:19:05.941] {CMPL123__Valid_Child_Status__c} 152 target records remained untouched, since they do not differ from the corresponding source records.
 [20:19:05.942] {CMPL123__Valid_Child_Status__c} The Target has been updated. Totally processed 4 records.
 [20:19:05.944] newLine
 [20:19:05.946] {CMPL123__WF_Step_Extension__c} Amount of records to Insert: 2.
 [20:19:05.949] {CMPL123__WF_Step_Extension__c} The Insert API operation has been started using REST API (SIMULATION MODE).
 [20:19:05.950] {CMPL123__WF_Step_Extension__c} The Insert API operation has been completed.
 [20:19:05.955] {CMPL123__WF_Step_Extension__c} 18 target records remained untouched, since they do not differ from the corresponding source records.
 [20:19:05.957] {CMPL123__WF_Step_Extension__c} The Target has been updated. Totally processed 2 records.
 [20:19:05.959] newLine
 [20:19:05.962] {CMPL123__AuditTrail_Config__c} Amount of records to Update: 4.
 [20:19:05.965] {CMPL123__AuditTrail_Config__c} The Update API operation has been started using REST API (SIMULATION MODE).
 [20:19:05.966] {CMPL123__AuditTrail_Config__c} The Update API operation has been completed.
 [20:19:05.971] {CMPL123__AuditTrail_Config__c} 148 target records remained untouched, since they do not differ from the corresponding source records.
 [20:19:05.973] {CMPL123__AuditTrail_Config__c} The Target has been updated. Totally processed 4 records.
 [20:19:05.975] newLine
 [20:19:05.976] newLine
 [20:19:05.977] The Target (STAGE 1) has been updated. Totally processed 27 records.
 [20:19:05.979] newLine
 UPDATING THE TARGET (STAGE 2) ...
 [20:19:05.982] newLine
 [20:19:05.984] PASS 1
 =============
 [20:19:05.991] {CMPL123__WF_Step__c} 14 target records remained untouched, since they do not differ from the corresponding source records.
 [20:19:05.993] {CMPL123__WF_Rule_Phase__c} 11 target records remained untouched, since they do not differ from the corresponding source records.
 [20:19:05.996] {CMPL123__WF_Phase_Status__c} 18 target records remained untouched, since they do not differ from the corresponding source records.
 [20:19:05.998] {CMPL123__X123Job__c} 3 target records remained untouched, since they do not differ from the corresponding source records.
 [20:19:06.5] {CMPL123__Valid_Child_Status__c} 152 target records remained untouched, since they do not differ from the corresponding source records.
 [20:19:06.8] {CMPL123__WF_Step_Extension__c} 18 target records remained untouched, since they do not differ from the corresponding source records.
 [20:19:06.10] newLine
 [20:19:06.12] PASS 2
 =============
 [20:19:06.18] {CMPL123__WF_Step__c} 14 target records remained untouched, since they do not differ from the corresponding source records.
 [20:19:06.21] {CMPL123__WF_Rule_Phase__c} 11 target records remained untouched, since they do not differ from the corresponding source records.
 [20:19:06.23] {CMPL123__WF_Phase_Status__c} 18 target records remained untouched, since they do not differ from the corresponding source records.
 [20:19:06.26] {CMPL123__X123Job__c} 3 target records remained untouched, since they do not differ from the corresponding source records.
 [20:19:06.33] {CMPL123__Valid_Child_Status__c} 152 target records remained untouched, since they do not differ from the corresponding source records.
 [20:19:06.35] {CMPL123__WF_Step_Extension__c} 18 target records remained untouched, since they do not differ from the corresponding source records.
 [20:19:06.37] newLine
 [20:19:06.38] Nothing was updated.
 [20:19:06.40] newLine
 TRIGGERING ADD-ON EVENTS ...
 [20:19:06.43] No Add-On modules found to run.
 [20:19:06.45] newLine
 [20:19:06.46] newLine
 DATA PROCESSING SUMMARY.
 [20:19:06.49] {CMPL123__WF_Rule__c} Totally processed 0 records.
 [20:19:06.50] {CMPL123__WF_Step__c} Totally processed 17 records.
 [20:19:06.51] {CMPL123__Record_Access_Rule__c} Totally processed 0 records.
 [20:19:06.53] {CMPL123__AuditTrail_Config__c} Totally processed 4 records.
 [20:19:06.54] {CMPL123__WF_Action__c} Totally processed 0 records.
 [20:19:06.55] {CMPL123__WF_Status__c} Totally processed 0 records.
 [20:19:06.56] {CMPL123__WF_Phase__c} Totally processed 0 records.
 [20:19:06.58] {CMPL123__WF_Rule_Phase__c} Totally processed 0 records.
 [20:19:06.59] {CMPL123__WF_Phase_Status__c} Totally processed 0 records.
 [20:19:06.60] {CMPL123__Context_Based_Security__c} Totally processed 0 records.
 [20:19:06.62] {CMPL123__X123Task__c} Totally processed 0 records.
 [20:19:06.63] {CMPL123__X123Job__c} Totally processed 0 records.
 [20:19:06.64] {CMPL123__Job_Field_Map__c} Totally processed 0 records.
 [20:19:06.66] {CMPL123__Valid_Child_Status__c} Totally processed 4 records.
 [20:19:06.67] {CMPL123__WF_Step_Extension__c} Totally processed 2 records.
 [20:19:06.69] newLine
 [20:19:06.71] Writing to C:\Users\Himanshu.Desai\Documents\GitHub\GCHS-Release-1\sfdmu-data\MissingParentRecordsReport.csv ...
 [20:19:06.74] newLine
 [20:19:06.75] newLine
 TRIGGERING ADD-ON EVENTS ...
 [20:19:06.79] No Add-On modules found to run.
 [20:19:06.80] newLine

 [20:19:06.129] Command succeeded.
 [20:19:06.131] Execution of the command sfdmu:run has been completed. Exit code 0 (SUCCESS).
 [20:19:06.134] Total time elapsed: 00h 00m 33s 228ms .