
 [09:11:02.626] Execution of the command sfdmu:run has been started.
 [09:11:02.640] newLine
 LOADING AND VALIDATING THE EXPORT.JSON SCRIPT ...
 [09:11:02.658] newLine
 OBJECT SET #1 STARTED
 [09:11:02.699] newLine
 {
   "Running Plugin version": "4.33.15"
}
 {
   "Running Add-On API version": "1.5.0"
}
 [09:11:02.736] newLine
 [09:11:02.739] Loading Core Add-On Module declarations ...
 [09:11:02.743] 

### The job is running in the SIMULATION MODE ###


 [09:11:03.99] Connecting to the olympus-qa using SFDX sf org display ...
 [09:11:09.944] Successfully connected to the olympus-qa.
 {
   "Source": "csvfile.",
   "Target": "olympus-qa.",
   "Package script": "C:\\SalesForce\\olympus-dx\\sfdmu-data\\export.json."
}
 [09:11:11.508] newLine
 GETTING AND ANALYSING OBJECT METADATA ...
 [09:11:11.512] Processing the object CMPL123__WF_Rule__c ...
 [09:11:11.515] Fetching metadata of the CMPL123__WF_Rule__c (Target) ...
 [09:11:13.431] Processing the object CMPL123__WF_Step__c ...
 [09:11:13.434] Fetching metadata of the CMPL123__WF_Step__c (Target) ...
 [09:11:15.511] Processing the object CMPL123__WF_Phase__c ...
 [09:11:15.514] Fetching metadata of the CMPL123__WF_Phase__c (Target) ...
 [09:11:17.185] Processing the object CMPL123__WF_Rule_Phase__c ...
 [09:11:17.188] Fetching metadata of the CMPL123__WF_Rule_Phase__c (Target) ...
 [09:11:18.824] Processing the object CMPL123__WF_Phase_Status__c ...
 [09:11:18.827] Fetching metadata of the CMPL123__WF_Phase_Status__c (Target) ...
 [09:11:20.453] Processing the object CMPL123__Context_Based_Security__c ...
 [09:11:20.455] Fetching metadata of the CMPL123__Context_Based_Security__c (Target) ...
 [09:11:22.50] Processing the object CMPL123__Job_Field_Map__c ...
 [09:11:22.53] Fetching metadata of the CMPL123__Job_Field_Map__c (Target) ...
 [09:11:23.743] Processing the object CMPL123__Record_Access_Rule__c ...
 [09:11:23.746] Fetching metadata of the CMPL123__Record_Access_Rule__c (Target) ...
 [09:11:24.540] Processing the object CMPL123__Valid_Child_Status__c ...
 [09:11:24.543] Fetching metadata of the CMPL123__Valid_Child_Status__c (Target) ...
 [09:11:25.897] Processing the object CMPL123__WF_Action__c ...
 [09:11:25.900] Fetching metadata of the CMPL123__WF_Action__c (Target) ...
 [09:11:27.180] Processing the object CMPL123__WF_Status__c ...
 [09:11:27.182] Fetching metadata of the CMPL123__WF_Status__c (Target) ...
 [09:11:28.767] Processing the object CMPL123__X123Job__c ...
 [09:11:28.776] Fetching metadata of the CMPL123__X123Job__c (Target) ...
 [09:11:29.644] Processing the object CMPL123__X123Task__c ...
 [09:11:29.647] Fetching metadata of the CMPL123__X123Task__c (Target) ...
 [09:11:30.551] Processing the object CMPL123__WF_Step_Extension__c ...
 [09:11:30.554] Fetching metadata of the CMPL123__WF_Step_Extension__c (Target) ...
 [09:11:31.421] Fetching metadata of the Group (Target) ...
 [09:11:32.743] Processing the object CMPL123__WF_Step_Extension__c ...
 [09:11:32.746] Processing the object CMPL123__X123Task__c ...
 [09:11:32.748] Processing the object CMPL123__X123Job__c ...
 [09:11:32.750] Processing the object CMPL123__WF_Status__c ...
 [09:11:32.752] Processing the object CMPL123__WF_Action__c ...
 [09:11:32.754] Processing the object CMPL123__Valid_Child_Status__c ...
 [09:11:32.756] Processing the object CMPL123__Record_Access_Rule__c ...
 [09:11:32.757] Processing the object CMPL123__Job_Field_Map__c ...
 [09:11:32.760] Processing the object CMPL123__Context_Based_Security__c ...
 [09:11:32.762] Processing the object CMPL123__WF_Phase_Status__c ...
 [09:11:32.764] Processing the object CMPL123__WF_Rule_Phase__c ...
 [09:11:32.766] Processing the object CMPL123__WF_Phase__c ...
 [09:11:32.767] Processing the object CMPL123__WF_Step__c ...
 [09:11:32.770] Processing the object CMPL123__WF_Rule__c ...
 [09:11:32.774] newLine
 PREPARING DATA MIGRATION JOB ...
 [09:11:32.778] Building the migration strategy ...
 {
   "Order of objects to query": "CMPL123__WF_Rule__c; CMPL123__WF_Step__c; CMPL123__Record_Access_Rule__c; CMPL123__WF_Action__c; CMPL123__WF_Status__c; CMPL123__WF_Phase__c; CMPL123__WF_Rule_Phase__c; CMPL123__WF_Phase_Status__c; CMPL123__Context_Based_Security__c; CMPL123__X123Task__c; CMPL123__X123Job__c; CMPL123__Job_Field_Map__c; CMPL123__Valid_Child_Status__c; CMPL123__WF_Step_Extension__c"
}
 {
   "Order of objects to delete": "CMPL123__WF_Step_Extension__c; CMPL123__Valid_Child_Status__c; CMPL123__Record_Access_Rule__c; CMPL123__Job_Field_Map__c; CMPL123__X123Job__c; CMPL123__X123Task__c; CMPL123__Context_Based_Security__c; CMPL123__WF_Phase_Status__c; CMPL123__WF_Rule_Phase__c; CMPL123__WF_Phase__c; CMPL123__WF_Step__c; CMPL123__WF_Status__c; CMPL123__WF_Action__c; CMPL123__WF_Rule__c"
}
 {
   "Order of objects to update": "CMPL123__WF_Rule__c; CMPL123__WF_Action__c; CMPL123__WF_Status__c; CMPL123__WF_Step__c; CMPL123__WF_Phase__c; CMPL123__WF_Rule_Phase__c; CMPL123__WF_Phase_Status__c; CMPL123__Context_Based_Security__c; CMPL123__X123Task__c; CMPL123__X123Job__c; CMPL123__Job_Field_Map__c; CMPL123__Record_Access_Rule__c; CMPL123__Valid_Child_Status__c; CMPL123__WF_Step_Extension__c"
}
 [09:11:32.853] Validation of the source CSV files ...
 [09:11:33.586] Writing to C:\SalesForce\olympus-dx\sfdmu-data\source\CMPL123__WF_Step__c_source.csv ...
 [09:11:33.673] Writing to C:\SalesForce\olympus-dx\sfdmu-data\source\CMPL123__WF_Rule_Phase__c_source.csv ...
 [09:11:33.683] Writing to C:\SalesForce\olympus-dx\sfdmu-data\source\CMPL123__WF_Phase_Status__c_source.csv ...
 [09:11:33.691] Writing to C:\SalesForce\olympus-dx\sfdmu-data\source\CMPL123__X123Job__c_source.csv ...
 [09:11:33.699] Writing to C:\SalesForce\olympus-dx\sfdmu-data\source\CMPL123__Valid_Child_Status__c_source.csv ...
 [09:11:33.705] Writing to C:\SalesForce\olympus-dx\sfdmu-data\source\CMPL123__WF_Step_Extension__c_source.csv ...
 [09:11:33.712] Amount of updated source CSV files: 6.
 [09:11:33.714] No issues were found in the source CSV files.
 [09:11:33.716] Processing the source CSV files has been completed.
 [09:11:33.718] Preparing of the data migration job has been completed.
 [09:11:33.721] newLine
 ANALYSING DATA...
 [09:11:34.459] {CMPL123__WF_Rule__c} The original query string of this object is returning 5 records from the Target org.
 [09:11:34.738] {CMPL123__WF_Action__c} The original query string of this object is returning 230 records from the Target org.
 [09:11:35.449] {CMPL123__WF_Status__c} The original query string of this object is returning 162 records from the Target org.
 [09:11:35.747] {CMPL123__WF_Step__c} The original query string of this object is returning 51 records from the Target org.
 [09:11:36.438] {CMPL123__WF_Phase__c} The original query string of this object is returning 45 records from the Target org.
 [09:11:37.132] {CMPL123__WF_Rule_Phase__c} The original query string of this object is returning 64 records from the Target org.
 [09:11:37.404] {CMPL123__WF_Phase_Status__c} The original query string of this object is returning 103 records from the Target org.
 [09:11:37.681] {CMPL123__Context_Based_Security__c} The original query string of this object is returning 0 records from the Target org.
 [09:11:37.967] {CMPL123__X123Task__c} The original query string of this object is returning 13 records from the Target org.
 [09:11:38.236] {CMPL123__X123Job__c} The original query string of this object is returning 14 records from the Target org.
 [09:11:38.506] {CMPL123__Job_Field_Map__c} The original query string of this object is returning 6 records from the Target org.
 [09:11:38.782] {CMPL123__Record_Access_Rule__c} The original query string of this object is returning 0 records from the Target org.
 [09:11:39.188] {CMPL123__Valid_Child_Status__c} The original query string of this object is returning 256 records from the Target org.
 [09:11:39.455] {CMPL123__WF_Step_Extension__c} The original query string of this object is returning 86 records from the Target org.
 [09:11:39.458] newLine
 TRIGGERING ADD-ON EVENTS ...
 [09:11:39.463] No Add-On modules found to run.
 [09:11:39.465] newLine
 [09:11:39.467] Ready to process the data.
 [09:11:39.468] newLine
 DELETING OLD DATA FROM THE TARGET ...
 [09:11:39.473] {CMPL123__WF_Step_Extension__c} No records to delete.
 [09:11:39.475] {CMPL123__Valid_Child_Status__c} Deleting old records from the Target ...
 [09:11:39.771] {CMPL123__Valid_Child_Status__c} No records to delete.
 [09:11:39.776] {CMPL123__Record_Access_Rule__c} No records to delete.
 [09:11:39.778] {CMPL123__Job_Field_Map__c} No records to delete.
 [09:11:39.780] {CMPL123__X123Job__c} No records to delete.
 [09:11:39.782] {CMPL123__X123Task__c} No records to delete.
 [09:11:39.810] {CMPL123__Context_Based_Security__c} No records to delete.
 [09:11:39.812] {CMPL123__WF_Phase_Status__c} No records to delete.
 [09:11:39.814] {CMPL123__WF_Rule_Phase__c} No records to delete.
 [09:11:39.816] {CMPL123__WF_Phase__c} No records to delete.
 [09:11:39.818] {CMPL123__WF_Step__c} No records to delete.
 [09:11:39.820] {CMPL123__WF_Status__c} No records to delete.
 [09:11:39.822] {CMPL123__WF_Action__c} No records to delete.
 [09:11:39.824] {CMPL123__WF_Rule__c} No records to delete.
 [09:11:39.825] Deleting data was skipped.
 [09:11:39.828] newLine
 SOURCE:
 =============
 [09:11:39.835] newLine
 FETCHING THE DATA (STAGE 1) ...
 [09:11:39.841] {CMPL123__WF_Rule__c} Fetching the Source data from CSV file (STAGE 1: all records) ...
 [09:11:39.853] {CMPL123__WF_Rule__c} Data retrieval (Source) has been completed. Got 5 new records.
 [09:11:39.856] {CMPL123__WF_Step__c} Fetching the Source data from CSV file (STAGE 1: all records) ...
 [09:11:39.918] {CMPL123__WF_Step__c} Data retrieval (Source) has been completed. Got 53 new records.
 [09:11:39.925] {CMPL123__Record_Access_Rule__c} Fetching the Source data from CSV file (STAGE 1: all records) ...
 [09:11:39.931] {CMPL123__Record_Access_Rule__c} Data retrieval (Source) has been completed. Got 0 new records.
 [09:11:39.933] {CMPL123__WF_Action__c} Fetching the Source data from CSV file (STAGE 1: all records) ...
 [09:11:39.942] {CMPL123__WF_Action__c} Data retrieval (Source) has been completed. Got 28 new records.
 [09:11:39.951] {CMPL123__WF_Status__c} Fetching the Source data from CSV file (STAGE 1: all records) ...
 [09:11:39.959] {CMPL123__WF_Status__c} Data retrieval (Source) has been completed. Got 28 new records.
 [09:11:39.962] {CMPL123__WF_Phase__c} Fetching the Source data from CSV file (STAGE 1: all records) ...
 [09:11:39.967] {CMPL123__WF_Phase__c} Data retrieval (Source) has been completed. Got 14 new records.
 [09:11:39.968] {CMPL123__WF_Rule_Phase__c} Fetching the Source data from CSV file (STAGE 1: all records) ...
 [09:11:39.974] {CMPL123__WF_Rule_Phase__c} Data retrieval (Source) has been completed. Got 15 new records.
 [09:11:39.976] {CMPL123__WF_Phase_Status__c} Fetching the Source data from CSV file (STAGE 1: all records) ...
 [09:11:39.986] {CMPL123__WF_Phase_Status__c} Data retrieval (Source) has been completed. Got 26 new records.
 [09:11:39.988] {CMPL123__Context_Based_Security__c} Fetching the Source data from CSV file (STAGE 1: all records) ...
 [09:11:39.991] {CMPL123__Context_Based_Security__c} Data retrieval (Source) has been completed. Got 0 new records.
 [09:11:39.993] {CMPL123__X123Task__c} Fetching the Source data from CSV file (STAGE 1: all records) ...
 [09:11:39.998] {CMPL123__X123Task__c} Data retrieval (Source) has been completed. Got 7 new records.
 [09:11:39.999] {CMPL123__X123Job__c} Fetching the Source data from CSV file (STAGE 1: all records) ...
 [09:11:40.8] {CMPL123__X123Job__c} Data retrieval (Source) has been completed. Got 7 new records.
 [09:11:40.10] {CMPL123__Job_Field_Map__c} Fetching the Source data from CSV file (STAGE 1: all records) ...
 [09:11:40.13] {CMPL123__Job_Field_Map__c} Data retrieval (Source) has been completed. Got 0 new records.
 [09:11:40.14] {CMPL123__Valid_Child_Status__c} Fetching the Source data from CSV file (STAGE 1: all records) ...
 [09:11:40.28] {CMPL123__Valid_Child_Status__c} Data retrieval (Source) has been completed. Got 32 new records.
 [09:11:40.31] {CMPL123__WF_Step_Extension__c} Fetching the Source data from CSV file (STAGE 1: all records) ...
 [09:11:40.47] {CMPL123__WF_Step_Extension__c} Data retrieval (Source) has been completed. Got 47 new records.
 [09:11:40.49] Data retrieval (STAGE 1) has been completed.
 [09:11:40.51] newLine
 FETCHING THE DATA (STAGE 2) ...
 [09:11:40.55] PASS 1
 =============
 [09:11:40.59] No records
 [09:11:40.61] newLine
 [09:11:40.63] PASS 2
 =============
 [09:11:40.66] No records
 [09:11:40.67] newLine
 [09:11:40.69] PASS 3
 =============
 [09:11:40.72] No records
 [09:11:40.74] newLine
 [09:11:40.76] PASS 4
 =============
 [09:11:40.80] No records
 [09:11:40.82] newLine
 TARGET:
 =============
 [09:11:40.93] {CMPL123__WF_Rule__c} Fetching the Target data from Org (STAGE 2: all records) ...
 [09:11:40.95] {CMPL123__WF_Rule__c} Query string: SELECT Id, Name, CMPL123__WF_Rule_External_Id__c, CMPL123__Description__c, CMPL123__Has_Cycle_Time_Metrics_Fields__c, CMPL123__Has_Multiple_Actions__c, CMPL123__Is_Active__c, CMPL123__Record_Type__c, CMPL123__Target_Object__c, CMPL123__Target_Object_... FROM  CMPL123__WF_Rule__c WHERE Name in ('Due Diligence Workflow', 'eMDR Workflow', 'Assessment (US MDR)', 'Investigation Workflow', 'Inquiry Workflow').
 [09:11:40.99] {CMPL123__WF_Rule__c} Using REST API to retrieve the data ...
 [09:11:40.525] {CMPL123__WF_Rule__c} Data retrieval (Target) has been completed. Got 5 new records.
 [09:11:40.529] {CMPL123__WF_Step__c} Fetching the Target data from Org (STAGE 2: all records) ...
 [09:11:40.531] {CMPL123__WF_Step__c} Query string: SELECT Id, CMPL123__WF_Step_External_Id__c, CMPL123__WF_Rule__c, CMPL123__Action__c, CMPL123__Are_Child_Files_Locked__c, CMPL123__Are_Child_Records_Locked__c, CMPL123__End_Status__c, CMPL123__Is_Record_Lock_Required__c, CMPL123__Is_Related_Lists_Lock... FROM  CMPL123__WF_Step__c WHERE CMPL123__WF_Rule__r.Name in ('Due Diligence Workflow', 'eMDR Workflow', 'Assessment (US MDR)', 'Investigation Workflow', 'Inquiry Workflow').
 [09:11:40.536] {CMPL123__WF_Step__c} Using REST API to retrieve the data ...
 [09:11:41.933] {CMPL123__WF_Step__c} Data retrieval (Target) has been completed. Got 51 new records.
 [09:11:41.937] {CMPL123__Record_Access_Rule__c} Fetching the Target data from Org (STAGE 2: all records) ...
 [09:11:41.938] {CMPL123__Record_Access_Rule__c} Query string: SELECT Id, Name, CMPL123__Record_Access_Rule_External_Id__c, CMPL123__API_Path_to_User_Relationship__c, CMPL123__Active_of_the_rule__c, CMPL123__Apex_Sharing_Reason__c, CMPL123__Child_Objects__c, CMPL123__Target_Object__c, CMPL123__User_Field_Name__c... FROM  CMPL123__Record_Access_Rule__c.
 [09:11:41.941] {CMPL123__Record_Access_Rule__c} Using REST API to retrieve the data ...
 [09:11:42.232] {CMPL123__Record_Access_Rule__c} Data retrieval (Target) has been completed. Got 0 new records.
 [09:11:42.236] {CMPL123__WF_Action__c} Fetching the Target data from Org (STAGE 2: filtered records) ...
 [09:11:42.239] {CMPL123__WF_Action__c} Query string: SELECT Id, Name, CMPL123__WF_Action_External_Id__c, CMPL123__Action_Custom_Label__c, CMPL123__Comment_Type__c, CMPL123__Description__c, CMPL123__E_Sign_Message_Custom_Label__c, CMPL123__Esign_Message__c, CMPL123__Generic_Comment__c, CMPL123__Is_Comme... FROM  CMPL123__WF_Action__c WHERE CMPL123__WF_Action_External_Id__c IN ('qpa-common-00015', 'qpa-common-00032', 'qpa-common-00038', 'qpa-common-00040', 'qpa-common-00042', 'qpa-common-00055', 'qpa-common-00080', 'qpa-common-00124', 'qpa-common-00138', 'qp....
 [09:11:42.250] {CMPL123__WF_Action__c} Using REST API to retrieve the data ...
 [09:11:42.708] {CMPL123__WF_Action__c} Data retrieval (Target) has been completed. Got 28 new records.
 [09:11:42.712] {CMPL123__WF_Status__c} Fetching the Target data from Org (STAGE 2: filtered records) ...
 [09:11:42.714] {CMPL123__WF_Status__c} Query string: SELECT Id, Name, CMPL123__WF_Status_External_Id__c, CMPL123__Description__c, CMPL123__Status_Custom_Label__c  FROM  CMPL123__WF_Status__c WHERE CMPL123__WF_Status_External_Id__c IN ('qpa-common-00016', 'qpa-common-00020', 'qpa-common-00021', 'qpa-common-00023', 'qpa-common-00024', 'qpa-common-00029', 'qpa-common-00031', 'qpa-common-00033', 'qpa-common-00034', 'qp....
 [09:11:42.720] {CMPL123__WF_Status__c} Using REST API to retrieve the data ...
 [09:11:43.159] {CMPL123__WF_Status__c} Data retrieval (Target) has been completed. Got 28 new records.
 [09:11:43.171] {CMPL123__WF_Phase__c} Fetching the Target data from Org (STAGE 2: filtered records) ...
 [09:11:43.173] {CMPL123__WF_Phase__c} Query string: SELECT Id, Name, CMPL123__WF_Phase_External_Id__c, CMPL123__Description__c, CMPL123__Phase_Custom_Label__c, CMPL123__Work_Instructions_Custom_Label__c, CMPL123__Work_Instructions_HTML__c, CMPL123__Work_Instructions__c  FROM  CMPL123__WF_Phase__c WHERE CMPL123__WF_Phase_External_Id__c IN ('qpa-investigation-phase-001', 'qpa-investigation-phase-002', 'qpa-assess-phase-001', 'qpa-assess-phase-002', 'qpa-assess-phase-003', 'qpa-investigation-phase-003', 'qpa-complaints-phas....
 [09:11:43.176] {CMPL123__WF_Phase__c} Using REST API to retrieve the data ...
 [09:11:43.624] {CMPL123__WF_Phase__c} Data retrieval (Target) has been completed. Got 14 new records.
 [09:11:43.627] {CMPL123__WF_Rule_Phase__c} Fetching the Target data from Org (STAGE 2: filtered records) ...
 [09:11:43.629] {CMPL123__WF_Rule_Phase__c} Query string: SELECT Id, Name, CMPL123__WF_Rule_Phase_External_Id__c, CMPL123__Order__c, CMPL123__Workflow_Phase__c, CMPL123__Workflow_Rule__c, CMPL123__Workflow_Phase__r.CMPL123__WF_Phase_External_Id__c, CMPL123__Workflow_Rule__r.CMPL123__WF_Rule_External_Id__c  FROM  CMPL123__WF_Rule_Phase__c WHERE CMPL123__WF_Rule_Phase_External_Id__c IN ('qpa-investigation-phrule-001', 'qpa-investigation-phrule-002', 'qpa-investigation-phrule-003', 'qpa-complaints-phrule-016', 'qpa-complaints-phrule-017', 'qpa-complaints-phrul....
 [09:11:43.634] {CMPL123__WF_Rule_Phase__c} Using REST API to retrieve the data ...
 [09:11:44.75] {CMPL123__WF_Rule_Phase__c} Data retrieval (Target) has been completed. Got 15 new records.
 [09:11:44.79] {CMPL123__WF_Phase_Status__c} Fetching the Target data from Org (STAGE 2: filtered records) ...
 [09:11:44.80] {CMPL123__WF_Phase_Status__c} Query string: SELECT Id, CMPL123__WF_Phase_Status_External_Id__c, CMPL123__Workflow_Rule_Phase__c, CMPL123__Workflow_Status__c, Workflow_Phase__c, Workflow_Rule__c, Workflow_Status_hyperlink__c, CMPL123__Workflow_Rule_Phase__r.CMPL123__WF_Rule_Phase_External_Id__c... FROM  CMPL123__WF_Phase_Status__c WHERE CMPL123__WF_Phase_Status_External_Id__c IN ('a1F5r00000274jDEAQ', 'a1F5r0000026kPWEAY', 'qpa-investigation-phstatus-004', 'qpa-investigation-phstatus-003', 'qpa-investigation-phstatus-002', 'qpa-investigation-phstat....
 [09:11:44.86] {CMPL123__WF_Phase_Status__c} Using REST API to retrieve the data ...
 [09:11:44.692] {CMPL123__WF_Phase_Status__c} Data retrieval (Target) has been completed. Got 26 new records.
 [09:11:44.697] {CMPL123__X123Task__c} Fetching the Target data from Org (STAGE 2: filtered records) ...
 [09:11:44.700] {CMPL123__X123Task__c} Query string: SELECT Id, Name, CMPL123__Task_External_Id__c, CMPL123__Allow_Partial_Processing_for_123_Tasks__c, CMPL123__Description__c, CMPL123__Is_Active__c, CMPL123__Key_Value__c, CMPL123__Related_Object__c  FROM  CMPL123__X123Task__c WHERE CMPL123__Task_External_Id__c IN ('a1N5r000001W5m3EAC', 'a1N5r000001WeDiEAK', 'a1N5r000001WegTEAS', 'a1N5r000001WegdEAC', 'a1N5r000001WrNsEAK', 'a1N5r000001WwPxEAK', 'a1N5r000001WwQ2EAK').
 [09:11:44.702] {CMPL123__X123Task__c} Using REST API to retrieve the data ...
 [09:11:45.125] {CMPL123__X123Task__c} Data retrieval (Target) has been completed. Got 7 new records.
 [09:11:45.129] {CMPL123__X123Job__c} Fetching the Target data from Org (STAGE 2: filtered records) ...
 [09:11:45.130] {CMPL123__X123Job__c} Query string: SELECT Id, Name, CMPL123__Job_External_Id__c, CMPL123__Child_Filter_Condition__c, CMPL123__Description__c, CMPL123__Is_Active__c, CMPL123__Job_Type__c, CMPL123__Related_Task__c, CMPL123__Workflow_Step__c, CMPL123__Related_Task__r.CMPL123__Task_Extern... FROM  CMPL123__X123Job__c WHERE CMPL123__Job_External_Id__c IN ('a1M5r000000sF8AEAU', 'a1M5r000001tcEZEAY', 'a1M5r000001td9pEAA', 'a1M5r000001tdA9EAI', 'a1M5r000001thvhEAA', 'a1M5r000001tkV0EAI', 'a1M5r000001tkV5EAI').
 [09:11:45.134] {CMPL123__X123Job__c} Using REST API to retrieve the data ...
 [09:11:45.567] {CMPL123__X123Job__c} Data retrieval (Target) has been completed. Got 7 new records.
 [09:11:45.571] {CMPL123__Valid_Child_Status__c} Fetching the Target data from Org (STAGE 2: filtered records) ...
 [09:11:45.573] {CMPL123__Valid_Child_Status__c} Query string: SELECT Id, Name, CMPL123__Valid_Child_Status_External_Id__c, CMPL123__Parent_Workflow_Step__c, CMPL123__Child_Relationship__c, CMPL123__Description__c, CMPL123__Required_Child_Workflow_Status__c, Child_Workflow_Status__c, Parent_Workflow_Action__c, P... FROM  CMPL123__Valid_Child_Status__c WHERE CMPL123__Valid_Child_Status_External_Id__c IN ('qpa-utility-inv-00004', 'qpa-utility-inv-00005', 'qpa-utility-inv-00006', 'a1C5r0000016WBSEA2', 'a1C5r0000016WBXEA2', 'qpa-utility-inv-00001', 'qpa-utility-inv-0000....
 [09:11:45.576] {CMPL123__Valid_Child_Status__c} Using REST API to retrieve the data ...
 [09:11:46.185] {CMPL123__Valid_Child_Status__c} Data retrieval (Target) has been completed. Got 30 new records.
 [09:11:46.189] {CMPL123__WF_Step_Extension__c} Fetching the Target data from Org (STAGE 2: filtered records) ...
 [09:11:46.191] {CMPL123__WF_Step_Extension__c} Query string: SELECT Id, Name, CMPL123__External_Id__c, CMPL123__Parent_Workflow_Step__c, CMPL123__Apply_To_Automated_User__c, CMPL123__Are_Child_Files_Locked__c, CMPL123__Is_Record_Lock_Required__c, CMPL123__Is_Related_Lists_Locked__c, CMPL123__Object_Related_Lis... FROM  CMPL123__WF_Step_Extension__c WHERE CMPL123__External_Id__c IN ('a1K5r000006ybO5EAI', 'a1K5r000006ybOAEAY', 'a1K5r000006ybOFEAY', 'a1K5r000006ybOKEAY', 'a1K5r000006ybOPEAY', 'a1K5r000006ybOUEAY', 'a1K5r000006ybOZEAY', 'a1K5r000006ybOeEAI', 'a1K5r000....
 [09:11:46.195] {CMPL123__WF_Step_Extension__c} Using REST API to retrieve the data ...
 [09:11:47.156] {CMPL123__WF_Step_Extension__c} Data retrieval (Target) has been completed. Got 47 new records.
 [09:11:47.159] Data retrieval (STAGE 2) has been completed.
 [09:11:47.161] newLine
 TRIGGERING ADD-ON EVENTS ...
 [09:11:47.167] No Add-On modules found to run.
 [09:11:47.169] newLine
 [09:11:47.171] newLine
 DATA RETRIEVAL SUMMARY.
 [09:11:47.175] {CMPL123__WF_Rule__c} The total amount of the retrieved records: 5/5.
 [09:11:47.177] {CMPL123__WF_Step__c} The total amount of the retrieved records: 53/51.
 [09:11:47.179] {CMPL123__Record_Access_Rule__c} The total amount of the retrieved records: 0/0.
 [09:11:47.181] {CMPL123__WF_Action__c} The total amount of the retrieved records: 28/28.
 [09:11:47.182] {CMPL123__WF_Status__c} The total amount of the retrieved records: 28/28.
 [09:11:47.184] {CMPL123__WF_Phase__c} The total amount of the retrieved records: 14/14.
 [09:11:47.186] {CMPL123__WF_Rule_Phase__c} The total amount of the retrieved records: 15/15.
 [09:11:47.187] {CMPL123__WF_Phase_Status__c} The total amount of the retrieved records: 26/26.
 [09:11:47.189] {CMPL123__Context_Based_Security__c} The total amount of the retrieved records: 0/0.
 [09:11:47.191] {CMPL123__X123Task__c} The total amount of the retrieved records: 7/7.
 [09:11:47.193] {CMPL123__X123Job__c} The total amount of the retrieved records: 7/7.
 [09:11:47.195] {CMPL123__Job_Field_Map__c} The total amount of the retrieved records: 0/0.
 [09:11:47.197] {CMPL123__Valid_Child_Status__c} The total amount of the retrieved records: 32/30.
 [09:11:47.199] {CMPL123__WF_Step_Extension__c} The total amount of the retrieved records: 47/47.
 [09:11:47.202] newLine
 UPDATING THE TARGET (STAGE 1) ...
 [09:11:47.210] {CMPL123__WF_Rule__c} 5 target records remained untouched, since they do not differ from the corresponding source records.
 [09:11:47.213] {CMPL123__WF_Action__c} 28 target records remained untouched, since they do not differ from the corresponding source records.
 [09:11:47.216] {CMPL123__WF_Status__c} 28 target records remained untouched, since they do not differ from the corresponding source records.
 [09:11:47.226] {CMPL123__WF_Step__c} Amount of records to Insert: 2.
 [09:11:47.232] {CMPL123__WF_Step__c} The Insert API operation has been started using REST API (SIMULATION MODE).
 [09:11:47.234] {CMPL123__WF_Step__c} The Insert API operation has been completed.
 [09:11:47.246] {CMPL123__WF_Step__c} Amount of records to Update: 15.
 [09:11:47.251] {CMPL123__WF_Step__c} The Update API operation has been started using REST API (SIMULATION MODE).
 [09:11:47.252] {CMPL123__WF_Step__c} The Update API operation has been completed.
 [09:11:47.259] {CMPL123__WF_Step__c} 36 target records remained untouched, since they do not differ from the corresponding source records.
 [09:11:47.262] {CMPL123__WF_Step__c} The Target has been updated. Totally processed 17 records.
 [09:11:47.265] newLine
 [09:11:47.269] {CMPL123__WF_Phase__c} 14 target records remained untouched, since they do not differ from the corresponding source records.
 [09:11:47.271] {CMPL123__WF_Rule_Phase__c} 15 target records remained untouched, since they do not differ from the corresponding source records.
 [09:11:47.278] {CMPL123__WF_Phase_Status__c} 26 target records remained untouched, since they do not differ from the corresponding source records.
 [09:11:47.282] {CMPL123__X123Task__c} 7 target records remained untouched, since they do not differ from the corresponding source records.
 [09:11:47.286] {CMPL123__X123Job__c} 7 target records remained untouched, since they do not differ from the corresponding source records.
 [09:11:47.305] {CMPL123__Valid_Child_Status__c} Amount of records to Insert: 2.
 [09:11:47.308] {CMPL123__Valid_Child_Status__c} The Insert API operation has been started using REST API (SIMULATION MODE).
 [09:11:47.309] {CMPL123__Valid_Child_Status__c} The Insert API operation has been completed.
 [09:11:47.315] {CMPL123__Valid_Child_Status__c} 30 target records remained untouched, since they do not differ from the corresponding source records.
 [09:11:47.317] {CMPL123__Valid_Child_Status__c} The Target has been updated. Totally processed 2 records.
 [09:11:47.319] newLine
 [09:11:47.323] {CMPL123__WF_Step_Extension__c} 47 target records remained untouched, since they do not differ from the corresponding source records.
 [09:11:47.325] newLine
 [09:11:47.327] The Target (STAGE 1) has been updated. Totally processed 19 records.
 [09:11:47.329] newLine
 UPDATING THE TARGET (STAGE 2) ...
 [09:11:47.333] newLine
 [09:11:47.335] PASS 1
 =============
 [09:11:47.344] {CMPL123__WF_Step__c} 36 target records remained untouched, since they do not differ from the corresponding source records.
 [09:11:47.346] {CMPL123__WF_Rule_Phase__c} 15 target records remained untouched, since they do not differ from the corresponding source records.
 [09:11:47.349] {CMPL123__WF_Phase_Status__c} 26 target records remained untouched, since they do not differ from the corresponding source records.
 [09:11:47.352] {CMPL123__X123Job__c} 7 target records remained untouched, since they do not differ from the corresponding source records.
 [09:11:47.356] {CMPL123__Valid_Child_Status__c} 30 target records remained untouched, since they do not differ from the corresponding source records.
 [09:11:47.359] {CMPL123__WF_Step_Extension__c} 47 target records remained untouched, since they do not differ from the corresponding source records.
 [09:11:47.361] newLine
 [09:11:47.362] PASS 2
 =============
 [09:11:47.371] {CMPL123__WF_Step__c} 36 target records remained untouched, since they do not differ from the corresponding source records.
 [09:11:47.373] {CMPL123__WF_Rule_Phase__c} 15 target records remained untouched, since they do not differ from the corresponding source records.
 [09:11:47.376] {CMPL123__WF_Phase_Status__c} 26 target records remained untouched, since they do not differ from the corresponding source records.
 [09:11:47.378] {CMPL123__X123Job__c} 7 target records remained untouched, since they do not differ from the corresponding source records.
 [09:11:47.381] {CMPL123__Valid_Child_Status__c} 30 target records remained untouched, since they do not differ from the corresponding source records.
 [09:11:47.384] {CMPL123__WF_Step_Extension__c} 47 target records remained untouched, since they do not differ from the corresponding source records.
 [09:11:47.388] newLine
 [09:11:47.389] Nothing was updated.
 [09:11:47.392] newLine
 TRIGGERING ADD-ON EVENTS ...
 [09:11:47.395] No Add-On modules found to run.
 [09:11:47.397] newLine
 [09:11:47.399] newLine
 DATA PROCESSING SUMMARY.
 [09:11:47.403] {CMPL123__WF_Rule__c} Totally processed 0 records.
 [09:11:47.404] {CMPL123__WF_Step__c} Totally processed 17 records.
 [09:11:47.406] {CMPL123__Record_Access_Rule__c} Totally processed 0 records.
 [09:11:47.408] {CMPL123__WF_Action__c} Totally processed 0 records.
 [09:11:47.410] {CMPL123__WF_Status__c} Totally processed 0 records.
 [09:11:47.412] {CMPL123__WF_Phase__c} Totally processed 0 records.
 [09:11:47.413] {CMPL123__WF_Rule_Phase__c} Totally processed 0 records.
 [09:11:47.415] {CMPL123__WF_Phase_Status__c} Totally processed 0 records.
 [09:11:47.417] {CMPL123__Context_Based_Security__c} Totally processed 0 records.
 [09:11:47.418] {CMPL123__X123Task__c} Totally processed 0 records.
 [09:11:47.420] {CMPL123__X123Job__c} Totally processed 0 records.
 [09:11:47.422] {CMPL123__Job_Field_Map__c} Totally processed 0 records.
 [09:11:47.424] {CMPL123__Valid_Child_Status__c} Totally processed 2 records.
 [09:11:47.426] {CMPL123__WF_Step_Extension__c} Totally processed 0 records.
 [09:11:47.428] newLine
 [09:11:47.430] Writing to C:\SalesForce\olympus-dx\sfdmu-data\MissingParentRecordsReport.csv ...
 [09:11:47.433] newLine
 [09:11:47.435] newLine
 TRIGGERING ADD-ON EVENTS ...
 [09:11:47.439] No Add-On modules found to run.
 [09:11:47.441] newLine

 [09:11:47.494] Command succeeded.
 [09:11:47.497] Execution of the command sfdmu:run has been completed. Exit code 0 (SUCCESS).
 [09:11:47.500] Total time elapsed: 00h 00m 44s 871ms .