
 [20:40:09.778] Execution of the command sfdmu:run has been started.
 [20:40:09.783] newLine
 LOADING AND VALIDATING THE EXPORT.JSON SCRIPT ...
 [20:40:09.796] newLine
 OBJECT SET #1 STARTED
 [20:40:09.800] newLine
 {
   "Running Plugin version": "4.33.17"
}
 {
   "Running Add-On API version": "1.5.0"
}
 [20:40:09.814] newLine
 [20:40:09.817] Loading Core Add-On Module declarations ...
 [20:40:09.821] 

### The job is running in the SIMULATION MODE ###


 [20:40:10.104] Connecting to the asusbckup using SFDX sf org display ...
 [20:40:16.899] Successfully connected to the asusbckup.
 {
   "Source": "csvfile.",
   "Target": "asusbckup.",
   "Package script": "C:\\Users\\Himanshu.Desai\\Documents\\GitHub\\GCHS-Release-1\\sfdmu-data\\export.json."
}
 [20:40:19.846] newLine
 GETTING AND ANALYSING OBJECT METADATA ...
 [20:40:19.850] Processing the object CMPL123__WF_Rule__c ...
 [20:40:19.853] Fetching metadata of the CMPL123__WF_Rule__c (Target) ...
 [20:40:21.389] Processing the object CMPL123__WF_Step__c ...
 [20:40:21.391] Fetching metadata of the CMPL123__WF_Step__c (Target) ...
 [20:40:22.355] Processing the object CMPL123__WF_Phase__c ...
 [20:40:22.358] Fetching metadata of the CMPL123__WF_Phase__c (Target) ...
 [20:40:23.414] Processing the object CMPL123__WF_Rule_Phase__c ...
 [20:40:23.417] Fetching metadata of the CMPL123__WF_Rule_Phase__c (Target) ...
 [20:40:24.202] Processing the object CMPL123__WF_Phase_Status__c ...
 [20:40:24.205] Fetching metadata of the CMPL123__WF_Phase_Status__c (Target) ...
 [20:40:24.660] Processing the object CMPL123__Context_Based_Security__c ...
 [20:40:24.664] Fetching metadata of the CMPL123__Context_Based_Security__c (Target) ...
 [20:40:25.442] Processing the object CMPL123__Job_Field_Map__c ...
 [20:40:25.445] Fetching metadata of the CMPL123__Job_Field_Map__c (Target) ...
 [20:40:26.776] Processing the object CMPL123__Record_Access_Rule__c ...
 [20:40:26.779] Fetching metadata of the CMPL123__Record_Access_Rule__c (Target) ...
 [20:40:27.699] Processing the object CMPL123__Valid_Child_Status__c ...
 [20:40:27.702] Fetching metadata of the CMPL123__Valid_Child_Status__c (Target) ...
 [20:40:28.985] Processing the object CMPL123__WF_Action__c ...
 [20:40:28.988] Fetching metadata of the CMPL123__WF_Action__c (Target) ...
 [20:40:29.943] Processing the object CMPL123__WF_Status__c ...
 [20:40:29.945] Fetching metadata of the CMPL123__WF_Status__c (Target) ...
 [20:40:30.806] Processing the object CMPL123__X123Job__c ...
 [20:40:30.808] Fetching metadata of the CMPL123__X123Job__c (Target) ...
 [20:40:31.330] Processing the object CMPL123__X123Task__c ...
 [20:40:31.333] Fetching metadata of the CMPL123__X123Task__c (Target) ...
 [20:40:32.102] Processing the object CMPL123__WF_Step_Extension__c ...
 [20:40:32.112] Fetching metadata of the CMPL123__WF_Step_Extension__c (Target) ...
 [20:40:33.72] Processing the object CMPL123__AuditTrail_Config__c ...
 [20:40:33.74] Fetching metadata of the CMPL123__AuditTrail_Config__c (Target) ...
 [20:40:34.34] Fetching metadata of the Group (Target) ...
 [20:40:34.833] Processing the object CMPL123__AuditTrail_Config__c ...
 [20:40:34.835] Processing the object CMPL123__WF_Step_Extension__c ...
 [20:40:34.838] Processing the object CMPL123__X123Task__c ...
 [20:40:34.840] Processing the object CMPL123__X123Job__c ...
 [20:40:34.842] Processing the object CMPL123__WF_Status__c ...
 [20:40:34.844] Processing the object CMPL123__WF_Action__c ...
 [20:40:34.846] Processing the object CMPL123__Valid_Child_Status__c ...
 [20:40:34.848] Processing the object CMPL123__Record_Access_Rule__c ...
 [20:40:34.849] Processing the object CMPL123__Job_Field_Map__c ...
 [20:40:34.852] Processing the object CMPL123__Context_Based_Security__c ...
 [20:40:34.854] Processing the object CMPL123__WF_Phase_Status__c ...
 [20:40:34.856] Processing the object CMPL123__WF_Rule_Phase__c ...
 [20:40:34.858] Processing the object CMPL123__WF_Phase__c ...
 [20:40:34.860] Processing the object CMPL123__WF_Step__c ...
 [20:40:34.863] Processing the object CMPL123__WF_Rule__c ...
 [20:40:34.867] newLine
 PREPARING DATA MIGRATION JOB ...
 [20:40:34.870] Building the migration strategy ...
 {
   "Order of objects to query": "CMPL123__WF_Rule__c; CMPL123__WF_Step__c; CMPL123__Record_Access_Rule__c; CMPL123__AuditTrail_Config__c; CMPL123__WF_Action__c; CMPL123__WF_Status__c; CMPL123__WF_Phase__c; CMPL123__WF_Rule_Phase__c; CMPL123__WF_Phase_Status__c; CMPL123__Context_Based_Security__c; CMPL123__X123Task__c; CMPL123__X123Job__c; CMPL123__Job_Field_Map__c; CMPL123__Valid_Child_Status__c; CMPL123__WF_Step_Extension__c"
}
 {
   "Order of objects to delete": "CMPL123__AuditTrail_Config__c; CMPL123__WF_Step_Extension__c; CMPL123__Valid_Child_Status__c; CMPL123__Record_Access_Rule__c; CMPL123__Job_Field_Map__c; CMPL123__X123Job__c; CMPL123__X123Task__c; CMPL123__Context_Based_Security__c; CMPL123__WF_Phase_Status__c; CMPL123__WF_Rule_Phase__c; CMPL123__WF_Phase__c; CMPL123__WF_Step__c; CMPL123__WF_Status__c; CMPL123__WF_Action__c; CMPL123__WF_Rule__c"
}
 {
   "Order of objects to update": "CMPL123__WF_Rule__c; CMPL123__WF_Action__c; CMPL123__WF_Status__c; CMPL123__WF_Step__c; CMPL123__WF_Phase__c; CMPL123__WF_Rule_Phase__c; CMPL123__WF_Phase_Status__c; CMPL123__Context_Based_Security__c; CMPL123__X123Task__c; CMPL123__X123Job__c; CMPL123__Job_Field_Map__c; CMPL123__Record_Access_Rule__c; CMPL123__Valid_Child_Status__c; CMPL123__WF_Step_Extension__c; CMPL123__AuditTrail_Config__c"
}
 [20:40:34.963] Validation of the source CSV files ...
 [20:40:35.367] Writing to C:\Users\Himanshu.Desai\Documents\GitHub\GCHS-Release-1\sfdmu-data\source\CMPL123__WF_Step__c_source.csv ...
 [20:40:35.495] Writing to C:\Users\Himanshu.Desai\Documents\GitHub\GCHS-Release-1\sfdmu-data\source\CMPL123__WF_Rule_Phase__c_source.csv ...
 [20:40:35.502] Writing to C:\Users\Himanshu.Desai\Documents\GitHub\GCHS-Release-1\sfdmu-data\source\CMPL123__WF_Phase_Status__c_source.csv ...
 [20:40:35.518] Writing to C:\Users\Himanshu.Desai\Documents\GitHub\GCHS-Release-1\sfdmu-data\source\CMPL123__X123Job__c_source.csv ...
 [20:40:35.524] Writing to C:\Users\Himanshu.Desai\Documents\GitHub\GCHS-Release-1\sfdmu-data\source\CMPL123__Valid_Child_Status__c_source.csv ...
 [20:40:35.634] Writing to C:\Users\Himanshu.Desai\Documents\GitHub\GCHS-Release-1\sfdmu-data\source\CMPL123__WF_Step_Extension__c_source.csv ...
 [20:40:35.684] Amount of updated source CSV files: 6.
 [20:40:35.687] No issues were found in the source CSV files.
 [20:40:35.697] Processing the source CSV files has been completed.
 [20:40:35.699] Preparing of the data migration job has been completed.
 [20:40:35.706] newLine
 ANALYSING DATA...
 [20:40:35.887] {CMPL123__WF_Rule__c} The original query string of this object is returning 3 records from the Target org.
 [20:40:36.35] {CMPL123__WF_Action__c} The original query string of this object is returning 230 records from the Target org.
 [20:40:36.180] {CMPL123__WF_Status__c} The original query string of this object is returning 162 records from the Target org.
 [20:40:36.612] {CMPL123__WF_Step__c} The original query string of this object is returning 28 records from the Target org.
 [20:40:36.767] {CMPL123__WF_Phase__c} The original query string of this object is returning 45 records from the Target org.
 [20:40:36.909] {CMPL123__WF_Rule_Phase__c} The original query string of this object is returning 64 records from the Target org.
 [20:40:37.46] {CMPL123__WF_Phase_Status__c} The original query string of this object is returning 103 records from the Target org.
 [20:40:37.183] {CMPL123__Context_Based_Security__c} The original query string of this object is returning 0 records from the Target org.
 [20:40:37.317] {CMPL123__X123Task__c} The original query string of this object is returning 13 records from the Target org.
 [20:40:37.455] {CMPL123__X123Job__c} The original query string of this object is returning 14 records from the Target org.
 [20:40:37.601] {CMPL123__Job_Field_Map__c} The original query string of this object is returning 6 records from the Target org.
 [20:40:37.757] {CMPL123__Record_Access_Rule__c} The original query string of this object is returning 0 records from the Target org.
 [20:40:37.899] {CMPL123__Valid_Child_Status__c} The original query string of this object is returning 258 records from the Target org.
 [20:40:38.39] {CMPL123__WF_Step_Extension__c} The original query string of this object is returning 84 records from the Target org.
 [20:40:38.182] {CMPL123__AuditTrail_Config__c} The original query string of this object is returning 152 records from the Target org.
 [20:40:38.184] newLine
 TRIGGERING ADD-ON EVENTS ...
 [20:40:38.188] No Add-On modules found to run.
 [20:40:38.190] newLine
 [20:40:38.191] Ready to process the data.
 [20:40:38.194] newLine
 DELETING OLD DATA FROM THE TARGET ...
 [20:40:38.197] {CMPL123__AuditTrail_Config__c} No records to delete.
 [20:40:38.199] {CMPL123__WF_Step_Extension__c} No records to delete.
 [20:40:38.201] {CMPL123__Valid_Child_Status__c} Deleting old records from the Target ...
 [20:40:38.451] {CMPL123__Valid_Child_Status__c} Amount of records to delete: 158.
 [20:40:38.459] {CMPL123__Valid_Child_Status__c} The Delete API operation has been started using REST API (SIMULATION MODE).
 [20:40:38.461] {CMPL123__Valid_Child_Status__c} The Delete API operation has been completed.
 [20:40:38.470] {CMPL123__Valid_Child_Status__c} Deleting has been completed.
 [20:40:38.471] {CMPL123__Record_Access_Rule__c} No records to delete.
 [20:40:38.473] {CMPL123__Job_Field_Map__c} No records to delete.
 [20:40:38.475] {CMPL123__X123Job__c} No records to delete.
 [20:40:38.478] {CMPL123__X123Task__c} No records to delete.
 [20:40:38.480] {CMPL123__Context_Based_Security__c} No records to delete.
 [20:40:38.482] {CMPL123__WF_Phase_Status__c} No records to delete.
 [20:40:38.484] {CMPL123__WF_Rule_Phase__c} No records to delete.
 [20:40:38.486] {CMPL123__WF_Phase__c} No records to delete.
 [20:40:38.488] {CMPL123__WF_Step__c} No records to delete.
 [20:40:38.490] {CMPL123__WF_Status__c} No records to delete.
 [20:40:38.492] {CMPL123__WF_Action__c} No records to delete.
 [20:40:38.494] {CMPL123__WF_Rule__c} No records to delete.
 [20:40:38.496] Deleting data has been completed.
 [20:40:38.499] newLine
 SOURCE:
 =============
 [20:40:38.505] newLine
 FETCHING THE DATA (STAGE 1) ...
 [20:40:38.511] {CMPL123__WF_Rule__c} Fetching the Source data from CSV file (STAGE 1: all records) ...
 [20:40:38.551] {CMPL123__WF_Rule__c} Data retrieval (Source) has been completed. Got 3 new records.
 [20:40:38.555] {CMPL123__WF_Step__c} Fetching the Source data from CSV file (STAGE 1: all records) ...
 [20:40:38.623] {CMPL123__WF_Step__c} Data retrieval (Source) has been completed. Got 31 new records.
 [20:40:38.627] {CMPL123__Record_Access_Rule__c} Fetching the Source data from CSV file (STAGE 1: all records) ...
 [20:40:38.658] {CMPL123__Record_Access_Rule__c} Data retrieval (Source) has been completed. Got 0 new records.
 [20:40:38.661] {CMPL123__AuditTrail_Config__c} Fetching the Source data from CSV file (STAGE 1: all records) ...
 [20:40:38.724] {CMPL123__AuditTrail_Config__c} Data retrieval (Source) has been completed. Got 152 new records.
 [20:40:38.727] {CMPL123__WF_Action__c} Fetching the Source data from CSV file (STAGE 1: all records) ...
 [20:40:38.734] {CMPL123__WF_Action__c} Data retrieval (Source) has been completed. Got 21 new records.
 [20:40:38.736] {CMPL123__WF_Status__c} Fetching the Source data from CSV file (STAGE 1: all records) ...
 [20:40:38.742] {CMPL123__WF_Status__c} Data retrieval (Source) has been completed. Got 19 new records.
 [20:40:38.744] {CMPL123__WF_Phase__c} Fetching the Source data from CSV file (STAGE 1: all records) ...
 [20:40:38.748] {CMPL123__WF_Phase__c} Data retrieval (Source) has been completed. Got 11 new records.
 [20:40:38.750] {CMPL123__WF_Rule_Phase__c} Fetching the Source data from CSV file (STAGE 1: all records) ...
 [20:40:38.755] {CMPL123__WF_Rule_Phase__c} Data retrieval (Source) has been completed. Got 11 new records.
 [20:40:38.757] {CMPL123__WF_Phase_Status__c} Fetching the Source data from CSV file (STAGE 1: all records) ...
 [20:40:38.763] {CMPL123__WF_Phase_Status__c} Data retrieval (Source) has been completed. Got 18 new records.
 [20:40:38.765] {CMPL123__Context_Based_Security__c} Fetching the Source data from CSV file (STAGE 1: all records) ...
 [20:40:38.769] {CMPL123__Context_Based_Security__c} Data retrieval (Source) has been completed. Got 0 new records.
 [20:40:38.771] {CMPL123__X123Task__c} Fetching the Source data from CSV file (STAGE 1: all records) ...
 [20:40:38.774] {CMPL123__X123Task__c} Data retrieval (Source) has been completed. Got 3 new records.
 [20:40:38.776] {CMPL123__X123Job__c} Fetching the Source data from CSV file (STAGE 1: all records) ...
 [20:40:38.780] {CMPL123__X123Job__c} Data retrieval (Source) has been completed. Got 3 new records.
 [20:40:38.782] {CMPL123__Job_Field_Map__c} Fetching the Source data from CSV file (STAGE 1: all records) ...
 [20:40:38.785] {CMPL123__Job_Field_Map__c} Data retrieval (Source) has been completed. Got 0 new records.
 [20:40:38.787] {CMPL123__Valid_Child_Status__c} Fetching the Source data from CSV file (STAGE 1: all records) ...
 [20:40:38.820] {CMPL123__Valid_Child_Status__c} Data retrieval (Source) has been completed. Got 156 new records.
 [20:40:38.823] {CMPL123__WF_Step_Extension__c} Fetching the Source data from CSV file (STAGE 1: all records) ...
 [20:40:38.830] {CMPL123__WF_Step_Extension__c} Data retrieval (Source) has been completed. Got 20 new records.
 [20:40:38.832] Data retrieval (STAGE 1) has been completed.
 [20:40:38.834] newLine
 FETCHING THE DATA (STAGE 2) ...
 [20:40:38.837] PASS 1
 =============
 [20:40:38.840] No records
 [20:40:38.842] newLine
 [20:40:38.843] PASS 2
 =============
 [20:40:38.846] No records
 [20:40:38.847] newLine
 [20:40:38.849] PASS 3
 =============
 [20:40:38.851] No records
 [20:40:38.853] newLine
 [20:40:38.854] PASS 4
 =============
 [20:40:38.856] No records
 [20:40:38.858] newLine
 TARGET:
 =============
 [20:40:38.863] {CMPL123__WF_Rule__c} Fetching the Target data from Org (STAGE 2: all records) ...
 [20:40:38.864] {CMPL123__WF_Rule__c} Query string: SELECT Id, Name, CMPL123__WF_Rule_External_Id__c, CMPL123__Description__c, CMPL123__Has_Cycle_Time_Metrics_Fields__c, CMPL123__Has_Multiple_Actions__c, CMPL123__Is_Active__c, CMPL123__Record_Type__c, CMPL123__Target_Object__c, CMPL123__Target_Object_... FROM  CMPL123__WF_Rule__c WHERE Name in ('Complaint Workflow', 'Investigation Workflow', 'Regulatory Report Workflow').
 [20:40:38.867] {CMPL123__WF_Rule__c} Using REST API to retrieve the data ...
 [20:40:39.31] {CMPL123__WF_Rule__c} Data retrieval (Target) has been completed. Got 3 new records.
 [20:40:39.34] {CMPL123__WF_Step__c} Fetching the Target data from Org (STAGE 2: all records) ...
 [20:40:39.36] {CMPL123__WF_Step__c} Query string: SELECT Id, CMPL123__WF_Step_External_Id__c, CMPL123__WF_Rule__c, CMPL123__Action__c, CMPL123__Are_Child_Files_Locked__c, CMPL123__Are_Child_Records_Locked__c, CMPL123__End_Status__c, CMPL123__Is_Record_Lock_Required__c, CMPL123__Is_Related_Lists_Lock... FROM  CMPL123__WF_Step__c WHERE CMPL123__WF_Rule__r.Name in ('Complaint Workflow', 'Investigation Workflow', 'Regulatory Report Workflow').
 [20:40:39.40] {CMPL123__WF_Step__c} Using REST API to retrieve the data ...
 [20:40:39.526] {CMPL123__WF_Step__c} Data retrieval (Target) has been completed. Got 28 new records.
 [20:40:39.528] {CMPL123__Record_Access_Rule__c} Fetching the Target data from Org (STAGE 2: all records) ...
 [20:40:39.529] {CMPL123__Record_Access_Rule__c} Query string: SELECT Id, Name, CMPL123__Record_Access_Rule_External_Id__c, CMPL123__API_Path_to_User_Relationship__c, CMPL123__Active_of_the_rule__c, CMPL123__Apex_Sharing_Reason__c, CMPL123__Child_Objects__c, CMPL123__Target_Object__c, CMPL123__User_Field_Name__c... FROM  CMPL123__Record_Access_Rule__c.
 [20:40:39.531] {CMPL123__Record_Access_Rule__c} Using REST API to retrieve the data ...
 [20:40:39.672] {CMPL123__Record_Access_Rule__c} Data retrieval (Target) has been completed. Got 0 new records.
 [20:40:39.674] {CMPL123__AuditTrail_Config__c} Fetching the Target data from Org (STAGE 2: all records) ...
 [20:40:39.675] {CMPL123__AuditTrail_Config__c} Query string: SELECT Id, Name, CMPL123__AuditTrail_External_Id__c, CMPL123__Child_Relationships_Object__c, CMPL123__Fields__c, CMPL123__Is_Active__c, CMPL123__Parent_Relationship_Object__c, CMPL123__RFC_Comment_Fields__c, CMPL123__RFC_Fields__c, CMPL123__Report_Ti... FROM  CMPL123__AuditTrail_Config__c.
 [20:40:39.676] {CMPL123__AuditTrail_Config__c} Using REST API to retrieve the data ...
 [20:40:40.213] {CMPL123__AuditTrail_Config__c} Data retrieval (Target) has been completed. Got 152 new records.
 [20:40:40.217] {CMPL123__WF_Action__c} Fetching the Target data from Org (STAGE 2: filtered records) ...
 [20:40:40.219] {CMPL123__WF_Action__c} Query string: SELECT Id, Name, CMPL123__WF_Action_External_Id__c, CMPL123__Action_Custom_Label__c, CMPL123__Comment_Type__c, CMPL123__Description__c, CMPL123__E_Sign_Message_Custom_Label__c, CMPL123__Esign_Message__c, CMPL123__Generic_Comment__c, CMPL123__Is_Comme... FROM  CMPL123__WF_Action__c WHERE CMPL123__WF_Action_External_Id__c IN ('a1D5r000000hdpgEAA', 'a1D5r000000hjJ9EAI', 'a1D5r000000hqRuEAI', 'a1D5r000000hjEqEAI', 'qpa-common-00032', 'qpa-common-00040', 'qpa-common-00042', 'qpa-common-00044', 'qpa-common-000....
 [20:40:40.229] {CMPL123__WF_Action__c} Using REST API to retrieve the data ...
 [20:40:40.493] {CMPL123__WF_Action__c} Data retrieval (Target) has been completed. Got 21 new records.
 [20:40:40.496] {CMPL123__WF_Status__c} Fetching the Target data from Org (STAGE 2: filtered records) ...
 [20:40:40.497] {CMPL123__WF_Status__c} Query string: SELECT Id, Name, CMPL123__WF_Status_External_Id__c, CMPL123__Description__c, CMPL123__Status_Custom_Label__c  FROM  CMPL123__WF_Status__c WHERE CMPL123__WF_Status_External_Id__c IN ('a1J5r000001NvJyEAK', 'qpa-common-00016', 'qpa-common-00020', 'qpa-common-00021', 'qpa-common-00023', 'qpa-common-00024', 'qpa-common-00029', 'qpa-common-00031', 'qpa-common-00033', '....
 [20:40:40.501] {CMPL123__WF_Status__c} Using REST API to retrieve the data ...
 [20:40:40.672] {CMPL123__WF_Status__c} Data retrieval (Target) has been completed. Got 19 new records.
 [20:40:40.675] {CMPL123__WF_Phase__c} Fetching the Target data from Org (STAGE 2: filtered records) ...
 [20:40:40.676] {CMPL123__WF_Phase__c} Query string: SELECT Id, Name, CMPL123__WF_Phase_External_Id__c, CMPL123__Description__c, CMPL123__Phase_Custom_Label__c, CMPL123__Work_Instructions_Custom_Label__c, CMPL123__Work_Instructions_HTML__c, CMPL123__Work_Instructions__c  FROM  CMPL123__WF_Phase__c WHERE CMPL123__WF_Phase_External_Id__c IN ('qpa-complaints-phase-001', 'qpa-complaints-phase-002', 'qpa-complaints-phase-003', 'qpa-complaints-phase-004', 'qpa-complaints-phase-005', 'qpa-complaints-phase-007', 'qpa-complaints-p....
 [20:40:40.679] {CMPL123__WF_Phase__c} Using REST API to retrieve the data ...
 [20:40:40.927] {CMPL123__WF_Phase__c} Data retrieval (Target) has been completed. Got 11 new records.
 [20:40:40.930] {CMPL123__WF_Rule_Phase__c} Fetching the Target data from Org (STAGE 2: filtered records) ...
 [20:40:40.932] {CMPL123__WF_Rule_Phase__c} Query string: SELECT Id, Name, CMPL123__WF_Rule_Phase_External_Id__c, CMPL123__Order__c, CMPL123__Workflow_Phase__c, CMPL123__Workflow_Rule__c, CMPL123__Workflow_Phase__r.CMPL123__WF_Phase_External_Id__c, CMPL123__Workflow_Rule__r.CMPL123__WF_Rule_External_Id__c  FROM  CMPL123__WF_Rule_Phase__c WHERE CMPL123__WF_Rule_Phase_External_Id__c IN ('a1H5r0000019CIhEAM', 'a1H5r0000019CIiEAM', 'a1H5r0000019CIjEAM', 'qpa-complaints-phrule-001', 'qpa-complaints-phrule-002', 'qpa-complaints-phrule-003', 'qpa-complaints-phrule....
 [20:40:40.936] {CMPL123__WF_Rule_Phase__c} Using REST API to retrieve the data ...
 [20:40:41.191] {CMPL123__WF_Rule_Phase__c} Data retrieval (Target) has been completed. Got 11 new records.
 [20:40:41.195] {CMPL123__WF_Phase_Status__c} Fetching the Target data from Org (STAGE 2: filtered records) ...
 [20:40:41.197] {CMPL123__WF_Phase_Status__c} Query string: SELECT Id, CMPL123__WF_Phase_Status_External_Id__c, CMPL123__Workflow_Rule_Phase__c, CMPL123__Workflow_Status__c, Workflow_Phase__c, Workflow_Rule__c, Workflow_Status_hyperlink__c, CMPL123__Workflow_Rule_Phase__r.CMPL123__WF_Rule_Phase_External_Id__c... FROM  CMPL123__WF_Phase_Status__c WHERE CMPL123__WF_Phase_Status_External_Id__c IN ('a1F5r0000026qj1EAA', 'a1F5r0000026qj0EAA', 'a1F5r0000026qizEAA', 'a1F5r0000026qiyEAA', 'a1F5r0000026ifAEAQ', 'a1F5r0000026if9EAA', 'a1F5r0000026if8EAA', 'a1F5r0000026if7E....
 [20:40:41.200] {CMPL123__WF_Phase_Status__c} Using REST API to retrieve the data ...
 [20:40:41.470] {CMPL123__WF_Phase_Status__c} Data retrieval (Target) has been completed. Got 18 new records.
 [20:40:41.472] {CMPL123__X123Task__c} Fetching the Target data from Org (STAGE 2: filtered records) ...
 [20:40:41.474] {CMPL123__X123Task__c} Query string: SELECT Id, Name, CMPL123__Task_External_Id__c, CMPL123__Allow_Partial_Processing_for_123_Tasks__c, CMPL123__Description__c, CMPL123__Is_Active__c, CMPL123__Key_Value__c, CMPL123__Related_Object__c  FROM  CMPL123__X123Task__c WHERE CMPL123__Task_External_Id__c IN ('a1N5r000001WwqiEAC', 'a1N5r000001WwPxEAK', 'a1N5r000001W2xkEAC').
 [20:40:41.476] {CMPL123__X123Task__c} Using REST API to retrieve the data ...
 [20:40:41.632] {CMPL123__X123Task__c} Data retrieval (Target) has been completed. Got 3 new records.
 [20:40:41.635] {CMPL123__X123Job__c} Fetching the Target data from Org (STAGE 2: filtered records) ...
 [20:40:41.636] {CMPL123__X123Job__c} Query string: SELECT Id, Name, CMPL123__Job_External_Id__c, CMPL123__Child_Filter_Condition__c, CMPL123__Description__c, CMPL123__Is_Active__c, CMPL123__Job_Type__c, CMPL123__Related_Task__c, CMPL123__Workflow_Step__c, CMPL123__Related_Task__r.CMPL123__Task_Extern... FROM  CMPL123__X123Job__c WHERE CMPL123__Job_External_Id__c IN ('a1M5r000000sEtHEAU', 'a1M5r000001tkZjEAI', 'a1M5r000001tkV5EAI').
 [20:40:41.639] {CMPL123__X123Job__c} Using REST API to retrieve the data ...
 [20:40:42.88] {CMPL123__X123Job__c} Data retrieval (Target) has been completed. Got 3 new records.
 [20:40:42.91] {CMPL123__Valid_Child_Status__c} Fetching the Target data from Org (STAGE 2: filtered records) ...
 [20:40:42.93] {CMPL123__Valid_Child_Status__c} Query string: SELECT Id, Name, CMPL123__Valid_Child_Status_External_Id__c, CMPL123__Parent_Workflow_Step__c, CMPL123__Child_Relationship__c, CMPL123__Description__c, CMPL123__Required_Child_Workflow_Status__c, Parent_Workflow_Action__c, Parent_Workflow_Rule__c, Ch... FROM  CMPL123__Valid_Child_Status__c WHERE CMPL123__Valid_Child_Status_External_Id__c IN ('qpa-utility-inv-00001', 'qpa-utility-inv-00002', 'qpa-utility-inv-00003', 'qpa-utility-inv-00004', 'qpa-utility-inv-00005', 'qpa-utility-inv-00006', 'qpa-complaints....
 [20:40:42.100] {CMPL123__Valid_Child_Status__c} Using REST API to retrieve the data ...
 [20:40:42.690] {CMPL123__Valid_Child_Status__c} Data retrieval (Target) has been completed. Got 152 new records.
 [20:40:42.693] {CMPL123__WF_Step_Extension__c} Fetching the Target data from Org (STAGE 2: filtered records) ...
 [20:40:42.695] {CMPL123__WF_Step_Extension__c} Query string: SELECT Id, Name, CMPL123__External_Id__c, CMPL123__Parent_Workflow_Step__c, CMPL123__Apply_To_Automated_User__c, CMPL123__Are_Child_Files_Locked__c, CMPL123__Is_Record_Lock_Required__c, CMPL123__Is_Related_Lists_Locked__c, CMPL123__Object_Related_Lis... FROM  CMPL123__WF_Step_Extension__c WHERE CMPL123__External_Id__c IN ('a1K5r000006ydv3EAA', 'a1K5r000006ytOXEAY', 'a1K5r0000070oWeEAI', 'a1K5r000007070iEAA', 'a1K5r00000707bOEAQ', 'a1K5r00000707y6EAA', 'a1K5r00000707iaEAA', 'a1K5r000006yfFjEAI', 'a1K5r000....
 [20:40:42.698] {CMPL123__WF_Step_Extension__c} Using REST API to retrieve the data ...
 [20:40:42.966] {CMPL123__WF_Step_Extension__c} Data retrieval (Target) has been completed. Got 18 new records.
 [20:40:42.967] Data retrieval (STAGE 2) has been completed.
 [20:40:42.968] newLine
 TRIGGERING ADD-ON EVENTS ...
 [20:40:42.971] No Add-On modules found to run.
 [20:40:42.973] newLine
 [20:40:42.974] newLine
 DATA RETRIEVAL SUMMARY.
 [20:40:42.977] {CMPL123__WF_Rule__c} The total amount of the retrieved records: 3/3.
 [20:40:42.978] {CMPL123__WF_Step__c} The total amount of the retrieved records: 31/28.
 [20:40:42.980] {CMPL123__Record_Access_Rule__c} The total amount of the retrieved records: 0/0.
 [20:40:42.981] {CMPL123__AuditTrail_Config__c} The total amount of the retrieved records: 152/152.
 [20:40:42.983] {CMPL123__WF_Action__c} The total amount of the retrieved records: 21/21.
 [20:40:42.984] {CMPL123__WF_Status__c} The total amount of the retrieved records: 19/19.
 [20:40:42.985] {CMPL123__WF_Phase__c} The total amount of the retrieved records: 11/11.
 [20:40:42.986] {CMPL123__WF_Rule_Phase__c} The total amount of the retrieved records: 11/11.
 [20:40:42.987] {CMPL123__WF_Phase_Status__c} The total amount of the retrieved records: 18/18.
 [20:40:42.989] {CMPL123__Context_Based_Security__c} The total amount of the retrieved records: 0/0.
 [20:40:42.990] {CMPL123__X123Task__c} The total amount of the retrieved records: 3/3.
 [20:40:42.991] {CMPL123__X123Job__c} The total amount of the retrieved records: 3/3.
 [20:40:42.992] {CMPL123__Job_Field_Map__c} The total amount of the retrieved records: 0/0.
 [20:40:42.994] {CMPL123__Valid_Child_Status__c} The total amount of the retrieved records: 156/152.
 [20:40:42.995] {CMPL123__WF_Step_Extension__c} The total amount of the retrieved records: 20/18.
 [20:40:42.997] newLine
 UPDATING THE TARGET (STAGE 1) ...
 [20:40:43.4] {CMPL123__WF_Rule__c} 3 target records remained untouched, since they do not differ from the corresponding source records.
 [20:40:43.6] {CMPL123__WF_Action__c} 21 target records remained untouched, since they do not differ from the corresponding source records.
 [20:40:43.8] {CMPL123__WF_Status__c} 19 target records remained untouched, since they do not differ from the corresponding source records.
 [20:40:43.13] {CMPL123__WF_Step__c} Amount of records to Insert: 3.
 [20:40:43.16] {CMPL123__WF_Step__c} The Insert API operation has been started using REST API (SIMULATION MODE).
 [20:40:43.18] {CMPL123__WF_Step__c} The Insert API operation has been completed.
 [20:40:43.35] {CMPL123__WF_Step__c} Amount of records to Update: 14.
 [20:40:43.39] {CMPL123__WF_Step__c} The Update API operation has been started using REST API (SIMULATION MODE).
 [20:40:43.40] {CMPL123__WF_Step__c} The Update API operation has been completed.
 [20:40:43.47] {CMPL123__WF_Step__c} 14 target records remained untouched, since they do not differ from the corresponding source records.
 [20:40:43.49] {CMPL123__WF_Step__c} The Target has been updated. Totally processed 17 records.
 [20:40:43.52] newLine
 [20:40:43.54] {CMPL123__WF_Phase__c} 11 target records remained untouched, since they do not differ from the corresponding source records.
 [20:40:43.56] {CMPL123__WF_Rule_Phase__c} 11 target records remained untouched, since they do not differ from the corresponding source records.
 [20:40:43.59] {CMPL123__WF_Phase_Status__c} 18 target records remained untouched, since they do not differ from the corresponding source records.
 [20:40:43.61] {CMPL123__X123Task__c} 3 target records remained untouched, since they do not differ from the corresponding source records.
 [20:40:43.64] {CMPL123__X123Job__c} 3 target records remained untouched, since they do not differ from the corresponding source records.
 [20:40:43.74] {CMPL123__Valid_Child_Status__c} Amount of records to Insert: 4.
 [20:40:43.78] {CMPL123__Valid_Child_Status__c} The Insert API operation has been started using REST API (SIMULATION MODE).
 [20:40:43.80] {CMPL123__Valid_Child_Status__c} The Insert API operation has been completed.
 [20:40:43.87] {CMPL123__Valid_Child_Status__c} 152 target records remained untouched, since they do not differ from the corresponding source records.
 [20:40:43.89] {CMPL123__Valid_Child_Status__c} The Target has been updated. Totally processed 4 records.
 [20:40:43.124] newLine
 [20:40:43.127] {CMPL123__WF_Step_Extension__c} Amount of records to Insert: 2.
 [20:40:43.131] {CMPL123__WF_Step_Extension__c} The Insert API operation has been started using REST API (SIMULATION MODE).
 [20:40:43.133] {CMPL123__WF_Step_Extension__c} The Insert API operation has been completed.
 [20:40:43.195] {CMPL123__WF_Step_Extension__c} 18 target records remained untouched, since they do not differ from the corresponding source records.
 [20:40:43.198] {CMPL123__WF_Step_Extension__c} The Target has been updated. Totally processed 2 records.
 [20:40:43.206] newLine
 [20:40:43.211] {CMPL123__AuditTrail_Config__c} Amount of records to Update: 4.
 [20:40:43.231] {CMPL123__AuditTrail_Config__c} The Update API operation has been started using REST API (SIMULATION MODE).
 [20:40:43.233] {CMPL123__AuditTrail_Config__c} The Update API operation has been completed.
 [20:40:43.263] {CMPL123__AuditTrail_Config__c} 148 target records remained untouched, since they do not differ from the corresponding source records.
 [20:40:43.267] {CMPL123__AuditTrail_Config__c} The Target has been updated. Totally processed 4 records.
 [20:40:43.270] newLine
 [20:40:43.276] newLine
 [20:40:43.278] The Target (STAGE 1) has been updated. Totally processed 27 records.
 [20:40:43.280] newLine
 UPDATING THE TARGET (STAGE 2) ...
 [20:40:43.283] newLine
 [20:40:43.284] PASS 1
 =============
 [20:40:43.290] {CMPL123__WF_Step__c} 14 target records remained untouched, since they do not differ from the corresponding source records.
 [20:40:43.292] {CMPL123__WF_Rule_Phase__c} 11 target records remained untouched, since they do not differ from the corresponding source records.
 [20:40:43.294] {CMPL123__WF_Phase_Status__c} 18 target records remained untouched, since they do not differ from the corresponding source records.
 [20:40:43.296] {CMPL123__X123Job__c} 3 target records remained untouched, since they do not differ from the corresponding source records.
 [20:40:43.302] {CMPL123__Valid_Child_Status__c} 152 target records remained untouched, since they do not differ from the corresponding source records.
 [20:40:43.305] {CMPL123__WF_Step_Extension__c} 18 target records remained untouched, since they do not differ from the corresponding source records.
 [20:40:43.307] newLine
 [20:40:43.309] PASS 2
 =============
 [20:40:43.315] {CMPL123__WF_Step__c} 14 target records remained untouched, since they do not differ from the corresponding source records.
 [20:40:43.317] {CMPL123__WF_Rule_Phase__c} 11 target records remained untouched, since they do not differ from the corresponding source records.
 [20:40:43.320] {CMPL123__WF_Phase_Status__c} 18 target records remained untouched, since they do not differ from the corresponding source records.
 [20:40:43.321] {CMPL123__X123Job__c} 3 target records remained untouched, since they do not differ from the corresponding source records.
 [20:40:43.326] {CMPL123__Valid_Child_Status__c} 152 target records remained untouched, since they do not differ from the corresponding source records.
 [20:40:43.328] {CMPL123__WF_Step_Extension__c} 18 target records remained untouched, since they do not differ from the corresponding source records.
 [20:40:43.330] newLine
 [20:40:43.331] Nothing was updated.
 [20:40:43.333] newLine
 TRIGGERING ADD-ON EVENTS ...
 [20:40:43.336] No Add-On modules found to run.
 [20:40:43.338] newLine
 [20:40:43.339] newLine
 DATA PROCESSING SUMMARY.
 [20:40:43.342] {CMPL123__WF_Rule__c} Totally processed 0 records.
 [20:40:43.343] {CMPL123__WF_Step__c} Totally processed 17 records.
 [20:40:43.345] {CMPL123__Record_Access_Rule__c} Totally processed 0 records.
 [20:40:43.346] {CMPL123__AuditTrail_Config__c} Totally processed 4 records.
 [20:40:43.348] {CMPL123__WF_Action__c} Totally processed 0 records.
 [20:40:43.350] {CMPL123__WF_Status__c} Totally processed 0 records.
 [20:40:43.351] {CMPL123__WF_Phase__c} Totally processed 0 records.
 [20:40:43.353] {CMPL123__WF_Rule_Phase__c} Totally processed 0 records.
 [20:40:43.354] {CMPL123__WF_Phase_Status__c} Totally processed 0 records.
 [20:40:43.355] {CMPL123__Context_Based_Security__c} Totally processed 0 records.
 [20:40:43.357] {CMPL123__X123Task__c} Totally processed 0 records.
 [20:40:43.358] {CMPL123__X123Job__c} Totally processed 0 records.
 [20:40:43.359] {CMPL123__Job_Field_Map__c} Totally processed 0 records.
 [20:40:43.361] {CMPL123__Valid_Child_Status__c} Totally processed 4 records.
 [20:40:43.362] {CMPL123__WF_Step_Extension__c} Totally processed 2 records.
 [20:40:43.363] newLine
 [20:40:43.366] Writing to C:\Users\Himanshu.Desai\Documents\GitHub\GCHS-Release-1\sfdmu-data\MissingParentRecordsReport.csv ...
 [20:40:43.369] newLine
 [20:40:43.370] newLine
 TRIGGERING ADD-ON EVENTS ...
 [20:40:43.373] No Add-On modules found to run.
 [20:40:43.374] newLine

 [20:40:43.404] Command succeeded.
 [20:40:43.406] Execution of the command sfdmu:run has been completed. Exit code 0 (SUCCESS).
 [20:40:43.408] Total time elapsed: 00h 00m 33s 629ms .