
 [15:42:19.515] Execution of the command sfdmu:run has been started.
 [15:42:19.520] newLine
 LOADING AND VALIDATING THE EXPORT.JSON SCRIPT ...
 [15:42:19.532] newLine
 OBJECT SET #1 STARTED
 [15:42:19.536] newLine
 {
   "Running Plugin version": "4.33.15"
}
 {
   "Running Add-On API version": "1.5.0"
}
 [15:42:19.545] newLine
 [15:42:19.547] Loading Core Add-On Module declarations ...
 [15:42:19.774] Connecting to the olympus-dev using SFDX sf org display ...
 [15:42:26.252] Successfully connected to the olympus-dev.
 {
   "Source": "csvfile.",
   "Target": "olympus-dev.",
   "Package script": "C:\\SalesForce\\olympus-dx\\sfdmu-data\\export.json."
}
 [15:42:28.54] newLine
 GETTING AND ANALYSING OBJECT METADATA ...
 [15:42:28.58] Processing the object CMPL123__WF_Rule__c ...
 [15:42:28.61] Fetching metadata of the CMPL123__WF_Rule__c (Target) ...
 [15:42:28.826] Processing the object CMPL123__WF_Step__c ...
 [15:42:28.828] Fetching metadata of the CMPL123__WF_Step__c (Target) ...
 [15:42:30.88] Processing the object CMPL123__WF_Phase__c ...
 [15:42:30.91] Fetching metadata of the CMPL123__WF_Phase__c (Target) ...
 [15:42:31.765] Processing the object CMPL123__WF_Rule_Phase__c ...
 [15:42:31.767] Fetching metadata of the CMPL123__WF_Rule_Phase__c (Target) ...
 [15:42:32.634] Processing the object CMPL123__WF_Phase_Status__c ...
 [15:42:32.637] Fetching metadata of the CMPL123__WF_Phase_Status__c (Target) ...
 [15:42:34.241] Processing the object CMPL123__Context_Based_Security__c ...
 [15:42:34.245] Fetching metadata of the CMPL123__Context_Based_Security__c (Target) ...
 [15:42:35.875] Processing the object CMPL123__Job_Field_Map__c ...
 [15:42:35.877] Fetching metadata of the CMPL123__Job_Field_Map__c (Target) ...
 [15:42:37.28] Processing the object CMPL123__Record_Access_Rule__c ...
 [15:42:37.30] Fetching metadata of the CMPL123__Record_Access_Rule__c (Target) ...
 [15:42:37.825] Processing the object CMPL123__Valid_Child_Status__c ...
 [15:42:37.827] Fetching metadata of the CMPL123__Valid_Child_Status__c (Target) ...
 [15:42:39.7] Processing the object CMPL123__WF_Action__c ...
 [15:42:39.9] Fetching metadata of the CMPL123__WF_Action__c (Target) ...
 [15:42:39.833] Processing the object CMPL123__WF_Status__c ...
 [15:42:39.836] Fetching metadata of the CMPL123__WF_Status__c (Target) ...
 [15:42:40.547] Processing the object CMPL123__X123Job__c ...
 [15:42:40.549] Fetching metadata of the CMPL123__X123Job__c (Target) ...
 [15:42:41.758] Processing the object CMPL123__X123Task__c ...
 [15:42:41.762] Fetching metadata of the CMPL123__X123Task__c (Target) ...
 [15:42:42.574] Processing the object CMPL123__WF_Step_Extension__c ...
 [15:42:42.576] Fetching metadata of the CMPL123__WF_Step_Extension__c (Target) ...
 [15:42:43.361] Fetching metadata of the Group (Target) ...
 [15:42:44.38] Processing the object CMPL123__WF_Step_Extension__c ...
 [15:42:44.41] Processing the object CMPL123__X123Task__c ...
 [15:42:44.43] Processing the object CMPL123__X123Job__c ...
 [15:42:44.46] Processing the object CMPL123__WF_Status__c ...
 [15:42:44.48] Processing the object CMPL123__WF_Action__c ...
 [15:42:44.49] Processing the object CMPL123__Valid_Child_Status__c ...
 [15:42:44.51] Processing the object CMPL123__Record_Access_Rule__c ...
 [15:42:44.52] Processing the object CMPL123__Job_Field_Map__c ...
 [15:42:44.57] Processing the object CMPL123__Context_Based_Security__c ...
 [15:42:44.59] Processing the object CMPL123__WF_Phase_Status__c ...
 [15:42:44.61] Processing the object CMPL123__WF_Rule_Phase__c ...
 [15:42:44.62] Processing the object CMPL123__WF_Phase__c ...
 [15:42:44.63] Processing the object CMPL123__WF_Step__c ...
 [15:42:44.66] Processing the object CMPL123__WF_Rule__c ...
 [15:42:44.69] newLine
 PREPARING DATA MIGRATION JOB ...
 [15:42:44.72] Building the migration strategy ...
 {
   "Order of objects to query": "CMPL123__WF_Rule__c; CMPL123__WF_Step__c; CMPL123__Record_Access_Rule__c; CMPL123__WF_Action__c; CMPL123__WF_Status__c; CMPL123__WF_Phase__c; CMPL123__WF_Rule_Phase__c; CMPL123__WF_Phase_Status__c; CMPL123__Context_Based_Security__c; CMPL123__X123Task__c; CMPL123__X123Job__c; CMPL123__Job_Field_Map__c; CMPL123__Valid_Child_Status__c; CMPL123__WF_Step_Extension__c"
}
 {
   "Order of objects to delete": "CMPL123__WF_Step_Extension__c; CMPL123__Valid_Child_Status__c; CMPL123__Record_Access_Rule__c; CMPL123__Job_Field_Map__c; CMPL123__X123Job__c; CMPL123__X123Task__c; CMPL123__Context_Based_Security__c; CMPL123__WF_Phase_Status__c; CMPL123__WF_Rule_Phase__c; CMPL123__WF_Phase__c; CMPL123__WF_Step__c; CMPL123__WF_Status__c; CMPL123__WF_Action__c; CMPL123__WF_Rule__c"
}
 {
   "Order of objects to update": "CMPL123__WF_Rule__c; CMPL123__WF_Action__c; CMPL123__WF_Status__c; CMPL123__WF_Step__c; CMPL123__WF_Phase__c; CMPL123__WF_Rule_Phase__c; CMPL123__WF_Phase_Status__c; CMPL123__Context_Based_Security__c; CMPL123__X123Task__c; CMPL123__X123Job__c; CMPL123__Job_Field_Map__c; CMPL123__Record_Access_Rule__c; CMPL123__Valid_Child_Status__c; CMPL123__WF_Step_Extension__c"
}
 [15:42:44.137] Validation of the source CSV files ...
 [15:42:44.345] Writing to C:\SalesForce\olympus-dx\sfdmu-data\source\CMPL123__WF_Step__c_source.csv ...
 [15:42:44.358] Writing to C:\SalesForce\olympus-dx\sfdmu-data\source\CMPL123__WF_Rule_Phase__c_source.csv ...
 [15:42:44.361] Writing to C:\SalesForce\olympus-dx\sfdmu-data\source\CMPL123__WF_Phase_Status__c_source.csv ...
 [15:42:44.366] Writing to C:\SalesForce\olympus-dx\sfdmu-data\source\CMPL123__X123Job__c_source.csv ...
 [15:42:44.370] Writing to C:\SalesForce\olympus-dx\sfdmu-data\source\CMPL123__WF_Step_Extension__c_source.csv ...
 [15:42:44.374] Amount of updated source CSV files: 5.
 [15:42:44.376] No issues were found in the source CSV files.
 [15:42:44.377] Processing the source CSV files has been completed.
 [15:42:44.379] Preparing of the data migration job has been completed.
 [15:42:44.382] newLine
 ANALYSING DATA...
 [15:42:45.97] {CMPL123__WF_Rule__c} The original query string of this object is returning 3 records from the Target org.
 [15:42:45.367] {CMPL123__WF_Action__c} The original query string of this object is returning 230 records from the Target org.
 [15:42:45.638] {CMPL123__WF_Status__c} The original query string of this object is returning 162 records from the Target org.
 [15:42:45.960] {CMPL123__WF_Step__c} The original query string of this object is returning 36 records from the Target org.
 [15:42:46.235] {CMPL123__WF_Phase__c} The original query string of this object is returning 45 records from the Target org.
 [15:42:46.955] {CMPL123__WF_Rule_Phase__c} The original query string of this object is returning 64 records from the Target org.
 [15:42:47.229] {CMPL123__WF_Phase_Status__c} The original query string of this object is returning 103 records from the Target org.
 [15:42:47.503] {CMPL123__Context_Based_Security__c} The original query string of this object is returning 0 records from the Target org.
 [15:42:47.779] {CMPL123__X123Task__c} The original query string of this object is returning 13 records from the Target org.
 [15:42:48.49] {CMPL123__X123Job__c} The original query string of this object is returning 14 records from the Target org.
 [15:42:48.319] {CMPL123__Job_Field_Map__c} The original query string of this object is returning 6 records from the Target org.
 [15:42:49.20] {CMPL123__Record_Access_Rule__c} The original query string of this object is returning 0 records from the Target org.
 [15:42:49.732] {CMPL123__Valid_Child_Status__c} The original query string of this object is returning 256 records from the Target org.
 [15:42:50.432] {CMPL123__WF_Step_Extension__c} The original query string of this object is returning 86 records from the Target org.
 [15:42:50.434] newLine
 TRIGGERING ADD-ON EVENTS ...
 [15:42:50.437] No Add-On modules found to run.
 [15:42:50.439] newLine
 [15:42:50.440] Ready to process the data.
 [15:42:50.442] newLine
 DELETING OLD DATA FROM THE TARGET ...
 [15:42:50.444] {CMPL123__WF_Step_Extension__c} No records to delete.
 [15:42:50.446] {CMPL123__Valid_Child_Status__c} Deleting old records from the Target ...
 [15:42:50.725] {CMPL123__Valid_Child_Status__c} No records to delete.
 [15:42:50.726] {CMPL123__Record_Access_Rule__c} No records to delete.
 [15:42:50.728] {CMPL123__Job_Field_Map__c} No records to delete.
 [15:42:50.729] {CMPL123__X123Job__c} No records to delete.
 [15:42:50.730] {CMPL123__X123Task__c} No records to delete.
 [15:42:50.731] {CMPL123__Context_Based_Security__c} No records to delete.
 [15:42:50.732] {CMPL123__WF_Phase_Status__c} No records to delete.
 [15:42:50.734] {CMPL123__WF_Rule_Phase__c} No records to delete.
 [15:42:50.735] {CMPL123__WF_Phase__c} No records to delete.
 [15:42:50.736] {CMPL123__WF_Step__c} No records to delete.
 [15:42:50.739] {CMPL123__WF_Status__c} No records to delete.
 [15:42:50.741] {CMPL123__WF_Action__c} No records to delete.
 [15:42:50.742] {CMPL123__WF_Rule__c} No records to delete.
 [15:42:50.744] Deleting data was skipped.
 [15:42:50.746] newLine
 SOURCE:
 =============
 [15:42:50.752] newLine
 FETCHING THE DATA (STAGE 1) ...
 [15:42:50.758] {CMPL123__WF_Rule__c} Fetching the Source data from CSV file (STAGE 1: all records) ...
 [15:42:50.771] {CMPL123__WF_Rule__c} Data retrieval (Source) has been completed. Got 3 new records.
 [15:42:50.774] {CMPL123__WF_Step__c} Fetching the Source data from CSV file (STAGE 1: all records) ...
 [15:42:50.853] {CMPL123__WF_Step__c} Data retrieval (Source) has been completed. Got 36 new records.
 [15:42:50.856] {CMPL123__Record_Access_Rule__c} Fetching the Source data from CSV file (STAGE 1: all records) ...
 [15:42:50.859] {CMPL123__Record_Access_Rule__c} Data retrieval (Source) has been completed. Got 0 new records.
 [15:42:50.861] {CMPL123__WF_Action__c} Fetching the Source data from CSV file (STAGE 1: all records) ...
 [15:42:50.869] {CMPL123__WF_Action__c} Data retrieval (Source) has been completed. Got 23 new records.
 [15:42:50.871] {CMPL123__WF_Status__c} Fetching the Source data from CSV file (STAGE 1: all records) ...
 [15:42:50.879] {CMPL123__WF_Status__c} Data retrieval (Source) has been completed. Got 18 new records.
 [15:42:50.881] {CMPL123__WF_Phase__c} Fetching the Source data from CSV file (STAGE 1: all records) ...
 [15:42:50.884] {CMPL123__WF_Phase__c} Data retrieval (Source) has been completed. Got 7 new records.
 [15:42:50.886] {CMPL123__WF_Rule_Phase__c} Fetching the Source data from CSV file (STAGE 1: all records) ...
 [15:42:50.891] {CMPL123__WF_Rule_Phase__c} Data retrieval (Source) has been completed. Got 8 new records.
 [15:42:50.894] {CMPL123__WF_Phase_Status__c} Fetching the Source data from CSV file (STAGE 1: all records) ...
 [15:42:50.904] {CMPL123__WF_Phase_Status__c} Data retrieval (Source) has been completed. Got 15 new records.
 [15:42:50.906] {CMPL123__Context_Based_Security__c} Fetching the Source data from CSV file (STAGE 1: all records) ...
 [15:42:50.909] {CMPL123__Context_Based_Security__c} Data retrieval (Source) has been completed. Got 0 new records.
 [15:42:50.916] {CMPL123__X123Task__c} Fetching the Source data from CSV file (STAGE 1: all records) ...
 [15:42:50.921] {CMPL123__X123Task__c} Data retrieval (Source) has been completed. Got 5 new records.
 [15:42:50.923] {CMPL123__X123Job__c} Fetching the Source data from CSV file (STAGE 1: all records) ...
 [15:42:50.928] {CMPL123__X123Job__c} Data retrieval (Source) has been completed. Got 5 new records.
 [15:42:50.930] {CMPL123__Job_Field_Map__c} Fetching the Source data from CSV file (STAGE 1: all records) ...
 [15:42:50.933] {CMPL123__Job_Field_Map__c} Data retrieval (Source) has been completed. Got 0 new records.
 [15:42:50.935] {CMPL123__Valid_Child_Status__c} Fetching the Source data from CSV file (STAGE 1: all records) ...
 [15:42:50.937] {CMPL123__Valid_Child_Status__c} Data retrieval (Source) has been completed. Got 0 new records.
 [15:42:50.939] {CMPL123__WF_Step_Extension__c} Fetching the Source data from CSV file (STAGE 1: all records) ...
 [15:42:50.953] {CMPL123__WF_Step_Extension__c} Data retrieval (Source) has been completed. Got 35 new records.
 [15:42:50.955] Data retrieval (STAGE 1) has been completed.
 [15:42:50.957] newLine
 FETCHING THE DATA (STAGE 2) ...
 [15:42:50.960] PASS 1
 =============
 [15:42:50.965] No records
 [15:42:50.967] newLine
 [15:42:50.968] PASS 2
 =============
 [15:42:50.972] No records
 [15:42:50.973] newLine
 [15:42:50.976] PASS 3
 =============
 [15:42:50.980] No records
 [15:42:50.981] newLine
 [15:42:50.983] PASS 4
 =============
 [15:42:50.988] No records
 [15:42:50.991] newLine
 TARGET:
 =============
 [15:42:50.997] {CMPL123__WF_Rule__c} Fetching the Target data from Org (STAGE 2: all records) ...
 [15:42:50.998] {CMPL123__WF_Rule__c} Query string: SELECT Id, Name, CMPL123__WF_Rule_External_Id__c, CMPL123__Description__c, CMPL123__Has_Cycle_Time_Metrics_Fields__c, CMPL123__Has_Multiple_Actions__c, CMPL123__Is_Active__c, CMPL123__Record_Type__c, CMPL123__Target_Object__c, CMPL123__Target_Object_... FROM  CMPL123__WF_Rule__c WHERE Name in ('Due Diligence Workflow', 'eMDR Workflow', 'Assessment (US MDR)').
 [15:42:51.2] {CMPL123__WF_Rule__c} Using REST API to retrieve the data ...
 [15:42:51.294] {CMPL123__WF_Rule__c} Data retrieval (Target) has been completed. Got 3 new records.
 [15:42:51.297] {CMPL123__WF_Step__c} Fetching the Target data from Org (STAGE 2: all records) ...
 [15:42:51.299] {CMPL123__WF_Step__c} Query string: SELECT Id, CMPL123__WF_Step_External_Id__c, CMPL123__WF_Rule__c, CMPL123__Action__c, CMPL123__Are_Child_Files_Locked__c, CMPL123__Are_Child_Records_Locked__c, CMPL123__End_Status__c, CMPL123__Is_Record_Lock_Required__c, CMPL123__Is_Related_Lists_Lock... FROM  CMPL123__WF_Step__c WHERE CMPL123__WF_Rule__r.Name in ('Due Diligence Workflow', 'eMDR Workflow', 'Assessment (US MDR)').
 [15:42:51.302] {CMPL123__WF_Step__c} Using REST API to retrieve the data ...
 [15:42:52.591] {CMPL123__WF_Step__c} Data retrieval (Target) has been completed. Got 36 new records.
 [15:42:52.594] {CMPL123__Record_Access_Rule__c} Fetching the Target data from Org (STAGE 2: all records) ...
 [15:42:52.596] {CMPL123__Record_Access_Rule__c} Query string: SELECT Id, Name, CMPL123__Record_Access_Rule_External_Id__c, CMPL123__API_Path_to_User_Relationship__c, CMPL123__Active_of_the_rule__c, CMPL123__Apex_Sharing_Reason__c, CMPL123__Child_Objects__c, CMPL123__Target_Object__c, CMPL123__User_Field_Name__c... FROM  CMPL123__Record_Access_Rule__c.
 [15:42:52.598] {CMPL123__Record_Access_Rule__c} Using REST API to retrieve the data ...
 [15:42:52.875] {CMPL123__Record_Access_Rule__c} Data retrieval (Target) has been completed. Got 0 new records.
 [15:42:52.879] {CMPL123__WF_Action__c} Fetching the Target data from Org (STAGE 2: filtered records) ...
 [15:42:52.880] {CMPL123__WF_Action__c} Query string: SELECT Id, Name, CMPL123__WF_Action_External_Id__c, CMPL123__Action_Custom_Label__c, CMPL123__Comment_Type__c, CMPL123__Description__c, CMPL123__E_Sign_Message_Custom_Label__c, CMPL123__Esign_Message__c, CMPL123__Generic_Comment__c, CMPL123__Is_Comme... FROM  CMPL123__WF_Action__c WHERE CMPL123__WF_Action_External_Id__c IN ('qpa-common-00015', 'qpa-common-00032', 'qpa-common-00038', 'qpa-common-00042', 'qpa-common-00080', 'qpa-common-00138', 'qpa-common-00139', 'qpa-common-00158', 'qpa-common-00159', 'qp....
 [15:42:52.890] {CMPL123__WF_Action__c} Using REST API to retrieve the data ...
 [15:42:53.320] {CMPL123__WF_Action__c} Data retrieval (Target) has been completed. Got 23 new records.
 [15:42:53.324] {CMPL123__WF_Status__c} Fetching the Target data from Org (STAGE 2: filtered records) ...
 [15:42:53.326] {CMPL123__WF_Status__c} Query string: SELECT Id, Name, CMPL123__WF_Status_External_Id__c, CMPL123__Description__c, CMPL123__Status_Custom_Label__c  FROM  CMPL123__WF_Status__c WHERE CMPL123__WF_Status_External_Id__c IN ('qpa-common-00016', 'qpa-common-00020', 'qpa-common-00023', 'qpa-common-00035', 'qpa-common-00049', 'qpa-common-00050', 'qpa-common-00062', 'qpa-common-00063', 'qpa-common-00082', 'qp....
 [15:42:53.331] {CMPL123__WF_Status__c} Using REST API to retrieve the data ...
 [15:42:53.748] {CMPL123__WF_Status__c} Data retrieval (Target) has been completed. Got 18 new records.
 [15:42:53.750] {CMPL123__WF_Phase__c} Fetching the Target data from Org (STAGE 2: filtered records) ...
 [15:42:53.752] {CMPL123__WF_Phase__c} Query string: SELECT Id, Name, CMPL123__WF_Phase_External_Id__c, CMPL123__Description__c, CMPL123__Phase_Custom_Label__c, CMPL123__Work_Instructions_Custom_Label__c, CMPL123__Work_Instructions_HTML__c, CMPL123__Work_Instructions__c  FROM  CMPL123__WF_Phase__c WHERE CMPL123__WF_Phase_External_Id__c IN ('qpa-assess-phase-001', 'qpa-assess-phase-002', 'qpa-assess-phase-003', 'qpa-action-phase-004', 'qpa-capac-phase-002', 'a1G5r000001oavXEAQ', 'a1G5r0000020P4pEAE').
 [15:42:53.754] {CMPL123__WF_Phase__c} Using REST API to retrieve the data ...
 [15:42:54.455] {CMPL123__WF_Phase__c} Data retrieval (Target) has been completed. Got 7 new records.
 [15:42:54.458] {CMPL123__WF_Rule_Phase__c} Fetching the Target data from Org (STAGE 2: filtered records) ...
 [15:42:54.459] {CMPL123__WF_Rule_Phase__c} Query string: SELECT Id, Name, CMPL123__WF_Rule_Phase_External_Id__c, CMPL123__Order__c, CMPL123__Workflow_Phase__c, CMPL123__Workflow_Rule__c, CMPL123__Workflow_Phase__r.CMPL123__WF_Phase_External_Id__c, CMPL123__Workflow_Rule__r.CMPL123__WF_Rule_External_Id__c  FROM  CMPL123__WF_Rule_Phase__c WHERE CMPL123__WF_Rule_Phase_External_Id__c IN ('a1H5r00000190dcEAA', 'a1H5r00000190ddEAA', 'a1H5r00000190deEAA', 'a1H5r00000190dhEAA', 'a1H5r00000199jpEAA', 'a1H5r00000199jqEAA', 'a1H5r00000199jrEAA', 'a1H5r000001M0uIEAS').
 [15:42:54.461] {CMPL123__WF_Rule_Phase__c} Using REST API to retrieve the data ...
 [15:42:54.903] {CMPL123__WF_Rule_Phase__c} Data retrieval (Target) has been completed. Got 8 new records.
 [15:42:54.905] {CMPL123__WF_Phase_Status__c} Fetching the Target data from Org (STAGE 2: filtered records) ...
 [15:42:54.907] {CMPL123__WF_Phase_Status__c} Query string: SELECT Id, CMPL123__WF_Phase_Status_External_Id__c, CMPL123__Workflow_Rule_Phase__c, CMPL123__Workflow_Status__c, Workflow_Phase__c, Workflow_Rule__c, Workflow_Status_hyperlink__c, CMPL123__Workflow_Rule_Phase__r.CMPL123__WF_Rule_Phase_External_Id__c... FROM  CMPL123__WF_Phase_Status__c WHERE CMPL123__WF_Phase_Status_External_Id__c IN ('a1F5r00000274xrEAA', 'a1F5r00000274xqEAA', 'a1F5r00000273WmEAI', 'a1F5r0000026kcZEAQ', 'a1F5r0000026kcCEAQ', 'a1F5r0000026kcAEAQ', 'a1F5r0000026kc9EAA', 'a1F5r0000026kc8E....
 [15:42:54.910] {CMPL123__WF_Phase_Status__c} Using REST API to retrieve the data ...
 [15:42:55.431] {CMPL123__WF_Phase_Status__c} Data retrieval (Target) has been completed. Got 15 new records.
 [15:42:55.434] {CMPL123__X123Task__c} Fetching the Target data from Org (STAGE 2: filtered records) ...
 [15:42:55.436] {CMPL123__X123Task__c} Query string: SELECT Id, Name, CMPL123__Task_External_Id__c, CMPL123__Allow_Partial_Processing_for_123_Tasks__c, CMPL123__Description__c, CMPL123__Is_Active__c, CMPL123__Key_Value__c, CMPL123__Related_Object__c  FROM  CMPL123__X123Task__c WHERE CMPL123__Task_External_Id__c IN ('a1N5r000001WeDiEAK', 'a1N5r000001WegTEAS', 'a1N5r000001WegdEAC', 'a1N5r000001WrNsEAK', 'a1N5r000001WwQ2EAK').
 [15:42:55.439] {CMPL123__X123Task__c} Using REST API to retrieve the data ...
 [15:42:55.718] {CMPL123__X123Task__c} Data retrieval (Target) has been completed. Got 5 new records.
 [15:42:55.720] {CMPL123__X123Job__c} Fetching the Target data from Org (STAGE 2: filtered records) ...
 [15:42:55.722] {CMPL123__X123Job__c} Query string: SELECT Id, Name, CMPL123__Job_External_Id__c, CMPL123__Child_Filter_Condition__c, CMPL123__Description__c, CMPL123__Is_Active__c, CMPL123__Job_Type__c, CMPL123__Related_Task__c, CMPL123__Workflow_Step__c, CMPL123__Related_Task__r.CMPL123__Task_Extern... FROM  CMPL123__X123Job__c WHERE CMPL123__Job_External_Id__c IN ('a1M5r000001tcEZEAY', 'a1M5r000001td9pEAA', 'a1M5r000001tdA9EAI', 'a1M5r000001thvhEAA', 'a1M5r000001tkV0EAI').
 [15:42:55.725] {CMPL123__X123Job__c} Using REST API to retrieve the data ...
 [15:42:56.155] {CMPL123__X123Job__c} Data retrieval (Target) has been completed. Got 5 new records.
 [15:42:56.160] {CMPL123__WF_Step_Extension__c} Fetching the Target data from Org (STAGE 2: filtered records) ...
 [15:42:56.163] {CMPL123__WF_Step_Extension__c} Query string: SELECT Id, Name, CMPL123__External_Id__c, CMPL123__Parent_Workflow_Step__c, CMPL123__Apply_To_Automated_User__c, CMPL123__Are_Child_Files_Locked__c, CMPL123__Is_Record_Lock_Required__c, CMPL123__Is_Related_Lists_Locked__c, CMPL123__Object_Related_Lis... FROM  CMPL123__WF_Step_Extension__c WHERE CMPL123__External_Id__c IN ('a1K5r000006ybO5EAI', 'a1K5r000006ybOAEAY', 'a1K5r000006ybOFEAY', 'a1K5r000006ybOKEAY', 'a1K5r000006ybOPEAY', 'a1K5r000006ybOUEAY', 'a1K5r000006ybOZEAY', 'a1K5r000006ybOeEAI', 'a1K5r000....
 [15:42:56.167] {CMPL123__WF_Step_Extension__c} Using REST API to retrieve the data ...
 [15:42:56.767] {CMPL123__WF_Step_Extension__c} Data retrieval (Target) has been completed. Got 35 new records.
 [15:42:56.770] Data retrieval (STAGE 2) has been completed.
 [15:42:56.773] newLine
 TRIGGERING ADD-ON EVENTS ...
 [15:42:56.777] No Add-On modules found to run.
 [15:42:56.779] newLine
 [15:42:56.781] newLine
 DATA RETRIEVAL SUMMARY.
 [15:42:56.784] {CMPL123__WF_Rule__c} The total amount of the retrieved records: 3/3.
 [15:42:56.786] {CMPL123__WF_Step__c} The total amount of the retrieved records: 36/36.
 [15:42:56.788] {CMPL123__Record_Access_Rule__c} The total amount of the retrieved records: 0/0.
 [15:42:56.790] {CMPL123__WF_Action__c} The total amount of the retrieved records: 23/23.
 [15:42:56.791] {CMPL123__WF_Status__c} The total amount of the retrieved records: 18/18.
 [15:42:56.793] {CMPL123__WF_Phase__c} The total amount of the retrieved records: 7/7.
 [15:42:56.795] {CMPL123__WF_Rule_Phase__c} The total amount of the retrieved records: 8/8.
 [15:42:56.797] {CMPL123__WF_Phase_Status__c} The total amount of the retrieved records: 15/15.
 [15:42:56.799] {CMPL123__Context_Based_Security__c} The total amount of the retrieved records: 0/0.
 [15:42:56.800] {CMPL123__X123Task__c} The total amount of the retrieved records: 5/5.
 [15:42:56.802] {CMPL123__X123Job__c} The total amount of the retrieved records: 5/5.
 [15:42:56.803] {CMPL123__Job_Field_Map__c} The total amount of the retrieved records: 0/0.
 [15:42:56.805] {CMPL123__Valid_Child_Status__c} The total amount of the retrieved records: 0/0.
 [15:42:56.806] {CMPL123__WF_Step_Extension__c} The total amount of the retrieved records: 35/35.
 [15:42:56.809] newLine
 UPDATING THE TARGET (STAGE 1) ...
 [15:42:56.818] {CMPL123__WF_Rule__c} 3 target records remained untouched, since they do not differ from the corresponding source records.
 [15:42:56.821] {CMPL123__WF_Action__c} 23 target records remained untouched, since they do not differ from the corresponding source records.
 [15:42:56.823] {CMPL123__WF_Status__c} 18 target records remained untouched, since they do not differ from the corresponding source records.
 [15:42:56.833] {CMPL123__WF_Step__c} Amount of records to Update: 16.
 [15:42:56.843] {CMPL123__WF_Step__c} The Update API operation has been started using REST API.
 [15:42:56.846] [Job# REST:Update] {CMPL123__WF_Step__c} The job has been created. Uploading data ...
 [15:43:02.313] {CMPL123__WF_Step__c} The Update API operation has been completed.
 [15:43:02.320] {CMPL123__WF_Step__c} 20 target records remained untouched, since they do not differ from the corresponding source records.
 [15:43:02.321] {CMPL123__WF_Step__c} The Target has been updated. Totally processed 16 records.
 [15:43:02.323] newLine
 [15:43:02.325] {CMPL123__WF_Phase__c} 7 target records remained untouched, since they do not differ from the corresponding source records.
 [15:43:02.327] {CMPL123__WF_Rule_Phase__c} 8 target records remained untouched, since they do not differ from the corresponding source records.
 [15:43:02.329] {CMPL123__WF_Phase_Status__c} 15 target records remained untouched, since they do not differ from the corresponding source records.
 [15:43:02.332] {CMPL123__X123Task__c} 5 target records remained untouched, since they do not differ from the corresponding source records.
 [15:43:02.334] {CMPL123__X123Job__c} 5 target records remained untouched, since they do not differ from the corresponding source records.
 [15:43:02.337] {CMPL123__WF_Step_Extension__c} 35 target records remained untouched, since they do not differ from the corresponding source records.
 [15:43:02.339] newLine
 [15:43:02.340] The Target (STAGE 1) has been updated. Totally processed 16 records.
 [15:43:02.342] newLine
 UPDATING THE TARGET (STAGE 2) ...
 [15:43:02.345] newLine
 [15:43:02.346] PASS 1
 =============
 [15:43:02.352] {CMPL123__WF_Step__c} 20 target records remained untouched, since they do not differ from the corresponding source records.
 [15:43:02.354] {CMPL123__WF_Rule_Phase__c} 8 target records remained untouched, since they do not differ from the corresponding source records.
 [15:43:02.356] {CMPL123__WF_Phase_Status__c} 15 target records remained untouched, since they do not differ from the corresponding source records.
 [15:43:02.359] {CMPL123__X123Job__c} 5 target records remained untouched, since they do not differ from the corresponding source records.
 [15:43:02.361] {CMPL123__WF_Step_Extension__c} 35 target records remained untouched, since they do not differ from the corresponding source records.
 [15:43:02.363] newLine
 [15:43:02.365] PASS 2
 =============
 [15:43:02.370] {CMPL123__WF_Step__c} 20 target records remained untouched, since they do not differ from the corresponding source records.
 [15:43:02.372] {CMPL123__WF_Rule_Phase__c} 8 target records remained untouched, since they do not differ from the corresponding source records.
 [15:43:02.373] {CMPL123__WF_Phase_Status__c} 15 target records remained untouched, since they do not differ from the corresponding source records.
 [15:43:02.375] {CMPL123__X123Job__c} 5 target records remained untouched, since they do not differ from the corresponding source records.
 [15:43:02.377] {CMPL123__WF_Step_Extension__c} 35 target records remained untouched, since they do not differ from the corresponding source records.
 [15:43:02.378] newLine
 [15:43:02.380] Nothing was updated.
 [15:43:02.381] newLine
 TRIGGERING ADD-ON EVENTS ...
 [15:43:02.384] No Add-On modules found to run.
 [15:43:02.385] newLine
 [15:43:02.386] newLine
 DATA PROCESSING SUMMARY.
 [15:43:02.389] {CMPL123__WF_Rule__c} Totally processed 0 records.
 [15:43:02.391] {CMPL123__WF_Step__c} Totally processed 16 records.
 [15:43:02.392] {CMPL123__Record_Access_Rule__c} Totally processed 0 records.
 [15:43:02.393] {CMPL123__WF_Action__c} Totally processed 0 records.
 [15:43:02.395] {CMPL123__WF_Status__c} Totally processed 0 records.
 [15:43:02.397] {CMPL123__WF_Phase__c} Totally processed 0 records.
 [15:43:02.399] {CMPL123__WF_Rule_Phase__c} Totally processed 0 records.
 [15:43:02.400] {CMPL123__WF_Phase_Status__c} Totally processed 0 records.
 [15:43:02.401] {CMPL123__Context_Based_Security__c} Totally processed 0 records.
 [15:43:02.402] {CMPL123__X123Task__c} Totally processed 0 records.
 [15:43:02.403] {CMPL123__X123Job__c} Totally processed 0 records.
 [15:43:02.405] {CMPL123__Job_Field_Map__c} Totally processed 0 records.
 [15:43:02.406] {CMPL123__Valid_Child_Status__c} Totally processed 0 records.
 [15:43:02.407] {CMPL123__WF_Step_Extension__c} Totally processed 0 records.
 [15:43:02.409] newLine
 [15:43:02.411] Writing to C:\SalesForce\olympus-dx\sfdmu-data\MissingParentRecordsReport.csv ...
 [15:43:02.414] newLine
 [15:43:02.415] newLine
 TRIGGERING ADD-ON EVENTS ...
 [15:43:02.419] No Add-On modules found to run.
 [15:43:02.420] newLine

 [15:43:02.451] Command succeeded.
 [15:43:02.453] Execution of the command sfdmu:run has been completed. Exit code 0 (SUCCESS).
 [15:43:02.455] Total time elapsed: 00h 00m 42s 952ms .