
 [22:25:54.368] Execution of the command sfdmu:run has been started.
 [22:25:54.373] newLine
 LOADING AND VALIDATING THE EXPORT.JSON SCRIPT ...
 [22:25:54.391] newLine
 OBJECT SET #1 STARTED
 [22:25:54.397] newLine
 {
   "Running Plugin version": "4.33.17"
}
 {
   "Running Add-On API version": "1.5.0"
}
 [22:25:54.410] newLine
 [22:25:54.412] Loading Core Add-On Module declarations ...
 [22:25:54.414] 

### The job is running in the SIMULATION MODE ###


 [22:25:54.712] Connecting to the qa-R1-GCHS using SFDX sf org display ...
 [22:26:01.700] Successfully connected to the qa-R1-GCHS.
 {
   "Source": "csvfile.",
   "Target": "qa-R1-GCHS.",
   "Package script": "C:\\Users\\Himanshu.Desai\\Documents\\GitHub\\GCHS-Release-1\\sfdmu-data\\export.json."
}
 [22:26:03.94] newLine
 GETTING AND ANALYSING OBJECT METADATA ...
 [22:26:03.99] Processing the object CMPL123__WF_Rule__c ...
 [22:26:03.104] Fetching metadata of the CMPL123__WF_Rule__c (Target) ...
 [22:26:04.164] Processing the object CMPL123__WF_Step__c ...
 [22:26:04.167] Fetching metadata of the CMPL123__WF_Step__c (Target) ...
 [22:26:05.34] Processing the object CMPL123__WF_Phase__c ...
 [22:26:05.37] Fetching metadata of the CMPL123__WF_Phase__c (Target) ...
 [22:26:05.797] Processing the object CMPL123__WF_Rule_Phase__c ...
 [22:26:05.800] Fetching metadata of the CMPL123__WF_Rule_Phase__c (Target) ...
 [22:26:06.232] Processing the object CMPL123__WF_Phase_Status__c ...
 [22:26:06.234] Fetching metadata of the CMPL123__WF_Phase_Status__c (Target) ...
 [22:26:06.644] Processing the object CMPL123__Context_Based_Security__c ...
 [22:26:06.646] Fetching metadata of the CMPL123__Context_Based_Security__c (Target) ...
 [22:26:07.157] Processing the object CMPL123__Job_Field_Map__c ...
 [22:26:07.160] Fetching metadata of the CMPL123__Job_Field_Map__c (Target) ...
 [22:26:08.12] Processing the object CMPL123__Record_Access_Rule__c ...
 [22:26:08.14] Fetching metadata of the CMPL123__Record_Access_Rule__c (Target) ...
 [22:26:08.691] Processing the object CMPL123__Valid_Child_Status__c ...
 [22:26:08.694] Fetching metadata of the CMPL123__Valid_Child_Status__c (Target) ...
 [22:26:09.418] Processing the object CMPL123__WF_Action__c ...
 [22:26:09.420] Fetching metadata of the CMPL123__WF_Action__c (Target) ...
 [22:26:10.123] Processing the object CMPL123__WF_Status__c ...
 [22:26:10.125] Fetching metadata of the CMPL123__WF_Status__c (Target) ...
 [22:26:11.113] Processing the object CMPL123__X123Job__c ...
 [22:26:11.116] Fetching metadata of the CMPL123__X123Job__c (Target) ...
 [22:26:11.808] Processing the object CMPL123__X123Task__c ...
 [22:26:11.811] Fetching metadata of the CMPL123__X123Task__c (Target) ...
 [22:26:12.289] Processing the object CMPL123__WF_Step_Extension__c ...
 [22:26:12.292] Fetching metadata of the CMPL123__WF_Step_Extension__c (Target) ...
 [22:26:12.718] Processing the object CMPL123__AuditTrail_Config__c ...
 [22:26:12.720] Fetching metadata of the CMPL123__AuditTrail_Config__c (Target) ...
 [22:26:13.394] Fetching metadata of the Group (Target) ...
 [22:26:13.823] Processing the object CMPL123__AuditTrail_Config__c ...
 [22:26:13.826] Processing the object CMPL123__WF_Step_Extension__c ...
 [22:26:13.828] Processing the object CMPL123__X123Task__c ...
 [22:26:13.830] Processing the object CMPL123__X123Job__c ...
 [22:26:13.832] Processing the object CMPL123__WF_Status__c ...
 [22:26:13.833] Processing the object CMPL123__WF_Action__c ...
 [22:26:13.835] Processing the object CMPL123__Valid_Child_Status__c ...
 [22:26:13.837] Processing the object CMPL123__Record_Access_Rule__c ...
 [22:26:13.839] Processing the object CMPL123__Job_Field_Map__c ...
 [22:26:13.841] Processing the object CMPL123__Context_Based_Security__c ...
 [22:26:13.842] Processing the object CMPL123__WF_Phase_Status__c ...
 [22:26:13.844] Processing the object CMPL123__WF_Rule_Phase__c ...
 [22:26:13.846] Processing the object CMPL123__WF_Phase__c ...
 [22:26:13.848] Processing the object CMPL123__WF_Step__c ...
 [22:26:13.851] Processing the object CMPL123__WF_Rule__c ...
 [22:26:13.855] newLine
 PREPARING DATA MIGRATION JOB ...
 [22:26:13.858] Building the migration strategy ...
 {
   "Order of objects to query": "CMPL123__WF_Rule__c; CMPL123__WF_Step__c; CMPL123__Record_Access_Rule__c; CMPL123__AuditTrail_Config__c; CMPL123__WF_Action__c; CMPL123__WF_Status__c; CMPL123__WF_Phase__c; CMPL123__WF_Rule_Phase__c; CMPL123__WF_Phase_Status__c; CMPL123__Context_Based_Security__c; CMPL123__X123Task__c; CMPL123__X123Job__c; CMPL123__Job_Field_Map__c; CMPL123__Valid_Child_Status__c; CMPL123__WF_Step_Extension__c"
}
 {
   "Order of objects to delete": "CMPL123__AuditTrail_Config__c; CMPL123__WF_Step_Extension__c; CMPL123__Valid_Child_Status__c; CMPL123__Record_Access_Rule__c; CMPL123__Job_Field_Map__c; CMPL123__X123Job__c; CMPL123__X123Task__c; CMPL123__Context_Based_Security__c; CMPL123__WF_Phase_Status__c; CMPL123__WF_Rule_Phase__c; CMPL123__WF_Phase__c; CMPL123__WF_Step__c; CMPL123__WF_Status__c; CMPL123__WF_Action__c; CMPL123__WF_Rule__c"
}
 {
   "Order of objects to update": "CMPL123__WF_Rule__c; CMPL123__WF_Action__c; CMPL123__WF_Status__c; CMPL123__WF_Step__c; CMPL123__WF_Phase__c; CMPL123__WF_Rule_Phase__c; CMPL123__WF_Phase_Status__c; CMPL123__Context_Based_Security__c; CMPL123__X123Task__c; CMPL123__X123Job__c; CMPL123__Job_Field_Map__c; CMPL123__Record_Access_Rule__c; CMPL123__Valid_Child_Status__c; CMPL123__WF_Step_Extension__c; CMPL123__AuditTrail_Config__c"
}
 [22:26:13.932] Validation of the source CSV files ...
 [22:26:14.660] Writing to C:\Users\Himanshu.Desai\Documents\GitHub\GCHS-Release-1\sfdmu-data\source\CMPL123__WF_Step__c_source.csv ...
 [22:26:14.683] Writing to C:\Users\Himanshu.Desai\Documents\GitHub\GCHS-Release-1\sfdmu-data\source\CMPL123__WF_Rule_Phase__c_source.csv ...
 [22:26:14.688] Writing to C:\Users\Himanshu.Desai\Documents\GitHub\GCHS-Release-1\sfdmu-data\source\CMPL123__WF_Phase_Status__c_source.csv ...
 [22:26:14.695] Writing to C:\Users\Himanshu.Desai\Documents\GitHub\GCHS-Release-1\sfdmu-data\source\CMPL123__X123Job__c_source.csv ...
 [22:26:14.699] Writing to C:\Users\Himanshu.Desai\Documents\GitHub\GCHS-Release-1\sfdmu-data\source\CMPL123__Valid_Child_Status__c_source.csv ...
 [22:26:14.715] Writing to C:\Users\Himanshu.Desai\Documents\GitHub\GCHS-Release-1\sfdmu-data\source\CMPL123__WF_Step_Extension__c_source.csv ...
 [22:26:14.720] Amount of updated source CSV files: 6.
 [22:26:14.722] No issues were found in the source CSV files.
 [22:26:14.724] Processing the source CSV files has been completed.
 [22:26:14.728] Preparing of the data migration job has been completed.
 [22:26:14.730] newLine
 ANALYSING DATA...
 [22:26:14.884] {CMPL123__WF_Rule__c} The original query string of this object is returning 3 records from the Target org.
 [22:26:15.20] {CMPL123__WF_Action__c} The original query string of this object is returning 230 records from the Target org.
 [22:26:15.164] {CMPL123__WF_Status__c} The original query string of this object is returning 162 records from the Target org.
 [22:26:15.301] {CMPL123__WF_Step__c} The original query string of this object is returning 31 records from the Target org.
 [22:26:15.450] {CMPL123__WF_Phase__c} The original query string of this object is returning 45 records from the Target org.
 [22:26:15.866] {CMPL123__WF_Rule_Phase__c} The original query string of this object is returning 64 records from the Target org.
 [22:26:16.5] {CMPL123__WF_Phase_Status__c} The original query string of this object is returning 103 records from the Target org.
 [22:26:16.154] {CMPL123__Context_Based_Security__c} The original query string of this object is returning 0 records from the Target org.
 [22:26:16.293] {CMPL123__X123Task__c} The original query string of this object is returning 13 records from the Target org.
 [22:26:16.721] {CMPL123__X123Job__c} The original query string of this object is returning 14 records from the Target org.
 [22:26:16.857] {CMPL123__Job_Field_Map__c} The original query string of this object is returning 6 records from the Target org.
 [22:26:17.10] {CMPL123__Record_Access_Rule__c} The original query string of this object is returning 0 records from the Target org.
 [22:26:17.147] {CMPL123__Valid_Child_Status__c} The original query string of this object is returning 256 records from the Target org.
 [22:26:17.284] {CMPL123__WF_Step_Extension__c} The original query string of this object is returning 86 records from the Target org.
 [22:26:17.432] {CMPL123__AuditTrail_Config__c} The original query string of this object is returning 152 records from the Target org.
 [22:26:17.435] newLine
 TRIGGERING ADD-ON EVENTS ...
 [22:26:17.439] No Add-On modules found to run.
 [22:26:17.441] newLine
 [22:26:17.443] Ready to process the data.
 [22:26:17.445] newLine
 DELETING OLD DATA FROM THE TARGET ...
 [22:26:17.449] {CMPL123__AuditTrail_Config__c} No records to delete.
 [22:26:17.451] {CMPL123__WF_Step_Extension__c} No records to delete.
 [22:26:17.453] {CMPL123__Valid_Child_Status__c} Deleting old records from the Target ...
 [22:26:17.745] {CMPL123__Valid_Child_Status__c} Amount of records to delete: 156.
 [22:26:17.755] {CMPL123__Valid_Child_Status__c} The Delete API operation has been started using REST API (SIMULATION MODE).
 [22:26:17.758] {CMPL123__Valid_Child_Status__c} The Delete API operation has been completed.
 [22:26:17.772] {CMPL123__Valid_Child_Status__c} Deleting has been completed.
 [22:26:17.774] {CMPL123__Record_Access_Rule__c} No records to delete.
 [22:26:17.776] {CMPL123__Job_Field_Map__c} No records to delete.
 [22:26:17.778] {CMPL123__X123Job__c} No records to delete.
 [22:26:17.780] {CMPL123__X123Task__c} No records to delete.
 [22:26:17.788] {CMPL123__Context_Based_Security__c} No records to delete.
 [22:26:17.790] {CMPL123__WF_Phase_Status__c} No records to delete.
 [22:26:17.793] {CMPL123__WF_Rule_Phase__c} No records to delete.
 [22:26:17.795] {CMPL123__WF_Phase__c} No records to delete.
 [22:26:17.797] {CMPL123__WF_Step__c} No records to delete.
 [22:26:17.800] {CMPL123__WF_Status__c} No records to delete.
 [22:26:17.801] {CMPL123__WF_Action__c} No records to delete.
 [22:26:17.803] {CMPL123__WF_Rule__c} No records to delete.
 [22:26:17.805] Deleting data has been completed.
 [22:26:17.808] newLine
 SOURCE:
 =============
 [22:26:17.814] newLine
 FETCHING THE DATA (STAGE 1) ...
 [22:26:17.824] {CMPL123__WF_Rule__c} Fetching the Source data from CSV file (STAGE 1: all records) ...
 [22:26:17.842] {CMPL123__WF_Rule__c} Data retrieval (Source) has been completed. Got 3 new records.
 [22:26:17.847] {CMPL123__WF_Step__c} Fetching the Source data from CSV file (STAGE 1: all records) ...
 [22:26:17.936] {CMPL123__WF_Step__c} Data retrieval (Source) has been completed. Got 31 new records.
 [22:26:17.939] {CMPL123__Record_Access_Rule__c} Fetching the Source data from CSV file (STAGE 1: all records) ...
 [22:26:17.945] {CMPL123__Record_Access_Rule__c} Data retrieval (Source) has been completed. Got 0 new records.
 [22:26:17.947] {CMPL123__AuditTrail_Config__c} Fetching the Source data from CSV file (STAGE 1: all records) ...
 [22:26:17.996] {CMPL123__AuditTrail_Config__c} Data retrieval (Source) has been completed. Got 152 new records.
 [22:26:17.999] {CMPL123__WF_Action__c} Fetching the Source data from CSV file (STAGE 1: all records) ...
 [22:26:18.11] {CMPL123__WF_Action__c} Data retrieval (Source) has been completed. Got 21 new records.
 [22:26:18.13] {CMPL123__WF_Status__c} Fetching the Source data from CSV file (STAGE 1: all records) ...
 [22:26:18.19] {CMPL123__WF_Status__c} Data retrieval (Source) has been completed. Got 19 new records.
 [22:26:18.21] {CMPL123__WF_Phase__c} Fetching the Source data from CSV file (STAGE 1: all records) ...
 [22:26:18.26] {CMPL123__WF_Phase__c} Data retrieval (Source) has been completed. Got 11 new records.
 [22:26:18.28] {CMPL123__WF_Rule_Phase__c} Fetching the Source data from CSV file (STAGE 1: all records) ...
 [22:26:18.37] {CMPL123__WF_Rule_Phase__c} Data retrieval (Source) has been completed. Got 11 new records.
 [22:26:18.39] {CMPL123__WF_Phase_Status__c} Fetching the Source data from CSV file (STAGE 1: all records) ...
 [22:26:18.55] {CMPL123__WF_Phase_Status__c} Data retrieval (Source) has been completed. Got 18 new records.
 [22:26:18.57] {CMPL123__Context_Based_Security__c} Fetching the Source data from CSV file (STAGE 1: all records) ...
 [22:26:18.61] {CMPL123__Context_Based_Security__c} Data retrieval (Source) has been completed. Got 0 new records.
 [22:26:18.63] {CMPL123__X123Task__c} Fetching the Source data from CSV file (STAGE 1: all records) ...
 [22:26:18.67] {CMPL123__X123Task__c} Data retrieval (Source) has been completed. Got 3 new records.
 [22:26:18.69] {CMPL123__X123Job__c} Fetching the Source data from CSV file (STAGE 1: all records) ...
 [22:26:18.74] {CMPL123__X123Job__c} Data retrieval (Source) has been completed. Got 3 new records.
 [22:26:18.75] {CMPL123__Job_Field_Map__c} Fetching the Source data from CSV file (STAGE 1: all records) ...
 [22:26:18.81] {CMPL123__Job_Field_Map__c} Data retrieval (Source) has been completed. Got 0 new records.
 [22:26:18.82] {CMPL123__Valid_Child_Status__c} Fetching the Source data from CSV file (STAGE 1: all records) ...
 [22:26:18.146] {CMPL123__Valid_Child_Status__c} Data retrieval (Source) has been completed. Got 156 new records.
 [22:26:18.151] {CMPL123__WF_Step_Extension__c} Fetching the Source data from CSV file (STAGE 1: all records) ...
 [22:26:18.161] {CMPL123__WF_Step_Extension__c} Data retrieval (Source) has been completed. Got 20 new records.
 [22:26:18.164] Data retrieval (STAGE 1) has been completed.
 [22:26:18.166] newLine
 FETCHING THE DATA (STAGE 2) ...
 [22:26:18.170] PASS 1
 =============
 [22:26:18.178] No records
 [22:26:18.180] newLine
 [22:26:18.182] PASS 2
 =============
 [22:26:18.186] No records
 [22:26:18.188] newLine
 [22:26:18.191] PASS 3
 =============
 [22:26:18.194] No records
 [22:26:18.195] newLine
 [22:26:18.197] PASS 4
 =============
 [22:26:18.200] No records
 [22:26:18.202] newLine
 TARGET:
 =============
 [22:26:18.207] {CMPL123__WF_Rule__c} Fetching the Target data from Org (STAGE 2: all records) ...
 [22:26:18.209] {CMPL123__WF_Rule__c} Query string: SELECT Id, Name, CMPL123__WF_Rule_External_Id__c, CMPL123__Description__c, CMPL123__Has_Cycle_Time_Metrics_Fields__c, CMPL123__Has_Multiple_Actions__c, CMPL123__Is_Active__c, CMPL123__Record_Type__c, CMPL123__Target_Object__c, CMPL123__Target_Object_... FROM  CMPL123__WF_Rule__c WHERE Name in ('Complaint Workflow', 'Investigation Workflow', 'Regulatory Report Workflow').
 [22:26:18.212] {CMPL123__WF_Rule__c} Using REST API to retrieve the data ...
 [22:26:18.376] {CMPL123__WF_Rule__c} Data retrieval (Target) has been completed. Got 3 new records.
 [22:26:18.379] {CMPL123__WF_Step__c} Fetching the Target data from Org (STAGE 2: all records) ...
 [22:26:18.381] {CMPL123__WF_Step__c} Query string: SELECT Id, CMPL123__WF_Step_External_Id__c, CMPL123__WF_Rule__c, CMPL123__Action__c, CMPL123__Are_Child_Files_Locked__c, CMPL123__Are_Child_Records_Locked__c, CMPL123__End_Status__c, CMPL123__Is_Record_Lock_Required__c, CMPL123__Is_Related_Lists_Lock... FROM  CMPL123__WF_Step__c WHERE CMPL123__WF_Rule__r.Name in ('Complaint Workflow', 'Investigation Workflow', 'Regulatory Report Workflow').
 [22:26:18.387] {CMPL123__WF_Step__c} Using REST API to retrieve the data ...
 [22:26:18.841] {CMPL123__WF_Step__c} Data retrieval (Target) has been completed. Got 31 new records.
 [22:26:18.843] {CMPL123__Record_Access_Rule__c} Fetching the Target data from Org (STAGE 2: all records) ...
 [22:26:18.845] {CMPL123__Record_Access_Rule__c} Query string: SELECT Id, Name, CMPL123__Record_Access_Rule_External_Id__c, CMPL123__API_Path_to_User_Relationship__c, CMPL123__Active_of_the_rule__c, CMPL123__Apex_Sharing_Reason__c, CMPL123__Child_Objects__c, CMPL123__Target_Object__c, CMPL123__User_Field_Name__c... FROM  CMPL123__Record_Access_Rule__c.
 [22:26:18.847] {CMPL123__Record_Access_Rule__c} Using REST API to retrieve the data ...
 [22:26:19.0] {CMPL123__Record_Access_Rule__c} Data retrieval (Target) has been completed. Got 0 new records.
 [22:26:19.3] {CMPL123__AuditTrail_Config__c} Fetching the Target data from Org (STAGE 2: all records) ...
 [22:26:19.4] {CMPL123__AuditTrail_Config__c} Query string: SELECT Id, Name, CMPL123__AuditTrail_External_Id__c, CMPL123__Child_Relationships_Object__c, CMPL123__Fields__c, CMPL123__Is_Active__c, CMPL123__Parent_Relationship_Object__c, CMPL123__RFC_Comment_Fields__c, CMPL123__RFC_Fields__c, CMPL123__Report_Ti... FROM  CMPL123__AuditTrail_Config__c.
 [22:26:19.6] {CMPL123__AuditTrail_Config__c} Using REST API to retrieve the data ...
 [22:26:19.523] {CMPL123__AuditTrail_Config__c} Data retrieval (Target) has been completed. Got 152 new records.
 [22:26:19.527] {CMPL123__WF_Action__c} Fetching the Target data from Org (STAGE 2: filtered records) ...
 [22:26:19.528] {CMPL123__WF_Action__c} Query string: SELECT Id, Name, CMPL123__WF_Action_External_Id__c, CMPL123__Action_Custom_Label__c, CMPL123__Comment_Type__c, CMPL123__Description__c, CMPL123__E_Sign_Message_Custom_Label__c, CMPL123__Esign_Message__c, CMPL123__Generic_Comment__c, CMPL123__Is_Comme... FROM  CMPL123__WF_Action__c WHERE CMPL123__WF_Action_External_Id__c IN ('a1D5r000000hdpgEAA', 'a1D5r000000hjJ9EAI', 'a1D5r000000hqRuEAI', 'a1D5r000000hjEqEAI', 'qpa-common-00032', 'qpa-common-00040', 'qpa-common-00042', 'qpa-common-00044', 'qpa-common-000....
 [22:26:19.539] {CMPL123__WF_Action__c} Using REST API to retrieve the data ...
 [22:26:19.805] {CMPL123__WF_Action__c} Data retrieval (Target) has been completed. Got 21 new records.
 [22:26:19.808] {CMPL123__WF_Status__c} Fetching the Target data from Org (STAGE 2: filtered records) ...
 [22:26:19.810] {CMPL123__WF_Status__c} Query string: SELECT Id, Name, CMPL123__WF_Status_External_Id__c, CMPL123__Description__c, CMPL123__Status_Custom_Label__c  FROM  CMPL123__WF_Status__c WHERE CMPL123__WF_Status_External_Id__c IN ('a1J5r000001NvJyEAK', 'qpa-common-00016', 'qpa-common-00020', 'qpa-common-00021', 'qpa-common-00023', 'qpa-common-00024', 'qpa-common-00029', 'qpa-common-00031', 'qpa-common-00033', '....
 [22:26:19.814] {CMPL123__WF_Status__c} Using REST API to retrieve the data ...
 [22:26:20.350] {CMPL123__WF_Status__c} Data retrieval (Target) has been completed. Got 19 new records.
 [22:26:20.354] {CMPL123__WF_Phase__c} Fetching the Target data from Org (STAGE 2: filtered records) ...
 [22:26:20.355] {CMPL123__WF_Phase__c} Query string: SELECT Id, Name, CMPL123__WF_Phase_External_Id__c, CMPL123__Description__c, CMPL123__Phase_Custom_Label__c, CMPL123__Work_Instructions_Custom_Label__c, CMPL123__Work_Instructions_HTML__c, CMPL123__Work_Instructions__c  FROM  CMPL123__WF_Phase__c WHERE CMPL123__WF_Phase_External_Id__c IN ('qpa-complaints-phase-001', 'qpa-complaints-phase-002', 'qpa-complaints-phase-003', 'qpa-complaints-phase-004', 'qpa-complaints-phase-005', 'qpa-complaints-phase-007', 'qpa-complaints-p....
 [22:26:20.358] {CMPL123__WF_Phase__c} Using REST API to retrieve the data ...
 [22:26:20.638] {CMPL123__WF_Phase__c} Data retrieval (Target) has been completed. Got 11 new records.
 [22:26:20.641] {CMPL123__WF_Rule_Phase__c} Fetching the Target data from Org (STAGE 2: filtered records) ...
 [22:26:20.642] {CMPL123__WF_Rule_Phase__c} Query string: SELECT Id, Name, CMPL123__WF_Rule_Phase_External_Id__c, CMPL123__Order__c, CMPL123__Workflow_Phase__c, CMPL123__Workflow_Rule__c, CMPL123__Workflow_Phase__r.CMPL123__WF_Phase_External_Id__c, CMPL123__Workflow_Rule__r.CMPL123__WF_Rule_External_Id__c  FROM  CMPL123__WF_Rule_Phase__c WHERE CMPL123__WF_Rule_Phase_External_Id__c IN ('a1H5r0000019CIhEAM', 'a1H5r0000019CIiEAM', 'a1H5r0000019CIjEAM', 'qpa-complaints-phrule-001', 'qpa-complaints-phrule-002', 'qpa-complaints-phrule-003', 'qpa-complaints-phrule....
 [22:26:20.646] {CMPL123__WF_Rule_Phase__c} Using REST API to retrieve the data ...
 [22:26:20.899] {CMPL123__WF_Rule_Phase__c} Data retrieval (Target) has been completed. Got 11 new records.
 [22:26:20.901] {CMPL123__WF_Phase_Status__c} Fetching the Target data from Org (STAGE 2: filtered records) ...
 [22:26:20.902] {CMPL123__WF_Phase_Status__c} Query string: SELECT Id, CMPL123__WF_Phase_Status_External_Id__c, CMPL123__Workflow_Rule_Phase__c, CMPL123__Workflow_Status__c, Workflow_Phase__c, Workflow_Rule__c, Workflow_Status_hyperlink__c, CMPL123__Workflow_Rule_Phase__r.CMPL123__WF_Rule_Phase_External_Id__c... FROM  CMPL123__WF_Phase_Status__c WHERE CMPL123__WF_Phase_Status_External_Id__c IN ('a1F5r0000026qj1EAA', 'a1F5r0000026qj0EAA', 'a1F5r0000026qizEAA', 'a1F5r0000026qiyEAA', 'a1F5r0000026ifAEAQ', 'a1F5r0000026if9EAA', 'a1F5r0000026if8EAA', 'a1F5r0000026if7E....
 [22:26:20.906] {CMPL123__WF_Phase_Status__c} Using REST API to retrieve the data ...
 [22:26:21.183] {CMPL123__WF_Phase_Status__c} Data retrieval (Target) has been completed. Got 18 new records.
 [22:26:21.186] {CMPL123__X123Task__c} Fetching the Target data from Org (STAGE 2: filtered records) ...
 [22:26:21.187] {CMPL123__X123Task__c} Query string: SELECT Id, Name, CMPL123__Task_External_Id__c, CMPL123__Allow_Partial_Processing_for_123_Tasks__c, CMPL123__Description__c, CMPL123__Is_Active__c, CMPL123__Key_Value__c, CMPL123__Related_Object__c  FROM  CMPL123__X123Task__c WHERE CMPL123__Task_External_Id__c IN ('a1N5r000001WwqiEAC', 'a1N5r000001WwPxEAK', 'a1N5r000001W2xkEAC').
 [22:26:21.190] {CMPL123__X123Task__c} Using REST API to retrieve the data ...
 [22:26:21.339] {CMPL123__X123Task__c} Data retrieval (Target) has been completed. Got 3 new records.
 [22:26:21.342] {CMPL123__X123Job__c} Fetching the Target data from Org (STAGE 2: filtered records) ...
 [22:26:21.344] {CMPL123__X123Job__c} Query string: SELECT Id, Name, CMPL123__Job_External_Id__c, CMPL123__Child_Filter_Condition__c, CMPL123__Description__c, CMPL123__Is_Active__c, CMPL123__Job_Type__c, CMPL123__Related_Task__c, CMPL123__Workflow_Step__c, CMPL123__Related_Task__r.CMPL123__Task_Extern... FROM  CMPL123__X123Job__c WHERE CMPL123__Job_External_Id__c IN ('a1M5r000000sEtHEAU', 'a1M5r000001tkZjEAI', 'a1M5r000001tkV5EAI').
 [22:26:21.347] {CMPL123__X123Job__c} Using REST API to retrieve the data ...
 [22:26:21.806] {CMPL123__X123Job__c} Data retrieval (Target) has been completed. Got 3 new records.
 [22:26:21.810] {CMPL123__Valid_Child_Status__c} Fetching the Target data from Org (STAGE 2: filtered records) ...
 [22:26:21.812] {CMPL123__Valid_Child_Status__c} Query string: SELECT Id, Name, CMPL123__Valid_Child_Status_External_Id__c, CMPL123__Parent_Workflow_Step__c, CMPL123__Child_Relationship__c, CMPL123__Description__c, CMPL123__Required_Child_Workflow_Status__c, Child_Workflow_Status__c, Parent_Workflow_Action__c, P... FROM  CMPL123__Valid_Child_Status__c WHERE CMPL123__Valid_Child_Status_External_Id__c IN ('qpa-utility-inv-00001', 'qpa-utility-inv-00002', 'qpa-utility-inv-00003', 'qpa-utility-inv-00004', 'qpa-utility-inv-00005', 'qpa-utility-inv-00006', 'qpa-complaints....
 [22:26:21.819] {CMPL123__Valid_Child_Status__c} Using REST API to retrieve the data ...
 [22:26:22.485] {CMPL123__Valid_Child_Status__c} Data retrieval (Target) has been completed. Got 156 new records.
 [22:26:22.488] {CMPL123__WF_Step_Extension__c} Fetching the Target data from Org (STAGE 2: filtered records) ...
 [22:26:22.489] {CMPL123__WF_Step_Extension__c} Query string: SELECT Id, Name, CMPL123__External_Id__c, CMPL123__Parent_Workflow_Step__c, CMPL123__Apply_To_Automated_User__c, CMPL123__Are_Child_Files_Locked__c, CMPL123__Is_Record_Lock_Required__c, CMPL123__Is_Related_Lists_Locked__c, CMPL123__Object_Related_Lis... FROM  CMPL123__WF_Step_Extension__c WHERE CMPL123__External_Id__c IN ('a1K5r000006ydv3EAA', 'a1K5r000006ytOXEAY', 'a1K5r0000070oWeEAI', 'a1K5r000007070iEAA', 'a1K5r00000707bOEAQ', 'a1K5r00000707y6EAA', 'a1K5r00000707iaEAA', 'a1K5r000006yfFjEAI', 'a1K5r000....
 [22:26:22.492] {CMPL123__WF_Step_Extension__c} Using REST API to retrieve the data ...
 [22:26:22.741] {CMPL123__WF_Step_Extension__c} Data retrieval (Target) has been completed. Got 20 new records.
 [22:26:22.743] Data retrieval (STAGE 2) has been completed.
 [22:26:22.744] newLine
 TRIGGERING ADD-ON EVENTS ...
 [22:26:22.747] No Add-On modules found to run.
 [22:26:22.748] newLine
 [22:26:22.750] newLine
 DATA RETRIEVAL SUMMARY.
 [22:26:22.752] {CMPL123__WF_Rule__c} The total amount of the retrieved records: 3/3.
 [22:26:22.753] {CMPL123__WF_Step__c} The total amount of the retrieved records: 31/31.
 [22:26:22.754] {CMPL123__Record_Access_Rule__c} The total amount of the retrieved records: 0/0.
 [22:26:22.755] {CMPL123__AuditTrail_Config__c} The total amount of the retrieved records: 152/152.
 [22:26:22.757] {CMPL123__WF_Action__c} The total amount of the retrieved records: 21/21.
 [22:26:22.758] {CMPL123__WF_Status__c} The total amount of the retrieved records: 19/19.
 [22:26:22.759] {CMPL123__WF_Phase__c} The total amount of the retrieved records: 11/11.
 [22:26:22.760] {CMPL123__WF_Rule_Phase__c} The total amount of the retrieved records: 11/11.
 [22:26:22.762] {CMPL123__WF_Phase_Status__c} The total amount of the retrieved records: 18/18.
 [22:26:22.763] {CMPL123__Context_Based_Security__c} The total amount of the retrieved records: 0/0.
 [22:26:22.764] {CMPL123__X123Task__c} The total amount of the retrieved records: 3/3.
 [22:26:22.766] {CMPL123__X123Job__c} The total amount of the retrieved records: 3/3.
 [22:26:22.767] {CMPL123__Job_Field_Map__c} The total amount of the retrieved records: 0/0.
 [22:26:22.769] {CMPL123__Valid_Child_Status__c} The total amount of the retrieved records: 156/156.
 [22:26:22.770] {CMPL123__WF_Step_Extension__c} The total amount of the retrieved records: 20/20.
 [22:26:22.774] newLine
 UPDATING THE TARGET (STAGE 1) ...
 [22:26:22.779] {CMPL123__WF_Rule__c} 3 target records remained untouched, since they do not differ from the corresponding source records.
 [22:26:22.784] {CMPL123__WF_Action__c} 21 target records remained untouched, since they do not differ from the corresponding source records.
 [22:26:22.786] {CMPL123__WF_Status__c} 19 target records remained untouched, since they do not differ from the corresponding source records.
 [22:26:22.791] {CMPL123__WF_Step__c} 31 target records remained untouched, since they do not differ from the corresponding source records.
 [22:26:22.793] {CMPL123__WF_Phase__c} 11 target records remained untouched, since they do not differ from the corresponding source records.
 [22:26:22.794] {CMPL123__WF_Rule_Phase__c} 11 target records remained untouched, since they do not differ from the corresponding source records.
 [22:26:22.797] {CMPL123__WF_Phase_Status__c} 18 target records remained untouched, since they do not differ from the corresponding source records.
 [22:26:22.799] {CMPL123__X123Task__c} 3 target records remained untouched, since they do not differ from the corresponding source records.
 [22:26:22.801] {CMPL123__X123Job__c} 3 target records remained untouched, since they do not differ from the corresponding source records.
 [22:26:22.808] {CMPL123__Valid_Child_Status__c} 156 target records remained untouched, since they do not differ from the corresponding source records.
 [22:26:22.810] {CMPL123__WF_Step_Extension__c} 20 target records remained untouched, since they do not differ from the corresponding source records.
 [22:26:22.813] {CMPL123__AuditTrail_Config__c} 152 target records remained untouched, since they do not differ from the corresponding source records.
 [22:26:22.815] newLine
 [22:26:22.816] Nothing was updated.
 [22:26:22.817] newLine
 UPDATING THE TARGET (STAGE 2) ...
 [22:26:22.820] newLine
 [22:26:22.821] PASS 1
 =============
 [22:26:22.827] {CMPL123__WF_Step__c} 31 target records remained untouched, since they do not differ from the corresponding source records.
 [22:26:22.828] {CMPL123__WF_Rule_Phase__c} 11 target records remained untouched, since they do not differ from the corresponding source records.
 [22:26:22.830] {CMPL123__WF_Phase_Status__c} 18 target records remained untouched, since they do not differ from the corresponding source records.
 [22:26:22.832] {CMPL123__X123Job__c} 3 target records remained untouched, since they do not differ from the corresponding source records.
 [22:26:22.837] {CMPL123__Valid_Child_Status__c} 156 target records remained untouched, since they do not differ from the corresponding source records.
 [22:26:22.839] {CMPL123__WF_Step_Extension__c} 20 target records remained untouched, since they do not differ from the corresponding source records.
 [22:26:22.840] newLine
 [22:26:22.841] PASS 2
 =============
 [22:26:22.847] {CMPL123__WF_Step__c} 31 target records remained untouched, since they do not differ from the corresponding source records.
 [22:26:22.849] {CMPL123__WF_Rule_Phase__c} 11 target records remained untouched, since they do not differ from the corresponding source records.
 [22:26:22.851] {CMPL123__WF_Phase_Status__c} 18 target records remained untouched, since they do not differ from the corresponding source records.
 [22:26:22.852] {CMPL123__X123Job__c} 3 target records remained untouched, since they do not differ from the corresponding source records.
 [22:26:22.857] {CMPL123__Valid_Child_Status__c} 156 target records remained untouched, since they do not differ from the corresponding source records.
 [22:26:22.858] {CMPL123__WF_Step_Extension__c} 20 target records remained untouched, since they do not differ from the corresponding source records.
 [22:26:22.859] newLine
 [22:26:22.861] Nothing was updated.
 [22:26:22.862] newLine
 TRIGGERING ADD-ON EVENTS ...
 [22:26:22.865] No Add-On modules found to run.
 [22:26:22.866] newLine
 [22:26:22.868] newLine
 DATA PROCESSING SUMMARY.
 [22:26:22.870] {CMPL123__WF_Rule__c} Totally processed 0 records.
 [22:26:22.871] {CMPL123__WF_Step__c} Totally processed 0 records.
 [22:26:22.873] {CMPL123__Record_Access_Rule__c} Totally processed 0 records.
 [22:26:22.874] {CMPL123__AuditTrail_Config__c} Totally processed 0 records.
 [22:26:22.875] {CMPL123__WF_Action__c} Totally processed 0 records.
 [22:26:22.879] {CMPL123__WF_Status__c} Totally processed 0 records.
 [22:26:22.880] {CMPL123__WF_Phase__c} Totally processed 0 records.
 [22:26:22.881] {CMPL123__WF_Rule_Phase__c} Totally processed 0 records.
 [22:26:22.883] {CMPL123__WF_Phase_Status__c} Totally processed 0 records.
 [22:26:22.884] {CMPL123__Context_Based_Security__c} Totally processed 0 records.
 [22:26:22.886] {CMPL123__X123Task__c} Totally processed 0 records.
 [22:26:22.887] {CMPL123__X123Job__c} Totally processed 0 records.
 [22:26:22.888] {CMPL123__Job_Field_Map__c} Totally processed 0 records.
 [22:26:22.890] {CMPL123__Valid_Child_Status__c} Totally processed 0 records.
 [22:26:22.891] {CMPL123__WF_Step_Extension__c} Totally processed 0 records.
 [22:26:22.892] newLine
 [22:26:22.894] Writing to C:\Users\Himanshu.Desai\Documents\GitHub\GCHS-Release-1\sfdmu-data\MissingParentRecordsReport.csv ...
 [22:26:22.897] newLine
 [22:26:22.898] newLine
 TRIGGERING ADD-ON EVENTS ...
 [22:26:22.900] No Add-On modules found to run.
 [22:26:22.902] newLine

 [22:26:22.936] Command succeeded.
 [22:26:22.938] Execution of the command sfdmu:run has been completed. Exit code 0 (SUCCESS).
 [22:26:22.940] Total time elapsed: 00h 00m 28s 572ms .