
 [20:59:07.564] Execution of the command sfdmu:run has been started.
 [20:59:07.569] newLine
 LOADING AND VALIDATING THE EXPORT.JSON SCRIPT ...
 [20:59:07.590] newLine
 OBJECT SET #1 STARTED
 [20:59:07.593] newLine
 {
   "Running Plugin version": "4.33.17"
}
 {
   "Running Add-On API version": "1.5.0"
}
 [20:59:07.603] newLine
 [20:59:07.608] Loading Core Add-On Module declarations ...
 [20:59:07.612] 

### The job is running in the SIMULATION MODE ###


 [20:59:07.923] Connecting to the asousbckup using SFDX sf org display ...
 [20:59:15.84] Successfully connected to the asousbckup.
 {
   "Source": "csvfile.",
   "Target": "asousbckup.",
   "Package script": "C:\\Users\\Himanshu.Desai\\Documents\\GitHub\\GCHS-Release-1\\sfdmu-data\\export.json."
}
 [20:59:18.253] newLine
 GETTING AND ANALYSING OBJECT METADATA ...
 [20:59:18.257] Processing the object CMPL123__WF_Rule__c ...
 [20:59:18.260] Fetching metadata of the CMPL123__WF_Rule__c (Target) ...
 [20:59:19.651] Processing the object CMPL123__WF_Step__c ...
 [20:59:19.654] Fetching metadata of the CMPL123__WF_Step__c (Target) ...
 [20:59:21.140] Processing the object CMPL123__WF_Phase__c ...
 [20:59:21.143] Fetching metadata of the CMPL123__WF_Phase__c (Target) ...
 [20:59:22.515] Processing the object CMPL123__WF_Rule_Phase__c ...
 [20:59:22.519] Fetching metadata of the CMPL123__WF_Rule_Phase__c (Target) ...
 [20:59:23.697] Processing the object CMPL123__WF_Phase_Status__c ...
 [20:59:23.700] Fetching metadata of the CMPL123__WF_Phase_Status__c (Target) ...
 [20:59:24.139] Processing the object CMPL123__Context_Based_Security__c ...
 [20:59:24.141] Fetching metadata of the CMPL123__Context_Based_Security__c (Target) ...
 [20:59:24.872] Processing the object CMPL123__Job_Field_Map__c ...
 [20:59:24.875] Fetching metadata of the CMPL123__Job_Field_Map__c (Target) ...
 [20:59:25.853] Processing the object CMPL123__Record_Access_Rule__c ...
 [20:59:25.856] Fetching metadata of the CMPL123__Record_Access_Rule__c (Target) ...
 [20:59:27.196] Processing the object CMPL123__Valid_Child_Status__c ...
 [20:59:27.200] Fetching metadata of the CMPL123__Valid_Child_Status__c (Target) ...
 [20:59:27.904] Processing the object CMPL123__WF_Action__c ...
 [20:59:27.907] Fetching metadata of the CMPL123__WF_Action__c (Target) ...
 [20:59:28.562] Processing the object CMPL123__WF_Status__c ...
 [20:59:28.565] Fetching metadata of the CMPL123__WF_Status__c (Target) ...
 [20:59:29.304] Processing the object CMPL123__X123Job__c ...
 [20:59:29.306] Fetching metadata of the CMPL123__X123Job__c (Target) ...
 [20:59:30.153] Processing the object CMPL123__X123Task__c ...
 [20:59:30.156] Fetching metadata of the CMPL123__X123Task__c (Target) ...
 [20:59:31.165] Processing the object CMPL123__WF_Step_Extension__c ...
 [20:59:31.168] Fetching metadata of the CMPL123__WF_Step_Extension__c (Target) ...
 [20:59:31.789] Processing the object CMPL123__AuditTrail_Config__c ...
 [20:59:31.792] Fetching metadata of the CMPL123__AuditTrail_Config__c (Target) ...
 [20:59:32.684] Fetching metadata of the Group (Target) ...
 [20:59:33.382] Processing the object CMPL123__AuditTrail_Config__c ...
 [20:59:33.385] Processing the object CMPL123__WF_Step_Extension__c ...
 [20:59:33.389] Processing the object CMPL123__X123Task__c ...
 [20:59:33.391] Processing the object CMPL123__X123Job__c ...
 [20:59:33.394] Processing the object CMPL123__WF_Status__c ...
 [20:59:33.396] Processing the object CMPL123__WF_Action__c ...
 [20:59:33.398] Processing the object CMPL123__Valid_Child_Status__c ...
 [20:59:33.400] Processing the object CMPL123__Record_Access_Rule__c ...
 [20:59:33.402] Processing the object CMPL123__Job_Field_Map__c ...
 [20:59:33.405] Processing the object CMPL123__Context_Based_Security__c ...
 [20:59:33.407] Processing the object CMPL123__WF_Phase_Status__c ...
 [20:59:33.409] Processing the object CMPL123__WF_Rule_Phase__c ...
 [20:59:33.412] Processing the object CMPL123__WF_Phase__c ...
 [20:59:33.414] Processing the object CMPL123__WF_Step__c ...
 [20:59:33.418] Processing the object CMPL123__WF_Rule__c ...
 [20:59:33.423] newLine
 PREPARING DATA MIGRATION JOB ...
 [20:59:33.426] Building the migration strategy ...
 {
   "Order of objects to query": "CMPL123__WF_Rule__c; CMPL123__WF_Step__c; CMPL123__Record_Access_Rule__c; CMPL123__AuditTrail_Config__c; CMPL123__WF_Action__c; CMPL123__WF_Status__c; CMPL123__WF_Phase__c; CMPL123__WF_Rule_Phase__c; CMPL123__WF_Phase_Status__c; CMPL123__Context_Based_Security__c; CMPL123__X123Task__c; CMPL123__X123Job__c; CMPL123__Job_Field_Map__c; CMPL123__Valid_Child_Status__c; CMPL123__WF_Step_Extension__c"
}
 {
   "Order of objects to delete": "CMPL123__AuditTrail_Config__c; CMPL123__WF_Step_Extension__c; CMPL123__Valid_Child_Status__c; CMPL123__Record_Access_Rule__c; CMPL123__Job_Field_Map__c; CMPL123__X123Job__c; CMPL123__X123Task__c; CMPL123__Context_Based_Security__c; CMPL123__WF_Phase_Status__c; CMPL123__WF_Rule_Phase__c; CMPL123__WF_Phase__c; CMPL123__WF_Step__c; CMPL123__WF_Status__c; CMPL123__WF_Action__c; CMPL123__WF_Rule__c"
}
 {
   "Order of objects to update": "CMPL123__WF_Rule__c; CMPL123__WF_Action__c; CMPL123__WF_Status__c; CMPL123__WF_Step__c; CMPL123__WF_Phase__c; CMPL123__WF_Rule_Phase__c; CMPL123__WF_Phase_Status__c; CMPL123__Context_Based_Security__c; CMPL123__X123Task__c; CMPL123__X123Job__c; CMPL123__Job_Field_Map__c; CMPL123__Record_Access_Rule__c; CMPL123__Valid_Child_Status__c; CMPL123__WF_Step_Extension__c; CMPL123__AuditTrail_Config__c"
}
 [20:59:33.504] Validation of the source CSV files ...
 [20:59:33.970] Writing to C:\Users\Himanshu.Desai\Documents\GitHub\GCHS-Release-1\sfdmu-data\source\CMPL123__WF_Step__c_source.csv ...
 [20:59:34.258] Writing to C:\Users\Himanshu.Desai\Documents\GitHub\GCHS-Release-1\sfdmu-data\source\CMPL123__WF_Rule_Phase__c_source.csv ...
 [20:59:34.268] Writing to C:\Users\Himanshu.Desai\Documents\GitHub\GCHS-Release-1\sfdmu-data\source\CMPL123__WF_Phase_Status__c_source.csv ...
 [20:59:34.274] Writing to C:\Users\Himanshu.Desai\Documents\GitHub\GCHS-Release-1\sfdmu-data\source\CMPL123__X123Job__c_source.csv ...
 [20:59:34.279] Writing to C:\Users\Himanshu.Desai\Documents\GitHub\GCHS-Release-1\sfdmu-data\source\CMPL123__Valid_Child_Status__c_source.csv ...
 [20:59:34.435] Writing to C:\Users\Himanshu.Desai\Documents\GitHub\GCHS-Release-1\sfdmu-data\source\CMPL123__WF_Step_Extension__c_source.csv ...
 [20:59:34.447] Amount of updated source CSV files: 6.
 [20:59:34.450] No issues were found in the source CSV files.
 [20:59:34.459] Processing the source CSV files has been completed.
 [20:59:34.463] Preparing of the data migration job has been completed.
 [20:59:34.466] newLine
 ANALYSING DATA...
 [20:59:34.913] {CMPL123__WF_Rule__c} The original query string of this object is returning 3 records from the Target org.
 [20:59:35.63] {CMPL123__WF_Action__c} The original query string of this object is returning 230 records from the Target org.
 [20:59:35.499] {CMPL123__WF_Status__c} The original query string of this object is returning 162 records from the Target org.
 [20:59:35.660] {CMPL123__WF_Step__c} The original query string of this object is returning 28 records from the Target org.
 [20:59:35.807] {CMPL123__WF_Phase__c} The original query string of this object is returning 45 records from the Target org.
 [20:59:35.945] {CMPL123__WF_Rule_Phase__c} The original query string of this object is returning 64 records from the Target org.
 [20:59:36.97] {CMPL123__WF_Phase_Status__c} The original query string of this object is returning 103 records from the Target org.
 [20:59:36.243] {CMPL123__Context_Based_Security__c} The original query string of this object is returning 0 records from the Target org.
 [20:59:36.387] {CMPL123__X123Task__c} The original query string of this object is returning 13 records from the Target org.
 [20:59:36.532] {CMPL123__X123Job__c} The original query string of this object is returning 14 records from the Target org.
 [20:59:36.676] {CMPL123__Job_Field_Map__c} The original query string of this object is returning 6 records from the Target org.
 [20:59:36.827] {CMPL123__Record_Access_Rule__c} The original query string of this object is returning 0 records from the Target org.
 [20:59:36.967] {CMPL123__Valid_Child_Status__c} The original query string of this object is returning 258 records from the Target org.
 [20:59:37.118] {CMPL123__WF_Step_Extension__c} The original query string of this object is returning 84 records from the Target org.
 [20:59:37.263] {CMPL123__AuditTrail_Config__c} The original query string of this object is returning 152 records from the Target org.
 [20:59:37.266] newLine
 TRIGGERING ADD-ON EVENTS ...
 [20:59:37.269] No Add-On modules found to run.
 [20:59:37.271] newLine
 [20:59:37.273] Ready to process the data.
 [20:59:37.275] newLine
 DELETING OLD DATA FROM THE TARGET ...
 [20:59:37.279] {CMPL123__AuditTrail_Config__c} No records to delete.
 [20:59:37.280] {CMPL123__WF_Step_Extension__c} No records to delete.
 [20:59:37.282] {CMPL123__Valid_Child_Status__c} Deleting old records from the Target ...
 [20:59:37.552] {CMPL123__Valid_Child_Status__c} Amount of records to delete: 158.
 [20:59:37.559] {CMPL123__Valid_Child_Status__c} The Delete API operation has been started using REST API (SIMULATION MODE).
 [20:59:37.561] {CMPL123__Valid_Child_Status__c} The Delete API operation has been completed.
 [20:59:37.570] {CMPL123__Valid_Child_Status__c} Deleting has been completed.
 [20:59:37.572] {CMPL123__Record_Access_Rule__c} No records to delete.
 [20:59:37.574] {CMPL123__Job_Field_Map__c} No records to delete.
 [20:59:37.576] {CMPL123__X123Job__c} No records to delete.
 [20:59:37.577] {CMPL123__X123Task__c} No records to delete.
 [20:59:37.580] {CMPL123__Context_Based_Security__c} No records to delete.
 [20:59:37.581] {CMPL123__WF_Phase_Status__c} No records to delete.
 [20:59:37.583] {CMPL123__WF_Rule_Phase__c} No records to delete.
 [20:59:37.585] {CMPL123__WF_Phase__c} No records to delete.
 [20:59:37.587] {CMPL123__WF_Step__c} No records to delete.
 [20:59:37.588] {CMPL123__WF_Status__c} No records to delete.
 [20:59:37.590] {CMPL123__WF_Action__c} No records to delete.
 [20:59:37.592] {CMPL123__WF_Rule__c} No records to delete.
 [20:59:37.594] Deleting data has been completed.
 [20:59:37.596] newLine
 SOURCE:
 =============
 [20:59:37.601] newLine
 FETCHING THE DATA (STAGE 1) ...
 [20:59:37.607] {CMPL123__WF_Rule__c} Fetching the Source data from CSV file (STAGE 1: all records) ...
 [20:59:37.616] {CMPL123__WF_Rule__c} Data retrieval (Source) has been completed. Got 3 new records.
 [20:59:37.620] {CMPL123__WF_Step__c} Fetching the Source data from CSV file (STAGE 1: all records) ...
 [20:59:37.646] {CMPL123__WF_Step__c} Data retrieval (Source) has been completed. Got 31 new records.
 [20:59:37.649] {CMPL123__Record_Access_Rule__c} Fetching the Source data from CSV file (STAGE 1: all records) ...
 [20:59:37.652] {CMPL123__Record_Access_Rule__c} Data retrieval (Source) has been completed. Got 0 new records.
 [20:59:37.654] {CMPL123__AuditTrail_Config__c} Fetching the Source data from CSV file (STAGE 1: all records) ...
 [20:59:37.698] {CMPL123__AuditTrail_Config__c} Data retrieval (Source) has been completed. Got 152 new records.
 [20:59:37.700] {CMPL123__WF_Action__c} Fetching the Source data from CSV file (STAGE 1: all records) ...
 [20:59:37.709] {CMPL123__WF_Action__c} Data retrieval (Source) has been completed. Got 21 new records.
 [20:59:37.711] {CMPL123__WF_Status__c} Fetching the Source data from CSV file (STAGE 1: all records) ...
 [20:59:37.715] {CMPL123__WF_Status__c} Data retrieval (Source) has been completed. Got 19 new records.
 [20:59:37.717] {CMPL123__WF_Phase__c} Fetching the Source data from CSV file (STAGE 1: all records) ...
 [20:59:37.721] {CMPL123__WF_Phase__c} Data retrieval (Source) has been completed. Got 11 new records.
 [20:59:37.723] {CMPL123__WF_Rule_Phase__c} Fetching the Source data from CSV file (STAGE 1: all records) ...
 [20:59:37.728] {CMPL123__WF_Rule_Phase__c} Data retrieval (Source) has been completed. Got 11 new records.
 [20:59:37.730] {CMPL123__WF_Phase_Status__c} Fetching the Source data from CSV file (STAGE 1: all records) ...
 [20:59:37.736] {CMPL123__WF_Phase_Status__c} Data retrieval (Source) has been completed. Got 18 new records.
 [20:59:37.739] {CMPL123__Context_Based_Security__c} Fetching the Source data from CSV file (STAGE 1: all records) ...
 [20:59:37.742] {CMPL123__Context_Based_Security__c} Data retrieval (Source) has been completed. Got 0 new records.
 [20:59:37.744] {CMPL123__X123Task__c} Fetching the Source data from CSV file (STAGE 1: all records) ...
 [20:59:37.748] {CMPL123__X123Task__c} Data retrieval (Source) has been completed. Got 3 new records.
 [20:59:37.750] {CMPL123__X123Job__c} Fetching the Source data from CSV file (STAGE 1: all records) ...
 [20:59:37.755] {CMPL123__X123Job__c} Data retrieval (Source) has been completed. Got 3 new records.
 [20:59:37.757] {CMPL123__Job_Field_Map__c} Fetching the Source data from CSV file (STAGE 1: all records) ...
 [20:59:37.762] {CMPL123__Job_Field_Map__c} Data retrieval (Source) has been completed. Got 0 new records.
 [20:59:37.765] {CMPL123__Valid_Child_Status__c} Fetching the Source data from CSV file (STAGE 1: all records) ...
 [20:59:37.800] {CMPL123__Valid_Child_Status__c} Data retrieval (Source) has been completed. Got 156 new records.
 [20:59:37.804] {CMPL123__WF_Step_Extension__c} Fetching the Source data from CSV file (STAGE 1: all records) ...
 [20:59:37.810] {CMPL123__WF_Step_Extension__c} Data retrieval (Source) has been completed. Got 20 new records.
 [20:59:37.812] Data retrieval (STAGE 1) has been completed.
 [20:59:37.815] newLine
 FETCHING THE DATA (STAGE 2) ...
 [20:59:37.818] PASS 1
 =============
 [20:59:37.821] No records
 [20:59:37.822] newLine
 [20:59:37.824] PASS 2
 =============
 [20:59:37.827] No records
 [20:59:37.828] newLine
 [20:59:37.830] PASS 3
 =============
 [20:59:37.832] No records
 [20:59:37.833] newLine
 [20:59:37.835] PASS 4
 =============
 [20:59:37.837] No records
 [20:59:37.839] newLine
 TARGET:
 =============
 [20:59:37.844] {CMPL123__WF_Rule__c} Fetching the Target data from Org (STAGE 2: all records) ...
 [20:59:37.846] {CMPL123__WF_Rule__c} Query string: SELECT Id, Name, CMPL123__WF_Rule_External_Id__c, CMPL123__Description__c, CMPL123__Has_Cycle_Time_Metrics_Fields__c, CMPL123__Has_Multiple_Actions__c, CMPL123__Is_Active__c, CMPL123__Record_Type__c, CMPL123__Target_Object__c, CMPL123__Target_Object_... FROM  CMPL123__WF_Rule__c WHERE Name in ('Complaint Workflow', 'Investigation Workflow', 'Regulatory Report Workflow').
 [20:59:37.848] {CMPL123__WF_Rule__c} Using REST API to retrieve the data ...
 [20:59:38.301] {CMPL123__WF_Rule__c} Data retrieval (Target) has been completed. Got 3 new records.
 [20:59:38.303] {CMPL123__WF_Step__c} Fetching the Target data from Org (STAGE 2: all records) ...
 [20:59:38.305] {CMPL123__WF_Step__c} Query string: SELECT Id, CMPL123__WF_Step_External_Id__c, CMPL123__WF_Rule__c, CMPL123__Action__c, CMPL123__Are_Child_Files_Locked__c, CMPL123__Are_Child_Records_Locked__c, CMPL123__End_Status__c, CMPL123__Is_Record_Lock_Required__c, CMPL123__Is_Related_Lists_Lock... FROM  CMPL123__WF_Step__c WHERE CMPL123__WF_Rule__r.Name in ('Complaint Workflow', 'Investigation Workflow', 'Regulatory Report Workflow').
 [20:59:38.307] {CMPL123__WF_Step__c} Using REST API to retrieve the data ...
 [20:59:38.812] {CMPL123__WF_Step__c} Data retrieval (Target) has been completed. Got 28 new records.
 [20:59:38.814] {CMPL123__Record_Access_Rule__c} Fetching the Target data from Org (STAGE 2: all records) ...
 [20:59:38.815] {CMPL123__Record_Access_Rule__c} Query string: SELECT Id, Name, CMPL123__Record_Access_Rule_External_Id__c, CMPL123__API_Path_to_User_Relationship__c, CMPL123__Active_of_the_rule__c, CMPL123__Apex_Sharing_Reason__c, CMPL123__Child_Objects__c, CMPL123__Target_Object__c, CMPL123__User_Field_Name__c... FROM  CMPL123__Record_Access_Rule__c.
 [20:59:38.817] {CMPL123__Record_Access_Rule__c} Using REST API to retrieve the data ...
 [20:59:38.976] {CMPL123__Record_Access_Rule__c} Data retrieval (Target) has been completed. Got 0 new records.
 [20:59:38.979] {CMPL123__AuditTrail_Config__c} Fetching the Target data from Org (STAGE 2: all records) ...
 [20:59:38.981] {CMPL123__AuditTrail_Config__c} Query string: SELECT Id, Name, CMPL123__AuditTrail_External_Id__c, CMPL123__Child_Relationships_Object__c, CMPL123__Fields__c, CMPL123__Is_Active__c, CMPL123__Parent_Relationship_Object__c, CMPL123__RFC_Comment_Fields__c, CMPL123__RFC_Fields__c, CMPL123__Report_Ti... FROM  CMPL123__AuditTrail_Config__c.
 [20:59:38.983] {CMPL123__AuditTrail_Config__c} Using REST API to retrieve the data ...
 [20:59:39.650] {CMPL123__AuditTrail_Config__c} Data retrieval (Target) has been completed. Got 152 new records.
 [20:59:39.655] {CMPL123__WF_Action__c} Fetching the Target data from Org (STAGE 2: filtered records) ...
 [20:59:39.656] {CMPL123__WF_Action__c} Query string: SELECT Id, Name, CMPL123__WF_Action_External_Id__c, CMPL123__Action_Custom_Label__c, CMPL123__Comment_Type__c, CMPL123__Description__c, CMPL123__E_Sign_Message_Custom_Label__c, CMPL123__Esign_Message__c, CMPL123__Generic_Comment__c, CMPL123__Is_Comme... FROM  CMPL123__WF_Action__c WHERE CMPL123__WF_Action_External_Id__c IN ('a1D5r000000hdpgEAA', 'a1D5r000000hjJ9EAI', 'a1D5r000000hqRuEAI', 'a1D5r000000hjEqEAI', 'qpa-common-00032', 'qpa-common-00040', 'qpa-common-00042', 'qpa-common-00044', 'qpa-common-000....
 [20:59:39.666] {CMPL123__WF_Action__c} Using REST API to retrieve the data ...
 [20:59:40.219] {CMPL123__WF_Action__c} Data retrieval (Target) has been completed. Got 21 new records.
 [20:59:40.222] {CMPL123__WF_Status__c} Fetching the Target data from Org (STAGE 2: filtered records) ...
 [20:59:40.223] {CMPL123__WF_Status__c} Query string: SELECT Id, Name, CMPL123__WF_Status_External_Id__c, CMPL123__Description__c, CMPL123__Status_Custom_Label__c  FROM  CMPL123__WF_Status__c WHERE CMPL123__WF_Status_External_Id__c IN ('a1J5r000001NvJyEAK', 'qpa-common-00016', 'qpa-common-00020', 'qpa-common-00021', 'qpa-common-00023', 'qpa-common-00024', 'qpa-common-00029', 'qpa-common-00031', 'qpa-common-00033', '....
 [20:59:40.228] {CMPL123__WF_Status__c} Using REST API to retrieve the data ...
 [20:59:40.481] {CMPL123__WF_Status__c} Data retrieval (Target) has been completed. Got 19 new records.
 [20:59:40.483] {CMPL123__WF_Phase__c} Fetching the Target data from Org (STAGE 2: filtered records) ...
 [20:59:40.484] {CMPL123__WF_Phase__c} Query string: SELECT Id, Name, CMPL123__WF_Phase_External_Id__c, CMPL123__Description__c, CMPL123__Phase_Custom_Label__c, CMPL123__Work_Instructions_Custom_Label__c, CMPL123__Work_Instructions_HTML__c, CMPL123__Work_Instructions__c  FROM  CMPL123__WF_Phase__c WHERE CMPL123__WF_Phase_External_Id__c IN ('qpa-complaints-phase-001', 'qpa-complaints-phase-002', 'qpa-complaints-phase-003', 'qpa-complaints-phase-004', 'qpa-complaints-phase-005', 'qpa-complaints-phase-007', 'qpa-complaints-p....
 [20:59:40.487] {CMPL123__WF_Phase__c} Using REST API to retrieve the data ...
 [20:59:40.754] {CMPL123__WF_Phase__c} Data retrieval (Target) has been completed. Got 11 new records.
 [20:59:40.758] {CMPL123__WF_Rule_Phase__c} Fetching the Target data from Org (STAGE 2: filtered records) ...
 [20:59:40.760] {CMPL123__WF_Rule_Phase__c} Query string: SELECT Id, Name, CMPL123__WF_Rule_Phase_External_Id__c, CMPL123__Order__c, CMPL123__Workflow_Phase__c, CMPL123__Workflow_Rule__c, CMPL123__Workflow_Phase__r.CMPL123__WF_Phase_External_Id__c, CMPL123__Workflow_Rule__r.CMPL123__WF_Rule_External_Id__c  FROM  CMPL123__WF_Rule_Phase__c WHERE CMPL123__WF_Rule_Phase_External_Id__c IN ('a1H5r0000019CIhEAM', 'a1H5r0000019CIiEAM', 'a1H5r0000019CIjEAM', 'qpa-complaints-phrule-001', 'qpa-complaints-phrule-002', 'qpa-complaints-phrule-003', 'qpa-complaints-phrule....
 [20:59:40.763] {CMPL123__WF_Rule_Phase__c} Using REST API to retrieve the data ...
 [20:59:41.21] {CMPL123__WF_Rule_Phase__c} Data retrieval (Target) has been completed. Got 11 new records.
 [20:59:41.24] {CMPL123__WF_Phase_Status__c} Fetching the Target data from Org (STAGE 2: filtered records) ...
 [20:59:41.26] {CMPL123__WF_Phase_Status__c} Query string: SELECT Id, CMPL123__WF_Phase_Status_External_Id__c, CMPL123__Workflow_Rule_Phase__c, CMPL123__Workflow_Status__c, Workflow_Phase__c, Workflow_Rule__c, Workflow_Status_hyperlink__c, CMPL123__Workflow_Rule_Phase__r.CMPL123__WF_Rule_Phase_External_Id__c... FROM  CMPL123__WF_Phase_Status__c WHERE CMPL123__WF_Phase_Status_External_Id__c IN ('a1F5r0000026qj1EAA', 'a1F5r0000026qj0EAA', 'a1F5r0000026qizEAA', 'a1F5r0000026qiyEAA', 'a1F5r0000026ifAEAQ', 'a1F5r0000026if9EAA', 'a1F5r0000026if8EAA', 'a1F5r0000026if7E....
 [20:59:41.30] {CMPL123__WF_Phase_Status__c} Using REST API to retrieve the data ...
 [20:59:41.337] {CMPL123__WF_Phase_Status__c} Data retrieval (Target) has been completed. Got 18 new records.
 [20:59:41.339] {CMPL123__X123Task__c} Fetching the Target data from Org (STAGE 2: filtered records) ...
 [20:59:41.341] {CMPL123__X123Task__c} Query string: SELECT Id, Name, CMPL123__Task_External_Id__c, CMPL123__Allow_Partial_Processing_for_123_Tasks__c, CMPL123__Description__c, CMPL123__Is_Active__c, CMPL123__Key_Value__c, CMPL123__Related_Object__c  FROM  CMPL123__X123Task__c WHERE CMPL123__Task_External_Id__c IN ('a1N5r000001WwqiEAC', 'a1N5r000001WwPxEAK', 'a1N5r000001W2xkEAC').
 [20:59:41.343] {CMPL123__X123Task__c} Using REST API to retrieve the data ...
 [20:59:41.532] {CMPL123__X123Task__c} Data retrieval (Target) has been completed. Got 3 new records.
 [20:59:41.534] {CMPL123__X123Job__c} Fetching the Target data from Org (STAGE 2: filtered records) ...
 [20:59:41.536] {CMPL123__X123Job__c} Query string: SELECT Id, Name, CMPL123__Job_External_Id__c, CMPL123__Child_Filter_Condition__c, CMPL123__Description__c, CMPL123__Is_Active__c, CMPL123__Job_Type__c, CMPL123__Related_Task__c, CMPL123__Workflow_Step__c, CMPL123__Related_Task__r.CMPL123__Task_Extern... FROM  CMPL123__X123Job__c WHERE CMPL123__Job_External_Id__c IN ('a1M5r000000sEtHEAU', 'a1M5r000001tkZjEAI', 'a1M5r000001tkV5EAI').
 [20:59:41.538] {CMPL123__X123Job__c} Using REST API to retrieve the data ...
 [20:59:41.797] {CMPL123__X123Job__c} Data retrieval (Target) has been completed. Got 3 new records.
 [20:59:41.800] {CMPL123__Valid_Child_Status__c} Fetching the Target data from Org (STAGE 2: filtered records) ...
 [20:59:41.802] {CMPL123__Valid_Child_Status__c} Query string: SELECT Id, Name, CMPL123__Valid_Child_Status_External_Id__c, CMPL123__Parent_Workflow_Step__c, CMPL123__Child_Relationship__c, CMPL123__Description__c, CMPL123__Required_Child_Workflow_Status__c, Parent_Workflow_Action__c, Parent_Workflow_Rule__c, Ch... FROM  CMPL123__Valid_Child_Status__c WHERE CMPL123__Valid_Child_Status_External_Id__c IN ('qpa-utility-inv-00001', 'qpa-utility-inv-00002', 'qpa-utility-inv-00003', 'qpa-utility-inv-00004', 'qpa-utility-inv-00005', 'qpa-utility-inv-00006', 'qpa-complaints....
 [20:59:41.807] {CMPL123__Valid_Child_Status__c} Using REST API to retrieve the data ...
 [20:59:42.466] {CMPL123__Valid_Child_Status__c} Data retrieval (Target) has been completed. Got 152 new records.
 [20:59:42.469] {CMPL123__WF_Step_Extension__c} Fetching the Target data from Org (STAGE 2: filtered records) ...
 [20:59:42.471] {CMPL123__WF_Step_Extension__c} Query string: SELECT Id, Name, CMPL123__External_Id__c, CMPL123__Parent_Workflow_Step__c, CMPL123__Apply_To_Automated_User__c, CMPL123__Are_Child_Files_Locked__c, CMPL123__Is_Record_Lock_Required__c, CMPL123__Is_Related_Lists_Locked__c, CMPL123__Object_Related_Lis... FROM  CMPL123__WF_Step_Extension__c WHERE CMPL123__External_Id__c IN ('a1K5r000006ydv3EAA', 'a1K5r000006ytOXEAY', 'a1K5r0000070oWeEAI', 'a1K5r000007070iEAA', 'a1K5r00000707bOEAQ', 'a1K5r00000707y6EAA', 'a1K5r00000707iaEAA', 'a1K5r000006yfFjEAI', 'a1K5r000....
 [20:59:42.473] {CMPL123__WF_Step_Extension__c} Using REST API to retrieve the data ...
 [20:59:42.734] {CMPL123__WF_Step_Extension__c} Data retrieval (Target) has been completed. Got 18 new records.
 [20:59:42.736] Data retrieval (STAGE 2) has been completed.
 [20:59:42.738] newLine
 TRIGGERING ADD-ON EVENTS ...
 [20:59:42.741] No Add-On modules found to run.
 [20:59:42.742] newLine
 [20:59:42.744] newLine
 DATA RETRIEVAL SUMMARY.
 [20:59:42.747] {CMPL123__WF_Rule__c} The total amount of the retrieved records: 3/3.
 [20:59:42.748] {CMPL123__WF_Step__c} The total amount of the retrieved records: 31/28.
 [20:59:42.750] {CMPL123__Record_Access_Rule__c} The total amount of the retrieved records: 0/0.
 [20:59:42.751] {CMPL123__AuditTrail_Config__c} The total amount of the retrieved records: 152/152.
 [20:59:42.753] {CMPL123__WF_Action__c} The total amount of the retrieved records: 21/21.
 [20:59:42.754] {CMPL123__WF_Status__c} The total amount of the retrieved records: 19/19.
 [20:59:42.756] {CMPL123__WF_Phase__c} The total amount of the retrieved records: 11/11.
 [20:59:42.758] {CMPL123__WF_Rule_Phase__c} The total amount of the retrieved records: 11/11.
 [20:59:42.759] {CMPL123__WF_Phase_Status__c} The total amount of the retrieved records: 18/18.
 [20:59:42.760] {CMPL123__Context_Based_Security__c} The total amount of the retrieved records: 0/0.
 [20:59:42.761] {CMPL123__X123Task__c} The total amount of the retrieved records: 3/3.
 [20:59:42.763] {CMPL123__X123Job__c} The total amount of the retrieved records: 3/3.
 [20:59:42.764] {CMPL123__Job_Field_Map__c} The total amount of the retrieved records: 0/0.
 [20:59:42.765] {CMPL123__Valid_Child_Status__c} The total amount of the retrieved records: 156/152.
 [20:59:42.767] {CMPL123__WF_Step_Extension__c} The total amount of the retrieved records: 20/18.
 [20:59:42.769] newLine
 UPDATING THE TARGET (STAGE 1) ...
 [20:59:42.775] {CMPL123__WF_Rule__c} 3 target records remained untouched, since they do not differ from the corresponding source records.
 [20:59:42.777] {CMPL123__WF_Action__c} 21 target records remained untouched, since they do not differ from the corresponding source records.
 [20:59:42.779] {CMPL123__WF_Status__c} 19 target records remained untouched, since they do not differ from the corresponding source records.
 [20:59:42.787] {CMPL123__WF_Step__c} Amount of records to Insert: 3.
 [20:59:42.792] {CMPL123__WF_Step__c} The Insert API operation has been started using REST API (SIMULATION MODE).
 [20:59:42.793] {CMPL123__WF_Step__c} The Insert API operation has been completed.
 [20:59:42.798] {CMPL123__WF_Step__c} Amount of records to Update: 14.
 [20:59:42.800] {CMPL123__WF_Step__c} The Update API operation has been started using REST API (SIMULATION MODE).
 [20:59:42.802] {CMPL123__WF_Step__c} The Update API operation has been completed.
 [20:59:42.809] {CMPL123__WF_Step__c} 14 target records remained untouched, since they do not differ from the corresponding source records.
 [20:59:42.810] {CMPL123__WF_Step__c} The Target has been updated. Totally processed 17 records.
 [20:59:42.812] newLine
 [20:59:42.814] {CMPL123__WF_Phase__c} 11 target records remained untouched, since they do not differ from the corresponding source records.
 [20:59:42.816] {CMPL123__WF_Rule_Phase__c} 11 target records remained untouched, since they do not differ from the corresponding source records.
 [20:59:42.819] {CMPL123__WF_Phase_Status__c} 18 target records remained untouched, since they do not differ from the corresponding source records.
 [20:59:42.822] {CMPL123__X123Task__c} 3 target records remained untouched, since they do not differ from the corresponding source records.
 [20:59:42.826] {CMPL123__X123Job__c} 3 target records remained untouched, since they do not differ from the corresponding source records.
 [20:59:42.835] {CMPL123__Valid_Child_Status__c} Amount of records to Insert: 4.
 [20:59:42.839] {CMPL123__Valid_Child_Status__c} The Insert API operation has been started using REST API (SIMULATION MODE).
 [20:59:42.841] {CMPL123__Valid_Child_Status__c} The Insert API operation has been completed.
 [20:59:42.847] {CMPL123__Valid_Child_Status__c} 152 target records remained untouched, since they do not differ from the corresponding source records.
 [20:59:42.848] {CMPL123__Valid_Child_Status__c} The Target has been updated. Totally processed 4 records.
 [20:59:42.850] newLine
 [20:59:42.853] {CMPL123__WF_Step_Extension__c} Amount of records to Insert: 2.
 [20:59:42.855] {CMPL123__WF_Step_Extension__c} The Insert API operation has been started using REST API (SIMULATION MODE).
 [20:59:42.857] {CMPL123__WF_Step_Extension__c} The Insert API operation has been completed.
 [20:59:42.862] {CMPL123__WF_Step_Extension__c} 18 target records remained untouched, since they do not differ from the corresponding source records.
 [20:59:42.864] {CMPL123__WF_Step_Extension__c} The Target has been updated. Totally processed 2 records.
 [20:59:42.866] newLine
 [20:59:42.871] {CMPL123__AuditTrail_Config__c} Amount of records to Update: 4.
 [20:59:42.874] {CMPL123__AuditTrail_Config__c} The Update API operation has been started using REST API (SIMULATION MODE).
 [20:59:42.875] {CMPL123__AuditTrail_Config__c} The Update API operation has been completed.
 [20:59:42.880] {CMPL123__AuditTrail_Config__c} 148 target records remained untouched, since they do not differ from the corresponding source records.
 [20:59:42.881] {CMPL123__AuditTrail_Config__c} The Target has been updated. Totally processed 4 records.
 [20:59:42.883] newLine
 [20:59:42.884] newLine
 [20:59:42.886] The Target (STAGE 1) has been updated. Totally processed 27 records.
 [20:59:42.887] newLine
 UPDATING THE TARGET (STAGE 2) ...
 [20:59:42.890] newLine
 [20:59:42.891] PASS 1
 =============
 [20:59:42.898] {CMPL123__WF_Step__c} 14 target records remained untouched, since they do not differ from the corresponding source records.
 [20:59:42.901] {CMPL123__WF_Rule_Phase__c} 11 target records remained untouched, since they do not differ from the corresponding source records.
 [20:59:42.904] {CMPL123__WF_Phase_Status__c} 18 target records remained untouched, since they do not differ from the corresponding source records.
 [20:59:42.906] {CMPL123__X123Job__c} 3 target records remained untouched, since they do not differ from the corresponding source records.
 [20:59:42.912] {CMPL123__Valid_Child_Status__c} 152 target records remained untouched, since they do not differ from the corresponding source records.
 [20:59:42.916] {CMPL123__WF_Step_Extension__c} 18 target records remained untouched, since they do not differ from the corresponding source records.
 [20:59:42.918] newLine
 [20:59:42.920] PASS 2
 =============
 [20:59:42.926] {CMPL123__WF_Step__c} 14 target records remained untouched, since they do not differ from the corresponding source records.
 [20:59:42.928] {CMPL123__WF_Rule_Phase__c} 11 target records remained untouched, since they do not differ from the corresponding source records.
 [20:59:42.931] {CMPL123__WF_Phase_Status__c} 18 target records remained untouched, since they do not differ from the corresponding source records.
 [20:59:42.933] {CMPL123__X123Job__c} 3 target records remained untouched, since they do not differ from the corresponding source records.
 [20:59:42.939] {CMPL123__Valid_Child_Status__c} 152 target records remained untouched, since they do not differ from the corresponding source records.
 [20:59:42.941] {CMPL123__WF_Step_Extension__c} 18 target records remained untouched, since they do not differ from the corresponding source records.
 [20:59:42.943] newLine
 [20:59:42.944] Nothing was updated.
 [20:59:42.946] newLine
 TRIGGERING ADD-ON EVENTS ...
 [20:59:42.949] No Add-On modules found to run.
 [20:59:42.951] newLine
 [20:59:42.952] newLine
 DATA PROCESSING SUMMARY.
 [20:59:42.955] {CMPL123__WF_Rule__c} Totally processed 0 records.
 [20:59:42.956] {CMPL123__WF_Step__c} Totally processed 17 records.
 [20:59:42.957] {CMPL123__Record_Access_Rule__c} Totally processed 0 records.
 [20:59:42.958] {CMPL123__AuditTrail_Config__c} Totally processed 4 records.
 [20:59:42.960] {CMPL123__WF_Action__c} Totally processed 0 records.
 [20:59:42.961] {CMPL123__WF_Status__c} Totally processed 0 records.
 [20:59:42.962] {CMPL123__WF_Phase__c} Totally processed 0 records.
 [20:59:42.964] {CMPL123__WF_Rule_Phase__c} Totally processed 0 records.
 [20:59:42.965] {CMPL123__WF_Phase_Status__c} Totally processed 0 records.
 [20:59:42.967] {CMPL123__Context_Based_Security__c} Totally processed 0 records.
 [20:59:42.968] {CMPL123__X123Task__c} Totally processed 0 records.
 [20:59:42.970] {CMPL123__X123Job__c} Totally processed 0 records.
 [20:59:42.971] {CMPL123__Job_Field_Map__c} Totally processed 0 records.
 [20:59:42.972] {CMPL123__Valid_Child_Status__c} Totally processed 4 records.
 [20:59:42.973] {CMPL123__WF_Step_Extension__c} Totally processed 2 records.
 [20:59:42.974] newLine
 [20:59:42.976] Writing to C:\Users\Himanshu.Desai\Documents\GitHub\GCHS-Release-1\sfdmu-data\MissingParentRecordsReport.csv ...
 [20:59:42.979] newLine
 [20:59:42.980] newLine
 TRIGGERING ADD-ON EVENTS ...
 [20:59:42.983] No Add-On modules found to run.
 [20:59:42.984] newLine

 [20:59:43.22] Command succeeded.
 [20:59:43.25] Execution of the command sfdmu:run has been completed. Exit code 0 (SUCCESS).
 [20:59:43.34] Total time elapsed: 00h 00m 35s 462ms .