
 [21:15:47.239] Execution of the command sfdmu:run has been started.
 [21:15:47.244] newLine
 LOADING AND VALIDATING THE EXPORT.JSON SCRIPT ...
 [21:15:47.267] newLine
 OBJECT SET #1 STARTED
 [21:15:47.272] newLine
 {
   "Running Plugin version": "4.33.17"
}
 {
   "Running Add-On API version": "1.5.0"
}
 [21:15:47.283] newLine
 [21:15:47.286] Loading Core Add-On Module declarations ...
 [21:15:47.289] 

### The job is running in the SIMULATION MODE ###


 [21:15:47.565] Connecting to the triagbckup using SFDX sf org display ...
 [21:15:54.374] Successfully connected to the triagbckup.
 {
   "Source": "csvfile.",
   "Target": "triagbckup.",
   "Package script": "C:\\Users\\Himanshu.Desai\\Documents\\GitHub\\GCHS-Release-1\\sfdmu-data\\export.json."
}
 [21:15:55.876] newLine
 GETTING AND ANALYSING OBJECT METADATA ...
 [21:15:55.882] Processing the object CMPL123__WF_Rule__c ...
 [21:15:55.886] Fetching metadata of the CMPL123__WF_Rule__c (Target) ...
 [21:15:57.256] Processing the object CMPL123__WF_Step__c ...
 [21:15:57.258] Fetching metadata of the CMPL123__WF_Step__c (Target) ...
 [21:15:58.231] Processing the object CMPL123__WF_Phase__c ...
 [21:15:58.234] Fetching metadata of the CMPL123__WF_Phase__c (Target) ...
 [21:15:59.182] Processing the object CMPL123__WF_Rule_Phase__c ...
 [21:15:59.185] Fetching metadata of the CMPL123__WF_Rule_Phase__c (Target) ...
 [21:15:59.995] Processing the object CMPL123__WF_Phase_Status__c ...
 [21:15:59.998] Fetching metadata of the CMPL123__WF_Phase_Status__c (Target) ...
 [21:16:01.36] Processing the object CMPL123__Context_Based_Security__c ...
 [21:16:01.38] Fetching metadata of the CMPL123__Context_Based_Security__c (Target) ...
 [21:16:02.167] Processing the object CMPL123__Job_Field_Map__c ...
 [21:16:02.169] Fetching metadata of the CMPL123__Job_Field_Map__c (Target) ...
 [21:16:03.97] Processing the object CMPL123__Record_Access_Rule__c ...
 [21:16:03.100] Fetching metadata of the CMPL123__Record_Access_Rule__c (Target) ...
 [21:16:03.717] Processing the object CMPL123__Valid_Child_Status__c ...
 [21:16:03.720] Fetching metadata of the CMPL123__Valid_Child_Status__c (Target) ...
 [21:16:04.458] Processing the object CMPL123__WF_Action__c ...
 [21:16:04.461] Fetching metadata of the CMPL123__WF_Action__c (Target) ...
 [21:16:05.742] Processing the object CMPL123__WF_Status__c ...
 [21:16:05.745] Fetching metadata of the CMPL123__WF_Status__c (Target) ...
 [21:16:06.696] Processing the object CMPL123__X123Job__c ...
 [21:16:06.699] Fetching metadata of the CMPL123__X123Job__c (Target) ...
 [21:16:07.233] Processing the object CMPL123__X123Task__c ...
 [21:16:07.236] Fetching metadata of the CMPL123__X123Task__c (Target) ...
 [21:16:08.29] Processing the object CMPL123__WF_Step_Extension__c ...
 [21:16:08.32] Fetching metadata of the CMPL123__WF_Step_Extension__c (Target) ...
 [21:16:08.929] Processing the object CMPL123__AuditTrail_Config__c ...
 [21:16:08.932] Fetching metadata of the CMPL123__AuditTrail_Config__c (Target) ...
 [21:16:09.549] Fetching metadata of the Group (Target) ...
 [21:16:10.176] Processing the object CMPL123__AuditTrail_Config__c ...
 [21:16:10.179] Processing the object CMPL123__WF_Step_Extension__c ...
 [21:16:10.182] Processing the object CMPL123__X123Task__c ...
 [21:16:10.184] Processing the object CMPL123__X123Job__c ...
 [21:16:10.186] Processing the object CMPL123__WF_Status__c ...
 [21:16:10.189] Processing the object CMPL123__WF_Action__c ...
 [21:16:10.191] Processing the object CMPL123__Valid_Child_Status__c ...
 [21:16:10.193] Processing the object CMPL123__Record_Access_Rule__c ...
 [21:16:10.195] Processing the object CMPL123__Job_Field_Map__c ...
 [21:16:10.198] Processing the object CMPL123__Context_Based_Security__c ...
 [21:16:10.199] Processing the object CMPL123__WF_Phase_Status__c ...
 [21:16:10.201] Processing the object CMPL123__WF_Rule_Phase__c ...
 [21:16:10.203] Processing the object CMPL123__WF_Phase__c ...
 [21:16:10.205] Processing the object CMPL123__WF_Step__c ...
 [21:16:10.210] Processing the object CMPL123__WF_Rule__c ...
 [21:16:10.214] newLine
 PREPARING DATA MIGRATION JOB ...
 [21:16:10.218] Building the migration strategy ...
 {
   "Order of objects to query": "CMPL123__WF_Rule__c; CMPL123__WF_Step__c; CMPL123__Record_Access_Rule__c; CMPL123__AuditTrail_Config__c; CMPL123__WF_Action__c; CMPL123__WF_Status__c; CMPL123__WF_Phase__c; CMPL123__WF_Rule_Phase__c; CMPL123__WF_Phase_Status__c; CMPL123__Context_Based_Security__c; CMPL123__X123Task__c; CMPL123__X123Job__c; CMPL123__Job_Field_Map__c; CMPL123__Valid_Child_Status__c; CMPL123__WF_Step_Extension__c"
}
 {
   "Order of objects to delete": "CMPL123__AuditTrail_Config__c; CMPL123__WF_Step_Extension__c; CMPL123__Valid_Child_Status__c; CMPL123__Record_Access_Rule__c; CMPL123__Job_Field_Map__c; CMPL123__X123Job__c; CMPL123__X123Task__c; CMPL123__Context_Based_Security__c; CMPL123__WF_Phase_Status__c; CMPL123__WF_Rule_Phase__c; CMPL123__WF_Phase__c; CMPL123__WF_Step__c; CMPL123__WF_Status__c; CMPL123__WF_Action__c; CMPL123__WF_Rule__c"
}
 {
   "Order of objects to update": "CMPL123__WF_Rule__c; CMPL123__WF_Action__c; CMPL123__WF_Status__c; CMPL123__WF_Step__c; CMPL123__WF_Phase__c; CMPL123__WF_Rule_Phase__c; CMPL123__WF_Phase_Status__c; CMPL123__Context_Based_Security__c; CMPL123__X123Task__c; CMPL123__X123Job__c; CMPL123__Job_Field_Map__c; CMPL123__Record_Access_Rule__c; CMPL123__Valid_Child_Status__c; CMPL123__WF_Step_Extension__c; CMPL123__AuditTrail_Config__c"
}
 [21:16:10.295] Validation of the source CSV files ...
 [21:16:10.679] Writing to C:\Users\Himanshu.Desai\Documents\GitHub\GCHS-Release-1\sfdmu-data\source\CMPL123__WF_Step__c_source.csv ...
 [21:16:10.774] Writing to C:\Users\Himanshu.Desai\Documents\GitHub\GCHS-Release-1\sfdmu-data\source\CMPL123__WF_Rule_Phase__c_source.csv ...
 [21:16:10.781] Writing to C:\Users\Himanshu.Desai\Documents\GitHub\GCHS-Release-1\sfdmu-data\source\CMPL123__WF_Phase_Status__c_source.csv ...
 [21:16:10.788] Writing to C:\Users\Himanshu.Desai\Documents\GitHub\GCHS-Release-1\sfdmu-data\source\CMPL123__X123Job__c_source.csv ...
 [21:16:10.793] Writing to C:\Users\Himanshu.Desai\Documents\GitHub\GCHS-Release-1\sfdmu-data\source\CMPL123__Valid_Child_Status__c_source.csv ...
 [21:16:10.811] Writing to C:\Users\Himanshu.Desai\Documents\GitHub\GCHS-Release-1\sfdmu-data\source\CMPL123__WF_Step_Extension__c_source.csv ...
 [21:16:10.817] Amount of updated source CSV files: 6.
 [21:16:10.819] No issues were found in the source CSV files.
 [21:16:10.821] Processing the source CSV files has been completed.
 [21:16:10.823] Preparing of the data migration job has been completed.
 [21:16:10.826] newLine
 ANALYSING DATA...
 [21:16:11.7] {CMPL123__WF_Rule__c} The original query string of this object is returning 3 records from the Target org.
 [21:16:11.172] {CMPL123__WF_Action__c} The original query string of this object is returning 230 records from the Target org.
 [21:16:11.325] {CMPL123__WF_Status__c} The original query string of this object is returning 162 records from the Target org.
 [21:16:11.487] {CMPL123__WF_Step__c} The original query string of this object is returning 28 records from the Target org.
 [21:16:11.631] {CMPL123__WF_Phase__c} The original query string of this object is returning 45 records from the Target org.
 [21:16:11.768] {CMPL123__WF_Rule_Phase__c} The original query string of this object is returning 64 records from the Target org.
 [21:16:12.189] {CMPL123__WF_Phase_Status__c} The original query string of this object is returning 103 records from the Target org.
 [21:16:12.327] {CMPL123__Context_Based_Security__c} The original query string of this object is returning 0 records from the Target org.
 [21:16:12.542] {CMPL123__X123Task__c} The original query string of this object is returning 13 records from the Target org.
 [21:16:12.958] {CMPL123__X123Job__c} The original query string of this object is returning 14 records from the Target org.
 [21:16:13.126] {CMPL123__Job_Field_Map__c} The original query string of this object is returning 6 records from the Target org.
 [21:16:13.539] {CMPL123__Record_Access_Rule__c} The original query string of this object is returning 0 records from the Target org.
 [21:16:13.681] {CMPL123__Valid_Child_Status__c} The original query string of this object is returning 258 records from the Target org.
 [21:16:13.826] {CMPL123__WF_Step_Extension__c} The original query string of this object is returning 84 records from the Target org.
 [21:16:13.971] {CMPL123__AuditTrail_Config__c} The original query string of this object is returning 152 records from the Target org.
 [21:16:13.974] newLine
 TRIGGERING ADD-ON EVENTS ...
 [21:16:13.979] No Add-On modules found to run.
 [21:16:13.981] newLine
 [21:16:13.984] Ready to process the data.
 [21:16:13.986] newLine
 DELETING OLD DATA FROM THE TARGET ...
 [21:16:13.991] {CMPL123__AuditTrail_Config__c} No records to delete.
 [21:16:13.993] {CMPL123__WF_Step_Extension__c} No records to delete.
 [21:16:13.994] {CMPL123__Valid_Child_Status__c} Deleting old records from the Target ...
 [21:16:14.266] {CMPL123__Valid_Child_Status__c} Amount of records to delete: 158.
 [21:16:14.273] {CMPL123__Valid_Child_Status__c} The Delete API operation has been started using REST API (SIMULATION MODE).
 [21:16:14.275] {CMPL123__Valid_Child_Status__c} The Delete API operation has been completed.
 [21:16:14.291] {CMPL123__Valid_Child_Status__c} Deleting has been completed.
 [21:16:14.293] {CMPL123__Record_Access_Rule__c} No records to delete.
 [21:16:14.295] {CMPL123__Job_Field_Map__c} No records to delete.
 [21:16:14.297] {CMPL123__X123Job__c} No records to delete.
 [21:16:14.299] {CMPL123__X123Task__c} No records to delete.
 [21:16:14.301] {CMPL123__Context_Based_Security__c} No records to delete.
 [21:16:14.302] {CMPL123__WF_Phase_Status__c} No records to delete.
 [21:16:14.304] {CMPL123__WF_Rule_Phase__c} No records to delete.
 [21:16:14.306] {CMPL123__WF_Phase__c} No records to delete.
 [21:16:14.308] {CMPL123__WF_Step__c} No records to delete.
 [21:16:14.309] {CMPL123__WF_Status__c} No records to delete.
 [21:16:14.311] {CMPL123__WF_Action__c} No records to delete.
 [21:16:14.314] {CMPL123__WF_Rule__c} No records to delete.
 [21:16:14.316] Deleting data has been completed.
 [21:16:14.318] newLine
 SOURCE:
 =============
 [21:16:14.324] newLine
 FETCHING THE DATA (STAGE 1) ...
 [21:16:14.330] {CMPL123__WF_Rule__c} Fetching the Source data from CSV file (STAGE 1: all records) ...
 [21:16:14.350] {CMPL123__WF_Rule__c} Data retrieval (Source) has been completed. Got 3 new records.
 [21:16:14.353] {CMPL123__WF_Step__c} Fetching the Source data from CSV file (STAGE 1: all records) ...
 [21:16:14.458] {CMPL123__WF_Step__c} Data retrieval (Source) has been completed. Got 31 new records.
 [21:16:14.461] {CMPL123__Record_Access_Rule__c} Fetching the Source data from CSV file (STAGE 1: all records) ...
 [21:16:14.467] {CMPL123__Record_Access_Rule__c} Data retrieval (Source) has been completed. Got 0 new records.
 [21:16:14.469] {CMPL123__AuditTrail_Config__c} Fetching the Source data from CSV file (STAGE 1: all records) ...
 [21:16:14.517] {CMPL123__AuditTrail_Config__c} Data retrieval (Source) has been completed. Got 152 new records.
 [21:16:14.520] {CMPL123__WF_Action__c} Fetching the Source data from CSV file (STAGE 1: all records) ...
 [21:16:14.530] {CMPL123__WF_Action__c} Data retrieval (Source) has been completed. Got 21 new records.
 [21:16:14.531] {CMPL123__WF_Status__c} Fetching the Source data from CSV file (STAGE 1: all records) ...
 [21:16:14.538] {CMPL123__WF_Status__c} Data retrieval (Source) has been completed. Got 19 new records.
 [21:16:14.541] {CMPL123__WF_Phase__c} Fetching the Source data from CSV file (STAGE 1: all records) ...
 [21:16:14.551] {CMPL123__WF_Phase__c} Data retrieval (Source) has been completed. Got 11 new records.
 [21:16:14.553] {CMPL123__WF_Rule_Phase__c} Fetching the Source data from CSV file (STAGE 1: all records) ...
 [21:16:14.560] {CMPL123__WF_Rule_Phase__c} Data retrieval (Source) has been completed. Got 11 new records.
 [21:16:14.562] {CMPL123__WF_Phase_Status__c} Fetching the Source data from CSV file (STAGE 1: all records) ...
 [21:16:14.578] {CMPL123__WF_Phase_Status__c} Data retrieval (Source) has been completed. Got 18 new records.
 [21:16:14.580] {CMPL123__Context_Based_Security__c} Fetching the Source data from CSV file (STAGE 1: all records) ...
 [21:16:14.585] {CMPL123__Context_Based_Security__c} Data retrieval (Source) has been completed. Got 0 new records.
 [21:16:14.587] {CMPL123__X123Task__c} Fetching the Source data from CSV file (STAGE 1: all records) ...
 [21:16:14.592] {CMPL123__X123Task__c} Data retrieval (Source) has been completed. Got 3 new records.
 [21:16:14.595] {CMPL123__X123Job__c} Fetching the Source data from CSV file (STAGE 1: all records) ...
 [21:16:14.601] {CMPL123__X123Job__c} Data retrieval (Source) has been completed. Got 3 new records.
 [21:16:14.603] {CMPL123__Job_Field_Map__c} Fetching the Source data from CSV file (STAGE 1: all records) ...
 [21:16:14.609] {CMPL123__Job_Field_Map__c} Data retrieval (Source) has been completed. Got 0 new records.
 [21:16:14.611] {CMPL123__Valid_Child_Status__c} Fetching the Source data from CSV file (STAGE 1: all records) ...
 [21:16:14.686] {CMPL123__Valid_Child_Status__c} Data retrieval (Source) has been completed. Got 156 new records.
 [21:16:14.690] {CMPL123__WF_Step_Extension__c} Fetching the Source data from CSV file (STAGE 1: all records) ...
 [21:16:14.700] {CMPL123__WF_Step_Extension__c} Data retrieval (Source) has been completed. Got 20 new records.
 [21:16:14.702] Data retrieval (STAGE 1) has been completed.
 [21:16:14.705] newLine
 FETCHING THE DATA (STAGE 2) ...
 [21:16:14.709] PASS 1
 =============
 [21:16:14.713] No records
 [21:16:14.715] newLine
 [21:16:14.717] PASS 2
 =============
 [21:16:14.721] No records
 [21:16:14.722] newLine
 [21:16:14.724] PASS 3
 =============
 [21:16:14.727] No records
 [21:16:14.728] newLine
 [21:16:14.730] PASS 4
 =============
 [21:16:14.734] No records
 [21:16:14.736] newLine
 TARGET:
 =============
 [21:16:14.742] {CMPL123__WF_Rule__c} Fetching the Target data from Org (STAGE 2: all records) ...
 [21:16:14.744] {CMPL123__WF_Rule__c} Query string: SELECT Id, Name, CMPL123__WF_Rule_External_Id__c, CMPL123__Description__c, CMPL123__Has_Cycle_Time_Metrics_Fields__c, CMPL123__Has_Multiple_Actions__c, CMPL123__Is_Active__c, CMPL123__Record_Type__c, CMPL123__Target_Object__c, CMPL123__Target_Object_... FROM  CMPL123__WF_Rule__c WHERE Name in ('Complaint Workflow', 'Investigation Workflow', 'Regulatory Report Workflow').
 [21:16:14.748] {CMPL123__WF_Rule__c} Using REST API to retrieve the data ...
 [21:16:14.994] {CMPL123__WF_Rule__c} Data retrieval (Target) has been completed. Got 3 new records.
 [21:16:14.996] {CMPL123__WF_Step__c} Fetching the Target data from Org (STAGE 2: all records) ...
 [21:16:14.998] {CMPL123__WF_Step__c} Query string: SELECT Id, CMPL123__WF_Step_External_Id__c, CMPL123__WF_Rule__c, CMPL123__Action__c, CMPL123__Are_Child_Files_Locked__c, CMPL123__Are_Child_Records_Locked__c, CMPL123__End_Status__c, CMPL123__Is_Record_Lock_Required__c, CMPL123__Is_Related_Lists_Lock... FROM  CMPL123__WF_Step__c WHERE CMPL123__WF_Rule__r.Name in ('Complaint Workflow', 'Investigation Workflow', 'Regulatory Report Workflow').
 [21:16:15.3] {CMPL123__WF_Step__c} Using REST API to retrieve the data ...
 [21:16:15.698] {CMPL123__WF_Step__c} Data retrieval (Target) has been completed. Got 28 new records.
 [21:16:15.701] {CMPL123__Record_Access_Rule__c} Fetching the Target data from Org (STAGE 2: all records) ...
 [21:16:15.703] {CMPL123__Record_Access_Rule__c} Query string: SELECT Id, Name, CMPL123__Record_Access_Rule_External_Id__c, CMPL123__API_Path_to_User_Relationship__c, CMPL123__Active_of_the_rule__c, CMPL123__Apex_Sharing_Reason__c, CMPL123__Child_Objects__c, CMPL123__Target_Object__c, CMPL123__User_Field_Name__c... FROM  CMPL123__Record_Access_Rule__c.
 [21:16:15.705] {CMPL123__Record_Access_Rule__c} Using REST API to retrieve the data ...
 [21:16:15.858] {CMPL123__Record_Access_Rule__c} Data retrieval (Target) has been completed. Got 0 new records.
 [21:16:15.861] {CMPL123__AuditTrail_Config__c} Fetching the Target data from Org (STAGE 2: all records) ...
 [21:16:15.863] {CMPL123__AuditTrail_Config__c} Query string: SELECT Id, Name, CMPL123__AuditTrail_External_Id__c, CMPL123__Child_Relationships_Object__c, CMPL123__Fields__c, CMPL123__Is_Active__c, CMPL123__Parent_Relationship_Object__c, CMPL123__RFC_Comment_Fields__c, CMPL123__RFC_Fields__c, CMPL123__Report_Ti... FROM  CMPL123__AuditTrail_Config__c.
 [21:16:15.865] {CMPL123__AuditTrail_Config__c} Using REST API to retrieve the data ...
 [21:16:16.407] {CMPL123__AuditTrail_Config__c} Data retrieval (Target) has been completed. Got 152 new records.
 [21:16:16.412] {CMPL123__WF_Action__c} Fetching the Target data from Org (STAGE 2: filtered records) ...
 [21:16:16.414] {CMPL123__WF_Action__c} Query string: SELECT Id, Name, CMPL123__WF_Action_External_Id__c, CMPL123__Action_Custom_Label__c, CMPL123__Comment_Type__c, CMPL123__Description__c, CMPL123__E_Sign_Message_Custom_Label__c, CMPL123__Esign_Message__c, CMPL123__Generic_Comment__c, CMPL123__Is_Comme... FROM  CMPL123__WF_Action__c WHERE CMPL123__WF_Action_External_Id__c IN ('a1D5r000000hdpgEAA', 'a1D5r000000hjJ9EAI', 'a1D5r000000hqRuEAI', 'a1D5r000000hjEqEAI', 'qpa-common-00032', 'qpa-common-00040', 'qpa-common-00042', 'qpa-common-00044', 'qpa-common-000....
 [21:16:16.425] {CMPL123__WF_Action__c} Using REST API to retrieve the data ...
 [21:16:16.708] {CMPL123__WF_Action__c} Data retrieval (Target) has been completed. Got 21 new records.
 [21:16:16.712] {CMPL123__WF_Status__c} Fetching the Target data from Org (STAGE 2: filtered records) ...
 [21:16:16.713] {CMPL123__WF_Status__c} Query string: SELECT Id, Name, CMPL123__WF_Status_External_Id__c, CMPL123__Description__c, CMPL123__Status_Custom_Label__c  FROM  CMPL123__WF_Status__c WHERE CMPL123__WF_Status_External_Id__c IN ('a1J5r000001NvJyEAK', 'qpa-common-00016', 'qpa-common-00020', 'qpa-common-00021', 'qpa-common-00023', 'qpa-common-00024', 'qpa-common-00029', 'qpa-common-00031', 'qpa-common-00033', '....
 [21:16:16.718] {CMPL123__WF_Status__c} Using REST API to retrieve the data ...
 [21:16:16.973] {CMPL123__WF_Status__c} Data retrieval (Target) has been completed. Got 19 new records.
 [21:16:16.976] {CMPL123__WF_Phase__c} Fetching the Target data from Org (STAGE 2: filtered records) ...
 [21:16:16.977] {CMPL123__WF_Phase__c} Query string: SELECT Id, Name, CMPL123__WF_Phase_External_Id__c, CMPL123__Description__c, CMPL123__Phase_Custom_Label__c, CMPL123__Work_Instructions_Custom_Label__c, CMPL123__Work_Instructions_HTML__c, CMPL123__Work_Instructions__c  FROM  CMPL123__WF_Phase__c WHERE CMPL123__WF_Phase_External_Id__c IN ('qpa-complaints-phase-001', 'qpa-complaints-phase-002', 'qpa-complaints-phase-003', 'qpa-complaints-phase-004', 'qpa-complaints-phase-005', 'qpa-complaints-phase-007', 'qpa-complaints-p....
 [21:16:16.980] {CMPL123__WF_Phase__c} Using REST API to retrieve the data ...
 [21:16:17.442] {CMPL123__WF_Phase__c} Data retrieval (Target) has been completed. Got 11 new records.
 [21:16:17.446] {CMPL123__WF_Rule_Phase__c} Fetching the Target data from Org (STAGE 2: filtered records) ...
 [21:16:17.448] {CMPL123__WF_Rule_Phase__c} Query string: SELECT Id, Name, CMPL123__WF_Rule_Phase_External_Id__c, CMPL123__Order__c, CMPL123__Workflow_Phase__c, CMPL123__Workflow_Rule__c, CMPL123__Workflow_Phase__r.CMPL123__WF_Phase_External_Id__c, CMPL123__Workflow_Rule__r.CMPL123__WF_Rule_External_Id__c  FROM  CMPL123__WF_Rule_Phase__c WHERE CMPL123__WF_Rule_Phase_External_Id__c IN ('a1H5r0000019CIhEAM', 'a1H5r0000019CIiEAM', 'a1H5r0000019CIjEAM', 'qpa-complaints-phrule-001', 'qpa-complaints-phrule-002', 'qpa-complaints-phrule-003', 'qpa-complaints-phrule....
 [21:16:17.451] {CMPL123__WF_Rule_Phase__c} Using REST API to retrieve the data ...
 [21:16:17.717] {CMPL123__WF_Rule_Phase__c} Data retrieval (Target) has been completed. Got 11 new records.
 [21:16:17.720] {CMPL123__WF_Phase_Status__c} Fetching the Target data from Org (STAGE 2: filtered records) ...
 [21:16:17.721] {CMPL123__WF_Phase_Status__c} Query string: SELECT Id, CMPL123__WF_Phase_Status_External_Id__c, CMPL123__Workflow_Rule_Phase__c, CMPL123__Workflow_Status__c, Workflow_Phase__c, Workflow_Rule__c, Workflow_Status_hyperlink__c, CMPL123__Workflow_Rule_Phase__r.CMPL123__WF_Rule_Phase_External_Id__c... FROM  CMPL123__WF_Phase_Status__c WHERE CMPL123__WF_Phase_Status_External_Id__c IN ('a1F5r0000026qj1EAA', 'a1F5r0000026qj0EAA', 'a1F5r0000026qizEAA', 'a1F5r0000026qiyEAA', 'a1F5r0000026ifAEAQ', 'a1F5r0000026if9EAA', 'a1F5r0000026if8EAA', 'a1F5r0000026if7E....
 [21:16:17.726] {CMPL123__WF_Phase_Status__c} Using REST API to retrieve the data ...
 [21:16:18.12] {CMPL123__WF_Phase_Status__c} Data retrieval (Target) has been completed. Got 18 new records.
 [21:16:18.14] {CMPL123__X123Task__c} Fetching the Target data from Org (STAGE 2: filtered records) ...
 [21:16:18.16] {CMPL123__X123Task__c} Query string: SELECT Id, Name, CMPL123__Task_External_Id__c, CMPL123__Allow_Partial_Processing_for_123_Tasks__c, CMPL123__Description__c, CMPL123__Is_Active__c, CMPL123__Key_Value__c, CMPL123__Related_Object__c  FROM  CMPL123__X123Task__c WHERE CMPL123__Task_External_Id__c IN ('a1N5r000001WwqiEAC', 'a1N5r000001WwPxEAK', 'a1N5r000001W2xkEAC').
 [21:16:18.18] {CMPL123__X123Task__c} Using REST API to retrieve the data ...
 [21:16:18.169] {CMPL123__X123Task__c} Data retrieval (Target) has been completed. Got 3 new records.
 [21:16:18.171] {CMPL123__X123Job__c} Fetching the Target data from Org (STAGE 2: filtered records) ...
 [21:16:18.173] {CMPL123__X123Job__c} Query string: SELECT Id, Name, CMPL123__Job_External_Id__c, CMPL123__Child_Filter_Condition__c, CMPL123__Description__c, CMPL123__Is_Active__c, CMPL123__Job_Type__c, CMPL123__Related_Task__c, CMPL123__Workflow_Step__c, CMPL123__Related_Task__r.CMPL123__Task_Extern... FROM  CMPL123__X123Job__c WHERE CMPL123__Job_External_Id__c IN ('a1M5r000000sEtHEAU', 'a1M5r000001tkZjEAI', 'a1M5r000001tkV5EAI').
 [21:16:18.176] {CMPL123__X123Job__c} Using REST API to retrieve the data ...
 [21:16:18.430] {CMPL123__X123Job__c} Data retrieval (Target) has been completed. Got 3 new records.
 [21:16:18.433] {CMPL123__Valid_Child_Status__c} Fetching the Target data from Org (STAGE 2: filtered records) ...
 [21:16:18.434] {CMPL123__Valid_Child_Status__c} Query string: SELECT Id, Name, CMPL123__Valid_Child_Status_External_Id__c, CMPL123__Parent_Workflow_Step__c, CMPL123__Child_Relationship__c, CMPL123__Description__c, CMPL123__Required_Child_Workflow_Status__c, Parent_Workflow_Action__c, Parent_Workflow_Rule__c, Ch... FROM  CMPL123__Valid_Child_Status__c WHERE CMPL123__Valid_Child_Status_External_Id__c IN ('qpa-utility-inv-00001', 'qpa-utility-inv-00002', 'qpa-utility-inv-00003', 'qpa-utility-inv-00004', 'qpa-utility-inv-00005', 'qpa-utility-inv-00006', 'qpa-complaints....
 [21:16:18.440] {CMPL123__Valid_Child_Status__c} Using REST API to retrieve the data ...
 [21:16:19.6] {CMPL123__Valid_Child_Status__c} Data retrieval (Target) has been completed. Got 152 new records.
 [21:16:19.9] {CMPL123__WF_Step_Extension__c} Fetching the Target data from Org (STAGE 2: filtered records) ...
 [21:16:19.11] {CMPL123__WF_Step_Extension__c} Query string: SELECT Id, Name, CMPL123__External_Id__c, CMPL123__Parent_Workflow_Step__c, CMPL123__Apply_To_Automated_User__c, CMPL123__Are_Child_Files_Locked__c, CMPL123__Is_Record_Lock_Required__c, CMPL123__Is_Related_Lists_Locked__c, CMPL123__Object_Related_Lis... FROM  CMPL123__WF_Step_Extension__c WHERE CMPL123__External_Id__c IN ('a1K5r000006ydv3EAA', 'a1K5r000006ytOXEAY', 'a1K5r0000070oWeEAI', 'a1K5r000007070iEAA', 'a1K5r00000707bOEAQ', 'a1K5r00000707y6EAA', 'a1K5r00000707iaEAA', 'a1K5r000006yfFjEAI', 'a1K5r000....
 [21:16:19.13] {CMPL123__WF_Step_Extension__c} Using REST API to retrieve the data ...
 [21:16:19.262] {CMPL123__WF_Step_Extension__c} Data retrieval (Target) has been completed. Got 18 new records.
 [21:16:19.264] Data retrieval (STAGE 2) has been completed.
 [21:16:19.265] newLine
 TRIGGERING ADD-ON EVENTS ...
 [21:16:19.268] No Add-On modules found to run.
 [21:16:19.270] newLine
 [21:16:19.271] newLine
 DATA RETRIEVAL SUMMARY.
 [21:16:19.273] {CMPL123__WF_Rule__c} The total amount of the retrieved records: 3/3.
 [21:16:19.274] {CMPL123__WF_Step__c} The total amount of the retrieved records: 31/28.
 [21:16:19.276] {CMPL123__Record_Access_Rule__c} The total amount of the retrieved records: 0/0.
 [21:16:19.277] {CMPL123__AuditTrail_Config__c} The total amount of the retrieved records: 152/152.
 [21:16:19.278] {CMPL123__WF_Action__c} The total amount of the retrieved records: 21/21.
 [21:16:19.280] {CMPL123__WF_Status__c} The total amount of the retrieved records: 19/19.
 [21:16:19.281] {CMPL123__WF_Phase__c} The total amount of the retrieved records: 11/11.
 [21:16:19.282] {CMPL123__WF_Rule_Phase__c} The total amount of the retrieved records: 11/11.
 [21:16:19.283] {CMPL123__WF_Phase_Status__c} The total amount of the retrieved records: 18/18.
 [21:16:19.285] {CMPL123__Context_Based_Security__c} The total amount of the retrieved records: 0/0.
 [21:16:19.286] {CMPL123__X123Task__c} The total amount of the retrieved records: 3/3.
 [21:16:19.287] {CMPL123__X123Job__c} The total amount of the retrieved records: 3/3.
 [21:16:19.288] {CMPL123__Job_Field_Map__c} The total amount of the retrieved records: 0/0.
 [21:16:19.290] {CMPL123__Valid_Child_Status__c} The total amount of the retrieved records: 156/152.
 [21:16:19.291] {CMPL123__WF_Step_Extension__c} The total amount of the retrieved records: 20/18.
 [21:16:19.293] newLine
 UPDATING THE TARGET (STAGE 1) ...
 [21:16:19.300] {CMPL123__WF_Rule__c} 3 target records remained untouched, since they do not differ from the corresponding source records.
 [21:16:19.302] {CMPL123__WF_Action__c} 21 target records remained untouched, since they do not differ from the corresponding source records.
 [21:16:19.304] {CMPL123__WF_Status__c} 19 target records remained untouched, since they do not differ from the corresponding source records.
 [21:16:19.309] {CMPL123__WF_Step__c} Amount of records to Insert: 3.
 [21:16:19.312] {CMPL123__WF_Step__c} The Insert API operation has been started using REST API (SIMULATION MODE).
 [21:16:19.314] {CMPL123__WF_Step__c} The Insert API operation has been completed.
 [21:16:19.319] {CMPL123__WF_Step__c} Amount of records to Update: 14.
 [21:16:19.321] {CMPL123__WF_Step__c} The Update API operation has been started using REST API (SIMULATION MODE).
 [21:16:19.322] {CMPL123__WF_Step__c} The Update API operation has been completed.
 [21:16:19.327] {CMPL123__WF_Step__c} 14 target records remained untouched, since they do not differ from the corresponding source records.
 [21:16:19.329] {CMPL123__WF_Step__c} The Target has been updated. Totally processed 17 records.
 [21:16:19.330] newLine
 [21:16:19.332] {CMPL123__WF_Phase__c} 11 target records remained untouched, since they do not differ from the corresponding source records.
 [21:16:19.334] {CMPL123__WF_Rule_Phase__c} 11 target records remained untouched, since they do not differ from the corresponding source records.
 [21:16:19.336] {CMPL123__WF_Phase_Status__c} 18 target records remained untouched, since they do not differ from the corresponding source records.
 [21:16:19.338] {CMPL123__X123Task__c} 3 target records remained untouched, since they do not differ from the corresponding source records.
 [21:16:19.340] {CMPL123__X123Job__c} 3 target records remained untouched, since they do not differ from the corresponding source records.
 [21:16:19.348] {CMPL123__Valid_Child_Status__c} Amount of records to Insert: 4.
 [21:16:19.352] {CMPL123__Valid_Child_Status__c} The Insert API operation has been started using REST API (SIMULATION MODE).
 [21:16:19.354] {CMPL123__Valid_Child_Status__c} The Insert API operation has been completed.
 [21:16:19.360] {CMPL123__Valid_Child_Status__c} 152 target records remained untouched, since they do not differ from the corresponding source records.
 [21:16:19.361] {CMPL123__Valid_Child_Status__c} The Target has been updated. Totally processed 4 records.
 [21:16:19.363] newLine
 [21:16:19.365] {CMPL123__WF_Step_Extension__c} Amount of records to Insert: 2.
 [21:16:19.367] {CMPL123__WF_Step_Extension__c} The Insert API operation has been started using REST API (SIMULATION MODE).
 [21:16:19.368] {CMPL123__WF_Step_Extension__c} The Insert API operation has been completed.
 [21:16:19.372] {CMPL123__WF_Step_Extension__c} 18 target records remained untouched, since they do not differ from the corresponding source records.
 [21:16:19.373] {CMPL123__WF_Step_Extension__c} The Target has been updated. Totally processed 2 records.
 [21:16:19.374] newLine
 [21:16:19.378] {CMPL123__AuditTrail_Config__c} Amount of records to Update: 4.
 [21:16:19.380] {CMPL123__AuditTrail_Config__c} The Update API operation has been started using REST API (SIMULATION MODE).
 [21:16:19.381] {CMPL123__AuditTrail_Config__c} The Update API operation has been completed.
 [21:16:19.408] {CMPL123__AuditTrail_Config__c} 148 target records remained untouched, since they do not differ from the corresponding source records.
 [21:16:19.410] {CMPL123__AuditTrail_Config__c} The Target has been updated. Totally processed 4 records.
 [21:16:19.412] newLine
 [21:16:19.413] newLine
 [21:16:19.415] The Target (STAGE 1) has been updated. Totally processed 27 records.
 [21:16:19.416] newLine
 UPDATING THE TARGET (STAGE 2) ...
 [21:16:19.424] newLine
 [21:16:19.425] PASS 1
 =============
 [21:16:19.433] {CMPL123__WF_Step__c} 14 target records remained untouched, since they do not differ from the corresponding source records.
 [21:16:19.435] {CMPL123__WF_Rule_Phase__c} 11 target records remained untouched, since they do not differ from the corresponding source records.
 [21:16:19.438] {CMPL123__WF_Phase_Status__c} 18 target records remained untouched, since they do not differ from the corresponding source records.
 [21:16:19.440] {CMPL123__X123Job__c} 3 target records remained untouched, since they do not differ from the corresponding source records.
 [21:16:19.447] {CMPL123__Valid_Child_Status__c} 152 target records remained untouched, since they do not differ from the corresponding source records.
 [21:16:19.449] {CMPL123__WF_Step_Extension__c} 18 target records remained untouched, since they do not differ from the corresponding source records.
 [21:16:19.451] newLine
 [21:16:19.455] PASS 2
 =============
 [21:16:19.463] {CMPL123__WF_Step__c} 14 target records remained untouched, since they do not differ from the corresponding source records.
 [21:16:19.465] {CMPL123__WF_Rule_Phase__c} 11 target records remained untouched, since they do not differ from the corresponding source records.
 [21:16:19.467] {CMPL123__WF_Phase_Status__c} 18 target records remained untouched, since they do not differ from the corresponding source records.
 [21:16:19.473] {CMPL123__X123Job__c} 3 target records remained untouched, since they do not differ from the corresponding source records.
 [21:16:19.480] {CMPL123__Valid_Child_Status__c} 152 target records remained untouched, since they do not differ from the corresponding source records.
 [21:16:19.482] {CMPL123__WF_Step_Extension__c} 18 target records remained untouched, since they do not differ from the corresponding source records.
 [21:16:19.484] newLine
 [21:16:19.485] Nothing was updated.
 [21:16:19.487] newLine
 TRIGGERING ADD-ON EVENTS ...
 [21:16:19.490] No Add-On modules found to run.
 [21:16:19.492] newLine
 [21:16:19.494] newLine
 DATA PROCESSING SUMMARY.
 [21:16:19.497] {CMPL123__WF_Rule__c} Totally processed 0 records.
 [21:16:19.498] {CMPL123__WF_Step__c} Totally processed 17 records.
 [21:16:19.500] {CMPL123__Record_Access_Rule__c} Totally processed 0 records.
 [21:16:19.502] {CMPL123__AuditTrail_Config__c} Totally processed 4 records.
 [21:16:19.503] {CMPL123__WF_Action__c} Totally processed 0 records.
 [21:16:19.505] {CMPL123__WF_Status__c} Totally processed 0 records.
 [21:16:19.506] {CMPL123__WF_Phase__c} Totally processed 0 records.
 [21:16:19.508] {CMPL123__WF_Rule_Phase__c} Totally processed 0 records.
 [21:16:19.509] {CMPL123__WF_Phase_Status__c} Totally processed 0 records.
 [21:16:19.510] {CMPL123__Context_Based_Security__c} Totally processed 0 records.
 [21:16:19.512] {CMPL123__X123Task__c} Totally processed 0 records.
 [21:16:19.513] {CMPL123__X123Job__c} Totally processed 0 records.
 [21:16:19.515] {CMPL123__Job_Field_Map__c} Totally processed 0 records.
 [21:16:19.516] {CMPL123__Valid_Child_Status__c} Totally processed 4 records.
 [21:16:19.518] {CMPL123__WF_Step_Extension__c} Totally processed 2 records.
 [21:16:19.519] newLine
 [21:16:19.521] Writing to C:\Users\Himanshu.Desai\Documents\GitHub\GCHS-Release-1\sfdmu-data\MissingParentRecordsReport.csv ...
 [21:16:19.525] newLine
 [21:16:19.527] newLine
 TRIGGERING ADD-ON EVENTS ...
 [21:16:19.531] No Add-On modules found to run.
 [21:16:19.533] newLine

 [21:16:19.573] Command succeeded.
 [21:16:19.575] Execution of the command sfdmu:run has been completed. Exit code 0 (SUCCESS).
 [21:16:19.577] Total time elapsed: 00h 00m 32s 337ms .