
 [07:43:31.489] Execution of the command sfdmu:run has been started.

 LOADING AND VALIDATING THE EXPORT.JSON SCRIPT ...

 OBJECT SET #1 STARTED

 {
   "Running Plugin version": "4.26.13"
}
 {
   "Running Add-On API version": "1.5.0"
}

 [07:43:31.511] Loading Core Add-On Module declarations ...
 [07:43:31.691] Connecting to the olympus-prod using SFDX force:org:display ...
 [07:43:47.924] Successfully connected to the olympus-prod.
 {
   "Source": "csvfile.",
   "Target": "olympus-prod.",
   "Package script": "/Users/Brian.Lavin/Projects/olympus-dx/sfdmu-data/export.json."
}

 GETTING AND ANALYSING OBJECT METADATA ...
 [07:44:15.649] Processing the object CMPL123__WF_Rule__c ...
 [07:44:15.651] Fetching metadata of the CMPL123__WF_Rule__c (Target) ...
 [07:44:16.930] Processing the object CMPL123__WF_Step__c ...
 [07:44:16.931] Fetching metadata of the CMPL123__WF_Step__c (Target) ...
 [07:44:18.356] Processing the object CMPL123__WF_Phase__c ...
 [07:44:18.357] Fetching metadata of the CMPL123__WF_Phase__c (Target) ...
 [07:44:19.706] Processing the object CMPL123__WF_Rule_Phase__c ...
 [07:44:19.707] Fetching metadata of the CMPL123__WF_Rule_Phase__c (Target) ...
 [07:44:21.42] Processing the object CMPL123__WF_Phase_Status__c ...
 [07:44:21.43] Fetching metadata of the CMPL123__WF_Phase_Status__c (Target) ...
 [07:44:22.339] Processing the object CMPL123__Context_Based_Security__c ...
 [07:44:22.341] Fetching metadata of the CMPL123__Context_Based_Security__c (Target) ...
 [07:44:23.652] Processing the object CMPL123__Job_Field_Map__c ...
 [07:44:23.653] Fetching metadata of the CMPL123__Job_Field_Map__c (Target) ...
 [07:44:24.932] Processing the object CMPL123__Record_Access_Rule__c ...
 [07:44:24.933] Fetching metadata of the CMPL123__Record_Access_Rule__c (Target) ...
 [07:44:26.246] Processing the object CMPL123__Valid_Child_Status__c ...
 [07:44:26.248] Fetching metadata of the CMPL123__Valid_Child_Status__c (Target) ...
 [07:44:27.626] Processing the object CMPL123__WF_Action__c ...
 [07:44:27.627] Fetching metadata of the CMPL123__WF_Action__c (Target) ...
 [07:44:28.980] Processing the object CMPL123__WF_Status__c ...
 [07:44:28.981] Fetching metadata of the CMPL123__WF_Status__c (Target) ...
 [07:44:30.277] Processing the object CMPL123__X123Job__c ...
 [07:44:30.278] Fetching metadata of the CMPL123__X123Job__c (Target) ...
 [07:44:31.601] Processing the object CMPL123__X123Task__c ...
 [07:44:31.602] Fetching metadata of the CMPL123__X123Task__c (Target) ...
 [07:44:32.932] Processing the object CMPL123__WF_Step_Extension__c ...
 [07:44:32.933] Fetching metadata of the CMPL123__WF_Step_Extension__c (Target) ...
 [07:44:34.181] Processing the object CMPL123__AuditTrail_Config__c ...
 [07:44:34.182] Fetching metadata of the CMPL123__AuditTrail_Config__c (Target) ...
 [07:44:35.560] Fetching metadata of the Group (Target) ...
 [07:44:36.491] Processing the object CMPL123__AuditTrail_Config__c ...
 [07:44:36.492] Processing the object CMPL123__WF_Step_Extension__c ...
 [07:44:36.493] Processing the object CMPL123__X123Task__c ...
 [07:44:36.494] Processing the object CMPL123__X123Job__c ...
 [07:44:36.495] Processing the object CMPL123__WF_Status__c ...
 [07:44:36.496] Processing the object CMPL123__WF_Action__c ...
 [07:44:36.496] Processing the object CMPL123__Valid_Child_Status__c ...
 [07:44:36.497] Processing the object CMPL123__Record_Access_Rule__c ...
 [07:44:36.498] Processing the object CMPL123__Job_Field_Map__c ...
 [07:44:36.499] Processing the object CMPL123__Context_Based_Security__c ...
 [07:44:36.500] Processing the object CMPL123__WF_Phase_Status__c ...
 [07:44:36.501] Processing the object CMPL123__WF_Rule_Phase__c ...
 [07:44:36.501] Processing the object CMPL123__WF_Phase__c ...
 [07:44:36.502] Processing the object CMPL123__WF_Step__c ...
 [07:44:36.504] Processing the object CMPL123__WF_Rule__c ...

 PREPARING DATA MIGRATION JOB ...
 [07:44:36.508] Building the migration strategy ...
 {
   "Order of objects to query": "CMPL123__WF_Rule__c; CMPL123__WF_Step__c; CMPL123__Record_Access_Rule__c; CMPL123__AuditTrail_Config__c; CMPL123__WF_Action__c; CMPL123__WF_Status__c; CMPL123__WF_Phase__c; CMPL123__WF_Rule_Phase__c; CMPL123__WF_Phase_Status__c; CMPL123__Context_Based_Security__c; CMPL123__X123Task__c; CMPL123__X123Job__c; CMPL123__Job_Field_Map__c; CMPL123__Valid_Child_Status__c; CMPL123__WF_Step_Extension__c"
}
 {
   "Order of objects to delete": "CMPL123__AuditTrail_Config__c; CMPL123__WF_Step_Extension__c; CMPL123__Valid_Child_Status__c; CMPL123__Record_Access_Rule__c; CMPL123__Job_Field_Map__c; CMPL123__X123Job__c; CMPL123__X123Task__c; CMPL123__Context_Based_Security__c; CMPL123__WF_Phase_Status__c; CMPL123__WF_Rule_Phase__c; CMPL123__WF_Phase__c; CMPL123__WF_Step__c; CMPL123__WF_Status__c; CMPL123__WF_Action__c; CMPL123__WF_Rule__c"
}
 {
   "Order of objects to update": "CMPL123__WF_Rule__c; CMPL123__WF_Action__c; CMPL123__WF_Status__c; CMPL123__WF_Step__c; CMPL123__WF_Phase__c; CMPL123__WF_Rule_Phase__c; CMPL123__WF_Phase_Status__c; CMPL123__Context_Based_Security__c; CMPL123__X123Task__c; CMPL123__X123Job__c; CMPL123__Job_Field_Map__c; CMPL123__Record_Access_Rule__c; CMPL123__Valid_Child_Status__c; CMPL123__WF_Step_Extension__c; CMPL123__AuditTrail_Config__c"
}
 [07:44:36.533] Validation of the source CSV files ...
 [07:44:36.764] Amount of updated source CSV files: 0.
 [07:44:36.765] No issues were found in the source CSV files.
 [07:44:36.765] Processing the source CSV files has been completed.
 [07:44:36.766] Preparing of the data migration job has been completed.

 ANALYSING DATA...
 [07:44:37.334] {CMPL123__WF_Rule__c} The original query string of this object is returning 3 records from the Target org.
 [07:44:37.887] {CMPL123__WF_Action__c} The original query string of this object is returning 230 records from the Target org.
 [07:44:38.456] {CMPL123__WF_Status__c} The original query string of this object is returning 162 records from the Target org.
 [07:44:39.44] {CMPL123__WF_Step__c} The original query string of this object is returning 28 records from the Target org.
 [07:44:39.635] {CMPL123__WF_Phase__c} The original query string of this object is returning 45 records from the Target org.
 [07:44:40.245] {CMPL123__WF_Rule_Phase__c} The original query string of this object is returning 64 records from the Target org.
 [07:44:40.812] {CMPL123__WF_Phase_Status__c} The original query string of this object is returning 103 records from the Target org.
 [07:44:41.377] {CMPL123__Context_Based_Security__c} The original query string of this object is returning 0 records from the Target org.
 [07:44:41.957] {CMPL123__X123Task__c} The original query string of this object is returning 13 records from the Target org.
 [07:44:42.551] {CMPL123__X123Job__c} The original query string of this object is returning 14 records from the Target org.
 [07:44:43.117] {CMPL123__Job_Field_Map__c} The original query string of this object is returning 6 records from the Target org.
 [07:44:43.663] {CMPL123__Record_Access_Rule__c} The original query string of this object is returning 0 records from the Target org.
 [07:44:44.255] {CMPL123__Valid_Child_Status__c} The original query string of this object is returning 258 records from the Target org.
 [07:44:44.847] {CMPL123__WF_Step_Extension__c} The original query string of this object is returning 84 records from the Target org.
 [07:44:45.395] {CMPL123__AuditTrail_Config__c} The original query string of this object is returning 152 records from the Target org.

 TRIGGERING ADD-ON EVENTS ...
 [07:44:45.397] No Add-On modules found to run.

 [07:44:45.399] Ready to process the data.

 DELETING OLD DATA FROM THE TARGET ...
 [07:44:45.400] {CMPL123__AuditTrail_Config__c} No records to delete.
 [07:44:45.401] {CMPL123__WF_Step_Extension__c} No records to delete.
 [07:44:45.402] {CMPL123__Valid_Child_Status__c} Deleting old records from the Target ...
 [07:44:46.137] {CMPL123__Valid_Child_Status__c} Amount of records to delete: 158.
 [07:44:46.141] {CMPL123__Valid_Child_Status__c} The Delete API operation has been started using REST API.
 [07:44:46.141] [Job# REST:Delete] {CMPL123__Valid_Child_Status__c} The job has been created. Uploading data ...
 [07:44:49.17] {CMPL123__Valid_Child_Status__c} The Delete API operation has been completed.
 [07:44:49.22] {CMPL123__Valid_Child_Status__c} Deleting has been completed.
 [07:44:49.23] {CMPL123__Record_Access_Rule__c} No records to delete.
 [07:44:49.24] {CMPL123__Job_Field_Map__c} No records to delete.
 [07:44:49.24] {CMPL123__X123Job__c} No records to delete.
 [07:44:49.25] {CMPL123__X123Task__c} No records to delete.
 [07:44:49.26] {CMPL123__Context_Based_Security__c} No records to delete.
 [07:44:49.26] {CMPL123__WF_Phase_Status__c} No records to delete.
 [07:44:49.27] {CMPL123__WF_Rule_Phase__c} No records to delete.
 [07:44:49.27] {CMPL123__WF_Phase__c} No records to delete.
 [07:44:49.28] {CMPL123__WF_Step__c} No records to delete.
 [07:44:49.28] {CMPL123__WF_Status__c} No records to delete.
 [07:44:49.29] {CMPL123__WF_Action__c} No records to delete.
 [07:44:49.29] {CMPL123__WF_Rule__c} No records to delete.
 [07:44:49.30] Deleting data has been completed.

 SOURCE:
 =============

 FETCHING THE DATA (STAGE 1) ...
 [07:44:49.35] {CMPL123__WF_Rule__c} Fetching the Source data from CSV file (STAGE 1: all records) ...
 [07:44:49.39] {CMPL123__WF_Rule__c} Data retrieval (Source) has been completed. Got 3 new records.
 [07:44:49.40] {CMPL123__WF_Step__c} Fetching the Source data from CSV file (STAGE 1: all records) ...
 [07:44:49.66] {CMPL123__WF_Step__c} Data retrieval (Source) has been completed. Got 31 new records.
 [07:44:49.67] {CMPL123__Record_Access_Rule__c} Fetching the Source data from CSV file (STAGE 1: all records) ...
 [07:44:49.69] {CMPL123__Record_Access_Rule__c} Data retrieval (Source) has been completed. Got 0 new records.
 [07:44:49.70] {CMPL123__AuditTrail_Config__c} Fetching the Source data from CSV file (STAGE 1: all records) ...
 [07:44:49.119] {CMPL123__AuditTrail_Config__c} Data retrieval (Source) has been completed. Got 152 new records.
 [07:44:49.121] {CMPL123__WF_Action__c} Fetching the Source data from CSV file (STAGE 1: all records) ...
 [07:44:49.125] {CMPL123__WF_Action__c} Data retrieval (Source) has been completed. Got 21 new records.
 [07:44:49.126] {CMPL123__WF_Status__c} Fetching the Source data from CSV file (STAGE 1: all records) ...
 [07:44:49.130] {CMPL123__WF_Status__c} Data retrieval (Source) has been completed. Got 19 new records.
 [07:44:49.131] {CMPL123__WF_Phase__c} Fetching the Source data from CSV file (STAGE 1: all records) ...
 [07:44:49.133] {CMPL123__WF_Phase__c} Data retrieval (Source) has been completed. Got 11 new records.
 [07:44:49.134] {CMPL123__WF_Rule_Phase__c} Fetching the Source data from CSV file (STAGE 1: all records) ...
 [07:44:49.137] {CMPL123__WF_Rule_Phase__c} Data retrieval (Source) has been completed. Got 11 new records.
 [07:44:49.138] {CMPL123__WF_Phase_Status__c} Fetching the Source data from CSV file (STAGE 1: all records) ...
 [07:44:49.142] {CMPL123__WF_Phase_Status__c} Data retrieval (Source) has been completed. Got 18 new records.
 [07:44:49.142] {CMPL123__Context_Based_Security__c} Fetching the Source data from CSV file (STAGE 1: all records) ...
 [07:44:49.145] {CMPL123__Context_Based_Security__c} Data retrieval (Source) has been completed. Got 0 new records.
 [07:44:49.146] {CMPL123__X123Task__c} Fetching the Source data from CSV file (STAGE 1: all records) ...
 [07:44:49.148] {CMPL123__X123Task__c} Data retrieval (Source) has been completed. Got 3 new records.
 [07:44:49.149] {CMPL123__X123Job__c} Fetching the Source data from CSV file (STAGE 1: all records) ...
 [07:44:49.151] {CMPL123__X123Job__c} Data retrieval (Source) has been completed. Got 3 new records.
 [07:44:49.151] {CMPL123__Job_Field_Map__c} Fetching the Source data from CSV file (STAGE 1: all records) ...
 [07:44:49.153] {CMPL123__Job_Field_Map__c} Data retrieval (Source) has been completed. Got 0 new records.
 [07:44:49.154] {CMPL123__Valid_Child_Status__c} Fetching the Source data from CSV file (STAGE 1: all records) ...
 [07:44:49.177] {CMPL123__Valid_Child_Status__c} Data retrieval (Source) has been completed. Got 156 new records.
 [07:44:49.178] {CMPL123__WF_Step_Extension__c} Fetching the Source data from CSV file (STAGE 1: all records) ...
 [07:44:49.182] {CMPL123__WF_Step_Extension__c} Data retrieval (Source) has been completed. Got 20 new records.
 [07:44:49.183] Data retrieval (STAGE 1) has been completed.

 FETCHING THE DATA (STAGE 2) ...
 [07:44:49.185] PASS 1
 =============
 [07:44:49.187] No records

 [07:44:49.189] PASS 2
 =============
 [07:44:49.190] No records

 [07:44:49.190] PASS 3
 =============
 [07:44:49.192] No records

 [07:44:49.192] PASS 4
 =============
 [07:44:49.193] No records

 TARGET:
 =============
 [07:44:49.196] {CMPL123__WF_Rule__c} Fetching the Target data from Org (STAGE 2: all records) ...
 [07:44:49.196] {CMPL123__WF_Rule__c} Query string: SELECT Id, Name, CMPL123__WF_Rule_External_Id__c, CMPL123__Description__c, CMPL123__Has_Cycle_Time_Metrics_Fields__c, CMPL123__Has_Multiple_Actions__c, CMPL123__Is_Active__c, CMPL123__Record_Type__c, CMPL123__Target_Object__c, CMPL123__Target_Object_... FROM  CMPL123__WF_Rule__c WHERE Name in ('Complaint Workflow', 'Investigation Workflow', 'Regulatory Report Workflow').
 [07:44:49.756] {CMPL123__WF_Rule__c} Data retrieval (Target) has been completed. Got 3 new records.
 [07:44:49.757] {CMPL123__WF_Step__c} Fetching the Target data from Org (STAGE 2: all records) ...
 [07:44:49.758] {CMPL123__WF_Step__c} Query string: SELECT Id, CMPL123__WF_Step_External_Id__c, CMPL123__WF_Rule__c, CMPL123__Action__c, CMPL123__Are_Child_Files_Locked__c, CMPL123__Are_Child_Records_Locked__c, CMPL123__End_Status__c, CMPL123__Is_Record_Lock_Required__c, CMPL123__Is_Related_Lists_Lock... FROM  CMPL123__WF_Step__c WHERE CMPL123__WF_Rule__r.Name in ('Complaint Workflow', 'Investigation Workflow', 'Regulatory Report Workflow').
 [07:44:50.957] {CMPL123__WF_Step__c} Data retrieval (Target) has been completed. Got 28 new records.
 [07:44:50.958] {CMPL123__Record_Access_Rule__c} Fetching the Target data from Org (STAGE 2: all records) ...
 [07:44:50.959] {CMPL123__Record_Access_Rule__c} Query string: SELECT Id, Name, CMPL123__Record_Access_Rule_External_Id__c, CMPL123__API_Path_to_User_Relationship__c, CMPL123__Active_of_the_rule__c, CMPL123__Apex_Sharing_Reason__c, CMPL123__Child_Objects__c, CMPL123__Target_Object__c, CMPL123__User_Field_Name__c... FROM  CMPL123__Record_Access_Rule__c.
 [07:44:51.567] {CMPL123__Record_Access_Rule__c} Data retrieval (Target) has been completed. Got 0 new records.
 [07:44:51.568] {CMPL123__AuditTrail_Config__c} Fetching the Target data from Org (STAGE 2: all records) ...
 [07:44:51.569] {CMPL123__AuditTrail_Config__c} Query string: SELECT Id, Name, CMPL123__AuditTrail_External_Id__c, CMPL123__Child_Relationships_Object__c, CMPL123__Fields__c, CMPL123__Is_Active__c, CMPL123__Parent_Relationship_Object__c, CMPL123__RFC_Comment_Fields__c, CMPL123__RFC_Fields__c, CMPL123__Report_Ti... FROM  CMPL123__AuditTrail_Config__c.
 [07:44:52.682] {CMPL123__AuditTrail_Config__c} Data retrieval (Target) has been completed. Got 152 new records.
 [07:44:52.684] {CMPL123__WF_Action__c} Fetching the Target data from Org (STAGE 2: filtered records) ...
 [07:44:52.685] {CMPL123__WF_Action__c} Query string: SELECT Id, Name, CMPL123__WF_Action_External_Id__c, CMPL123__Action_Custom_Label__c, CMPL123__Comment_Type__c, CMPL123__Description__c, CMPL123__E_Sign_Message_Custom_Label__c, CMPL123__Esign_Message__c, CMPL123__Generic_Comment__c, CMPL123__Is_Comme... FROM  CMPL123__WF_Action__c WHERE CMPL123__WF_Action_External_Id__c IN ('qpa-common-00032', 'qpa-common-00040', 'qpa-common-00042', 'qpa-common-00044', 'qpa-common-00078', 'qpa-common-00101', 'qpa-common-00138', 'qpa-common-00159', 'qpa-common-00161', 'qp....
 [07:44:53.618] {CMPL123__WF_Action__c} Data retrieval (Target) has been completed. Got 21 new records.
 [07:44:53.620] {CMPL123__WF_Status__c} Fetching the Target data from Org (STAGE 2: filtered records) ...
 [07:44:53.620] {CMPL123__WF_Status__c} Query string: SELECT Id, Name, CMPL123__WF_Status_External_Id__c, CMPL123__Description__c, CMPL123__Status_Custom_Label__c  FROM  CMPL123__WF_Status__c WHERE CMPL123__WF_Status_External_Id__c IN ('qpa-common-00016', 'qpa-common-00020', 'qpa-common-00021', 'qpa-common-00023', 'qpa-common-00024', 'qpa-common-00029', 'qpa-common-00031', 'qpa-common-00033', 'qpa-common-00034', 'qp....
 [07:44:54.352] {CMPL123__WF_Status__c} Data retrieval (Target) has been completed. Got 19 new records.
 [07:44:54.354] {CMPL123__WF_Phase__c} Fetching the Target data from Org (STAGE 2: filtered records) ...
 [07:44:54.355] {CMPL123__WF_Phase__c} Query string: SELECT Id, Name, CMPL123__WF_Phase_External_Id__c, CMPL123__Description__c, CMPL123__Phase_Custom_Label__c, CMPL123__Work_Instructions_Custom_Label__c, CMPL123__Work_Instructions_HTML__c, CMPL123__Work_Instructions__c  FROM  CMPL123__WF_Phase__c WHERE CMPL123__WF_Phase_External_Id__c IN ('qpa-investigation-phase-001', 'qpa-investigation-phase-002', 'qpa-investigation-phase-003', 'qpa-complaints-phase-001', 'qpa-complaints-phase-002', 'qpa-complaints-phase-003', 'qpa-com....
 [07:44:55.114] {CMPL123__WF_Phase__c} Data retrieval (Target) has been completed. Got 11 new records.
 [07:44:55.115] {CMPL123__WF_Rule_Phase__c} Fetching the Target data from Org (STAGE 2: filtered records) ...
 [07:44:55.115] {CMPL123__WF_Rule_Phase__c} Query string: SELECT Id, Name, CMPL123__WF_Rule_Phase_External_Id__c, CMPL123__Order__c, CMPL123__Workflow_Phase__c, CMPL123__Workflow_Rule__c, CMPL123__Workflow_Phase__r.CMPL123__WF_Phase_External_Id__c, CMPL123__Workflow_Rule__r.CMPL123__WF_Rule_External_Id__c  FROM  CMPL123__WF_Rule_Phase__c WHERE CMPL123__WF_Rule_Phase_External_Id__c IN ('qpa-investigation-phrule-001', 'qpa-investigation-phrule-002', 'qpa-investigation-phrule-003', 'qpa-complaints-phrule-001', 'qpa-complaints-phrule-002', 'qpa-complaints-phrul....
 [07:44:55.859] {CMPL123__WF_Rule_Phase__c} Data retrieval (Target) has been completed. Got 11 new records.
 [07:44:55.860] {CMPL123__WF_Phase_Status__c} Fetching the Target data from Org (STAGE 2: filtered records) ...
 [07:44:55.861] {CMPL123__WF_Phase_Status__c} Query string: SELECT Id, CMPL123__WF_Phase_Status_External_Id__c, CMPL123__Workflow_Rule_Phase__c, CMPL123__Workflow_Status__c, Workflow_Phase__c, Workflow_Rule__c, Workflow_Status_hyperlink__c, CMPL123__Workflow_Rule_Phase__r.CMPL123__WF_Rule_Phase_External_Id__c... FROM  CMPL123__WF_Phase_Status__c WHERE CMPL123__WF_Phase_Status_External_Id__c IN ('a1F5r00000274jDEAQ', 'a1F5r0000026kPWEAY', 'qpa-investigation-phstatus-004', 'qpa-investigation-phstatus-003', 'qpa-investigation-phstatus-002', 'qpa-investigation-phstat....
 [07:44:56.800] {CMPL123__WF_Phase_Status__c} Data retrieval (Target) has been completed. Got 18 new records.
 [07:44:56.801] {CMPL123__X123Task__c} Fetching the Target data from Org (STAGE 2: filtered records) ...
 [07:44:56.802] {CMPL123__X123Task__c} Query string: SELECT Id, Name, CMPL123__Task_External_Id__c, CMPL123__Allow_Partial_Processing_for_123_Tasks__c, CMPL123__Description__c, CMPL123__Is_Active__c, CMPL123__Key_Value__c, CMPL123__Related_Object__c  FROM  CMPL123__X123Task__c WHERE CMPL123__Task_External_Id__c IN ('a1N5r000001W2xkEAC', 'a1N5r000001WwPxEAK', 'a1N5r000001WwqiEAC').
 [07:44:57.366] {CMPL123__X123Task__c} Data retrieval (Target) has been completed. Got 3 new records.
 [07:44:57.367] {CMPL123__X123Job__c} Fetching the Target data from Org (STAGE 2: filtered records) ...
 [07:44:57.368] {CMPL123__X123Job__c} Query string: SELECT Id, Name, CMPL123__Job_External_Id__c, CMPL123__Child_Filter_Condition__c, CMPL123__Description__c, CMPL123__Is_Active__c, CMPL123__Job_Type__c, CMPL123__Related_Task__c, CMPL123__Workflow_Step__c, CMPL123__Related_Task__r.CMPL123__Task_Extern... FROM  CMPL123__X123Job__c WHERE CMPL123__Job_External_Id__c IN ('a1M5r000000sEtHEAU', 'a1M5r000001tkV5EAI', 'a1M5r000001tkZjEAI').
 [07:44:57.986] {CMPL123__X123Job__c} Data retrieval (Target) has been completed. Got 3 new records.
 [07:44:57.987] {CMPL123__Valid_Child_Status__c} Fetching the Target data from Org (STAGE 2: filtered records) ...
 [07:44:57.988] {CMPL123__Valid_Child_Status__c} Query string: SELECT Id, Name, CMPL123__Valid_Child_Status_External_Id__c, CMPL123__Parent_Workflow_Step__c, CMPL123__Child_Relationship__c, CMPL123__Description__c, CMPL123__Required_Child_Workflow_Status__c, Child_Workflow_Status__c, Parent_Workflow_Action__c, P... FROM  CMPL123__Valid_Child_Status__c WHERE CMPL123__Valid_Child_Status_External_Id__c IN ('qpa-utility-inv-00001', 'qpa-utility-inv-00002', 'qpa-utility-inv-00003', 'qpa-utility-inv-00004', 'qpa-utility-inv-00005', 'qpa-utility-inv-00006', 'qpa-complaints....
 [07:44:58.717] {CMPL123__Valid_Child_Status__c} Data retrieval (Target) has been completed. Got 0 new records.
 [07:44:58.718] {CMPL123__WF_Step_Extension__c} Fetching the Target data from Org (STAGE 2: filtered records) ...
 [07:44:58.719] {CMPL123__WF_Step_Extension__c} Query string: SELECT Id, Name, CMPL123__External_Id__c, CMPL123__Parent_Workflow_Step__c, CMPL123__Apply_To_Automated_User__c, CMPL123__Are_Child_Files_Locked__c, CMPL123__Is_Record_Lock_Required__c, CMPL123__Is_Related_Lists_Locked__c, CMPL123__Object_Related_Lis... FROM  CMPL123__WF_Step_Extension__c WHERE CMPL123__External_Id__c IN ('a1K5r000006yduyEAA', 'a1K5r000006ydv3EAA', 'a1K5r000006yfFeEAI', 'a1K5r000006yfFjEAI', 'a1K5r000006yfFoEAI', 'a1K5r000006yfFtEAI', 'a1K5r000006yh3pEAA', 'a1K5r000006yh3uEAA', 'a1K5r000....
 [07:44:59.646] {CMPL123__WF_Step_Extension__c} Data retrieval (Target) has been completed. Got 18 new records.
 [07:44:59.647] Data retrieval (STAGE 2) has been completed.

 TRIGGERING ADD-ON EVENTS ...
 [07:44:59.649] No Add-On modules found to run.


 DATA RETRIEVAL SUMMARY.
 [07:44:59.651] {CMPL123__WF_Rule__c} The total amount of the retrieved records: 3/3.
 [07:44:59.652] {CMPL123__WF_Step__c} The total amount of the retrieved records: 31/28.
 [07:44:59.653] {CMPL123__Record_Access_Rule__c} The total amount of the retrieved records: 0/0.
 [07:44:59.653] {CMPL123__AuditTrail_Config__c} The total amount of the retrieved records: 152/152.
 [07:44:59.654] {CMPL123__WF_Action__c} The total amount of the retrieved records: 21/21.
 [07:44:59.654] {CMPL123__WF_Status__c} The total amount of the retrieved records: 19/19.
 [07:44:59.655] {CMPL123__WF_Phase__c} The total amount of the retrieved records: 11/11.
 [07:44:59.655] {CMPL123__WF_Rule_Phase__c} The total amount of the retrieved records: 11/11.
 [07:44:59.656] {CMPL123__WF_Phase_Status__c} The total amount of the retrieved records: 18/18.
 [07:44:59.656] {CMPL123__Context_Based_Security__c} The total amount of the retrieved records: 0/0.
 [07:44:59.657] {CMPL123__X123Task__c} The total amount of the retrieved records: 3/3.
 [07:44:59.657] {CMPL123__X123Job__c} The total amount of the retrieved records: 3/3.
 [07:44:59.658] {CMPL123__Job_Field_Map__c} The total amount of the retrieved records: 0/0.
 [07:44:59.659] {CMPL123__Valid_Child_Status__c} The total amount of the retrieved records: 156/0.
 [07:44:59.659] {CMPL123__WF_Step_Extension__c} The total amount of the retrieved records: 20/18.

 UPDATING THE TARGET (STAGE 1) ...
 [07:44:59.663] {CMPL123__WF_Rule__c} 3 target records remained untouched, since they do not differ from the corresponding source records.
 [07:44:59.665] {CMPL123__WF_Action__c} 21 target records remained untouched, since they do not differ from the corresponding source records.
 [07:44:59.666] {CMPL123__WF_Status__c} 19 target records remained untouched, since they do not differ from the corresponding source records.
 [07:44:59.669] {CMPL123__WF_Step__c} Amount of records to Insert: 3.
 [07:44:59.670] {CMPL123__WF_Step__c} The Insert API operation has been started using REST API.
 [07:44:59.670] [Job# REST:Insert] {CMPL123__WF_Step__c} The job has been created. Uploading data ...
 [07:45:01.142] {CMPL123__WF_Step__c} The Insert API operation has been completed.
 [07:45:01.144] {CMPL123__WF_Step__c} Amount of records to Update: 9.
 [07:45:01.146] {CMPL123__WF_Step__c} The Update API operation has been started using REST API.
 [07:45:01.147] [Job# REST:Update] {CMPL123__WF_Step__c} The job has been created. Uploading data ...
 [07:45:03.71] {CMPL123__WF_Step__c} The Update API operation has been completed.
 [07:45:03.74] {CMPL123__WF_Step__c} 19 target records remained untouched, since they do not differ from the corresponding source records.
 [07:45:03.75] {CMPL123__WF_Step__c} The Target has been updated. Totally processed 12 records.

 [07:45:03.76] {CMPL123__WF_Phase__c} 11 target records remained untouched, since they do not differ from the corresponding source records.
 [07:45:03.78] {CMPL123__WF_Rule_Phase__c} 11 target records remained untouched, since they do not differ from the corresponding source records.
 [07:45:03.79] {CMPL123__WF_Phase_Status__c} 18 target records remained untouched, since they do not differ from the corresponding source records.
 [07:45:03.80] {CMPL123__X123Task__c} 3 target records remained untouched, since they do not differ from the corresponding source records.
 [07:45:03.81] {CMPL123__X123Job__c} 3 target records remained untouched, since they do not differ from the corresponding source records.
 [07:45:03.85] {CMPL123__Valid_Child_Status__c} Amount of records to Insert: 156.
 [07:45:03.86] {CMPL123__Valid_Child_Status__c} The Insert API operation has been started using REST API.
 [07:45:03.86] [Job# REST:Insert] {CMPL123__Valid_Child_Status__c} The job has been created. Uploading data ...
 [07:45:05.494] {CMPL123__Valid_Child_Status__c} The Insert API operation has been completed.
 [07:45:05.497] {CMPL123__Valid_Child_Status__c} The Target has been updated. Totally processed 156 records.

 [07:45:05.499] {CMPL123__WF_Step_Extension__c} Amount of records to Insert: 2.
 [07:45:05.500] {CMPL123__WF_Step_Extension__c} The Insert API operation has been started using REST API.
 [07:45:05.501] [Job# REST:Insert] {CMPL123__WF_Step_Extension__c} The job has been created. Uploading data ...
 [07:45:06.472] {CMPL123__WF_Step_Extension__c} The Insert API operation has been completed.
 [07:45:06.474] {CMPL123__WF_Step_Extension__c} 18 target records remained untouched, since they do not differ from the corresponding source records.
 [07:45:06.475] {CMPL123__WF_Step_Extension__c} The Target has been updated. Totally processed 2 records.

 [07:45:06.477] {CMPL123__AuditTrail_Config__c} Amount of records to Update: 2.
 [07:45:06.478] {CMPL123__AuditTrail_Config__c} The Update API operation has been started using REST API.
 [07:45:06.479] [Job# REST:Update] {CMPL123__AuditTrail_Config__c} The job has been created. Uploading data ...
 [07:45:07.356] {CMPL123__AuditTrail_Config__c} The Update API operation has been completed.
 [07:45:07.358] {CMPL123__AuditTrail_Config__c} 150 target records remained untouched, since they do not differ from the corresponding source records.
 [07:45:07.359] {CMPL123__AuditTrail_Config__c} The Target has been updated. Totally processed 2 records.


 [07:45:07.361] The Target (STAGE 1) has been updated. Totally processed 172 records.

 UPDATING THE TARGET (STAGE 2) ...

 [07:45:07.362] PASS 1
 =============
 [07:45:07.367] {CMPL123__WF_Step__c} 19 target records remained untouched, since they do not differ from the corresponding source records.
 [07:45:07.369] {CMPL123__WF_Rule_Phase__c} 11 target records remained untouched, since they do not differ from the corresponding source records.
 [07:45:07.370] {CMPL123__WF_Phase_Status__c} 18 target records remained untouched, since they do not differ from the corresponding source records.
 [07:45:07.371] {CMPL123__X123Job__c} 3 target records remained untouched, since they do not differ from the corresponding source records.
 [07:45:07.376] {CMPL123__WF_Step_Extension__c} 18 target records remained untouched, since they do not differ from the corresponding source records.

 [07:45:07.377] PASS 2
 =============
 [07:45:07.380] {CMPL123__WF_Step__c} 19 target records remained untouched, since they do not differ from the corresponding source records.
 [07:45:07.381] {CMPL123__WF_Rule_Phase__c} 11 target records remained untouched, since they do not differ from the corresponding source records.
 [07:45:07.383] {CMPL123__WF_Phase_Status__c} 18 target records remained untouched, since they do not differ from the corresponding source records.
 [07:45:07.384] {CMPL123__X123Job__c} 3 target records remained untouched, since they do not differ from the corresponding source records.
 [07:45:07.388] {CMPL123__WF_Step_Extension__c} 18 target records remained untouched, since they do not differ from the corresponding source records.

 [07:45:07.389] Nothing was updated.

 TRIGGERING ADD-ON EVENTS ...
 [07:45:07.391] No Add-On modules found to run.


 DATA PROCESSING SUMMARY.
 [07:45:07.392] {CMPL123__WF_Rule__c} Totally processed 0 records.
 [07:45:07.393] {CMPL123__WF_Step__c} Totally processed 12 records.
 [07:45:07.393] {CMPL123__Record_Access_Rule__c} Totally processed 0 records.
 [07:45:07.394] {CMPL123__AuditTrail_Config__c} Totally processed 2 records.
 [07:45:07.394] {CMPL123__WF_Action__c} Totally processed 0 records.
 [07:45:07.395] {CMPL123__WF_Status__c} Totally processed 0 records.
 [07:45:07.396] {CMPL123__WF_Phase__c} Totally processed 0 records.
 [07:45:07.396] {CMPL123__WF_Rule_Phase__c} Totally processed 0 records.
 [07:45:07.397] {CMPL123__WF_Phase_Status__c} Totally processed 0 records.
 [07:45:07.398] {CMPL123__Context_Based_Security__c} Totally processed 0 records.
 [07:45:07.398] {CMPL123__X123Task__c} Totally processed 0 records.
 [07:45:07.400] {CMPL123__X123Job__c} Totally processed 0 records.
 [07:45:07.401] {CMPL123__Job_Field_Map__c} Totally processed 0 records.
 [07:45:07.401] {CMPL123__Valid_Child_Status__c} Totally processed 156 records.
 [07:45:07.402] {CMPL123__WF_Step_Extension__c} Totally processed 2 records.

 [07:45:07.403] Writing to /Users/Brian.Lavin/Projects/olympus-dx/sfdmu-data/MissingParentRecordsReport.csv ...


 TRIGGERING ADD-ON EVENTS ...
 [07:45:07.405] No Add-On modules found to run.


 [07:45:07.407] Command succeeded.
 [07:45:07.407] Execution of the command sfdmu:run has been completed. Exit code 0 (SUCCESS).
 [07:45:07.408] Total time elapsed: 00h 01m 35s 921ms .