
 [13:40:21.941] Execution of the command sfdmu:run has been started.

 LOADING AND VALIDATING THE EXPORT.JSON SCRIPT ...

 OBJECT SET #1 STARTED

 {
   "Running Plugin version": "4.26.13"
}
 {
   "Running Add-On API version": "1.5.0"
}

 [13:40:21.974] Loading Core Add-On Module declarations ...
 [13:40:22.102] Connecting to the olympus-dev using SFDX force:org:display ...
 [13:40:52.264] Successfully connected to the olympus-dev.
 {
   "Source": "olympus-dev.",
   "Target": "csvfile.",
   "Package script": "/Users/Brian.Lavin/Projects/olympus-dx/sfdmu-data/export.json."
}

 GETTING AND ANALYSING OBJECT METADATA ...
 [13:40:55.618] Processing the object CMPL123__WF_Rule__c ...
 [13:40:55.620] Fetching metadata of the CMPL123__WF_Rule__c (Source) ...
 [13:40:58.418] Processing the object CMPL123__WF_Step__c ...
 [13:40:58.431] Fetching metadata of the CMPL123__WF_Step__c (Source) ...
 [13:41:01.211] Processing the object CMPL123__WF_Phase__c ...
 [13:41:01.212] Fetching metadata of the CMPL123__WF_Phase__c (Source) ...
 [13:41:03.660] Processing the object CMPL123__WF_Rule_Phase__c ...
 [13:41:03.661] Fetching metadata of the CMPL123__WF_Rule_Phase__c (Source) ...
 [13:41:06.524] Processing the object CMPL123__WF_Phase_Status__c ...
 [13:41:06.526] Fetching metadata of the CMPL123__WF_Phase_Status__c (Source) ...
 [13:41:09.160] Processing the object CMPL123__Context_Based_Security__c ...
 [13:41:09.161] Fetching metadata of the CMPL123__Context_Based_Security__c (Source) ...
 [13:41:11.710] Processing the object CMPL123__Job_Field_Map__c ...
 [13:41:11.711] Fetching metadata of the CMPL123__Job_Field_Map__c (Source) ...
 [13:41:14.11] Processing the object CMPL123__Record_Access_Rule__c ...
 [13:41:14.12] Fetching metadata of the CMPL123__Record_Access_Rule__c (Source) ...
 [13:41:16.391] Processing the object CMPL123__Valid_Child_Status__c ...
 [13:41:16.392] Fetching metadata of the CMPL123__Valid_Child_Status__c (Source) ...
 [13:41:18.724] Processing the object CMPL123__WF_Action__c ...
 [13:41:18.725] Fetching metadata of the CMPL123__WF_Action__c (Source) ...
 [13:41:21.110] Processing the object CMPL123__WF_Status__c ...
 [13:41:21.111] Fetching metadata of the CMPL123__WF_Status__c (Source) ...
 [13:41:23.433] Processing the object CMPL123__X123Job__c ...
 [13:41:23.434] Fetching metadata of the CMPL123__X123Job__c (Source) ...
 [13:41:25.818] Processing the object CMPL123__X123Task__c ...
 [13:41:25.819] Fetching metadata of the CMPL123__X123Task__c (Source) ...
 [13:41:28.339] Processing the object CMPL123__WF_Step_Extension__c ...
 [13:41:28.340] Fetching metadata of the CMPL123__WF_Step_Extension__c (Source) ...
 [13:41:31.14] Processing the object CMPL123__AuditTrail_Config__c ...
 [13:41:31.15] Fetching metadata of the CMPL123__AuditTrail_Config__c (Source) ...
 [13:41:33.961] Fetching metadata of the Group (Source) ...
 [13:41:37.12] Processing the object CMPL123__AuditTrail_Config__c ...
 [13:41:37.14] Processing the object CMPL123__WF_Step_Extension__c ...
 [13:41:37.15] Processing the object CMPL123__X123Task__c ...
 [13:41:37.16] Processing the object CMPL123__X123Job__c ...
 [13:41:37.17] Processing the object CMPL123__WF_Status__c ...
 [13:41:37.18] Processing the object CMPL123__WF_Action__c ...
 [13:41:37.18] Processing the object CMPL123__Valid_Child_Status__c ...
 [13:41:37.19] Processing the object CMPL123__Record_Access_Rule__c ...
 [13:41:37.20] Processing the object CMPL123__Job_Field_Map__c ...
 [13:41:37.21] Processing the object CMPL123__Context_Based_Security__c ...
 [13:41:37.22] Processing the object CMPL123__WF_Phase_Status__c ...
 [13:41:37.22] Processing the object CMPL123__WF_Rule_Phase__c ...
 [13:41:37.23] Processing the object CMPL123__WF_Phase__c ...
 [13:41:37.24] Processing the object CMPL123__WF_Step__c ...
 [13:41:37.26] Processing the object CMPL123__WF_Rule__c ...

 PREPARING DATA MIGRATION JOB ...
 [13:41:37.29] Building the migration strategy ...
 {
   "Order of objects to query": "CMPL123__WF_Rule__c; CMPL123__WF_Step__c; CMPL123__Record_Access_Rule__c; CMPL123__AuditTrail_Config__c; CMPL123__WF_Action__c; CMPL123__WF_Status__c; CMPL123__WF_Phase__c; CMPL123__WF_Rule_Phase__c; CMPL123__WF_Phase_Status__c; CMPL123__Context_Based_Security__c; CMPL123__X123Task__c; CMPL123__X123Job__c; CMPL123__Job_Field_Map__c; CMPL123__Valid_Child_Status__c; CMPL123__WF_Step_Extension__c"
}
 {
   "Order of objects to delete": "CMPL123__AuditTrail_Config__c; CMPL123__WF_Step_Extension__c; CMPL123__Valid_Child_Status__c; CMPL123__Record_Access_Rule__c; CMPL123__Job_Field_Map__c; CMPL123__X123Job__c; CMPL123__X123Task__c; CMPL123__Context_Based_Security__c; CMPL123__WF_Phase_Status__c; CMPL123__WF_Rule_Phase__c; CMPL123__WF_Phase__c; CMPL123__WF_Step__c; CMPL123__WF_Status__c; CMPL123__WF_Action__c; CMPL123__WF_Rule__c"
}
 {
   "Order of objects to update": "CMPL123__WF_Rule__c; CMPL123__WF_Action__c; CMPL123__WF_Status__c; CMPL123__WF_Step__c; CMPL123__WF_Phase__c; CMPL123__WF_Rule_Phase__c; CMPL123__WF_Phase_Status__c; CMPL123__Context_Based_Security__c; CMPL123__X123Task__c; CMPL123__X123Job__c; CMPL123__Job_Field_Map__c; CMPL123__Record_Access_Rule__c; CMPL123__Valid_Child_Status__c; CMPL123__WF_Step_Extension__c; CMPL123__AuditTrail_Config__c"
}
 [13:41:37.38] Preparing of the data migration job has been completed.

 ANALYSING DATA...
 [13:41:38.316] {CMPL123__WF_Rule__c} The original query string of this object is returning 3 records from the Source org.
 [13:41:39.561] {CMPL123__WF_Action__c} The original query string of this object is returning 230 records from the Source org.
 [13:41:40.611] {CMPL123__WF_Status__c} The original query string of this object is returning 162 records from the Source org.
 [13:41:41.784] {CMPL123__WF_Step__c} The original query string of this object is returning 31 records from the Source org.
 [13:41:42.826] {CMPL123__WF_Phase__c} The original query string of this object is returning 45 records from the Source org.
 [13:41:43.861] {CMPL123__WF_Rule_Phase__c} The original query string of this object is returning 64 records from the Source org.
 [13:41:44.861] {CMPL123__WF_Phase_Status__c} The original query string of this object is returning 103 records from the Source org.
 [13:41:45.473] {CMPL123__Context_Based_Security__c} The original query string of this object is returning 0 records from the Source org.
 [13:41:46.579] {CMPL123__X123Task__c} The original query string of this object is returning 13 records from the Source org.
 [13:41:47.711] {CMPL123__X123Job__c} The original query string of this object is returning 14 records from the Source org.
 [13:41:48.933] {CMPL123__Job_Field_Map__c} The original query string of this object is returning 6 records from the Source org.
 [13:41:50.142] {CMPL123__Record_Access_Rule__c} The original query string of this object is returning 0 records from the Source org.
 [13:41:51.412] {CMPL123__Valid_Child_Status__c} The original query string of this object is returning 256 records from the Source org.
 [13:41:52.570] {CMPL123__WF_Step_Extension__c} The original query string of this object is returning 86 records from the Source org.
 [13:41:53.763] {CMPL123__AuditTrail_Config__c} The original query string of this object is returning 152 records from the Source org.

 TRIGGERING ADD-ON EVENTS ...
 [13:41:53.765] No Add-On modules found to run.

 [13:41:53.767] Ready to process the data.

 DELETING OLD DATA FROM THE TARGET ...
 [13:41:53.769] {CMPL123__AuditTrail_Config__c} No records to delete.
 [13:41:53.769] {CMPL123__WF_Step_Extension__c} No records to delete.
 [13:41:53.770] {CMPL123__Valid_Child_Status__c} No records to delete.
 [13:41:53.771] {CMPL123__Record_Access_Rule__c} No records to delete.
 [13:41:53.771] {CMPL123__Job_Field_Map__c} No records to delete.
 [13:41:53.772] {CMPL123__X123Job__c} No records to delete.
 [13:41:53.772] {CMPL123__X123Task__c} No records to delete.
 [13:41:53.773] {CMPL123__Context_Based_Security__c} No records to delete.
 [13:41:53.773] {CMPL123__WF_Phase_Status__c} No records to delete.
 [13:41:53.774] {CMPL123__WF_Rule_Phase__c} No records to delete.
 [13:41:53.775] {CMPL123__WF_Phase__c} No records to delete.
 [13:41:53.775] {CMPL123__WF_Step__c} No records to delete.
 [13:41:53.776] {CMPL123__WF_Status__c} No records to delete.
 [13:41:53.776] {CMPL123__WF_Action__c} No records to delete.
 [13:41:53.777] {CMPL123__WF_Rule__c} No records to delete.
 [13:41:53.777] Deleting data was skipped.

 SOURCE:
 =============

 FETCHING THE DATA (STAGE 1) ...
 [13:41:53.781] {CMPL123__WF_Rule__c} Fetching the Source data from Org (STAGE 1: all records) ...
 [13:41:53.782] {CMPL123__WF_Rule__c} Query string: SELECT Id, Name, CMPL123__WF_Rule_External_Id__c, CMPL123__Description__c, CMPL123__Has_Cycle_Time_Metrics_Fields__c, CMPL123__Has_Multiple_Actions__c, CMPL123__Is_Active__c, CMPL123__Record_Type__c, CMPL123__Target_Object__c, CMPL123__Target_Object_... FROM  CMPL123__WF_Rule__c WHERE Name in ('Complaint Workflow', 'Investigation Workflow', 'Regulatory Report Workflow').
 [13:41:54.892] {CMPL123__WF_Rule__c} Data retrieval (Source) has been completed. Got 3 new records.
 [13:41:54.893] {CMPL123__WF_Step__c} Fetching the Source data from Org (STAGE 1: all records) ...
 [13:41:54.894] {CMPL123__WF_Step__c} Query string: SELECT Id, CMPL123__WF_Step_External_Id__c, CMPL123__WF_Rule__c, CMPL123__Action__c, CMPL123__Are_Child_Files_Locked__c, CMPL123__Are_Child_Records_Locked__c, CMPL123__End_Status__c, CMPL123__Is_Record_Lock_Required__c, CMPL123__Is_Related_Lists_Lock... FROM  CMPL123__WF_Step__c WHERE CMPL123__WF_Rule__r.Name in ('Complaint Workflow', 'Investigation Workflow', 'Regulatory Report Workflow').
 [13:41:57.68] {CMPL123__WF_Step__c} Data retrieval (Source) has been completed. Got 31 new records.
 [13:41:57.69] {CMPL123__Record_Access_Rule__c} Fetching the Source data from Org (STAGE 1: all records) ...
 [13:41:57.69] {CMPL123__Record_Access_Rule__c} Query string: SELECT Id, Name, CMPL123__Record_Access_Rule_External_Id__c, CMPL123__API_Path_to_User_Relationship__c, CMPL123__Active_of_the_rule__c, CMPL123__Apex_Sharing_Reason__c, CMPL123__Child_Objects__c, CMPL123__Target_Object__c, CMPL123__User_Field_Name__c... FROM  CMPL123__Record_Access_Rule__c.
 [13:41:58.265] {CMPL123__Record_Access_Rule__c} Data retrieval (Source) has been completed. Got 0 new records.
 [13:41:58.266] {CMPL123__AuditTrail_Config__c} Fetching the Source data from Org (STAGE 1: all records) ...
 [13:41:58.266] {CMPL123__AuditTrail_Config__c} Query string: SELECT Id, Name, CMPL123__AuditTrail_External_Id__c, CMPL123__Child_Relationships_Object__c, CMPL123__Fields__c, CMPL123__Is_Active__c, CMPL123__Parent_Relationship_Object__c, CMPL123__RFC_Comment_Fields__c, CMPL123__RFC_Fields__c, CMPL123__Report_Ti... FROM  CMPL123__AuditTrail_Config__c.
 [13:42:00.295] {CMPL123__AuditTrail_Config__c} Data retrieval (Source) has been completed. Got 152 new records.
 [13:42:00.314] Data retrieval (STAGE 1) has been completed.

 FETCHING THE DATA (STAGE 2) ...
 [13:42:00.316] PASS 1
 =============
 [13:42:00.318] {CMPL123__WF_Rule_Phase__c} Fetching the Source data from Org (STAGE 2: filtered records) ...
 [13:42:00.319] {CMPL123__WF_Rule_Phase__c} Query string: SELECT Id, Name, CMPL123__WF_Rule_Phase_External_Id__c, CMPL123__Order__c, CMPL123__Workflow_Phase__c, CMPL123__Workflow_Rule__c, CMPL123__Workflow_Phase__r.CMPL123__WF_Phase_External_Id__c, CMPL123__Workflow_Rule__r.CMPL123__WF_Rule_External_Id__c  FROM  CMPL123__WF_Rule_Phase__c WHERE CMPL123__Workflow_Rule__c IN ('a1I5r000001zzoIEAQ', 'a1I5r000001zzoOEAQ', 'a1I5r0000020BUxEAM').
 [13:42:01.573] {CMPL123__WF_Rule_Phase__c} Data retrieval (Source) has been completed. Got 11 new records.
 [13:42:01.574] {CMPL123__WF_Phase_Status__c} Fetching the Source data from Org (STAGE 2: filtered records) ...
 [13:42:01.575] {CMPL123__WF_Phase_Status__c} Query string: SELECT Id, CMPL123__WF_Phase_Status_External_Id__c, CMPL123__Workflow_Rule_Phase__c, CMPL123__Workflow_Status__c, Workflow_Phase__c, Workflow_Rule__c, Workflow_Status_hyperlink__c, CMPL123__Workflow_Rule_Phase__r.CMPL123__WF_Rule_Phase_External_Id__c... FROM  CMPL123__WF_Phase_Status__c WHERE CMPL123__Workflow_Rule_Phase__c IN ('a1H5r0000018udwEAA', 'a1H5r0000018udxEAA', 'a1H5r0000018udyEAA', 'a1H5r0000018ue1EAA', 'a1H5r0000018ue2EAA', 'a1H5r0000018ue3EAA', 'a1H5r0000018ue4EAA', 'a1H5r00000190YXEAY', 'a1....
 [13:42:03.95] {CMPL123__WF_Phase_Status__c} Data retrieval (Source) has been completed. Got 18 new records.
 [13:42:03.96] {CMPL123__Context_Based_Security__c} Fetching the Source data from Org (STAGE 2: filtered records) ...
 [13:42:03.97] {CMPL123__Context_Based_Security__c} Query string: SELECT Id, Name, CMPL123__Access_Type__c, CMPL123__Config_Deploy_Id__c, CMPL123__Initial_CBS__c, CMPL123__User_Field_On_Record__c, CMPL123__Workflow_Rule__c, CMPL123__Workflow_Step__c, CMPL123__Corresponding_Object__c, CMPL123__Workflow_Rule__r.CMPL1... FROM  CMPL123__Context_Based_Security__c WHERE CMPL123__Workflow_Rule__c IN ('a1I5r000001zzoIEAQ', 'a1I5r000001zzoOEAQ', 'a1I5r0000020BUxEAM').
 [13:42:04.190] {CMPL123__Context_Based_Security__c} Query string: SELECT Id, Name, CMPL123__Access_Type__c, CMPL123__Config_Deploy_Id__c, CMPL123__Initial_CBS__c, CMPL123__User_Field_On_Record__c, CMPL123__Workflow_Rule__c, CMPL123__Workflow_Step__c, CMPL123__Corresponding_Object__c, CMPL123__Workflow_Rule__r.CMPL1... FROM  CMPL123__Context_Based_Security__c WHERE CMPL123__Workflow_Step__c IN ('a1L5r000000w9b5EAA', 'a1L5r000000w9b6EAA', 'a1L5r000000w9b7EAA', 'a1L5r000000w9b8EAA', 'a1L5r000000w9bAEAQ', 'a1L5r000000w9bBEAQ', 'a1L5r000000w9bIEAQ', 'a1L5r000000w9bKEAQ', 'a....
 [13:42:05.441] {CMPL123__Context_Based_Security__c} Data retrieval (Source) has been completed. Got 0 new records.
 [13:42:05.442] {CMPL123__X123Job__c} Fetching the Source data from Org (STAGE 2: filtered records) ...
 [13:42:05.443] {CMPL123__X123Job__c} Query string: SELECT Id, Name, CMPL123__Job_External_Id__c, CMPL123__Child_Filter_Condition__c, CMPL123__Description__c, CMPL123__Is_Active__c, CMPL123__Job_Type__c, CMPL123__Related_Task__c, CMPL123__Workflow_Step__c, CMPL123__Related_Task__r.CMPL123__Task_Extern... FROM  CMPL123__X123Job__c WHERE CMPL123__Workflow_Step__c IN ('a1L5r000000w9b5EAA', 'a1L5r000000w9b6EAA', 'a1L5r000000w9b7EAA', 'a1L5r000000w9b8EAA', 'a1L5r000000w9bAEAQ', 'a1L5r000000w9bBEAQ', 'a1L5r000000w9bIEAQ', 'a1L5r000000w9bKEAQ', 'a1L5r000000w9bME....
 [13:42:06.550] {CMPL123__X123Job__c} Data retrieval (Source) has been completed. Got 3 new records.
 [13:42:06.566] {CMPL123__Job_Field_Map__c} Fetching the Source data from Org (STAGE 2: filtered records) ...
 [13:42:06.567] {CMPL123__Job_Field_Map__c} Query string: SELECT Id, Name, CMPL123__Job_Field_Map_External_Id__c, CMPL123__Data_Type__c, CMPL123__Field_Name__c, CMPL123__Is_Dynamic__c, CMPL123__Object_Name__c, CMPL123__Parent_Job__c, CMPL123__Relationship_Name__c, CMPL123__Value__c, CMPL123__Parent_Job__r.C... FROM  CMPL123__Job_Field_Map__c WHERE CMPL123__Parent_Job__c IN ('a1M5r000000sEtHEAU', 'a1M5r000001tkV5EAI', 'a1M5r000001tkZjEAI').
 [13:42:07.627] {CMPL123__Job_Field_Map__c} Data retrieval (Source) has been completed. Got 0 new records.
 [13:42:07.629] {CMPL123__Valid_Child_Status__c} Fetching the Source data from Org (STAGE 2: filtered records) ...
 [13:42:07.630] {CMPL123__Valid_Child_Status__c} Query string: SELECT Id, Name, CMPL123__Valid_Child_Status_External_Id__c, CMPL123__Parent_Workflow_Step__c, CMPL123__Child_Relationship__c, CMPL123__Description__c, CMPL123__Required_Child_Workflow_Status__c, Parent_Workflow_Action__c, Parent_Workflow_Rule__c, Ch... FROM  CMPL123__Valid_Child_Status__c WHERE CMPL123__Parent_Workflow_Step__c IN ('a1L5r000000w9b5EAA', 'a1L5r000000w9b6EAA', 'a1L5r000000w9b7EAA', 'a1L5r000000w9b8EAA', 'a1L5r000000w9bAEAQ', 'a1L5r000000w9bBEAQ', 'a1L5r000000w9bIEAQ', 'a1L5r000000w9bKEAQ',....
 [13:42:09.629] {CMPL123__Valid_Child_Status__c} Data retrieval (Source) has been completed. Got 156 new records.
 [13:42:09.630] {CMPL123__WF_Step_Extension__c} Fetching the Source data from Org (STAGE 2: filtered records) ...
 [13:42:09.630] {CMPL123__WF_Step_Extension__c} Query string: SELECT Id, Name, CMPL123__External_Id__c, CMPL123__Parent_Workflow_Step__c, CMPL123__Apply_To_Automated_User__c, CMPL123__Are_Child_Files_Locked__c, CMPL123__Is_Record_Lock_Required__c, CMPL123__Is_Related_Lists_Locked__c, CMPL123__Object_Related_Lis... FROM  CMPL123__WF_Step_Extension__c WHERE CMPL123__Parent_Workflow_Step__c IN ('a1L5r000000w9b5EAA', 'a1L5r000000w9b6EAA', 'a1L5r000000w9b7EAA', 'a1L5r000000w9b8EAA', 'a1L5r000000w9bAEAQ', 'a1L5r000000w9bBEAQ', 'a1L5r000000w9bIEAQ', 'a1L5r000000w9bKEAQ', ....
 [13:42:10.969] {CMPL123__WF_Step_Extension__c} Data retrieval (Source) has been completed. Got 20 new records.

 [13:42:10.970] PASS 2
 =============
 [13:42:10.972] No records

 [13:42:10.972] PASS 3
 =============
 [13:42:10.974] {CMPL123__WF_Action__c} Fetching the Source data from Org (STAGE 1: filtered records) ...
 [13:42:10.975] {CMPL123__WF_Action__c} Query string: SELECT Id, Name, CMPL123__WF_Action_External_Id__c, CMPL123__Action_Custom_Label__c, CMPL123__Comment_Type__c, CMPL123__Description__c, CMPL123__E_Sign_Message_Custom_Label__c, CMPL123__Esign_Message__c, CMPL123__Generic_Comment__c, CMPL123__Is_Comme... FROM  CMPL123__WF_Action__c WHERE Id IN ('a1D5r000000hb6jEAA', 'a1D5r000000hToaEAE', 'a1D5r000000hTpNEAU', 'a1D5r000000hb6oEAA', 'a1D5r000000hbIpEAI', 'a1D5r000000hTpJEAU', 'a1D5r000000hTneEAE', 'a1D5r000000hTnHEAU', 'a1D5r000000hbIuEAI', 'a1D5r000000hTmh....
 [13:42:12.300] {CMPL123__WF_Action__c} Data retrieval (Source) has been completed. Got 21 new records.
 [13:42:12.317] {CMPL123__WF_Status__c} Fetching the Source data from Org (STAGE 1: filtered records) ...
 [13:42:12.318] {CMPL123__WF_Status__c} Query string: SELECT Id, Name, CMPL123__WF_Status_External_Id__c, CMPL123__Description__c, CMPL123__Status_Custom_Label__c  FROM  CMPL123__WF_Status__c WHERE Id IN ('a1J5r000001MHAVEA4', 'a1J5r000001MHADEA4', 'a1J5r000001MHAIEA4', 'a1J5r000001MHALEA4', 'a1J5r000001MHAUEA4', 'a1J5r000001MHASEA4', 'a1J5r000001MHAQEA4', 'a1J5r000001MHAHEA4', 'a1J5r000001MHAKEA4', 'a1J5r000001MHAW....
 [13:42:13.727] {CMPL123__WF_Status__c} Data retrieval (Source) has been completed. Got 19 new records.
 [13:42:13.728] {CMPL123__WF_Phase__c} Fetching the Source data from Org (STAGE 1: filtered records) ...
 [13:42:13.729] {CMPL123__WF_Phase__c} Query string: SELECT Id, Name, CMPL123__WF_Phase_External_Id__c, CMPL123__Description__c, CMPL123__Phase_Custom_Label__c, CMPL123__Work_Instructions_Custom_Label__c, CMPL123__Work_Instructions_HTML__c, CMPL123__Work_Instructions__c  FROM  CMPL123__WF_Phase__c WHERE Id IN ('a1G5r000001niyFEAQ', 'a1G5r000001niyLEAQ', 'a1G5r000001niyEEAQ', 'a1G5r000001niyQEAQ', 'a1G5r000001niyREAQ', 'a1G5r000001niyTEAQ', 'a1G5r000001niyWEAQ', 'a1G5r000001oaZ5EAI', 'a1G5r000001niySEAQ', 'a1G5r000001niyUE....
 [13:42:14.871] {CMPL123__WF_Phase__c} Data retrieval (Source) has been completed. Got 11 new records.
 [13:42:14.872] {CMPL123__WF_Rule_Phase__c} Fetching the Source data from Org (STAGE 1: filtered records) ...
 [13:42:14.872] {CMPL123__WF_Rule_Phase__c} Query string: SELECT Id, Name, CMPL123__WF_Rule_Phase_External_Id__c, CMPL123__Order__c, CMPL123__Workflow_Phase__c, CMPL123__Workflow_Rule__c, CMPL123__Workflow_Phase__r.CMPL123__WF_Phase_External_Id__c, CMPL123__Workflow_Rule__r.CMPL123__WF_Rule_External_Id__c  FROM  CMPL123__WF_Rule_Phase__c WHERE Id IN ('a1H5r0000018udyEAA', 'a1H5r00000190YXEAY', 'a1H5r0000018udxEAA', 'a1H5r0000018udwEAA', 'a1H5r0000018ue2EAA', 'a1H5r0000018ue3EAA', 'a1H5r0000018ue4EAA', 'a1H5r0000018ue1EAA', 'a1H5r0000019CIhEAM', 'a1H5r000001....
 [13:42:16.298] {CMPL123__WF_Rule_Phase__c} Data retrieval (Source) has been completed. Got 0 new records.
 [13:42:16.299] {CMPL123__X123Task__c} Fetching the Source data from Org (STAGE 1: filtered records) ...
 [13:42:16.316] {CMPL123__X123Task__c} Query string: SELECT Id, Name, CMPL123__Task_External_Id__c, CMPL123__Allow_Partial_Processing_for_123_Tasks__c, CMPL123__Description__c, CMPL123__Is_Active__c, CMPL123__Key_Value__c, CMPL123__Related_Object__c  FROM  CMPL123__X123Task__c WHERE Id IN ('a1N5r000001W2xkEAC', 'a1N5r000001WwPxEAK', 'a1N5r000001WwqiEAC').
 [13:42:17.518] {CMPL123__X123Task__c} Data retrieval (Source) has been completed. Got 3 new records.

 [13:42:17.520] PASS 4
 =============
 [13:42:17.523] No records

 TARGET:
 =============
 [13:42:17.525] No records
 [13:42:17.525] Data retrieval (STAGE 2) has been completed.

 TRIGGERING ADD-ON EVENTS ...
 [13:42:17.527] No Add-On modules found to run.


 DATA RETRIEVAL SUMMARY.
 [13:42:17.529] {CMPL123__WF_Rule__c} The total amount of the retrieved records: 3/0.
 [13:42:17.529] {CMPL123__WF_Step__c} The total amount of the retrieved records: 31/0.
 [13:42:17.530] {CMPL123__Record_Access_Rule__c} The total amount of the retrieved records: 0/0.
 [13:42:17.531] {CMPL123__AuditTrail_Config__c} The total amount of the retrieved records: 152/0.
 [13:42:17.531] {CMPL123__WF_Action__c} The total amount of the retrieved records: 21/0.
 [13:42:17.532] {CMPL123__WF_Status__c} The total amount of the retrieved records: 19/0.
 [13:42:17.533] {CMPL123__WF_Phase__c} The total amount of the retrieved records: 11/0.
 [13:42:17.533] {CMPL123__WF_Rule_Phase__c} The total amount of the retrieved records: 11/0.
 [13:42:17.534] {CMPL123__WF_Phase_Status__c} The total amount of the retrieved records: 18/0.
 [13:42:17.535] {CMPL123__Context_Based_Security__c} The total amount of the retrieved records: 0/0.
 [13:42:17.535] {CMPL123__X123Task__c} The total amount of the retrieved records: 3/0.
 [13:42:17.536] {CMPL123__X123Job__c} The total amount of the retrieved records: 3/0.
 [13:42:17.536] {CMPL123__Job_Field_Map__c} The total amount of the retrieved records: 0/0.
 [13:42:17.537] {CMPL123__Valid_Child_Status__c} The total amount of the retrieved records: 156/0.
 [13:42:17.537] {CMPL123__WF_Step_Extension__c} The total amount of the retrieved records: 20/0.

 UPDATING THE TARGET (STAGE 1) ...
 [13:42:17.539] {CMPL123__WF_Rule__c} Creating the file /Users/Brian.Lavin/Projects/olympus-dx/sfdmu-data/CMPL123__WF_Rule__c.csv ...
 [13:42:17.544] {CMPL123__WF_Rule__c} The Target has been updated. Totally processed 3 records.

 [13:42:17.545] {CMPL123__WF_Action__c} Creating the file /Users/Brian.Lavin/Projects/olympus-dx/sfdmu-data/CMPL123__WF_Action__c.csv ...
 [13:42:17.548] {CMPL123__WF_Action__c} The Target has been updated. Totally processed 21 records.

 [13:42:17.549] {CMPL123__WF_Status__c} Creating the file /Users/Brian.Lavin/Projects/olympus-dx/sfdmu-data/CMPL123__WF_Status__c.csv ...
 [13:42:17.568] {CMPL123__WF_Status__c} The Target has been updated. Totally processed 19 records.

 [13:42:17.569] {CMPL123__WF_Step__c} Creating the file /Users/Brian.Lavin/Projects/olympus-dx/sfdmu-data/CMPL123__WF_Step__c.csv ...
 [13:42:17.574] {CMPL123__WF_Step__c} The Target has been updated. Totally processed 31 records.

 [13:42:17.575] {CMPL123__WF_Phase__c} Creating the file /Users/Brian.Lavin/Projects/olympus-dx/sfdmu-data/CMPL123__WF_Phase__c.csv ...
 [13:42:17.578] {CMPL123__WF_Phase__c} The Target has been updated. Totally processed 11 records.

 [13:42:17.579] {CMPL123__WF_Rule_Phase__c} Creating the file /Users/Brian.Lavin/Projects/olympus-dx/sfdmu-data/CMPL123__WF_Rule_Phase__c.csv ...
 [13:42:17.581] {CMPL123__WF_Rule_Phase__c} The Target has been updated. Totally processed 11 records.

 [13:42:17.582] {CMPL123__WF_Phase_Status__c} Creating the file /Users/Brian.Lavin/Projects/olympus-dx/sfdmu-data/CMPL123__WF_Phase_Status__c.csv ...
 [13:42:17.585] {CMPL123__WF_Phase_Status__c} The Target has been updated. Totally processed 18 records.

 [13:42:17.585] {CMPL123__Context_Based_Security__c} Creating the file /Users/Brian.Lavin/Projects/olympus-dx/sfdmu-data/CMPL123__Context_Based_Security__c.csv ...
 [13:42:17.587] {CMPL123__X123Task__c} Creating the file /Users/Brian.Lavin/Projects/olympus-dx/sfdmu-data/CMPL123__X123Task__c.csv ...
 [13:42:17.589] {CMPL123__X123Task__c} The Target has been updated. Totally processed 3 records.

 [13:42:17.590] {CMPL123__X123Job__c} Creating the file /Users/Brian.Lavin/Projects/olympus-dx/sfdmu-data/CMPL123__X123Job__c.csv ...
 [13:42:17.592] {CMPL123__X123Job__c} The Target has been updated. Totally processed 3 records.

 [13:42:17.594] {CMPL123__Job_Field_Map__c} Creating the file /Users/Brian.Lavin/Projects/olympus-dx/sfdmu-data/CMPL123__Job_Field_Map__c.csv ...
 [13:42:17.595] {CMPL123__Record_Access_Rule__c} Creating the file /Users/Brian.Lavin/Projects/olympus-dx/sfdmu-data/CMPL123__Record_Access_Rule__c.csv ...
 [13:42:17.596] {CMPL123__Valid_Child_Status__c} Creating the file /Users/Brian.Lavin/Projects/olympus-dx/sfdmu-data/CMPL123__Valid_Child_Status__c.csv ...
 [13:42:17.622] {CMPL123__Valid_Child_Status__c} The Target has been updated. Totally processed 156 records.

 [13:42:17.624] {CMPL123__WF_Step_Extension__c} Creating the file /Users/Brian.Lavin/Projects/olympus-dx/sfdmu-data/CMPL123__WF_Step_Extension__c.csv ...
 [13:42:17.626] {CMPL123__WF_Step_Extension__c} The Target has been updated. Totally processed 20 records.

 [13:42:17.627] {CMPL123__AuditTrail_Config__c} Creating the file /Users/Brian.Lavin/Projects/olympus-dx/sfdmu-data/CMPL123__AuditTrail_Config__c.csv ...
 [13:42:17.634] {CMPL123__AuditTrail_Config__c} The Target has been updated. Totally processed 152 records.


 [13:42:17.636] The Target (STAGE 1) has been updated. Totally processed 448 records.

 UPDATING THE TARGET (STAGE 2) ...

 [13:42:17.638] Nothing was updated.

 TRIGGERING ADD-ON EVENTS ...
 [13:42:17.640] No Add-On modules found to run.


 DATA PROCESSING SUMMARY.
 [13:42:17.642] {CMPL123__WF_Rule__c} Totally processed 3 records.
 [13:42:17.643] {CMPL123__WF_Step__c} Totally processed 31 records.
 [13:42:17.644] {CMPL123__Record_Access_Rule__c} Totally processed 0 records.
 [13:42:17.644] {CMPL123__AuditTrail_Config__c} Totally processed 152 records.
 [13:42:17.645] {CMPL123__WF_Action__c} Totally processed 21 records.
 [13:42:17.646] {CMPL123__WF_Status__c} Totally processed 19 records.
 [13:42:17.646] {CMPL123__WF_Phase__c} Totally processed 11 records.
 [13:42:17.647] {CMPL123__WF_Rule_Phase__c} Totally processed 11 records.
 [13:42:17.649] {CMPL123__WF_Phase_Status__c} Totally processed 18 records.
 [13:42:17.667] {CMPL123__Context_Based_Security__c} Totally processed 0 records.
 [13:42:17.667] {CMPL123__X123Task__c} Totally processed 3 records.
 [13:42:17.668] {CMPL123__X123Job__c} Totally processed 3 records.
 [13:42:17.668] {CMPL123__Job_Field_Map__c} Totally processed 0 records.
 [13:42:17.669] {CMPL123__Valid_Child_Status__c} Totally processed 156 records.
 [13:42:17.670] {CMPL123__WF_Step_Extension__c} Totally processed 20 records.

 [13:42:17.673] Writing to /Users/Brian.Lavin/Projects/olympus-dx/sfdmu-data/MissingParentRecordsReport.csv ...


 TRIGGERING ADD-ON EVENTS ...
 [13:42:17.677] No Add-On modules found to run.


 [13:42:17.680] Command succeeded.
 [13:42:17.681] Execution of the command sfdmu:run has been completed. Exit code 0 (SUCCESS).
 [13:42:17.682] Total time elapsed: 00h 01m 55s 742ms .