
 [15:19:16.949] Execution of the command sfdmu:run has been started.
 [15:19:16.972] newLine
 LOADING AND VALIDATING THE EXPORT.JSON SCRIPT ...
 [15:19:16.991] newLine
 OBJECT SET #1 STARTED
 [15:19:16.994] newLine
 {
   "Running Plugin version": "4.33.15"
}
 {
   "Running Add-On API version": "1.5.0"
}
 [15:19:17.6] newLine
 [15:19:17.9] Loading Core Add-On Module declarations ...
 [15:19:17.282] Connecting to the olympus-dev2 using SFDX sf org display ...
 [15:19:22.982] Successfully connected to the olympus-dev2.
 {
   "Source": "olympus-dev2.",
   "Target": "csvfile.",
   "Package script": "C:\\SalesForce\\olympus-dx\\sfdmu-data\\export.json."
}
 [15:19:24.370] newLine
 GETTING AND ANALYSING OBJECT METADATA ...
 [15:19:24.374] Processing the object CMPL123__WF_Rule__c ...
 [15:19:24.377] Fetching metadata of the CMPL123__WF_Rule__c (Source) ...
 [15:19:25.189] Processing the object CMPL123__WF_Step__c ...
 [15:19:25.193] Fetching metadata of the CMPL123__WF_Step__c (Source) ...
 [15:19:26.255] Processing the object CMPL123__WF_Phase__c ...
 [15:19:26.258] Fetching metadata of the CMPL123__WF_Phase__c (Source) ...
 [15:19:27.69] Processing the object CMPL123__WF_Rule_Phase__c ...
 [15:19:27.72] Fetching metadata of the CMPL123__WF_Rule_Phase__c (Source) ...
 [15:19:27.975] Processing the object CMPL123__WF_Phase_Status__c ...
 [15:19:27.978] Fetching metadata of the CMPL123__WF_Phase_Status__c (Source) ...
 [15:19:28.812] Processing the object CMPL123__Context_Based_Security__c ...
 [15:19:28.815] Fetching metadata of the CMPL123__Context_Based_Security__c (Source) ...
 [15:19:29.631] Processing the object CMPL123__Job_Field_Map__c ...
 [15:19:29.633] Fetching metadata of the CMPL123__Job_Field_Map__c (Source) ...
 [15:19:30.859] Processing the object CMPL123__Record_Access_Rule__c ...
 [15:19:30.861] Fetching metadata of the CMPL123__Record_Access_Rule__c (Source) ...
 [15:19:32.113] Processing the object CMPL123__Valid_Child_Status__c ...
 [15:19:32.116] Fetching metadata of the CMPL123__Valid_Child_Status__c (Source) ...
 [15:19:32.931] Processing the object CMPL123__WF_Action__c ...
 [15:19:32.933] Fetching metadata of the CMPL123__WF_Action__c (Source) ...
 [15:19:34.178] Processing the object CMPL123__WF_Status__c ...
 [15:19:34.180] Fetching metadata of the CMPL123__WF_Status__c (Source) ...
 [15:19:34.988] Processing the object CMPL123__X123Job__c ...
 [15:19:34.990] Fetching metadata of the CMPL123__X123Job__c (Source) ...
 [15:19:35.821] Processing the object CMPL123__X123Task__c ...
 [15:19:35.823] Fetching metadata of the CMPL123__X123Task__c (Source) ...
 [15:19:36.993] Processing the object CMPL123__WF_Step_Extension__c ...
 [15:19:36.996] Fetching metadata of the CMPL123__WF_Step_Extension__c (Source) ...
 [15:19:37.838] Fetching metadata of the Group (Source) ...
 [15:19:38.529] Processing the object CMPL123__WF_Step_Extension__c ...
 [15:19:38.533] Processing the object CMPL123__X123Task__c ...
 [15:19:38.534] Processing the object CMPL123__X123Job__c ...
 [15:19:38.536] Processing the object CMPL123__WF_Status__c ...
 [15:19:38.538] Processing the object CMPL123__WF_Action__c ...
 [15:19:38.540] Processing the object CMPL123__Valid_Child_Status__c ...
 [15:19:38.542] Processing the object CMPL123__Record_Access_Rule__c ...
 [15:19:38.543] Processing the object CMPL123__Job_Field_Map__c ...
 [15:19:38.545] Processing the object CMPL123__Context_Based_Security__c ...
 [15:19:38.548] Processing the object CMPL123__WF_Phase_Status__c ...
 [15:19:38.550] Processing the object CMPL123__WF_Rule_Phase__c ...
 [15:19:38.551] Processing the object CMPL123__WF_Phase__c ...
 [15:19:38.553] Processing the object CMPL123__WF_Step__c ...
 [15:19:38.558] Processing the object CMPL123__WF_Rule__c ...
 [15:19:38.561] newLine
 PREPARING DATA MIGRATION JOB ...
 [15:19:38.564] Building the migration strategy ...
 {
   "Order of objects to query": "CMPL123__WF_Rule__c; CMPL123__WF_Step__c; CMPL123__Record_Access_Rule__c; CMPL123__WF_Action__c; CMPL123__WF_Status__c; CMPL123__WF_Phase__c; CMPL123__WF_Rule_Phase__c; CMPL123__WF_Phase_Status__c; CMPL123__Context_Based_Security__c; CMPL123__X123Task__c; CMPL123__X123Job__c; CMPL123__Job_Field_Map__c; CMPL123__Valid_Child_Status__c; CMPL123__WF_Step_Extension__c"
}
 {
   "Order of objects to delete": "CMPL123__WF_Step_Extension__c; CMPL123__Valid_Child_Status__c; CMPL123__Record_Access_Rule__c; CMPL123__Job_Field_Map__c; CMPL123__X123Job__c; CMPL123__X123Task__c; CMPL123__Context_Based_Security__c; CMPL123__WF_Phase_Status__c; CMPL123__WF_Rule_Phase__c; CMPL123__WF_Phase__c; CMPL123__WF_Step__c; CMPL123__WF_Status__c; CMPL123__WF_Action__c; CMPL123__WF_Rule__c"
}
 {
   "Order of objects to update": "CMPL123__WF_Rule__c; CMPL123__WF_Action__c; CMPL123__WF_Status__c; CMPL123__WF_Step__c; CMPL123__WF_Phase__c; CMPL123__WF_Rule_Phase__c; CMPL123__WF_Phase_Status__c; CMPL123__Context_Based_Security__c; CMPL123__X123Task__c; CMPL123__X123Job__c; CMPL123__Job_Field_Map__c; CMPL123__Record_Access_Rule__c; CMPL123__Valid_Child_Status__c; CMPL123__WF_Step_Extension__c"
}
 [15:19:38.577] Preparing of the data migration job has been completed.
 [15:19:38.579] newLine
 ANALYSING DATA...
 [15:19:38.859] {CMPL123__WF_Rule__c} The original query string of this object is returning 3 records from the Source org.
 [15:19:39.128] {CMPL123__WF_Action__c} The original query string of this object is returning 230 records from the Source org.
 [15:19:39.401] {CMPL123__WF_Status__c} The original query string of this object is returning 162 records from the Source org.
 [15:19:39.679] {CMPL123__WF_Step__c} The original query string of this object is returning 36 records from the Source org.
 [15:19:39.950] {CMPL123__WF_Phase__c} The original query string of this object is returning 45 records from the Source org.
 [15:19:40.215] {CMPL123__WF_Rule_Phase__c} The original query string of this object is returning 64 records from the Source org.
 [15:19:40.479] {CMPL123__WF_Phase_Status__c} The original query string of this object is returning 103 records from the Source org.
 [15:19:40.737] {CMPL123__Context_Based_Security__c} The original query string of this object is returning 0 records from the Source org.
 [15:19:41.425] {CMPL123__X123Task__c} The original query string of this object is returning 13 records from the Source org.
 [15:19:42.123] {CMPL123__X123Job__c} The original query string of this object is returning 14 records from the Source org.
 [15:19:42.815] {CMPL123__Job_Field_Map__c} The original query string of this object is returning 6 records from the Source org.
 [15:19:43.153] {CMPL123__Record_Access_Rule__c} The original query string of this object is returning 0 records from the Source org.
 [15:19:43.417] {CMPL123__Valid_Child_Status__c} The original query string of this object is returning 256 records from the Source org.
 [15:19:43.684] {CMPL123__WF_Step_Extension__c} The original query string of this object is returning 86 records from the Source org.
 [15:19:43.687] newLine
 TRIGGERING ADD-ON EVENTS ...
 [15:19:43.692] No Add-On modules found to run.
 [15:19:43.694] newLine
 [15:19:43.696] Ready to process the data.
 [15:19:43.698] newLine
 DELETING OLD DATA FROM THE TARGET ...
 [15:19:43.701] {CMPL123__WF_Step_Extension__c} No records to delete.
 [15:19:43.702] {CMPL123__Valid_Child_Status__c} No records to delete.
 [15:19:43.704] {CMPL123__Record_Access_Rule__c} No records to delete.
 [15:19:43.706] {CMPL123__Job_Field_Map__c} No records to delete.
 [15:19:43.708] {CMPL123__X123Job__c} No records to delete.
 [15:19:43.709] {CMPL123__X123Task__c} No records to delete.
 [15:19:43.711] {CMPL123__Context_Based_Security__c} No records to delete.
 [15:19:43.712] {CMPL123__WF_Phase_Status__c} No records to delete.
 [15:19:43.713] {CMPL123__WF_Rule_Phase__c} No records to delete.
 [15:19:43.715] {CMPL123__WF_Phase__c} No records to delete.
 [15:19:43.716] {CMPL123__WF_Step__c} No records to delete.
 [15:19:43.717] {CMPL123__WF_Status__c} No records to delete.
 [15:19:43.719] {CMPL123__WF_Action__c} No records to delete.
 [15:19:43.721] {CMPL123__WF_Rule__c} No records to delete.
 [15:19:43.722] Deleting data was skipped.
 [15:19:43.726] newLine
 SOURCE:
 =============
 [15:19:43.730] newLine
 FETCHING THE DATA (STAGE 1) ...
 [15:19:43.736] {CMPL123__WF_Rule__c} Fetching the Source data from Org (STAGE 1: all records) ...
 [15:19:43.738] {CMPL123__WF_Rule__c} Query string: SELECT Id, Name, CMPL123__WF_Rule_External_Id__c, CMPL123__Description__c, CMPL123__Has_Cycle_Time_Metrics_Fields__c, CMPL123__Has_Multiple_Actions__c, CMPL123__Is_Active__c, CMPL123__Record_Type__c, CMPL123__Target_Object__c, CMPL123__Target_Object_... FROM  CMPL123__WF_Rule__c WHERE Name in ('Due Diligence Workflow', 'eMDR Workflow', 'Assessment (US MDR)').
 [15:19:43.744] {CMPL123__WF_Rule__c} Using REST API to retrieve the data ...
 [15:19:44.42] {CMPL123__WF_Rule__c} Data retrieval (Source) has been completed. Got 3 new records.
 [15:19:44.45] {CMPL123__WF_Step__c} Fetching the Source data from Org (STAGE 1: all records) ...
 [15:19:44.47] {CMPL123__WF_Step__c} Query string: SELECT Id, CMPL123__WF_Step_External_Id__c, CMPL123__WF_Rule__c, CMPL123__Action__c, CMPL123__Are_Child_Files_Locked__c, CMPL123__Are_Child_Records_Locked__c, CMPL123__End_Status__c, CMPL123__Is_Record_Lock_Required__c, CMPL123__Is_Related_Lists_Lock... FROM  CMPL123__WF_Step__c WHERE CMPL123__WF_Rule__r.Name in ('Due Diligence Workflow', 'eMDR Workflow', 'Assessment (US MDR)').
 [15:19:44.59] {CMPL123__WF_Step__c} Using REST API to retrieve the data ...
 [15:19:45.110] {CMPL123__WF_Step__c} Data retrieval (Source) has been completed. Got 36 new records.
 [15:19:45.112] {CMPL123__Record_Access_Rule__c} Fetching the Source data from Org (STAGE 1: all records) ...
 [15:19:45.114] {CMPL123__Record_Access_Rule__c} Query string: SELECT Id, Name, CMPL123__Record_Access_Rule_External_Id__c, CMPL123__API_Path_to_User_Relationship__c, CMPL123__Active_of_the_rule__c, CMPL123__Apex_Sharing_Reason__c, CMPL123__Child_Objects__c, CMPL123__Target_Object__c, CMPL123__User_Field_Name__c... FROM  CMPL123__Record_Access_Rule__c.
 [15:19:45.116] {CMPL123__Record_Access_Rule__c} Using REST API to retrieve the data ...
 [15:19:45.387] {CMPL123__Record_Access_Rule__c} Data retrieval (Source) has been completed. Got 0 new records.
 [15:19:45.393] Data retrieval (STAGE 1) has been completed.
 [15:19:45.394] newLine
 FETCHING THE DATA (STAGE 2) ...
 [15:19:45.398] PASS 1
 =============
 [15:19:45.404] {CMPL123__WF_Rule_Phase__c} Fetching the Source data from Org (STAGE 2: filtered records) ...
 [15:19:45.406] {CMPL123__WF_Rule_Phase__c} Query string: SELECT Id, Name, CMPL123__WF_Rule_Phase_External_Id__c, CMPL123__Order__c, CMPL123__Workflow_Phase__c, CMPL123__Workflow_Rule__c, CMPL123__Workflow_Phase__r.CMPL123__WF_Phase_External_Id__c, CMPL123__Workflow_Rule__r.CMPL123__WF_Rule_External_Id__c  FROM  CMPL123__WF_Rule_Phase__c WHERE CMPL123__Workflow_Rule__c IN ('a1I5r000001zzoTEAQ', 'a1I5r00000202PmEAI', 'a1I5r00000209TaEAI').
 [15:19:45.413] {CMPL123__WF_Rule_Phase__c} Using REST API to retrieve the data ...
 [15:19:45.862] {CMPL123__WF_Rule_Phase__c} Data retrieval (Source) has been completed. Got 8 new records.
 [15:19:45.864] {CMPL123__WF_Phase_Status__c} Fetching the Source data from Org (STAGE 2: filtered records) ...
 [15:19:45.865] {CMPL123__WF_Phase_Status__c} Query string: SELECT Id, CMPL123__WF_Phase_Status_External_Id__c, CMPL123__Workflow_Rule_Phase__c, CMPL123__Workflow_Status__c, Workflow_Phase__c, Workflow_Rule__c, Workflow_Status_hyperlink__c, CMPL123__Workflow_Rule_Phase__r.CMPL123__WF_Rule_Phase_External_Id__c... FROM  CMPL123__WF_Phase_Status__c WHERE CMPL123__Workflow_Rule_Phase__c IN ('a1H5r00000190dcEAA', 'a1H5r00000190ddEAA', 'a1H5r00000190deEAA', 'a1H5r00000190dhEAA', 'a1H5r00000199jpEAA', 'a1H5r00000199jqEAA', 'a1H5r00000199jrEAA', 'a1H5r000001M0uIEAS').
 [15:19:45.869] {CMPL123__WF_Phase_Status__c} Using REST API to retrieve the data ...
 [15:19:46.858] {CMPL123__WF_Phase_Status__c} Data retrieval (Source) has been completed. Got 15 new records.
 [15:19:46.861] {CMPL123__Context_Based_Security__c} Fetching the Source data from Org (STAGE 2: filtered records) ...
 [15:19:46.863] {CMPL123__Context_Based_Security__c} Query string: SELECT Id, Name, CMPL123__Access_Type__c, CMPL123__Config_Deploy_Id__c, CMPL123__Initial_CBS__c, CMPL123__User_Field_On_Record__c, CMPL123__Workflow_Rule__c, CMPL123__Workflow_Step__c, CMPL123__Corresponding_Object__c, CMPL123__Workflow_Rule__r.CMPL1... FROM  CMPL123__Context_Based_Security__c WHERE CMPL123__Workflow_Rule__c IN ('a1I5r000001zzoTEAQ', 'a1I5r00000202PmEAI', 'a1I5r00000209TaEAI').
 [15:19:46.866] {CMPL123__Context_Based_Security__c} Using REST API to retrieve the data ...
 [15:19:47.153] {CMPL123__Context_Based_Security__c} Query string: SELECT Id, Name, CMPL123__Access_Type__c, CMPL123__Config_Deploy_Id__c, CMPL123__Initial_CBS__c, CMPL123__User_Field_On_Record__c, CMPL123__Workflow_Rule__c, CMPL123__Workflow_Step__c, CMPL123__Corresponding_Object__c, CMPL123__Workflow_Rule__r.CMPL1... FROM  CMPL123__Context_Based_Security__c WHERE CMPL123__Workflow_Step__c IN ('a1L5r000000w9bSEAQ', 'a1L5r000000w9bTEAQ', 'a1L5r000000w9bUEAQ', 'a1L5r000000w9bbEAA', 'a1L5r000000w9biEAA', 'a1L5r000000w9bjEAA', 'a1L5r000000wEOOEA2', 'a1L5r000000wEOPEA2', 'a....
 [15:19:47.160] {CMPL123__Context_Based_Security__c} Using REST API to retrieve the data ...
 [15:19:47.471] {CMPL123__Context_Based_Security__c} Data retrieval (Source) has been completed. Got 0 new records.
 [15:19:47.475] {CMPL123__X123Job__c} Fetching the Source data from Org (STAGE 2: filtered records) ...
 [15:19:47.477] {CMPL123__X123Job__c} Query string: SELECT Id, Name, CMPL123__Job_External_Id__c, CMPL123__Child_Filter_Condition__c, CMPL123__Description__c, CMPL123__Is_Active__c, CMPL123__Job_Type__c, CMPL123__Related_Task__c, CMPL123__Workflow_Step__c, CMPL123__Related_Task__r.CMPL123__Task_Extern... FROM  CMPL123__X123Job__c WHERE CMPL123__Workflow_Step__c IN ('a1L5r000000w9bSEAQ', 'a1L5r000000w9bTEAQ', 'a1L5r000000w9bUEAQ', 'a1L5r000000w9bbEAA', 'a1L5r000000w9biEAA', 'a1L5r000000w9bjEAA', 'a1L5r000000wEOOEA2', 'a1L5r000000wEOPEA2', 'a1L5r000000wEOQE....
 [15:19:47.481] {CMPL123__X123Job__c} Using REST API to retrieve the data ...
 [15:19:48.196] {CMPL123__X123Job__c} Data retrieval (Source) has been completed. Got 5 new records.
 [15:19:48.199] {CMPL123__Job_Field_Map__c} Fetching the Source data from Org (STAGE 2: filtered records) ...
 [15:19:48.200] {CMPL123__Job_Field_Map__c} Query string: SELECT Id, Name, CMPL123__Job_Field_Map_External_Id__c, CMPL123__Data_Type__c, CMPL123__Field_Name__c, CMPL123__Is_Dynamic__c, CMPL123__Object_Name__c, CMPL123__Parent_Job__c, CMPL123__Relationship_Name__c, CMPL123__Value__c, CMPL123__Parent_Job__r.C... FROM  CMPL123__Job_Field_Map__c WHERE CMPL123__Parent_Job__c IN ('a1M5r000001tcEZEAY', 'a1M5r000001td9pEAA', 'a1M5r000001tdA9EAI', 'a1M5r000001thvhEAA', 'a1M5r000001tkV0EAI').
 [15:19:48.203] {CMPL123__Job_Field_Map__c} Using REST API to retrieve the data ...
 [15:19:48.509] {CMPL123__Job_Field_Map__c} Data retrieval (Source) has been completed. Got 0 new records.
 [15:19:48.512] {CMPL123__Valid_Child_Status__c} Fetching the Source data from Org (STAGE 2: filtered records) ...
 [15:19:48.513] {CMPL123__Valid_Child_Status__c} Query string: SELECT Id, Name, CMPL123__Valid_Child_Status_External_Id__c, CMPL123__Parent_Workflow_Step__c, CMPL123__Child_Relationship__c, CMPL123__Description__c, CMPL123__Required_Child_Workflow_Status__c, Parent_Workflow_Action__c, Parent_Workflow_Rule__c, Ch... FROM  CMPL123__Valid_Child_Status__c WHERE CMPL123__Parent_Workflow_Step__c IN ('a1L5r000000w9bSEAQ', 'a1L5r000000w9bTEAQ', 'a1L5r000000w9bUEAQ', 'a1L5r000000w9bbEAA', 'a1L5r000000w9biEAA', 'a1L5r000000w9bjEAA', 'a1L5r000000wEOOEA2', 'a1L5r000000wEOPEA2',....
 [15:19:48.518] {CMPL123__Valid_Child_Status__c} Using REST API to retrieve the data ...
 [15:19:49.251] {CMPL123__Valid_Child_Status__c} Data retrieval (Source) has been completed. Got 0 new records.
 [15:19:49.255] {CMPL123__WF_Step_Extension__c} Fetching the Source data from Org (STAGE 2: filtered records) ...
 [15:19:49.257] {CMPL123__WF_Step_Extension__c} Query string: SELECT Id, Name, CMPL123__External_Id__c, CMPL123__Parent_Workflow_Step__c, CMPL123__Apply_To_Automated_User__c, CMPL123__Are_Child_Files_Locked__c, CMPL123__Is_Record_Lock_Required__c, CMPL123__Is_Related_Lists_Locked__c, CMPL123__Object_Related_Lis... FROM  CMPL123__WF_Step_Extension__c WHERE CMPL123__Parent_Workflow_Step__c IN ('a1L5r000000w9bSEAQ', 'a1L5r000000w9bTEAQ', 'a1L5r000000w9bUEAQ', 'a1L5r000000w9bbEAA', 'a1L5r000000w9biEAA', 'a1L5r000000w9bjEAA', 'a1L5r000000wEOOEA2', 'a1L5r000000wEOPEA2', ....
 [15:19:49.260] {CMPL123__WF_Step_Extension__c} Using REST API to retrieve the data ...
 [15:19:49.823] {CMPL123__WF_Step_Extension__c} Data retrieval (Source) has been completed. Got 35 new records.
 [15:19:49.825] newLine
 [15:19:49.826] PASS 2
 =============
 [15:19:49.829] No records
 [15:19:49.831] newLine
 [15:19:49.832] PASS 3
 =============
 [15:19:49.835] {CMPL123__WF_Action__c} Fetching the Source data from Org (STAGE 1: filtered records) ...
 [15:19:49.836] {CMPL123__WF_Action__c} Query string: SELECT Id, Name, CMPL123__WF_Action_External_Id__c, CMPL123__Action_Custom_Label__c, CMPL123__Comment_Type__c, CMPL123__Description__c, CMPL123__E_Sign_Message_Custom_Label__c, CMPL123__Esign_Message__c, CMPL123__Generic_Comment__c, CMPL123__Is_Comme... FROM  CMPL123__WF_Action__c WHERE Id IN ('a1D5r000000hToaEAE', 'a1D5r000000hToZEAU', 'a1D5r000000hTmdEAE', 'a1D5r000000hTmXEAU', 'a1D5r000000hTmhEAE', 'a1D5r000000hfaSEAQ', 'a1D5r000000hb6oEAA', 'a1D5r000000hTp8EAE', 'a1D5r000000hTpJEAU', 'a1D5r000000hb6j....
 [15:19:49.840] {CMPL123__WF_Action__c} Using REST API to retrieve the data ...
 [15:19:50.270] {CMPL123__WF_Action__c} Data retrieval (Source) has been completed. Got 23 new records.
 [15:19:50.272] {CMPL123__WF_Status__c} Fetching the Source data from Org (STAGE 1: filtered records) ...
 [15:19:50.274] {CMPL123__WF_Status__c} Query string: SELECT Id, Name, CMPL123__WF_Status_External_Id__c, CMPL123__Description__c, CMPL123__Status_Custom_Label__c  FROM  CMPL123__WF_Status__c WHERE Id IN ('a1J5r000001NvJyEAK', 'a1J5r000001MHBpEAO', 'a1J5r000001MHAlEAO', 'a1J5r000001MHAxEAO', 'a1J5r000001MHAkEAO', 'a1J5r000001MHAHEA4', 'a1J5r000001MHADEA4', 'a1J5r000001NrVaEAK', 'a1J5r000001NrVQEA0', 'a1J5r000001NrVV....
 [15:19:50.276] {CMPL123__WF_Status__c} Using REST API to retrieve the data ...
 [15:19:51.99] {CMPL123__WF_Status__c} Data retrieval (Source) has been completed. Got 18 new records.
 [15:19:51.102] {CMPL123__WF_Phase__c} Fetching the Source data from Org (STAGE 1: filtered records) ...
 [15:19:51.103] {CMPL123__WF_Phase__c} Query string: SELECT Id, Name, CMPL123__WF_Phase_External_Id__c, CMPL123__Description__c, CMPL123__Phase_Custom_Label__c, CMPL123__Work_Instructions_Custom_Label__c, CMPL123__Work_Instructions_HTML__c, CMPL123__Work_Instructions__c  FROM  CMPL123__WF_Phase__c WHERE Id IN ('a1G5r000001niyGEAQ', 'a1G5r000001niyHEAQ', 'a1G5r000001niyIEAQ', 'a1G5r000001oavXEAQ', 'a1G5r000001oRKsEAM', 'a1G5r000001oRKpEAM', 'a1G5r0000020P4pEAE').
 [15:19:51.106] {CMPL123__WF_Phase__c} Using REST API to retrieve the data ...
 [15:19:51.530] {CMPL123__WF_Phase__c} Data retrieval (Source) has been completed. Got 7 new records.
 [15:19:51.533] {CMPL123__WF_Rule_Phase__c} Fetching the Source data from Org (STAGE 1: filtered records) ...
 [15:19:51.534] {CMPL123__WF_Rule_Phase__c} Query string: SELECT Id, Name, CMPL123__WF_Rule_Phase_External_Id__c, CMPL123__Order__c, CMPL123__Workflow_Phase__c, CMPL123__Workflow_Rule__c, CMPL123__Workflow_Phase__r.CMPL123__WF_Phase_External_Id__c, CMPL123__Workflow_Rule__r.CMPL123__WF_Rule_External_Id__c  FROM  CMPL123__WF_Rule_Phase__c WHERE Id IN ('a1H5r00000190dcEAA', 'a1H5r00000190ddEAA', 'a1H5r00000190dhEAA', 'a1H5r00000190deEAA', 'a1H5r000001M0uIEAS', 'a1H5r00000199jqEAA', 'a1H5r00000199jrEAA', 'a1H5r00000199jpEAA').
 [15:19:51.537] {CMPL123__WF_Rule_Phase__c} Using REST API to retrieve the data ...
 [15:19:51.958] {CMPL123__WF_Rule_Phase__c} Data retrieval (Source) has been completed. Got 0 new records.
 [15:19:51.961] {CMPL123__X123Task__c} Fetching the Source data from Org (STAGE 1: filtered records) ...
 [15:19:51.963] {CMPL123__X123Task__c} Query string: SELECT Id, Name, CMPL123__Task_External_Id__c, CMPL123__Allow_Partial_Processing_for_123_Tasks__c, CMPL123__Description__c, CMPL123__Is_Active__c, CMPL123__Key_Value__c, CMPL123__Related_Object__c  FROM  CMPL123__X123Task__c WHERE Id IN ('a1N5r000001WeDiEAK', 'a1N5r000001WegTEAS', 'a1N5r000001WegdEAC', 'a1N5r000001WrNsEAK', 'a1N5r000001WwQ2EAK').
 [15:19:51.965] {CMPL123__X123Task__c} Using REST API to retrieve the data ...
 [15:19:52.662] {CMPL123__X123Task__c} Data retrieval (Source) has been completed. Got 5 new records.
 [15:19:52.665] newLine
 [15:19:52.666] PASS 4
 =============
 [15:19:52.670] No records
 [15:19:52.672] newLine
 TARGET:
 =============
 [15:19:52.677] No records
 [15:19:52.678] Data retrieval (STAGE 2) has been completed.
 [15:19:52.680] newLine
 TRIGGERING ADD-ON EVENTS ...
 [15:19:52.682] No Add-On modules found to run.
 [15:19:52.683] newLine
 [15:19:52.685] newLine
 DATA RETRIEVAL SUMMARY.
 [15:19:52.688] {CMPL123__WF_Rule__c} The total amount of the retrieved records: 3/0.
 [15:19:52.690] {CMPL123__WF_Step__c} The total amount of the retrieved records: 36/0.
 [15:19:52.691] {CMPL123__Record_Access_Rule__c} The total amount of the retrieved records: 0/0.
 [15:19:52.692] {CMPL123__WF_Action__c} The total amount of the retrieved records: 23/0.
 [15:19:52.693] {CMPL123__WF_Status__c} The total amount of the retrieved records: 18/0.
 [15:19:52.694] {CMPL123__WF_Phase__c} The total amount of the retrieved records: 7/0.
 [15:19:52.695] {CMPL123__WF_Rule_Phase__c} The total amount of the retrieved records: 8/0.
 [15:19:52.697] {CMPL123__WF_Phase_Status__c} The total amount of the retrieved records: 15/0.
 [15:19:52.698] {CMPL123__Context_Based_Security__c} The total amount of the retrieved records: 0/0.
 [15:19:52.699] {CMPL123__X123Task__c} The total amount of the retrieved records: 5/0.
 [15:19:52.701] {CMPL123__X123Job__c} The total amount of the retrieved records: 5/0.
 [15:19:52.702] {CMPL123__Job_Field_Map__c} The total amount of the retrieved records: 0/0.
 [15:19:52.704] {CMPL123__Valid_Child_Status__c} The total amount of the retrieved records: 0/0.
 [15:19:52.706] {CMPL123__WF_Step_Extension__c} The total amount of the retrieved records: 35/0.
 [15:19:52.708] newLine
 UPDATING THE TARGET (STAGE 1) ...
 [15:19:52.711] {CMPL123__WF_Rule__c} Creating the file C:\SalesForce\olympus-dx\sfdmu-data\CMPL123__WF_Rule__c.csv ...
 [15:19:52.723] {CMPL123__WF_Rule__c} The Target has been updated. Totally processed 3 records.
 [15:19:52.724] newLine
 [15:19:52.726] {CMPL123__WF_Action__c} Creating the file C:\SalesForce\olympus-dx\sfdmu-data\CMPL123__WF_Action__c.csv ...
 [15:19:52.734] {CMPL123__WF_Action__c} The Target has been updated. Totally processed 23 records.
 [15:19:52.736] newLine
 [15:19:52.738] {CMPL123__WF_Status__c} Creating the file C:\SalesForce\olympus-dx\sfdmu-data\CMPL123__WF_Status__c.csv ...
 [15:19:52.747] {CMPL123__WF_Status__c} The Target has been updated. Totally processed 18 records.
 [15:19:52.748] newLine
 [15:19:52.750] {CMPL123__WF_Step__c} Creating the file C:\SalesForce\olympus-dx\sfdmu-data\CMPL123__WF_Step__c.csv ...
 [15:19:52.770] {CMPL123__WF_Step__c} The Target has been updated. Totally processed 36 records.
 [15:19:52.771] newLine
 [15:19:52.773] {CMPL123__WF_Phase__c} Creating the file C:\SalesForce\olympus-dx\sfdmu-data\CMPL123__WF_Phase__c.csv ...
 [15:19:52.784] {CMPL123__WF_Phase__c} The Target has been updated. Totally processed 7 records.
 [15:19:52.786] newLine
 [15:19:52.788] {CMPL123__WF_Rule_Phase__c} Creating the file C:\SalesForce\olympus-dx\sfdmu-data\CMPL123__WF_Rule_Phase__c.csv ...
 [15:19:52.797] {CMPL123__WF_Rule_Phase__c} The Target has been updated. Totally processed 8 records.
 [15:19:52.799] newLine
 [15:19:52.800] {CMPL123__WF_Phase_Status__c} Creating the file C:\SalesForce\olympus-dx\sfdmu-data\CMPL123__WF_Phase_Status__c.csv ...
 [15:19:52.809] {CMPL123__WF_Phase_Status__c} The Target has been updated. Totally processed 15 records.
 [15:19:52.811] newLine
 [15:19:52.813] {CMPL123__Context_Based_Security__c} Creating the file C:\SalesForce\olympus-dx\sfdmu-data\CMPL123__Context_Based_Security__c.csv ...
 [15:19:52.820] {CMPL123__X123Task__c} Creating the file C:\SalesForce\olympus-dx\sfdmu-data\CMPL123__X123Task__c.csv ...
 [15:19:52.826] {CMPL123__X123Task__c} The Target has been updated. Totally processed 5 records.
 [15:19:52.828] newLine
 [15:19:52.831] {CMPL123__X123Job__c} Creating the file C:\SalesForce\olympus-dx\sfdmu-data\CMPL123__X123Job__c.csv ...
 [15:19:52.838] {CMPL123__X123Job__c} The Target has been updated. Totally processed 5 records.
 [15:19:52.840] newLine
 [15:19:52.842] {CMPL123__Job_Field_Map__c} Creating the file C:\SalesForce\olympus-dx\sfdmu-data\CMPL123__Job_Field_Map__c.csv ...
 [15:19:52.851] {CMPL123__Record_Access_Rule__c} Creating the file C:\SalesForce\olympus-dx\sfdmu-data\CMPL123__Record_Access_Rule__c.csv ...
 [15:19:52.856] {CMPL123__Valid_Child_Status__c} Creating the file C:\SalesForce\olympus-dx\sfdmu-data\CMPL123__Valid_Child_Status__c.csv ...
 [15:19:52.864] {CMPL123__WF_Step_Extension__c} Creating the file C:\SalesForce\olympus-dx\sfdmu-data\CMPL123__WF_Step_Extension__c.csv ...
 [15:19:52.881] {CMPL123__WF_Step_Extension__c} The Target has been updated. Totally processed 35 records.
 [15:19:52.883] newLine
 [15:19:52.885] newLine
 [15:19:52.886] The Target (STAGE 1) has been updated. Totally processed 155 records.
 [15:19:52.890] newLine
 UPDATING THE TARGET (STAGE 2) ...
 [15:19:52.894] newLine
 [15:19:52.896] Nothing was updated.
 [15:19:52.898] newLine
 TRIGGERING ADD-ON EVENTS ...
 [15:19:52.903] No Add-On modules found to run.
 [15:19:52.905] newLine
 [15:19:52.907] newLine
 DATA PROCESSING SUMMARY.
 [15:19:52.911] {CMPL123__WF_Rule__c} Totally processed 3 records.
 [15:19:52.912] {CMPL123__WF_Step__c} Totally processed 36 records.
 [15:19:52.914] {CMPL123__Record_Access_Rule__c} Totally processed 0 records.
 [15:19:52.916] {CMPL123__WF_Action__c} Totally processed 23 records.
 [15:19:52.917] {CMPL123__WF_Status__c} Totally processed 18 records.
 [15:19:52.925] {CMPL123__WF_Phase__c} Totally processed 7 records.
 [15:19:52.927] {CMPL123__WF_Rule_Phase__c} Totally processed 8 records.
 [15:19:52.929] {CMPL123__WF_Phase_Status__c} Totally processed 15 records.
 [15:19:52.930] {CMPL123__Context_Based_Security__c} Totally processed 0 records.
 [15:19:52.932] {CMPL123__X123Task__c} Totally processed 5 records.
 [15:19:52.934] {CMPL123__X123Job__c} Totally processed 5 records.
 [15:19:52.935] {CMPL123__Job_Field_Map__c} Totally processed 0 records.
 [15:19:52.937] {CMPL123__Valid_Child_Status__c} Totally processed 0 records.
 [15:19:52.939] {CMPL123__WF_Step_Extension__c} Totally processed 35 records.
 [15:19:52.941] newLine
 [15:19:52.944] Writing to C:\SalesForce\olympus-dx\sfdmu-data\MissingParentRecordsReport.csv ...
 [15:19:52.947] newLine
 [15:19:52.948] newLine
 TRIGGERING ADD-ON EVENTS ...
 [15:19:52.951] No Add-On modules found to run.
 [15:19:52.952] newLine

 [15:19:52.999] Command succeeded.
 [15:19:53.1] Execution of the command sfdmu:run has been completed. Exit code 0 (SUCCESS).
 [15:19:53.6] Total time elapsed: 00h 00m 36s 053ms .