
 [19:44:48.650] Execution of the command sfdmu:run has been started.
 [19:44:48.655] newLine
 LOADING AND VALIDATING THE EXPORT.JSON SCRIPT ...
 [19:44:48.686] newLine
 OBJECT SET #1 STARTED
 [19:44:48.692] newLine
 {
   "Running Plugin version": "4.33.17"
}
 {
   "Running Add-On API version": "1.5.0"
}
 [19:44:48.719] newLine
 [19:44:48.722] Loading Core Add-On Module declarations ...
 [19:44:48.726] 

### The job is running in the SIMULATION MODE ###


 [19:44:49.103] Connecting to the cminvbckup-R1 using SFDX sf org display ...
 [19:44:56.282] Successfully connected to the cminvbckup-R1.
 {
   "Source": "csvfile.",
   "Target": "cminvbckup-R1.",
   "Package script": "C:\\Users\\Himanshu.Desai\\Documents\\GitHub\\GCHS-Release-1\\sfdmu-data\\export.json."
}
 [19:45:01.348] newLine
 GETTING AND ANALYSING OBJECT METADATA ...
 [19:45:01.352] Processing the object CMPL123__WF_Rule__c ...
 [19:45:01.355] Fetching metadata of the CMPL123__WF_Rule__c (Target) ...
 [19:45:02.786] Processing the object CMPL123__WF_Step__c ...
 [19:45:02.790] Fetching metadata of the CMPL123__WF_Step__c (Target) ...
 [19:45:04.346] Processing the object CMPL123__WF_Phase__c ...
 [19:45:04.349] Fetching metadata of the CMPL123__WF_Phase__c (Target) ...
 [19:45:05.495] Processing the object CMPL123__WF_Rule_Phase__c ...
 [19:45:05.498] Fetching metadata of the CMPL123__WF_Rule_Phase__c (Target) ...
 [19:45:06.331] Processing the object CMPL123__WF_Phase_Status__c ...
 [19:45:06.334] Fetching metadata of the CMPL123__WF_Phase_Status__c (Target) ...
 [19:45:07.159] Processing the object CMPL123__Context_Based_Security__c ...
 [19:45:07.161] Fetching metadata of the CMPL123__Context_Based_Security__c (Target) ...
 [19:45:08.18] Processing the object CMPL123__Job_Field_Map__c ...
 [19:45:08.20] Fetching metadata of the CMPL123__Job_Field_Map__c (Target) ...
 [19:45:09.431] Processing the object CMPL123__Record_Access_Rule__c ...
 [19:45:09.434] Fetching metadata of the CMPL123__Record_Access_Rule__c (Target) ...
 [19:45:10.272] Processing the object CMPL123__Valid_Child_Status__c ...
 [19:45:10.275] Fetching metadata of the CMPL123__Valid_Child_Status__c (Target) ...
 [19:45:10.907] Processing the object CMPL123__WF_Action__c ...
 [19:45:10.909] Fetching metadata of the CMPL123__WF_Action__c (Target) ...
 [19:45:11.820] Processing the object CMPL123__WF_Status__c ...
 [19:45:11.823] Fetching metadata of the CMPL123__WF_Status__c (Target) ...
 [19:45:12.692] Processing the object CMPL123__X123Job__c ...
 [19:45:12.695] Fetching metadata of the CMPL123__X123Job__c (Target) ...
 [19:45:13.246] Processing the object CMPL123__X123Task__c ...
 [19:45:13.248] Fetching metadata of the CMPL123__X123Task__c (Target) ...
 [19:45:14.154] Processing the object CMPL123__WF_Step_Extension__c ...
 [19:45:14.157] Fetching metadata of the CMPL123__WF_Step_Extension__c (Target) ...
 [19:45:15.252] Processing the object CMPL123__AuditTrail_Config__c ...
 [19:45:15.255] Fetching metadata of the CMPL123__AuditTrail_Config__c (Target) ...
 [19:45:16.151] Fetching metadata of the Group (Target) ...
 [19:45:16.804] Processing the object CMPL123__AuditTrail_Config__c ...
 [19:45:16.806] Processing the object CMPL123__WF_Step_Extension__c ...
 [19:45:16.809] Processing the object CMPL123__X123Task__c ...
 [19:45:16.811] Processing the object CMPL123__X123Job__c ...
 [19:45:16.813] Processing the object CMPL123__WF_Status__c ...
 [19:45:16.815] Processing the object CMPL123__WF_Action__c ...
 [19:45:16.816] Processing the object CMPL123__Valid_Child_Status__c ...
 [19:45:16.819] Processing the object CMPL123__Record_Access_Rule__c ...
 [19:45:16.821] Processing the object CMPL123__Job_Field_Map__c ...
 [19:45:16.824] Processing the object CMPL123__Context_Based_Security__c ...
 [19:45:16.826] Processing the object CMPL123__WF_Phase_Status__c ...
 [19:45:16.828] Processing the object CMPL123__WF_Rule_Phase__c ...
 [19:45:16.830] Processing the object CMPL123__WF_Phase__c ...
 [19:45:16.833] Processing the object CMPL123__WF_Step__c ...
 [19:45:16.838] Processing the object CMPL123__WF_Rule__c ...
 [19:45:16.842] newLine
 PREPARING DATA MIGRATION JOB ...
 [19:45:16.845] Building the migration strategy ...
 {
   "Order of objects to query": "CMPL123__WF_Rule__c; CMPL123__WF_Step__c; CMPL123__Record_Access_Rule__c; CMPL123__AuditTrail_Config__c; CMPL123__WF_Action__c; CMPL123__WF_Status__c; CMPL123__WF_Phase__c; CMPL123__WF_Rule_Phase__c; CMPL123__WF_Phase_Status__c; CMPL123__Context_Based_Security__c; CMPL123__X123Task__c; CMPL123__X123Job__c; CMPL123__Job_Field_Map__c; CMPL123__Valid_Child_Status__c; CMPL123__WF_Step_Extension__c"
}
 {
   "Order of objects to delete": "CMPL123__AuditTrail_Config__c; CMPL123__WF_Step_Extension__c; CMPL123__Valid_Child_Status__c; CMPL123__Record_Access_Rule__c; CMPL123__Job_Field_Map__c; CMPL123__X123Job__c; CMPL123__X123Task__c; CMPL123__Context_Based_Security__c; CMPL123__WF_Phase_Status__c; CMPL123__WF_Rule_Phase__c; CMPL123__WF_Phase__c; CMPL123__WF_Step__c; CMPL123__WF_Status__c; CMPL123__WF_Action__c; CMPL123__WF_Rule__c"
}
 {
   "Order of objects to update": "CMPL123__WF_Rule__c; CMPL123__WF_Action__c; CMPL123__WF_Status__c; CMPL123__WF_Step__c; CMPL123__WF_Phase__c; CMPL123__WF_Rule_Phase__c; CMPL123__WF_Phase_Status__c; CMPL123__Context_Based_Security__c; CMPL123__X123Task__c; CMPL123__X123Job__c; CMPL123__Job_Field_Map__c; CMPL123__Record_Access_Rule__c; CMPL123__Valid_Child_Status__c; CMPL123__WF_Step_Extension__c; CMPL123__AuditTrail_Config__c"
}
 [19:45:16.924] Validation of the source CSV files ...
 [19:45:17.371] Writing to C:\Users\Himanshu.Desai\Documents\GitHub\GCHS-Release-1\sfdmu-data\source\CMPL123__WF_Step__c_source.csv ...
 [19:45:17.387] Writing to C:\Users\Himanshu.Desai\Documents\GitHub\GCHS-Release-1\sfdmu-data\source\CMPL123__WF_Rule_Phase__c_source.csv ...
 [19:45:17.393] Writing to C:\Users\Himanshu.Desai\Documents\GitHub\GCHS-Release-1\sfdmu-data\source\CMPL123__WF_Phase_Status__c_source.csv ...
 [19:45:17.400] Writing to C:\Users\Himanshu.Desai\Documents\GitHub\GCHS-Release-1\sfdmu-data\source\CMPL123__X123Job__c_source.csv ...
 [19:45:17.408] Writing to C:\Users\Himanshu.Desai\Documents\GitHub\GCHS-Release-1\sfdmu-data\source\CMPL123__Valid_Child_Status__c_source.csv ...
 [19:45:17.423] Writing to C:\Users\Himanshu.Desai\Documents\GitHub\GCHS-Release-1\sfdmu-data\source\CMPL123__WF_Step_Extension__c_source.csv ...
 [19:45:17.429] Amount of updated source CSV files: 6.
 [19:45:17.431] No issues were found in the source CSV files.
 [19:45:17.434] Processing the source CSV files has been completed.
 [19:45:17.437] Preparing of the data migration job has been completed.
 [19:45:17.439] newLine
 ANALYSING DATA...
 [19:45:17.615] {CMPL123__WF_Rule__c} The original query string of this object is returning 3 records from the Target org.
 [19:45:18.47] {CMPL123__WF_Action__c} The original query string of this object is returning 230 records from the Target org.
 [19:45:18.190] {CMPL123__WF_Status__c} The original query string of this object is returning 162 records from the Target org.
 [19:45:18.681] {CMPL123__WF_Step__c} The original query string of this object is returning 28 records from the Target org.
 [19:45:19.102] {CMPL123__WF_Phase__c} The original query string of this object is returning 45 records from the Target org.
 [19:45:19.241] {CMPL123__WF_Rule_Phase__c} The original query string of this object is returning 64 records from the Target org.
 [19:45:19.400] {CMPL123__WF_Phase_Status__c} The original query string of this object is returning 103 records from the Target org.
 [19:45:19.542] {CMPL123__Context_Based_Security__c} The original query string of this object is returning 0 records from the Target org.
 [19:45:19.680] {CMPL123__X123Task__c} The original query string of this object is returning 13 records from the Target org.
 [19:45:20.111] {CMPL123__X123Job__c} The original query string of this object is returning 14 records from the Target org.
 [19:45:20.256] {CMPL123__Job_Field_Map__c} The original query string of this object is returning 6 records from the Target org.
 [19:45:20.395] {CMPL123__Record_Access_Rule__c} The original query string of this object is returning 0 records from the Target org.
 [19:45:20.548] {CMPL123__Valid_Child_Status__c} The original query string of this object is returning 258 records from the Target org.
 [19:45:20.992] {CMPL123__WF_Step_Extension__c} The original query string of this object is returning 84 records from the Target org.
 [19:45:21.424] {CMPL123__AuditTrail_Config__c} The original query string of this object is returning 152 records from the Target org.
 [19:45:21.426] newLine
 TRIGGERING ADD-ON EVENTS ...
 [19:45:21.430] No Add-On modules found to run.
 [19:45:21.432] newLine
 [19:45:21.434] Ready to process the data.
 [19:45:21.436] newLine
 DELETING OLD DATA FROM THE TARGET ...
 [19:45:21.440] {CMPL123__AuditTrail_Config__c} No records to delete.
 [19:45:21.442] {CMPL123__WF_Step_Extension__c} No records to delete.
 [19:45:21.444] {CMPL123__Valid_Child_Status__c} Deleting old records from the Target ...
 [19:45:21.699] {CMPL123__Valid_Child_Status__c} Amount of records to delete: 158.
 [19:45:21.707] {CMPL123__Valid_Child_Status__c} The Delete API operation has been started using REST API (SIMULATION MODE).
 [19:45:21.710] {CMPL123__Valid_Child_Status__c} The Delete API operation has been completed.
 [19:45:21.722] {CMPL123__Valid_Child_Status__c} Deleting has been completed.
 [19:45:21.724] {CMPL123__Record_Access_Rule__c} No records to delete.
 [19:45:21.726] {CMPL123__Job_Field_Map__c} No records to delete.
 [19:45:21.728] {CMPL123__X123Job__c} No records to delete.
 [19:45:21.729] {CMPL123__X123Task__c} No records to delete.
 [19:45:21.731] {CMPL123__Context_Based_Security__c} No records to delete.
 [19:45:21.733] {CMPL123__WF_Phase_Status__c} No records to delete.
 [19:45:21.735] {CMPL123__WF_Rule_Phase__c} No records to delete.
 [19:45:21.737] {CMPL123__WF_Phase__c} No records to delete.
 [19:45:21.740] {CMPL123__WF_Step__c} No records to delete.
 [19:45:21.742] {CMPL123__WF_Status__c} No records to delete.
 [19:45:21.744] {CMPL123__WF_Action__c} No records to delete.
 [19:45:21.746] {CMPL123__WF_Rule__c} No records to delete.
 [19:45:21.748] Deleting data has been completed.
 [19:45:21.750] newLine
 SOURCE:
 =============
 [19:45:21.760] newLine
 FETCHING THE DATA (STAGE 1) ...
 [19:45:21.802] {CMPL123__WF_Rule__c} Fetching the Source data from CSV file (STAGE 1: all records) ...
 [19:45:21.828] {CMPL123__WF_Rule__c} Data retrieval (Source) has been completed. Got 3 new records.
 [19:45:21.832] {CMPL123__WF_Step__c} Fetching the Source data from CSV file (STAGE 1: all records) ...
 [19:45:21.911] {CMPL123__WF_Step__c} Data retrieval (Source) has been completed. Got 31 new records.
 [19:45:21.914] {CMPL123__Record_Access_Rule__c} Fetching the Source data from CSV file (STAGE 1: all records) ...
 [19:45:21.940] {CMPL123__Record_Access_Rule__c} Data retrieval (Source) has been completed. Got 0 new records.
 [19:45:21.944] {CMPL123__AuditTrail_Config__c} Fetching the Source data from CSV file (STAGE 1: all records) ...
 [19:45:22.14] {CMPL123__AuditTrail_Config__c} Data retrieval (Source) has been completed. Got 152 new records.
 [19:45:22.17] {CMPL123__WF_Action__c} Fetching the Source data from CSV file (STAGE 1: all records) ...
 [19:45:22.28] {CMPL123__WF_Action__c} Data retrieval (Source) has been completed. Got 21 new records.
 [19:45:22.31] {CMPL123__WF_Status__c} Fetching the Source data from CSV file (STAGE 1: all records) ...
 [19:45:22.39] {CMPL123__WF_Status__c} Data retrieval (Source) has been completed. Got 19 new records.
 [19:45:22.42] {CMPL123__WF_Phase__c} Fetching the Source data from CSV file (STAGE 1: all records) ...
 [19:45:22.49] {CMPL123__WF_Phase__c} Data retrieval (Source) has been completed. Got 11 new records.
 [19:45:22.52] {CMPL123__WF_Rule_Phase__c} Fetching the Source data from CSV file (STAGE 1: all records) ...
 [19:45:22.62] {CMPL123__WF_Rule_Phase__c} Data retrieval (Source) has been completed. Got 11 new records.
 [19:45:22.66] {CMPL123__WF_Phase_Status__c} Fetching the Source data from CSV file (STAGE 1: all records) ...
 [19:45:22.80] {CMPL123__WF_Phase_Status__c} Data retrieval (Source) has been completed. Got 18 new records.
 [19:45:22.84] {CMPL123__Context_Based_Security__c} Fetching the Source data from CSV file (STAGE 1: all records) ...
 [19:45:22.89] {CMPL123__Context_Based_Security__c} Data retrieval (Source) has been completed. Got 0 new records.
 [19:45:22.91] {CMPL123__X123Task__c} Fetching the Source data from CSV file (STAGE 1: all records) ...
 [19:45:22.96] {CMPL123__X123Task__c} Data retrieval (Source) has been completed. Got 3 new records.
 [19:45:22.98] {CMPL123__X123Job__c} Fetching the Source data from CSV file (STAGE 1: all records) ...
 [19:45:22.105] {CMPL123__X123Job__c} Data retrieval (Source) has been completed. Got 3 new records.
 [19:45:22.107] {CMPL123__Job_Field_Map__c} Fetching the Source data from CSV file (STAGE 1: all records) ...
 [19:45:22.112] {CMPL123__Job_Field_Map__c} Data retrieval (Source) has been completed. Got 0 new records.
 [19:45:22.114] {CMPL123__Valid_Child_Status__c} Fetching the Source data from CSV file (STAGE 1: all records) ...
 [19:45:22.160] {CMPL123__Valid_Child_Status__c} Data retrieval (Source) has been completed. Got 156 new records.
 [19:45:22.163] {CMPL123__WF_Step_Extension__c} Fetching the Source data from CSV file (STAGE 1: all records) ...
 [19:45:22.173] {CMPL123__WF_Step_Extension__c} Data retrieval (Source) has been completed. Got 20 new records.
 [19:45:22.175] Data retrieval (STAGE 1) has been completed.
 [19:45:22.177] newLine
 FETCHING THE DATA (STAGE 2) ...
 [19:45:22.186] PASS 1
 =============
 [19:45:22.189] No records
 [19:45:22.191] newLine
 [19:45:22.192] PASS 2
 =============
 [19:45:22.196] No records
 [19:45:22.197] newLine
 [19:45:22.198] PASS 3
 =============
 [19:45:22.201] No records
 [19:45:22.202] newLine
 [19:45:22.203] PASS 4
 =============
 [19:45:22.206] No records
 [19:45:22.207] newLine
 TARGET:
 =============
 [19:45:22.214] {CMPL123__WF_Rule__c} Fetching the Target data from Org (STAGE 2: all records) ...
 [19:45:22.215] {CMPL123__WF_Rule__c} Query string: SELECT Id, Name, CMPL123__WF_Rule_External_Id__c, CMPL123__Description__c, CMPL123__Has_Cycle_Time_Metrics_Fields__c, CMPL123__Has_Multiple_Actions__c, CMPL123__Is_Active__c, CMPL123__Record_Type__c, CMPL123__Target_Object__c, CMPL123__Target_Object_... FROM  CMPL123__WF_Rule__c WHERE Name in ('Complaint Workflow', 'Investigation Workflow', 'Regulatory Report Workflow').
 [19:45:22.221] {CMPL123__WF_Rule__c} Using REST API to retrieve the data ...
 [19:45:22.402] {CMPL123__WF_Rule__c} Data retrieval (Target) has been completed. Got 3 new records.
 [19:45:22.404] {CMPL123__WF_Step__c} Fetching the Target data from Org (STAGE 2: all records) ...
 [19:45:22.405] {CMPL123__WF_Step__c} Query string: SELECT Id, CMPL123__WF_Step_External_Id__c, CMPL123__WF_Rule__c, CMPL123__Action__c, CMPL123__Are_Child_Files_Locked__c, CMPL123__Are_Child_Records_Locked__c, CMPL123__End_Status__c, CMPL123__Is_Record_Lock_Required__c, CMPL123__Is_Related_Lists_Lock... FROM  CMPL123__WF_Step__c WHERE CMPL123__WF_Rule__r.Name in ('Complaint Workflow', 'Investigation Workflow', 'Regulatory Report Workflow').
 [19:45:22.409] {CMPL123__WF_Step__c} Using REST API to retrieve the data ...
 [19:45:22.918] {CMPL123__WF_Step__c} Data retrieval (Target) has been completed. Got 28 new records.
 [19:45:22.920] {CMPL123__Record_Access_Rule__c} Fetching the Target data from Org (STAGE 2: all records) ...
 [19:45:22.922] {CMPL123__Record_Access_Rule__c} Query string: SELECT Id, Name, CMPL123__Record_Access_Rule_External_Id__c, CMPL123__API_Path_to_User_Relationship__c, CMPL123__Active_of_the_rule__c, CMPL123__Apex_Sharing_Reason__c, CMPL123__Child_Objects__c, CMPL123__Target_Object__c, CMPL123__User_Field_Name__c... FROM  CMPL123__Record_Access_Rule__c.
 [19:45:22.924] {CMPL123__Record_Access_Rule__c} Using REST API to retrieve the data ...
 [19:45:23.77] {CMPL123__Record_Access_Rule__c} Data retrieval (Target) has been completed. Got 0 new records.
 [19:45:23.80] {CMPL123__AuditTrail_Config__c} Fetching the Target data from Org (STAGE 2: all records) ...
 [19:45:23.82] {CMPL123__AuditTrail_Config__c} Query string: SELECT Id, Name, CMPL123__AuditTrail_External_Id__c, CMPL123__Child_Relationships_Object__c, CMPL123__Fields__c, CMPL123__Is_Active__c, CMPL123__Parent_Relationship_Object__c, CMPL123__RFC_Comment_Fields__c, CMPL123__RFC_Fields__c, CMPL123__Report_Ti... FROM  CMPL123__AuditTrail_Config__c.
 [19:45:23.84] {CMPL123__AuditTrail_Config__c} Using REST API to retrieve the data ...
 [19:45:23.628] {CMPL123__AuditTrail_Config__c} Data retrieval (Target) has been completed. Got 152 new records.
 [19:45:23.634] {CMPL123__WF_Action__c} Fetching the Target data from Org (STAGE 2: filtered records) ...
 [19:45:23.636] {CMPL123__WF_Action__c} Query string: SELECT Id, Name, CMPL123__WF_Action_External_Id__c, CMPL123__Action_Custom_Label__c, CMPL123__Comment_Type__c, CMPL123__Description__c, CMPL123__E_Sign_Message_Custom_Label__c, CMPL123__Esign_Message__c, CMPL123__Generic_Comment__c, CMPL123__Is_Comme... FROM  CMPL123__WF_Action__c WHERE CMPL123__WF_Action_External_Id__c IN ('a1D5r000000hdpgEAA', 'a1D5r000000hjJ9EAI', 'a1D5r000000hqRuEAI', 'a1D5r000000hjEqEAI', 'qpa-common-00032', 'qpa-common-00040', 'qpa-common-00042', 'qpa-common-00044', 'qpa-common-000....
 [19:45:23.647] {CMPL123__WF_Action__c} Using REST API to retrieve the data ...
 [19:45:23.902] {CMPL123__WF_Action__c} Data retrieval (Target) has been completed. Got 21 new records.
 [19:45:23.905] {CMPL123__WF_Status__c} Fetching the Target data from Org (STAGE 2: filtered records) ...
 [19:45:23.906] {CMPL123__WF_Status__c} Query string: SELECT Id, Name, CMPL123__WF_Status_External_Id__c, CMPL123__Description__c, CMPL123__Status_Custom_Label__c  FROM  CMPL123__WF_Status__c WHERE CMPL123__WF_Status_External_Id__c IN ('a1J5r000001NvJyEAK', 'qpa-common-00016', 'qpa-common-00020', 'qpa-common-00021', 'qpa-common-00023', 'qpa-common-00024', 'qpa-common-00029', 'qpa-common-00031', 'qpa-common-00033', '....
 [19:45:23.910] {CMPL123__WF_Status__c} Using REST API to retrieve the data ...
 [19:45:24.167] {CMPL123__WF_Status__c} Data retrieval (Target) has been completed. Got 19 new records.
 [19:45:24.169] {CMPL123__WF_Phase__c} Fetching the Target data from Org (STAGE 2: filtered records) ...
 [19:45:24.171] {CMPL123__WF_Phase__c} Query string: SELECT Id, Name, CMPL123__WF_Phase_External_Id__c, CMPL123__Description__c, CMPL123__Phase_Custom_Label__c, CMPL123__Work_Instructions_Custom_Label__c, CMPL123__Work_Instructions_HTML__c, CMPL123__Work_Instructions__c  FROM  CMPL123__WF_Phase__c WHERE CMPL123__WF_Phase_External_Id__c IN ('qpa-complaints-phase-001', 'qpa-complaints-phase-002', 'qpa-complaints-phase-003', 'qpa-complaints-phase-004', 'qpa-complaints-phase-005', 'qpa-complaints-phase-007', 'qpa-complaints-p....
 [19:45:24.174] {CMPL123__WF_Phase__c} Using REST API to retrieve the data ...
 [19:45:24.439] {CMPL123__WF_Phase__c} Data retrieval (Target) has been completed. Got 11 new records.
 [19:45:24.443] {CMPL123__WF_Rule_Phase__c} Fetching the Target data from Org (STAGE 2: filtered records) ...
 [19:45:24.445] {CMPL123__WF_Rule_Phase__c} Query string: SELECT Id, Name, CMPL123__WF_Rule_Phase_External_Id__c, CMPL123__Order__c, CMPL123__Workflow_Phase__c, CMPL123__Workflow_Rule__c, CMPL123__Workflow_Phase__r.CMPL123__WF_Phase_External_Id__c, CMPL123__Workflow_Rule__r.CMPL123__WF_Rule_External_Id__c  FROM  CMPL123__WF_Rule_Phase__c WHERE CMPL123__WF_Rule_Phase_External_Id__c IN ('a1H5r0000019CIhEAM', 'a1H5r0000019CIiEAM', 'a1H5r0000019CIjEAM', 'qpa-complaints-phrule-001', 'qpa-complaints-phrule-002', 'qpa-complaints-phrule-003', 'qpa-complaints-phrule....
 [19:45:24.449] {CMPL123__WF_Rule_Phase__c} Using REST API to retrieve the data ...
 [19:45:24.707] {CMPL123__WF_Rule_Phase__c} Data retrieval (Target) has been completed. Got 11 new records.
 [19:45:24.710] {CMPL123__WF_Phase_Status__c} Fetching the Target data from Org (STAGE 2: filtered records) ...
 [19:45:24.711] {CMPL123__WF_Phase_Status__c} Query string: SELECT Id, CMPL123__WF_Phase_Status_External_Id__c, CMPL123__Workflow_Rule_Phase__c, CMPL123__Workflow_Status__c, Workflow_Phase__c, Workflow_Rule__c, Workflow_Status_hyperlink__c, CMPL123__Workflow_Rule_Phase__r.CMPL123__WF_Rule_Phase_External_Id__c... FROM  CMPL123__WF_Phase_Status__c WHERE CMPL123__WF_Phase_Status_External_Id__c IN ('a1F5r0000026qj1EAA', 'a1F5r0000026qj0EAA', 'a1F5r0000026qizEAA', 'a1F5r0000026qiyEAA', 'a1F5r0000026ifAEAQ', 'a1F5r0000026if9EAA', 'a1F5r0000026if8EAA', 'a1F5r0000026if7E....
 [19:45:24.715] {CMPL123__WF_Phase_Status__c} Using REST API to retrieve the data ...
 [19:45:25.15] {CMPL123__WF_Phase_Status__c} Data retrieval (Target) has been completed. Got 18 new records.
 [19:45:25.17] {CMPL123__X123Task__c} Fetching the Target data from Org (STAGE 2: filtered records) ...
 [19:45:25.19] {CMPL123__X123Task__c} Query string: SELECT Id, Name, CMPL123__Task_External_Id__c, CMPL123__Allow_Partial_Processing_for_123_Tasks__c, CMPL123__Description__c, CMPL123__Is_Active__c, CMPL123__Key_Value__c, CMPL123__Related_Object__c  FROM  CMPL123__X123Task__c WHERE CMPL123__Task_External_Id__c IN ('a1N5r000001WwqiEAC', 'a1N5r000001WwPxEAK', 'a1N5r000001W2xkEAC').
 [19:45:25.21] {CMPL123__X123Task__c} Using REST API to retrieve the data ...
 [19:45:25.192] {CMPL123__X123Task__c} Data retrieval (Target) has been completed. Got 3 new records.
 [19:45:25.194] {CMPL123__X123Job__c} Fetching the Target data from Org (STAGE 2: filtered records) ...
 [19:45:25.196] {CMPL123__X123Job__c} Query string: SELECT Id, Name, CMPL123__Job_External_Id__c, CMPL123__Child_Filter_Condition__c, CMPL123__Description__c, CMPL123__Is_Active__c, CMPL123__Job_Type__c, CMPL123__Related_Task__c, CMPL123__Workflow_Step__c, CMPL123__Related_Task__r.CMPL123__Task_Extern... FROM  CMPL123__X123Job__c WHERE CMPL123__Job_External_Id__c IN ('a1M5r000000sEtHEAU', 'a1M5r000001tkZjEAI', 'a1M5r000001tkV5EAI').
 [19:45:25.198] {CMPL123__X123Job__c} Using REST API to retrieve the data ...
 [19:45:25.663] {CMPL123__X123Job__c} Data retrieval (Target) has been completed. Got 3 new records.
 [19:45:25.667] {CMPL123__Valid_Child_Status__c} Fetching the Target data from Org (STAGE 2: filtered records) ...
 [19:45:25.669] {CMPL123__Valid_Child_Status__c} Query string: SELECT Id, Name, CMPL123__Valid_Child_Status_External_Id__c, CMPL123__Parent_Workflow_Step__c, CMPL123__Child_Relationship__c, CMPL123__Description__c, CMPL123__Required_Child_Workflow_Status__c, Parent_Workflow_Action__c, Parent_Workflow_Rule__c, Ch... FROM  CMPL123__Valid_Child_Status__c WHERE CMPL123__Valid_Child_Status_External_Id__c IN ('qpa-utility-inv-00001', 'qpa-utility-inv-00002', 'qpa-utility-inv-00003', 'qpa-utility-inv-00004', 'qpa-utility-inv-00005', 'qpa-utility-inv-00006', 'qpa-complaints....
 [19:45:25.682] {CMPL123__Valid_Child_Status__c} Using REST API to retrieve the data ...
 [19:45:26.263] {CMPL123__Valid_Child_Status__c} Data retrieval (Target) has been completed. Got 152 new records.
 [19:45:26.266] {CMPL123__WF_Step_Extension__c} Fetching the Target data from Org (STAGE 2: filtered records) ...
 [19:45:26.267] {CMPL123__WF_Step_Extension__c} Query string: SELECT Id, Name, CMPL123__External_Id__c, CMPL123__Parent_Workflow_Step__c, CMPL123__Apply_To_Automated_User__c, CMPL123__Are_Child_Files_Locked__c, CMPL123__Is_Record_Lock_Required__c, CMPL123__Is_Related_Lists_Locked__c, CMPL123__Object_Related_Lis... FROM  CMPL123__WF_Step_Extension__c WHERE CMPL123__External_Id__c IN ('a1K5r000006ydv3EAA', 'a1K5r000006ytOXEAY', 'a1K5r0000070oWeEAI', 'a1K5r000007070iEAA', 'a1K5r00000707bOEAQ', 'a1K5r00000707y6EAA', 'a1K5r00000707iaEAA', 'a1K5r000006yfFjEAI', 'a1K5r000....
 [19:45:26.269] {CMPL123__WF_Step_Extension__c} Using REST API to retrieve the data ...
 [19:45:26.807] {CMPL123__WF_Step_Extension__c} Data retrieval (Target) has been completed. Got 18 new records.
 [19:45:26.809] Data retrieval (STAGE 2) has been completed.
 [19:45:26.810] newLine
 TRIGGERING ADD-ON EVENTS ...
 [19:45:26.813] No Add-On modules found to run.
 [19:45:26.815] newLine
 [19:45:26.816] newLine
 DATA RETRIEVAL SUMMARY.
 [19:45:26.819] {CMPL123__WF_Rule__c} The total amount of the retrieved records: 3/3.
 [19:45:26.821] {CMPL123__WF_Step__c} The total amount of the retrieved records: 31/28.
 [19:45:26.823] {CMPL123__Record_Access_Rule__c} The total amount of the retrieved records: 0/0.
 [19:45:26.824] {CMPL123__AuditTrail_Config__c} The total amount of the retrieved records: 152/152.
 [19:45:26.825] {CMPL123__WF_Action__c} The total amount of the retrieved records: 21/21.
 [19:45:26.827] {CMPL123__WF_Status__c} The total amount of the retrieved records: 19/19.
 [19:45:26.828] {CMPL123__WF_Phase__c} The total amount of the retrieved records: 11/11.
 [19:45:26.829] {CMPL123__WF_Rule_Phase__c} The total amount of the retrieved records: 11/11.
 [19:45:26.831] {CMPL123__WF_Phase_Status__c} The total amount of the retrieved records: 18/18.
 [19:45:26.833] {CMPL123__Context_Based_Security__c} The total amount of the retrieved records: 0/0.
 [19:45:26.834] {CMPL123__X123Task__c} The total amount of the retrieved records: 3/3.
 [19:45:26.836] {CMPL123__X123Job__c} The total amount of the retrieved records: 3/3.
 [19:45:26.838] {CMPL123__Job_Field_Map__c} The total amount of the retrieved records: 0/0.
 [19:45:26.839] {CMPL123__Valid_Child_Status__c} The total amount of the retrieved records: 156/152.
 [19:45:26.842] {CMPL123__WF_Step_Extension__c} The total amount of the retrieved records: 20/18.
 [19:45:26.845] newLine
 UPDATING THE TARGET (STAGE 1) ...
 [19:45:26.855] {CMPL123__WF_Rule__c} 3 target records remained untouched, since they do not differ from the corresponding source records.
 [19:45:26.859] {CMPL123__WF_Action__c} 21 target records remained untouched, since they do not differ from the corresponding source records.
 [19:45:26.861] {CMPL123__WF_Status__c} 19 target records remained untouched, since they do not differ from the corresponding source records.
 [19:45:26.869] {CMPL123__WF_Step__c} Amount of records to Insert: 3.
 [19:45:26.914] {CMPL123__WF_Step__c} The Insert API operation has been started using REST API (SIMULATION MODE).
 [19:45:26.920] {CMPL123__WF_Step__c} The Insert API operation has been completed.
 [19:45:26.929] {CMPL123__WF_Step__c} Amount of records to Update: 14.
 [19:45:26.932] {CMPL123__WF_Step__c} The Update API operation has been started using REST API (SIMULATION MODE).
 [19:45:26.934] {CMPL123__WF_Step__c} The Update API operation has been completed.
 [19:45:26.946] {CMPL123__WF_Step__c} 14 target records remained untouched, since they do not differ from the corresponding source records.
 [19:45:26.950] {CMPL123__WF_Step__c} The Target has been updated. Totally processed 17 records.
 [19:45:26.951] newLine
 [19:45:26.953] {CMPL123__WF_Phase__c} 11 target records remained untouched, since they do not differ from the corresponding source records.
 [19:45:26.955] {CMPL123__WF_Rule_Phase__c} 11 target records remained untouched, since they do not differ from the corresponding source records.
 [19:45:26.958] {CMPL123__WF_Phase_Status__c} 18 target records remained untouched, since they do not differ from the corresponding source records.
 [19:45:26.960] {CMPL123__X123Task__c} 3 target records remained untouched, since they do not differ from the corresponding source records.
 [19:45:26.964] {CMPL123__X123Job__c} 3 target records remained untouched, since they do not differ from the corresponding source records.
 [19:45:26.972] {CMPL123__Valid_Child_Status__c} Amount of records to Insert: 4.
 [19:45:26.975] {CMPL123__Valid_Child_Status__c} The Insert API operation has been started using REST API (SIMULATION MODE).
 [19:45:26.976] {CMPL123__Valid_Child_Status__c} The Insert API operation has been completed.
 [19:45:26.985] {CMPL123__Valid_Child_Status__c} 152 target records remained untouched, since they do not differ from the corresponding source records.
 [19:45:26.986] {CMPL123__Valid_Child_Status__c} The Target has been updated. Totally processed 4 records.
 [19:45:26.988] newLine
 [19:45:26.990] {CMPL123__WF_Step_Extension__c} Amount of records to Insert: 2.
 [19:45:26.995] {CMPL123__WF_Step_Extension__c} The Insert API operation has been started using REST API (SIMULATION MODE).
 [19:45:26.996] {CMPL123__WF_Step_Extension__c} The Insert API operation has been completed.
 [19:45:27.5] {CMPL123__WF_Step_Extension__c} 18 target records remained untouched, since they do not differ from the corresponding source records.
 [19:45:27.7] {CMPL123__WF_Step_Extension__c} The Target has been updated. Totally processed 2 records.
 [19:45:27.9] newLine
 [19:45:27.12] {CMPL123__AuditTrail_Config__c} Amount of records to Update: 4.
 [19:45:27.15] {CMPL123__AuditTrail_Config__c} The Update API operation has been started using REST API (SIMULATION MODE).
 [19:45:27.16] {CMPL123__AuditTrail_Config__c} The Update API operation has been completed.
 [19:45:27.23] {CMPL123__AuditTrail_Config__c} 148 target records remained untouched, since they do not differ from the corresponding source records.
 [19:45:27.25] {CMPL123__AuditTrail_Config__c} The Target has been updated. Totally processed 4 records.
 [19:45:27.28] newLine
 [19:45:27.29] newLine
 [19:45:27.31] The Target (STAGE 1) has been updated. Totally processed 27 records.
 [19:45:27.33] newLine
 UPDATING THE TARGET (STAGE 2) ...
 [19:45:27.36] newLine
 [19:45:27.38] PASS 1
 =============
 [19:45:27.47] {CMPL123__WF_Step__c} 14 target records remained untouched, since they do not differ from the corresponding source records.
 [19:45:27.50] {CMPL123__WF_Rule_Phase__c} 11 target records remained untouched, since they do not differ from the corresponding source records.
 [19:45:27.52] {CMPL123__WF_Phase_Status__c} 18 target records remained untouched, since they do not differ from the corresponding source records.
 [19:45:27.55] {CMPL123__X123Job__c} 3 target records remained untouched, since they do not differ from the corresponding source records.
 [19:45:27.62] {CMPL123__Valid_Child_Status__c} 152 target records remained untouched, since they do not differ from the corresponding source records.
 [19:45:27.65] {CMPL123__WF_Step_Extension__c} 18 target records remained untouched, since they do not differ from the corresponding source records.
 [19:45:27.66] newLine
 [19:45:27.67] PASS 2
 =============
 [19:45:27.74] {CMPL123__WF_Step__c} 14 target records remained untouched, since they do not differ from the corresponding source records.
 [19:45:27.75] {CMPL123__WF_Rule_Phase__c} 11 target records remained untouched, since they do not differ from the corresponding source records.
 [19:45:27.77] {CMPL123__WF_Phase_Status__c} 18 target records remained untouched, since they do not differ from the corresponding source records.
 [19:45:27.80] {CMPL123__X123Job__c} 3 target records remained untouched, since they do not differ from the corresponding source records.
 [19:45:27.87] {CMPL123__Valid_Child_Status__c} 152 target records remained untouched, since they do not differ from the corresponding source records.
 [19:45:27.89] {CMPL123__WF_Step_Extension__c} 18 target records remained untouched, since they do not differ from the corresponding source records.
 [19:45:27.90] newLine
 [19:45:27.92] Nothing was updated.
 [19:45:27.93] newLine
 TRIGGERING ADD-ON EVENTS ...
 [19:45:27.96] No Add-On modules found to run.
 [19:45:27.98] newLine
 [19:45:27.99] newLine
 DATA PROCESSING SUMMARY.
 [19:45:27.105] {CMPL123__WF_Rule__c} Totally processed 0 records.
 [19:45:27.107] {CMPL123__WF_Step__c} Totally processed 17 records.
 [19:45:27.108] {CMPL123__Record_Access_Rule__c} Totally processed 0 records.
 [19:45:27.110] {CMPL123__AuditTrail_Config__c} Totally processed 4 records.
 [19:45:27.111] {CMPL123__WF_Action__c} Totally processed 0 records.
 [19:45:27.112] {CMPL123__WF_Status__c} Totally processed 0 records.
 [19:45:27.114] {CMPL123__WF_Phase__c} Totally processed 0 records.
 [19:45:27.120] {CMPL123__WF_Rule_Phase__c} Totally processed 0 records.
 [19:45:27.122] {CMPL123__WF_Phase_Status__c} Totally processed 0 records.
 [19:45:27.123] {CMPL123__Context_Based_Security__c} Totally processed 0 records.
 [19:45:27.124] {CMPL123__X123Task__c} Totally processed 0 records.
 [19:45:27.126] {CMPL123__X123Job__c} Totally processed 0 records.
 [19:45:27.128] {CMPL123__Job_Field_Map__c} Totally processed 0 records.
 [19:45:27.130] {CMPL123__Valid_Child_Status__c} Totally processed 4 records.
 [19:45:27.131] {CMPL123__WF_Step_Extension__c} Totally processed 2 records.
 [19:45:27.133] newLine
 [19:45:27.135] Writing to C:\Users\Himanshu.Desai\Documents\GitHub\GCHS-Release-1\sfdmu-data\MissingParentRecordsReport.csv ...
 [19:45:27.138] newLine
 [19:45:27.140] newLine
 TRIGGERING ADD-ON EVENTS ...
 [19:45:27.142] No Add-On modules found to run.
 [19:45:27.144] newLine

 [19:45:27.389] Command succeeded.
 [19:45:27.393] Execution of the command sfdmu:run has been completed. Exit code 0 (SUCCESS).
 [19:45:27.397] Total time elapsed: 00h 00m 38s 742ms .