
 [13:37:09.839] Execution of the command sfdmu:run has been started.

 LOADING AND VALIDATING THE EXPORT.JSON SCRIPT ...

 OBJECT SET #1 STARTED

 {
   "Running Plugin version": "4.26.13"
}
 {
   "Running Add-On API version": "1.5.0"
}

 [13:37:09.877] Loading Core Add-On Module declarations ...
 [13:37:09.999] Connecting to the olympus-qa using SFDX force:org:display ...
 [13:37:38.698] Successfully connected to the olympus-qa.
 {
   "Source": "csvfile.",
   "Target": "olympus-qa.",
   "Package script": "/Users/Brian.Lavin/Projects/olympus-dx/sfdmu-data/export.json."
}

 GETTING AND ANALYSING OBJECT METADATA ...
 [13:37:43.488] Processing the object CMPL123__WF_Rule__c ...
 [13:37:43.491] Fetching metadata of the CMPL123__WF_Rule__c (Target) ...
 [13:37:45.857] Processing the object CMPL123__WF_Step__c ...
 [13:37:45.858] Fetching metadata of the CMPL123__WF_Step__c (Target) ...
 [13:37:48.309] Processing the object CMPL123__WF_Phase__c ...
 [13:37:48.310] Fetching metadata of the CMPL123__WF_Phase__c (Target) ...
 [13:37:50.400] Processing the object CMPL123__WF_Rule_Phase__c ...
 [13:37:50.402] Fetching metadata of the CMPL123__WF_Rule_Phase__c (Target) ...
 [13:37:52.406] Processing the object CMPL123__WF_Phase_Status__c ...
 [13:37:52.407] Fetching metadata of the CMPL123__WF_Phase_Status__c (Target) ...
 [13:37:54.524] Processing the object CMPL123__Context_Based_Security__c ...
 [13:37:54.525] Fetching metadata of the CMPL123__Context_Based_Security__c (Target) ...
 [13:37:56.682] Processing the object CMPL123__Job_Field_Map__c ...
 [13:37:56.693] Fetching metadata of the CMPL123__Job_Field_Map__c (Target) ...
 [13:37:58.801] Processing the object CMPL123__Record_Access_Rule__c ...
 [13:37:58.803] Fetching metadata of the CMPL123__Record_Access_Rule__c (Target) ...
 [13:38:00.881] Processing the object CMPL123__Valid_Child_Status__c ...
 [13:38:00.895] Fetching metadata of the CMPL123__Valid_Child_Status__c (Target) ...
 [13:38:03.44] Processing the object CMPL123__WF_Action__c ...
 [13:38:03.46] Fetching metadata of the CMPL123__WF_Action__c (Target) ...
 [13:38:05.136] Processing the object CMPL123__WF_Status__c ...
 [13:38:05.146] Fetching metadata of the CMPL123__WF_Status__c (Target) ...
 [13:38:07.212] Processing the object CMPL123__X123Job__c ...
 [13:38:07.213] Fetching metadata of the CMPL123__X123Job__c (Target) ...
 [13:38:09.366] Processing the object CMPL123__X123Task__c ...
 [13:38:09.368] Fetching metadata of the CMPL123__X123Task__c (Target) ...
 [13:38:11.520] Fetching metadata of the Group (Target) ...
 [13:38:13.165] Processing the object CMPL123__X123Task__c ...
 [13:38:13.166] Processing the object CMPL123__X123Job__c ...
 [13:38:13.167] Processing the object CMPL123__WF_Status__c ...
 [13:38:13.168] Processing the object CMPL123__WF_Action__c ...
 [13:38:13.169] Processing the object CMPL123__Valid_Child_Status__c ...
 [13:38:13.170] Processing the object CMPL123__Record_Access_Rule__c ...
 [13:38:13.171] Processing the object CMPL123__Job_Field_Map__c ...
 [13:38:13.171] Processing the object CMPL123__Context_Based_Security__c ...
 [13:38:13.172] Processing the object CMPL123__WF_Phase_Status__c ...
 [13:38:13.173] Processing the object CMPL123__WF_Rule_Phase__c ...
 [13:38:13.174] Processing the object CMPL123__WF_Phase__c ...
 [13:38:13.174] Processing the object CMPL123__WF_Step__c ...
 [13:38:13.176] Processing the object CMPL123__WF_Rule__c ...

 PREPARING DATA MIGRATION JOB ...
 [13:38:13.178] Building the migration strategy ...
 {
   "Order of objects to query": "CMPL123__WF_Rule__c; CMPL123__WF_Step__c; CMPL123__Record_Access_Rule__c; CMPL123__WF_Action__c; CMPL123__WF_Status__c; CMPL123__WF_Phase__c; CMPL123__WF_Rule_Phase__c; CMPL123__WF_Phase_Status__c; CMPL123__Context_Based_Security__c; CMPL123__X123Task__c; CMPL123__X123Job__c; CMPL123__Job_Field_Map__c; CMPL123__Valid_Child_Status__c"
}
 {
   "Order of objects to delete": "CMPL123__Valid_Child_Status__c; CMPL123__Record_Access_Rule__c; CMPL123__Job_Field_Map__c; CMPL123__X123Job__c; CMPL123__X123Task__c; CMPL123__Context_Based_Security__c; CMPL123__WF_Phase_Status__c; CMPL123__WF_Rule_Phase__c; CMPL123__WF_Phase__c; CMPL123__WF_Step__c; CMPL123__WF_Status__c; CMPL123__WF_Action__c; CMPL123__WF_Rule__c"
}
 {
   "Order of objects to update": "CMPL123__WF_Rule__c; CMPL123__WF_Action__c; CMPL123__WF_Status__c; CMPL123__WF_Step__c; CMPL123__WF_Phase__c; CMPL123__WF_Rule_Phase__c; CMPL123__WF_Phase_Status__c; CMPL123__Context_Based_Security__c; CMPL123__X123Task__c; CMPL123__X123Job__c; CMPL123__Job_Field_Map__c; CMPL123__Record_Access_Rule__c; CMPL123__Valid_Child_Status__c"
}
 [13:38:13.230] Validation of the source CSV files ...
 [13:38:13.418] Amount of updated source CSV files: 0.
 [13:38:13.418] No issues were found in the source CSV files.
 [13:38:13.419] Processing the source CSV files has been completed.
 [13:38:13.419] Preparing of the data migration job has been completed.

 ANALYSING DATA...
 [13:38:14.402] {CMPL123__WF_Rule__c} The original query string of this object is returning 3 records from the Target org.
 [13:38:15.290] {CMPL123__WF_Action__c} The original query string of this object is returning 230 records from the Target org.
 [13:38:16.199] {CMPL123__WF_Status__c} The original query string of this object is returning 162 records from the Target org.
 [13:38:17.176] {CMPL123__WF_Step__c} The original query string of this object is returning 28 records from the Target org.
 [13:38:18.76] {CMPL123__WF_Phase__c} The original query string of this object is returning 45 records from the Target org.
 [13:38:18.996] {CMPL123__WF_Rule_Phase__c} The original query string of this object is returning 64 records from the Target org.
 [13:38:19.915] {CMPL123__WF_Phase_Status__c} The original query string of this object is returning 103 records from the Target org.
 [13:38:20.831] {CMPL123__Context_Based_Security__c} The original query string of this object is returning 0 records from the Target org.
 [13:38:21.776] {CMPL123__X123Task__c} The original query string of this object is returning 13 records from the Target org.
 [13:38:22.724] {CMPL123__X123Job__c} The original query string of this object is returning 14 records from the Target org.
 [13:38:23.626] {CMPL123__Job_Field_Map__c} The original query string of this object is returning 6 records from the Target org.
 [13:38:24.525] {CMPL123__Record_Access_Rule__c} The original query string of this object is returning 0 records from the Target org.
 [13:38:25.427] {CMPL123__Valid_Child_Status__c} The original query string of this object is returning 258 records from the Target org.

 TRIGGERING ADD-ON EVENTS ...
 [13:38:25.430] No Add-On modules found to run.

 [13:38:25.448] Ready to process the data.

 DELETING OLD DATA FROM THE TARGET ...
 [13:38:25.450] {CMPL123__Valid_Child_Status__c} Deleting old records from the Target ...
 [13:38:26.607] {CMPL123__Valid_Child_Status__c} Amount of records to delete: 158.
 [13:38:26.610] {CMPL123__Valid_Child_Status__c} The Delete API operation has been started using REST API.
 [13:38:26.611] [Job# REST:Delete] {CMPL123__Valid_Child_Status__c} The job has been created. Uploading data ...
 [13:38:39.440] {CMPL123__Valid_Child_Status__c} The Delete API operation has been completed.
 [13:38:39.454] {CMPL123__Valid_Child_Status__c} Deleting has been completed.
 [13:38:39.455] {CMPL123__Record_Access_Rule__c} No records to delete.
 [13:38:39.455] {CMPL123__Job_Field_Map__c} No records to delete.
 [13:38:39.456] {CMPL123__X123Job__c} No records to delete.
 [13:38:39.456] {CMPL123__X123Task__c} No records to delete.
 [13:38:39.457] {CMPL123__Context_Based_Security__c} No records to delete.
 [13:38:39.458] {CMPL123__WF_Phase_Status__c} No records to delete.
 [13:38:39.459] {CMPL123__WF_Rule_Phase__c} No records to delete.
 [13:38:39.459] {CMPL123__WF_Phase__c} No records to delete.
 [13:38:39.460] {CMPL123__WF_Step__c} No records to delete.
 [13:38:39.460] {CMPL123__WF_Status__c} No records to delete.
 [13:38:39.461] {CMPL123__WF_Action__c} No records to delete.
 [13:38:39.461] {CMPL123__WF_Rule__c} No records to delete.
 [13:38:39.462] Deleting data has been completed.

 SOURCE:
 =============

 FETCHING THE DATA (STAGE 1) ...
 [13:38:39.466] {CMPL123__WF_Rule__c} Fetching the Source data from CSV file (STAGE 1: all records) ...
 [13:38:39.469] {CMPL123__WF_Rule__c} Data retrieval (Source) has been completed. Got 3 new records.
 [13:38:39.470] {CMPL123__WF_Step__c} Fetching the Source data from CSV file (STAGE 1: all records) ...
 [13:38:39.493] {CMPL123__WF_Step__c} Data retrieval (Source) has been completed. Got 31 new records.
 [13:38:39.498] {CMPL123__Record_Access_Rule__c} Fetching the Source data from CSV file (STAGE 1: all records) ...
 [13:38:39.501] {CMPL123__Record_Access_Rule__c} Data retrieval (Source) has been completed. Got 0 new records.
 [13:38:39.501] {CMPL123__WF_Action__c} Fetching the Source data from CSV file (STAGE 1: all records) ...
 [13:38:39.526] {CMPL123__WF_Action__c} Data retrieval (Source) has been completed. Got 21 new records.
 [13:38:39.527] {CMPL123__WF_Status__c} Fetching the Source data from CSV file (STAGE 1: all records) ...
 [13:38:39.529] {CMPL123__WF_Status__c} Data retrieval (Source) has been completed. Got 19 new records.
 [13:38:39.530] {CMPL123__WF_Phase__c} Fetching the Source data from CSV file (STAGE 1: all records) ...
 [13:38:39.532] {CMPL123__WF_Phase__c} Data retrieval (Source) has been completed. Got 11 new records.
 [13:38:39.549] {CMPL123__WF_Rule_Phase__c} Fetching the Source data from CSV file (STAGE 1: all records) ...
 [13:38:39.554] {CMPL123__WF_Rule_Phase__c} Data retrieval (Source) has been completed. Got 11 new records.
 [13:38:39.555] {CMPL123__WF_Phase_Status__c} Fetching the Source data from CSV file (STAGE 1: all records) ...
 [13:38:39.559] {CMPL123__WF_Phase_Status__c} Data retrieval (Source) has been completed. Got 18 new records.
 [13:38:39.559] {CMPL123__Context_Based_Security__c} Fetching the Source data from CSV file (STAGE 1: all records) ...
 [13:38:39.561] {CMPL123__Context_Based_Security__c} Data retrieval (Source) has been completed. Got 0 new records.
 [13:38:39.562] {CMPL123__X123Task__c} Fetching the Source data from CSV file (STAGE 1: all records) ...
 [13:38:39.564] {CMPL123__X123Task__c} Data retrieval (Source) has been completed. Got 3 new records.
 [13:38:39.565] {CMPL123__X123Job__c} Fetching the Source data from CSV file (STAGE 1: all records) ...
 [13:38:39.567] {CMPL123__X123Job__c} Data retrieval (Source) has been completed. Got 3 new records.
 [13:38:39.568] {CMPL123__Job_Field_Map__c} Fetching the Source data from CSV file (STAGE 1: all records) ...
 [13:38:39.569] {CMPL123__Job_Field_Map__c} Data retrieval (Source) has been completed. Got 0 new records.
 [13:38:39.570] {CMPL123__Valid_Child_Status__c} Fetching the Source data from CSV file (STAGE 1: all records) ...
 [13:38:39.593] {CMPL123__Valid_Child_Status__c} Data retrieval (Source) has been completed. Got 156 new records.
 [13:38:39.598] Data retrieval (STAGE 1) has been completed.

 FETCHING THE DATA (STAGE 2) ...
 [13:38:39.600] PASS 1
 =============
 [13:38:39.602] No records

 [13:38:39.602] PASS 2
 =============
 [13:38:39.603] No records

 [13:38:39.604] PASS 3
 =============
 [13:38:39.605] No records

 [13:38:39.606] PASS 4
 =============
 [13:38:39.607] No records

 TARGET:
 =============
 [13:38:39.609] {CMPL123__WF_Rule__c} Fetching the Target data from Org (STAGE 2: all records) ...
 [13:38:39.610] {CMPL123__WF_Rule__c} Query string: SELECT Id, Name, CMPL123__WF_Rule_External_Id__c, CMPL123__Description__c, CMPL123__Has_Cycle_Time_Metrics_Fields__c, CMPL123__Has_Multiple_Actions__c, CMPL123__Is_Active__c, CMPL123__Record_Type__c, CMPL123__Target_Object__c, CMPL123__Target_Object_... FROM  CMPL123__WF_Rule__c WHERE Name in ('Complaint Workflow', 'Investigation Workflow', 'Regulatory Report Workflow').
 [13:38:40.566] {CMPL123__WF_Rule__c} Data retrieval (Target) has been completed. Got 3 new records.
 [13:38:40.567] {CMPL123__WF_Step__c} Fetching the Target data from Org (STAGE 2: all records) ...
 [13:38:40.568] {CMPL123__WF_Step__c} Query string: SELECT Id, CMPL123__WF_Step_External_Id__c, CMPL123__WF_Rule__c, CMPL123__Action__c, CMPL123__Are_Child_Files_Locked__c, CMPL123__Are_Child_Records_Locked__c, CMPL123__End_Status__c, CMPL123__Is_Record_Lock_Required__c, CMPL123__Is_Related_Lists_Lock... FROM  CMPL123__WF_Step__c WHERE CMPL123__WF_Rule__r.Name in ('Complaint Workflow', 'Investigation Workflow', 'Regulatory Report Workflow').
 [13:38:41.844] {CMPL123__WF_Step__c} Data retrieval (Target) has been completed. Got 28 new records.
 [13:38:41.849] {CMPL123__Record_Access_Rule__c} Fetching the Target data from Org (STAGE 2: all records) ...
 [13:38:41.850] {CMPL123__Record_Access_Rule__c} Query string: SELECT Id, Name, CMPL123__Record_Access_Rule_External_Id__c, CMPL123__API_Path_to_User_Relationship__c, CMPL123__Active_of_the_rule__c, CMPL123__Apex_Sharing_Reason__c, CMPL123__Child_Objects__c, CMPL123__Target_Object__c, CMPL123__User_Field_Name__c... FROM  CMPL123__Record_Access_Rule__c.
 [13:38:42.790] {CMPL123__Record_Access_Rule__c} Data retrieval (Target) has been completed. Got 0 new records.
 [13:38:42.799] {CMPL123__WF_Action__c} Fetching the Target data from Org (STAGE 2: filtered records) ...
 [13:38:42.800] {CMPL123__WF_Action__c} Query string: SELECT Id, Name, CMPL123__WF_Action_External_Id__c, CMPL123__Action_Custom_Label__c, CMPL123__Comment_Type__c, CMPL123__Description__c, CMPL123__E_Sign_Message_Custom_Label__c, CMPL123__Esign_Message__c, CMPL123__Generic_Comment__c, CMPL123__Is_Comme... FROM  CMPL123__WF_Action__c WHERE CMPL123__WF_Action_External_Id__c IN ('qpa-common-00032', 'qpa-common-00040', 'qpa-common-00042', 'qpa-common-00044', 'qpa-common-00078', 'qpa-common-00101', 'qpa-common-00138', 'qpa-common-00159', 'qpa-common-00161', 'qp....
 [13:38:43.882] {CMPL123__WF_Action__c} Data retrieval (Target) has been completed. Got 21 new records.
 [13:38:43.900] {CMPL123__WF_Status__c} Fetching the Target data from Org (STAGE 2: filtered records) ...
 [13:38:43.901] {CMPL123__WF_Status__c} Query string: SELECT Id, Name, CMPL123__WF_Status_External_Id__c, CMPL123__Description__c, CMPL123__Status_Custom_Label__c  FROM  CMPL123__WF_Status__c WHERE CMPL123__WF_Status_External_Id__c IN ('qpa-common-00016', 'qpa-common-00020', 'qpa-common-00021', 'qpa-common-00023', 'qpa-common-00024', 'qpa-common-00029', 'qpa-common-00031', 'qpa-common-00033', 'qpa-common-00034', 'qp....
 [13:38:44.938] {CMPL123__WF_Status__c} Data retrieval (Target) has been completed. Got 19 new records.
 [13:38:44.949] {CMPL123__WF_Phase__c} Fetching the Target data from Org (STAGE 2: filtered records) ...
 [13:38:44.950] {CMPL123__WF_Phase__c} Query string: SELECT Id, Name, CMPL123__WF_Phase_External_Id__c, CMPL123__Description__c, CMPL123__Phase_Custom_Label__c, CMPL123__Work_Instructions_Custom_Label__c, CMPL123__Work_Instructions_HTML__c, CMPL123__Work_Instructions__c  FROM  CMPL123__WF_Phase__c WHERE CMPL123__WF_Phase_External_Id__c IN ('qpa-investigation-phase-001', 'qpa-investigation-phase-002', 'qpa-investigation-phase-003', 'qpa-complaints-phase-001', 'qpa-complaints-phase-002', 'qpa-complaints-phase-003', 'qpa-com....
 [13:38:46.27] {CMPL123__WF_Phase__c} Data retrieval (Target) has been completed. Got 11 new records.
 [13:38:46.28] {CMPL123__WF_Rule_Phase__c} Fetching the Target data from Org (STAGE 2: filtered records) ...
 [13:38:46.29] {CMPL123__WF_Rule_Phase__c} Query string: SELECT Id, Name, CMPL123__WF_Rule_Phase_External_Id__c, CMPL123__Order__c, CMPL123__Workflow_Phase__c, CMPL123__Workflow_Rule__c, CMPL123__Workflow_Phase__r.CMPL123__WF_Phase_External_Id__c, CMPL123__Workflow_Rule__r.CMPL123__WF_Rule_External_Id__c  FROM  CMPL123__WF_Rule_Phase__c WHERE CMPL123__WF_Rule_Phase_External_Id__c IN ('qpa-investigation-phrule-001', 'qpa-investigation-phrule-002', 'qpa-investigation-phrule-003', 'qpa-complaints-phrule-001', 'qpa-complaints-phrule-002', 'qpa-complaints-phrul....
 [13:38:47.109] {CMPL123__WF_Rule_Phase__c} Data retrieval (Target) has been completed. Got 11 new records.
 [13:38:47.111] {CMPL123__WF_Phase_Status__c} Fetching the Target data from Org (STAGE 2: filtered records) ...
 [13:38:47.111] {CMPL123__WF_Phase_Status__c} Query string: SELECT Id, CMPL123__WF_Phase_Status_External_Id__c, CMPL123__Workflow_Rule_Phase__c, CMPL123__Workflow_Status__c, Workflow_Phase__c, Workflow_Rule__c, Workflow_Status_hyperlink__c, CMPL123__Workflow_Rule_Phase__r.CMPL123__WF_Rule_Phase_External_Id__c... FROM  CMPL123__WF_Phase_Status__c WHERE CMPL123__WF_Phase_Status_External_Id__c IN ('a1F5r00000274jDEAQ', 'a1F5r0000026kPWEAY', 'qpa-investigation-phstatus-004', 'qpa-investigation-phstatus-003', 'qpa-investigation-phstatus-002', 'qpa-investigation-phstat....
 [13:38:48.271] {CMPL123__WF_Phase_Status__c} Data retrieval (Target) has been completed. Got 18 new records.
 [13:38:48.272] {CMPL123__X123Task__c} Fetching the Target data from Org (STAGE 2: filtered records) ...
 [13:38:48.273] {CMPL123__X123Task__c} Query string: SELECT Id, Name, CMPL123__Task_External_Id__c, CMPL123__Allow_Partial_Processing_for_123_Tasks__c, CMPL123__Description__c, CMPL123__Is_Active__c, CMPL123__Key_Value__c, CMPL123__Related_Object__c  FROM  CMPL123__X123Task__c WHERE CMPL123__Task_External_Id__c IN ('a1N5r000001W2xkEAC', 'a1N5r000001WwPxEAK', 'a1N5r000001WwqiEAC').
 [13:38:49.209] {CMPL123__X123Task__c} Data retrieval (Target) has been completed. Got 3 new records.
 [13:38:49.210] {CMPL123__X123Job__c} Fetching the Target data from Org (STAGE 2: filtered records) ...
 [13:38:49.211] {CMPL123__X123Job__c} Query string: SELECT Id, Name, CMPL123__Job_External_Id__c, CMPL123__Child_Filter_Condition__c, CMPL123__Description__c, CMPL123__Is_Active__c, CMPL123__Job_Type__c, CMPL123__Related_Task__c, CMPL123__Workflow_Step__c, CMPL123__Related_Task__r.CMPL123__Task_Extern... FROM  CMPL123__X123Job__c WHERE CMPL123__Job_External_Id__c IN ('a1M5r000000sEtHEAU', 'a1M5r000001tkV5EAI', 'a1M5r000001tkZjEAI').
 [13:38:50.257] {CMPL123__X123Job__c} Data retrieval (Target) has been completed. Got 3 new records.
 [13:38:50.260] {CMPL123__Valid_Child_Status__c} Fetching the Target data from Org (STAGE 2: filtered records) ...
 [13:38:50.261] {CMPL123__Valid_Child_Status__c} Query string: SELECT Id, Name, CMPL123__Valid_Child_Status_External_Id__c, CMPL123__Parent_Workflow_Step__c, CMPL123__Child_Relationship__c, CMPL123__Description__c, CMPL123__Required_Child_Workflow_Status__c, Child_Workflow_Status__c, Parent_Workflow_Action__c, P... FROM  CMPL123__Valid_Child_Status__c WHERE CMPL123__Valid_Child_Status_External_Id__c IN ('qpa-utility-inv-00001', 'qpa-utility-inv-00002', 'qpa-utility-inv-00003', 'qpa-utility-inv-00004', 'qpa-utility-inv-00005', 'qpa-utility-inv-00006', 'qpa-complaints....
 [13:38:51.251] {CMPL123__Valid_Child_Status__c} Data retrieval (Target) has been completed. Got 0 new records.
 [13:38:51.252] Data retrieval (STAGE 2) has been completed.

 TRIGGERING ADD-ON EVENTS ...
 [13:38:51.254] No Add-On modules found to run.


 DATA RETRIEVAL SUMMARY.
 [13:38:51.256] {CMPL123__WF_Rule__c} The total amount of the retrieved records: 3/3.
 [13:38:51.257] {CMPL123__WF_Step__c} The total amount of the retrieved records: 31/28.
 [13:38:51.257] {CMPL123__Record_Access_Rule__c} The total amount of the retrieved records: 0/0.
 [13:38:51.258] {CMPL123__WF_Action__c} The total amount of the retrieved records: 21/21.
 [13:38:51.258] {CMPL123__WF_Status__c} The total amount of the retrieved records: 19/19.
 [13:38:51.259] {CMPL123__WF_Phase__c} The total amount of the retrieved records: 11/11.
 [13:38:51.259] {CMPL123__WF_Rule_Phase__c} The total amount of the retrieved records: 11/11.
 [13:38:51.260] {CMPL123__WF_Phase_Status__c} The total amount of the retrieved records: 18/18.
 [13:38:51.260] {CMPL123__Context_Based_Security__c} The total amount of the retrieved records: 0/0.
 [13:38:51.261] {CMPL123__X123Task__c} The total amount of the retrieved records: 3/3.
 [13:38:51.261] {CMPL123__X123Job__c} The total amount of the retrieved records: 3/3.
 [13:38:51.262] {CMPL123__Job_Field_Map__c} The total amount of the retrieved records: 0/0.
 [13:38:51.262] {CMPL123__Valid_Child_Status__c} The total amount of the retrieved records: 156/0.

 UPDATING THE TARGET (STAGE 1) ...
 [13:38:51.266] {CMPL123__WF_Rule__c} 3 target records remained untouched, since they do not differ from the corresponding source records.
 [13:38:51.268] {CMPL123__WF_Action__c} 21 target records remained untouched, since they do not differ from the corresponding source records.
 [13:38:51.269] {CMPL123__WF_Status__c} 19 target records remained untouched, since they do not differ from the corresponding source records.
 [13:38:51.272] {CMPL123__WF_Step__c} Amount of records to Insert: 3.
 [13:38:51.273] {CMPL123__WF_Step__c} The Insert API operation has been started using REST API.
 [13:38:51.273] [Job# REST:Insert] {CMPL123__WF_Step__c} The job has been created. Uploading data ...
 [13:38:54.732] {CMPL123__WF_Step__c} The Insert API operation has been completed.
 [13:38:54.751] {CMPL123__WF_Step__c} Amount of records to Update: 8.
 [13:38:54.752] {CMPL123__WF_Step__c} The Update API operation has been started using REST API.
 [13:38:54.753] [Job# REST:Update] {CMPL123__WF_Step__c} The job has been created. Uploading data ...
 [13:38:56.954] {CMPL123__WF_Step__c} The Update API operation has been completed.
 [13:38:56.956] {CMPL123__WF_Step__c} 20 target records remained untouched, since they do not differ from the corresponding source records.
 [13:38:56.957] {CMPL123__WF_Step__c} The Target has been updated. Totally processed 11 records.

 [13:38:56.958] {CMPL123__WF_Phase__c} 11 target records remained untouched, since they do not differ from the corresponding source records.
 [13:38:56.959] {CMPL123__WF_Rule_Phase__c} 11 target records remained untouched, since they do not differ from the corresponding source records.
 [13:38:56.960] {CMPL123__WF_Phase_Status__c} 18 target records remained untouched, since they do not differ from the corresponding source records.
 [13:38:56.961] {CMPL123__X123Task__c} 3 target records remained untouched, since they do not differ from the corresponding source records.
 [13:38:56.962] {CMPL123__X123Job__c} 3 target records remained untouched, since they do not differ from the corresponding source records.
 [13:38:56.966] {CMPL123__Valid_Child_Status__c} Amount of records to Insert: 156.
 [13:38:56.967] {CMPL123__Valid_Child_Status__c} The Insert API operation has been started using REST API.
 [13:38:56.968] [Job# REST:Insert] {CMPL123__Valid_Child_Status__c} The job has been created. Uploading data ...
 [13:38:59.35] {CMPL123__Valid_Child_Status__c} The Insert API operation has been completed.
 [13:38:59.51] {CMPL123__Valid_Child_Status__c} The Target has been updated. Totally processed 156 records.


 [13:38:59.53] The Target (STAGE 1) has been updated. Totally processed 167 records.

 UPDATING THE TARGET (STAGE 2) ...

 [13:38:59.56] PASS 1
 =============
 [13:38:59.59] {CMPL123__WF_Step__c} 20 target records remained untouched, since they do not differ from the corresponding source records.
 [13:38:59.61] {CMPL123__WF_Rule_Phase__c} 11 target records remained untouched, since they do not differ from the corresponding source records.
 [13:38:59.62] {CMPL123__WF_Phase_Status__c} 18 target records remained untouched, since they do not differ from the corresponding source records.
 [13:38:59.64] {CMPL123__X123Job__c} 3 target records remained untouched, since they do not differ from the corresponding source records.

 [13:38:59.67] PASS 2
 =============
 [13:38:59.72] {CMPL123__WF_Step__c} 20 target records remained untouched, since they do not differ from the corresponding source records.
 [13:38:59.73] {CMPL123__WF_Rule_Phase__c} 11 target records remained untouched, since they do not differ from the corresponding source records.
 [13:38:59.74] {CMPL123__WF_Phase_Status__c} 18 target records remained untouched, since they do not differ from the corresponding source records.
 [13:38:59.75] {CMPL123__X123Job__c} 3 target records remained untouched, since they do not differ from the corresponding source records.

 [13:38:59.79] Nothing was updated.

 TRIGGERING ADD-ON EVENTS ...
 [13:38:59.81] No Add-On modules found to run.


 DATA PROCESSING SUMMARY.
 [13:38:59.99] {CMPL123__WF_Rule__c} Totally processed 0 records.
 [13:38:59.100] {CMPL123__WF_Step__c} Totally processed 11 records.
 [13:38:59.101] {CMPL123__Record_Access_Rule__c} Totally processed 0 records.
 [13:38:59.102] {CMPL123__WF_Action__c} Totally processed 0 records.
 [13:38:59.103] {CMPL123__WF_Status__c} Totally processed 0 records.
 [13:38:59.103] {CMPL123__WF_Phase__c} Totally processed 0 records.
 [13:38:59.104] {CMPL123__WF_Rule_Phase__c} Totally processed 0 records.
 [13:38:59.105] {CMPL123__WF_Phase_Status__c} Totally processed 0 records.
 [13:38:59.105] {CMPL123__Context_Based_Security__c} Totally processed 0 records.
 [13:38:59.106] {CMPL123__X123Task__c} Totally processed 0 records.
 [13:38:59.106] {CMPL123__X123Job__c} Totally processed 0 records.
 [13:38:59.107] {CMPL123__Job_Field_Map__c} Totally processed 0 records.
 [13:38:59.108] {CMPL123__Valid_Child_Status__c} Totally processed 156 records.

 [13:38:59.109] Writing to /Users/Brian.Lavin/Projects/olympus-dx/sfdmu-data/MissingParentRecordsReport.csv ...


 TRIGGERING ADD-ON EVENTS ...
 [13:38:59.111] No Add-On modules found to run.


 [13:38:59.113] Command succeeded.
 [13:38:59.114] Execution of the command sfdmu:run has been completed. Exit code 0 (SUCCESS).
 [13:38:59.115] Total time elapsed: 00h 01m 49s 276ms .