
 [21:00:05.285] Execution of the command sfdmu:run has been started.
 [21:00:05.295] newLine
 LOADING AND VALIDATING THE EXPORT.JSON SCRIPT ...
 [21:00:05.323] newLine
 OBJECT SET #1 STARTED
 [21:00:05.329] newLine
 {
   "Running Plugin version": "4.33.17"
}
 {
   "Running Add-On API version": "1.5.0"
}
 [21:00:05.357] newLine
 [21:00:05.361] Loading Core Add-On Module declarations ...
 [21:00:05.876] Connecting to the asousbckup using SFDX sf org display ...
 [21:00:12.864] Successfully connected to the asousbckup.
 {
   "Source": "csvfile.",
   "Target": "asousbckup.",
   "Package script": "C:\\Users\\Himanshu.Desai\\Documents\\GitHub\\GCHS-Release-1\\sfdmu-data\\export.json."
}
 [21:00:13.711] newLine
 GETTING AND ANALYSING OBJECT METADATA ...
 [21:00:13.714] Processing the object CMPL123__WF_Rule__c ...
 [21:00:13.716] Fetching metadata of the CMPL123__WF_Rule__c (Target) ...
 [21:00:14.391] Processing the object CMPL123__WF_Step__c ...
 [21:00:14.394] Fetching metadata of the CMPL123__WF_Step__c (Target) ...
 [21:00:15.462] Processing the object CMPL123__WF_Phase__c ...
 [21:00:15.465] Fetching metadata of the CMPL123__WF_Phase__c (Target) ...
 [21:00:16.462] Processing the object CMPL123__WF_Rule_Phase__c ...
 [21:00:16.465] Fetching metadata of the CMPL123__WF_Rule_Phase__c (Target) ...
 [21:00:17.510] Processing the object CMPL123__WF_Phase_Status__c ...
 [21:00:17.513] Fetching metadata of the CMPL123__WF_Phase_Status__c (Target) ...
 [21:00:18.266] Processing the object CMPL123__Context_Based_Security__c ...
 [21:00:18.269] Fetching metadata of the CMPL123__Context_Based_Security__c (Target) ...
 [21:00:19.13] Processing the object CMPL123__Job_Field_Map__c ...
 [21:00:19.16] Fetching metadata of the CMPL123__Job_Field_Map__c (Target) ...
 [21:00:19.725] Processing the object CMPL123__Record_Access_Rule__c ...
 [21:00:19.727] Fetching metadata of the CMPL123__Record_Access_Rule__c (Target) ...
 [21:00:20.138] Processing the object CMPL123__Valid_Child_Status__c ...
 [21:00:20.142] Fetching metadata of the CMPL123__Valid_Child_Status__c (Target) ...
 [21:00:20.854] Processing the object CMPL123__WF_Action__c ...
 [21:00:20.857] Fetching metadata of the CMPL123__WF_Action__c (Target) ...
 [21:00:21.593] Processing the object CMPL123__WF_Status__c ...
 [21:00:21.601] Fetching metadata of the CMPL123__WF_Status__c (Target) ...
 [21:00:22.18] Processing the object CMPL123__X123Job__c ...
 [21:00:22.21] Fetching metadata of the CMPL123__X123Job__c (Target) ...
 [21:00:22.795] Processing the object CMPL123__X123Task__c ...
 [21:00:22.798] Fetching metadata of the CMPL123__X123Task__c (Target) ...
 [21:00:23.222] Processing the object CMPL123__WF_Step_Extension__c ...
 [21:00:23.226] Fetching metadata of the CMPL123__WF_Step_Extension__c (Target) ...
 [21:00:23.586] Processing the object CMPL123__AuditTrail_Config__c ...
 [21:00:23.588] Fetching metadata of the CMPL123__AuditTrail_Config__c (Target) ...
 [21:00:24.335] Fetching metadata of the Group (Target) ...
 [21:00:24.733] Processing the object CMPL123__AuditTrail_Config__c ...
 [21:00:24.736] Processing the object CMPL123__WF_Step_Extension__c ...
 [21:00:24.739] Processing the object CMPL123__X123Task__c ...
 [21:00:24.740] Processing the object CMPL123__X123Job__c ...
 [21:00:24.742] Processing the object CMPL123__WF_Status__c ...
 [21:00:24.743] Processing the object CMPL123__WF_Action__c ...
 [21:00:24.745] Processing the object CMPL123__Valid_Child_Status__c ...
 [21:00:24.747] Processing the object CMPL123__Record_Access_Rule__c ...
 [21:00:24.749] Processing the object CMPL123__Job_Field_Map__c ...
 [21:00:24.751] Processing the object CMPL123__Context_Based_Security__c ...
 [21:00:24.753] Processing the object CMPL123__WF_Phase_Status__c ...
 [21:00:24.755] Processing the object CMPL123__WF_Rule_Phase__c ...
 [21:00:24.757] Processing the object CMPL123__WF_Phase__c ...
 [21:00:24.759] Processing the object CMPL123__WF_Step__c ...
 [21:00:24.762] Processing the object CMPL123__WF_Rule__c ...
 [21:00:24.765] newLine
 PREPARING DATA MIGRATION JOB ...
 [21:00:24.768] Building the migration strategy ...
 {
   "Order of objects to query": "CMPL123__WF_Rule__c; CMPL123__WF_Step__c; CMPL123__Record_Access_Rule__c; CMPL123__AuditTrail_Config__c; CMPL123__WF_Action__c; CMPL123__WF_Status__c; CMPL123__WF_Phase__c; CMPL123__WF_Rule_Phase__c; CMPL123__WF_Phase_Status__c; CMPL123__Context_Based_Security__c; CMPL123__X123Task__c; CMPL123__X123Job__c; CMPL123__Job_Field_Map__c; CMPL123__Valid_Child_Status__c; CMPL123__WF_Step_Extension__c"
}
 {
   "Order of objects to delete": "CMPL123__AuditTrail_Config__c; CMPL123__WF_Step_Extension__c; CMPL123__Valid_Child_Status__c; CMPL123__Record_Access_Rule__c; CMPL123__Job_Field_Map__c; CMPL123__X123Job__c; CMPL123__X123Task__c; CMPL123__Context_Based_Security__c; CMPL123__WF_Phase_Status__c; CMPL123__WF_Rule_Phase__c; CMPL123__WF_Phase__c; CMPL123__WF_Step__c; CMPL123__WF_Status__c; CMPL123__WF_Action__c; CMPL123__WF_Rule__c"
}
 {
   "Order of objects to update": "CMPL123__WF_Rule__c; CMPL123__WF_Action__c; CMPL123__WF_Status__c; CMPL123__WF_Step__c; CMPL123__WF_Phase__c; CMPL123__WF_Rule_Phase__c; CMPL123__WF_Phase_Status__c; CMPL123__Context_Based_Security__c; CMPL123__X123Task__c; CMPL123__X123Job__c; CMPL123__Job_Field_Map__c; CMPL123__Record_Access_Rule__c; CMPL123__Valid_Child_Status__c; CMPL123__WF_Step_Extension__c; CMPL123__AuditTrail_Config__c"
}
 [21:00:24.847] Validation of the source CSV files ...
 [21:00:25.253] Writing to C:\Users\Himanshu.Desai\Documents\GitHub\GCHS-Release-1\sfdmu-data\source\CMPL123__WF_Step__c_source.csv ...
 [21:00:25.274] Writing to C:\Users\Himanshu.Desai\Documents\GitHub\GCHS-Release-1\sfdmu-data\source\CMPL123__WF_Rule_Phase__c_source.csv ...
 [21:00:25.279] Writing to C:\Users\Himanshu.Desai\Documents\GitHub\GCHS-Release-1\sfdmu-data\source\CMPL123__WF_Phase_Status__c_source.csv ...
 [21:00:25.286] Writing to C:\Users\Himanshu.Desai\Documents\GitHub\GCHS-Release-1\sfdmu-data\source\CMPL123__X123Job__c_source.csv ...
 [21:00:25.292] Writing to C:\Users\Himanshu.Desai\Documents\GitHub\GCHS-Release-1\sfdmu-data\source\CMPL123__Valid_Child_Status__c_source.csv ...
 [21:00:25.307] Writing to C:\Users\Himanshu.Desai\Documents\GitHub\GCHS-Release-1\sfdmu-data\source\CMPL123__WF_Step_Extension__c_source.csv ...
 [21:00:25.313] Amount of updated source CSV files: 6.
 [21:00:25.315] No issues were found in the source CSV files.
 [21:00:25.317] Processing the source CSV files has been completed.
 [21:00:25.320] Preparing of the data migration job has been completed.
 [21:00:25.322] newLine
 ANALYSING DATA...
 [21:00:25.479] {CMPL123__WF_Rule__c} The original query string of this object is returning 3 records from the Target org.
 [21:00:25.625] {CMPL123__WF_Action__c} The original query string of this object is returning 230 records from the Target org.
 [21:00:25.774] {CMPL123__WF_Status__c} The original query string of this object is returning 162 records from the Target org.
 [21:00:26.209] {CMPL123__WF_Step__c} The original query string of this object is returning 28 records from the Target org.
 [21:00:26.638] {CMPL123__WF_Phase__c} The original query string of this object is returning 45 records from the Target org.
 [21:00:26.782] {CMPL123__WF_Rule_Phase__c} The original query string of this object is returning 64 records from the Target org.
 [21:00:27.209] {CMPL123__WF_Phase_Status__c} The original query string of this object is returning 103 records from the Target org.
 [21:00:27.347] {CMPL123__Context_Based_Security__c} The original query string of this object is returning 0 records from the Target org.
 [21:00:27.489] {CMPL123__X123Task__c} The original query string of this object is returning 13 records from the Target org.
 [21:00:27.642] {CMPL123__X123Job__c} The original query string of this object is returning 14 records from the Target org.
 [21:00:28.69] {CMPL123__Job_Field_Map__c} The original query string of this object is returning 6 records from the Target org.
 [21:00:28.213] {CMPL123__Record_Access_Rule__c} The original query string of this object is returning 0 records from the Target org.
 [21:00:28.360] {CMPL123__Valid_Child_Status__c} The original query string of this object is returning 258 records from the Target org.
 [21:00:28.509] {CMPL123__WF_Step_Extension__c} The original query string of this object is returning 84 records from the Target org.
 [21:00:28.653] {CMPL123__AuditTrail_Config__c} The original query string of this object is returning 152 records from the Target org.
 [21:00:28.656] newLine
 TRIGGERING ADD-ON EVENTS ...
 [21:00:28.661] No Add-On modules found to run.
 [21:00:28.662] newLine
 [21:00:28.665] Ready to process the data.
 [21:00:28.666] newLine
 DELETING OLD DATA FROM THE TARGET ...
 [21:00:28.670] {CMPL123__AuditTrail_Config__c} No records to delete.
 [21:00:28.672] {CMPL123__WF_Step_Extension__c} No records to delete.
 [21:00:28.674] {CMPL123__Valid_Child_Status__c} Deleting old records from the Target ...
 [21:00:28.929] {CMPL123__Valid_Child_Status__c} Amount of records to delete: 158.
 [21:00:28.941] {CMPL123__Valid_Child_Status__c} The Delete API operation has been started using REST API.
 [21:00:28.946] [Job# REST:Delete] {CMPL123__Valid_Child_Status__c} The job has been created. Uploading data ...
 [21:00:48.154] {CMPL123__Valid_Child_Status__c} The Delete API operation has been completed.
 [21:00:48.163] {CMPL123__Valid_Child_Status__c} Deleting has been completed.
 [21:00:48.165] {CMPL123__Record_Access_Rule__c} No records to delete.
 [21:00:48.167] {CMPL123__Job_Field_Map__c} No records to delete.
 [21:00:48.168] {CMPL123__X123Job__c} No records to delete.
 [21:00:48.170] {CMPL123__X123Task__c} No records to delete.
 [21:00:48.172] {CMPL123__Context_Based_Security__c} No records to delete.
 [21:00:48.174] {CMPL123__WF_Phase_Status__c} No records to delete.
 [21:00:48.176] {CMPL123__WF_Rule_Phase__c} No records to delete.
 [21:00:48.177] {CMPL123__WF_Phase__c} No records to delete.
 [21:00:48.179] {CMPL123__WF_Step__c} No records to delete.
 [21:00:48.181] {CMPL123__WF_Status__c} No records to delete.
 [21:00:48.183] {CMPL123__WF_Action__c} No records to delete.
 [21:00:48.185] {CMPL123__WF_Rule__c} No records to delete.
 [21:00:48.186] Deleting data has been completed.
 [21:00:48.189] newLine
 SOURCE:
 =============
 [21:00:48.195] newLine
 FETCHING THE DATA (STAGE 1) ...
 [21:00:48.200] {CMPL123__WF_Rule__c} Fetching the Source data from CSV file (STAGE 1: all records) ...
 [21:00:48.216] {CMPL123__WF_Rule__c} Data retrieval (Source) has been completed. Got 3 new records.
 [21:00:48.220] {CMPL123__WF_Step__c} Fetching the Source data from CSV file (STAGE 1: all records) ...
 [21:00:48.296] {CMPL123__WF_Step__c} Data retrieval (Source) has been completed. Got 31 new records.
 [21:00:48.301] {CMPL123__Record_Access_Rule__c} Fetching the Source data from CSV file (STAGE 1: all records) ...
 [21:00:48.306] {CMPL123__Record_Access_Rule__c} Data retrieval (Source) has been completed. Got 0 new records.
 [21:00:48.309] {CMPL123__AuditTrail_Config__c} Fetching the Source data from CSV file (STAGE 1: all records) ...
 [21:00:48.350] {CMPL123__AuditTrail_Config__c} Data retrieval (Source) has been completed. Got 152 new records.
 [21:00:48.353] {CMPL123__WF_Action__c} Fetching the Source data from CSV file (STAGE 1: all records) ...
 [21:00:48.364] {CMPL123__WF_Action__c} Data retrieval (Source) has been completed. Got 21 new records.
 [21:00:48.366] {CMPL123__WF_Status__c} Fetching the Source data from CSV file (STAGE 1: all records) ...
 [21:00:48.371] {CMPL123__WF_Status__c} Data retrieval (Source) has been completed. Got 19 new records.
 [21:00:48.373] {CMPL123__WF_Phase__c} Fetching the Source data from CSV file (STAGE 1: all records) ...
 [21:00:48.379] {CMPL123__WF_Phase__c} Data retrieval (Source) has been completed. Got 11 new records.
 [21:00:48.382] {CMPL123__WF_Rule_Phase__c} Fetching the Source data from CSV file (STAGE 1: all records) ...
 [21:00:48.389] {CMPL123__WF_Rule_Phase__c} Data retrieval (Source) has been completed. Got 11 new records.
 [21:00:48.392] {CMPL123__WF_Phase_Status__c} Fetching the Source data from CSV file (STAGE 1: all records) ...
 [21:00:48.402] {CMPL123__WF_Phase_Status__c} Data retrieval (Source) has been completed. Got 18 new records.
 [21:00:48.404] {CMPL123__Context_Based_Security__c} Fetching the Source data from CSV file (STAGE 1: all records) ...
 [21:00:48.409] {CMPL123__Context_Based_Security__c} Data retrieval (Source) has been completed. Got 0 new records.
 [21:00:48.411] {CMPL123__X123Task__c} Fetching the Source data from CSV file (STAGE 1: all records) ...
 [21:00:48.416] {CMPL123__X123Task__c} Data retrieval (Source) has been completed. Got 3 new records.
 [21:00:48.418] {CMPL123__X123Job__c} Fetching the Source data from CSV file (STAGE 1: all records) ...
 [21:00:48.422] {CMPL123__X123Job__c} Data retrieval (Source) has been completed. Got 3 new records.
 [21:00:48.424] {CMPL123__Job_Field_Map__c} Fetching the Source data from CSV file (STAGE 1: all records) ...
 [21:00:48.428] {CMPL123__Job_Field_Map__c} Data retrieval (Source) has been completed. Got 0 new records.
 [21:00:48.430] {CMPL123__Valid_Child_Status__c} Fetching the Source data from CSV file (STAGE 1: all records) ...
 [21:00:48.494] {CMPL123__Valid_Child_Status__c} Data retrieval (Source) has been completed. Got 156 new records.
 [21:00:48.496] {CMPL123__WF_Step_Extension__c} Fetching the Source data from CSV file (STAGE 1: all records) ...
 [21:00:48.504] {CMPL123__WF_Step_Extension__c} Data retrieval (Source) has been completed. Got 20 new records.
 [21:00:48.507] Data retrieval (STAGE 1) has been completed.
 [21:00:48.509] newLine
 FETCHING THE DATA (STAGE 2) ...
 [21:00:48.513] PASS 1
 =============
 [21:00:48.517] No records
 [21:00:48.520] newLine
 [21:00:48.522] PASS 2
 =============
 [21:00:48.526] No records
 [21:00:48.528] newLine
 [21:00:48.529] PASS 3
 =============
 [21:00:48.533] No records
 [21:00:48.534] newLine
 [21:00:48.536] PASS 4
 =============
 [21:00:48.539] No records
 [21:00:48.541] newLine
 TARGET:
 =============
 [21:00:48.546] {CMPL123__WF_Rule__c} Fetching the Target data from Org (STAGE 2: all records) ...
 [21:00:48.548] {CMPL123__WF_Rule__c} Query string: SELECT Id, Name, CMPL123__WF_Rule_External_Id__c, CMPL123__Description__c, CMPL123__Has_Cycle_Time_Metrics_Fields__c, CMPL123__Has_Multiple_Actions__c, CMPL123__Is_Active__c, CMPL123__Record_Type__c, CMPL123__Target_Object__c, CMPL123__Target_Object_... FROM  CMPL123__WF_Rule__c WHERE Name in ('Complaint Workflow', 'Investigation Workflow', 'Regulatory Report Workflow').
 [21:00:48.551] {CMPL123__WF_Rule__c} Using REST API to retrieve the data ...
 [21:00:48.718] {CMPL123__WF_Rule__c} Data retrieval (Target) has been completed. Got 3 new records.
 [21:00:48.721] {CMPL123__WF_Step__c} Fetching the Target data from Org (STAGE 2: all records) ...
 [21:00:48.724] {CMPL123__WF_Step__c} Query string: SELECT Id, CMPL123__WF_Step_External_Id__c, CMPL123__WF_Rule__c, CMPL123__Action__c, CMPL123__Are_Child_Files_Locked__c, CMPL123__Are_Child_Records_Locked__c, CMPL123__End_Status__c, CMPL123__Is_Record_Lock_Required__c, CMPL123__Is_Related_Lists_Lock... FROM  CMPL123__WF_Step__c WHERE CMPL123__WF_Rule__r.Name in ('Complaint Workflow', 'Investigation Workflow', 'Regulatory Report Workflow').
 [21:00:48.730] {CMPL123__WF_Step__c} Using REST API to retrieve the data ...
 [21:00:49.200] {CMPL123__WF_Step__c} Data retrieval (Target) has been completed. Got 28 new records.
 [21:00:49.203] {CMPL123__Record_Access_Rule__c} Fetching the Target data from Org (STAGE 2: all records) ...
 [21:00:49.204] {CMPL123__Record_Access_Rule__c} Query string: SELECT Id, Name, CMPL123__Record_Access_Rule_External_Id__c, CMPL123__API_Path_to_User_Relationship__c, CMPL123__Active_of_the_rule__c, CMPL123__Apex_Sharing_Reason__c, CMPL123__Child_Objects__c, CMPL123__Target_Object__c, CMPL123__User_Field_Name__c... FROM  CMPL123__Record_Access_Rule__c.
 [21:00:49.206] {CMPL123__Record_Access_Rule__c} Using REST API to retrieve the data ...
 [21:00:49.351] {CMPL123__Record_Access_Rule__c} Data retrieval (Target) has been completed. Got 0 new records.
 [21:00:49.353] {CMPL123__AuditTrail_Config__c} Fetching the Target data from Org (STAGE 2: all records) ...
 [21:00:49.354] {CMPL123__AuditTrail_Config__c} Query string: SELECT Id, Name, CMPL123__AuditTrail_External_Id__c, CMPL123__Child_Relationships_Object__c, CMPL123__Fields__c, CMPL123__Is_Active__c, CMPL123__Parent_Relationship_Object__c, CMPL123__RFC_Comment_Fields__c, CMPL123__RFC_Fields__c, CMPL123__Report_Ti... FROM  CMPL123__AuditTrail_Config__c.
 [21:00:49.356] {CMPL123__AuditTrail_Config__c} Using REST API to retrieve the data ...
 [21:00:49.890] {CMPL123__AuditTrail_Config__c} Data retrieval (Target) has been completed. Got 152 new records.
 [21:00:49.893] {CMPL123__WF_Action__c} Fetching the Target data from Org (STAGE 2: filtered records) ...
 [21:00:49.895] {CMPL123__WF_Action__c} Query string: SELECT Id, Name, CMPL123__WF_Action_External_Id__c, CMPL123__Action_Custom_Label__c, CMPL123__Comment_Type__c, CMPL123__Description__c, CMPL123__E_Sign_Message_Custom_Label__c, CMPL123__Esign_Message__c, CMPL123__Generic_Comment__c, CMPL123__Is_Comme... FROM  CMPL123__WF_Action__c WHERE CMPL123__WF_Action_External_Id__c IN ('a1D5r000000hdpgEAA', 'a1D5r000000hjJ9EAI', 'a1D5r000000hqRuEAI', 'a1D5r000000hjEqEAI', 'qpa-common-00032', 'qpa-common-00040', 'qpa-common-00042', 'qpa-common-00044', 'qpa-common-000....
 [21:00:49.902] {CMPL123__WF_Action__c} Using REST API to retrieve the data ...
 [21:00:50.157] {CMPL123__WF_Action__c} Data retrieval (Target) has been completed. Got 21 new records.
 [21:00:50.160] {CMPL123__WF_Status__c} Fetching the Target data from Org (STAGE 2: filtered records) ...
 [21:00:50.162] {CMPL123__WF_Status__c} Query string: SELECT Id, Name, CMPL123__WF_Status_External_Id__c, CMPL123__Description__c, CMPL123__Status_Custom_Label__c  FROM  CMPL123__WF_Status__c WHERE CMPL123__WF_Status_External_Id__c IN ('a1J5r000001NvJyEAK', 'qpa-common-00016', 'qpa-common-00020', 'qpa-common-00021', 'qpa-common-00023', 'qpa-common-00024', 'qpa-common-00029', 'qpa-common-00031', 'qpa-common-00033', '....
 [21:00:50.166] {CMPL123__WF_Status__c} Using REST API to retrieve the data ...
 [21:00:50.351] {CMPL123__WF_Status__c} Data retrieval (Target) has been completed. Got 19 new records.
 [21:00:50.353] {CMPL123__WF_Phase__c} Fetching the Target data from Org (STAGE 2: filtered records) ...
 [21:00:50.355] {CMPL123__WF_Phase__c} Query string: SELECT Id, Name, CMPL123__WF_Phase_External_Id__c, CMPL123__Description__c, CMPL123__Phase_Custom_Label__c, CMPL123__Work_Instructions_Custom_Label__c, CMPL123__Work_Instructions_HTML__c, CMPL123__Work_Instructions__c  FROM  CMPL123__WF_Phase__c WHERE CMPL123__WF_Phase_External_Id__c IN ('qpa-complaints-phase-001', 'qpa-complaints-phase-002', 'qpa-complaints-phase-003', 'qpa-complaints-phase-004', 'qpa-complaints-phase-005', 'qpa-complaints-phase-007', 'qpa-complaints-p....
 [21:00:50.358] {CMPL123__WF_Phase__c} Using REST API to retrieve the data ...
 [21:00:50.511] {CMPL123__WF_Phase__c} Data retrieval (Target) has been completed. Got 11 new records.
 [21:00:50.516] {CMPL123__WF_Rule_Phase__c} Fetching the Target data from Org (STAGE 2: filtered records) ...
 [21:00:50.518] {CMPL123__WF_Rule_Phase__c} Query string: SELECT Id, Name, CMPL123__WF_Rule_Phase_External_Id__c, CMPL123__Order__c, CMPL123__Workflow_Phase__c, CMPL123__Workflow_Rule__c, CMPL123__Workflow_Phase__r.CMPL123__WF_Phase_External_Id__c, CMPL123__Workflow_Rule__r.CMPL123__WF_Rule_External_Id__c  FROM  CMPL123__WF_Rule_Phase__c WHERE CMPL123__WF_Rule_Phase_External_Id__c IN ('a1H5r0000019CIhEAM', 'a1H5r0000019CIiEAM', 'a1H5r0000019CIjEAM', 'qpa-complaints-phrule-001', 'qpa-complaints-phrule-002', 'qpa-complaints-phrule-003', 'qpa-complaints-phrule....
 [21:00:50.521] {CMPL123__WF_Rule_Phase__c} Using REST API to retrieve the data ...
 [21:00:50.773] {CMPL123__WF_Rule_Phase__c} Data retrieval (Target) has been completed. Got 11 new records.
 [21:00:50.777] {CMPL123__WF_Phase_Status__c} Fetching the Target data from Org (STAGE 2: filtered records) ...
 [21:00:50.778] {CMPL123__WF_Phase_Status__c} Query string: SELECT Id, CMPL123__WF_Phase_Status_External_Id__c, CMPL123__Workflow_Rule_Phase__c, CMPL123__Workflow_Status__c, Workflow_Phase__c, Workflow_Rule__c, Workflow_Status_hyperlink__c, CMPL123__Workflow_Rule_Phase__r.CMPL123__WF_Rule_Phase_External_Id__c... FROM  CMPL123__WF_Phase_Status__c WHERE CMPL123__WF_Phase_Status_External_Id__c IN ('a1F5r0000026qj1EAA', 'a1F5r0000026qj0EAA', 'a1F5r0000026qizEAA', 'a1F5r0000026qiyEAA', 'a1F5r0000026ifAEAQ', 'a1F5r0000026if9EAA', 'a1F5r0000026if8EAA', 'a1F5r0000026if7E....
 [21:00:50.781] {CMPL123__WF_Phase_Status__c} Using REST API to retrieve the data ...
 [21:00:51.35] {CMPL123__WF_Phase_Status__c} Data retrieval (Target) has been completed. Got 18 new records.
 [21:00:51.37] {CMPL123__X123Task__c} Fetching the Target data from Org (STAGE 2: filtered records) ...
 [21:00:51.39] {CMPL123__X123Task__c} Query string: SELECT Id, Name, CMPL123__Task_External_Id__c, CMPL123__Allow_Partial_Processing_for_123_Tasks__c, CMPL123__Description__c, CMPL123__Is_Active__c, CMPL123__Key_Value__c, CMPL123__Related_Object__c  FROM  CMPL123__X123Task__c WHERE CMPL123__Task_External_Id__c IN ('a1N5r000001WwqiEAC', 'a1N5r000001WwPxEAK', 'a1N5r000001W2xkEAC').
 [21:00:51.42] {CMPL123__X123Task__c} Using REST API to retrieve the data ...
 [21:00:51.475] {CMPL123__X123Task__c} Data retrieval (Target) has been completed. Got 3 new records.
 [21:00:51.478] {CMPL123__X123Job__c} Fetching the Target data from Org (STAGE 2: filtered records) ...
 [21:00:51.479] {CMPL123__X123Job__c} Query string: SELECT Id, Name, CMPL123__Job_External_Id__c, CMPL123__Child_Filter_Condition__c, CMPL123__Description__c, CMPL123__Is_Active__c, CMPL123__Job_Type__c, CMPL123__Related_Task__c, CMPL123__Workflow_Step__c, CMPL123__Related_Task__r.CMPL123__Task_Extern... FROM  CMPL123__X123Job__c WHERE CMPL123__Job_External_Id__c IN ('a1M5r000000sEtHEAU', 'a1M5r000001tkZjEAI', 'a1M5r000001tkV5EAI').
 [21:00:51.482] {CMPL123__X123Job__c} Using REST API to retrieve the data ...
 [21:00:51.726] {CMPL123__X123Job__c} Data retrieval (Target) has been completed. Got 3 new records.
 [21:00:51.732] {CMPL123__Valid_Child_Status__c} Fetching the Target data from Org (STAGE 2: filtered records) ...
 [21:00:51.737] {CMPL123__Valid_Child_Status__c} Query string: SELECT Id, Name, CMPL123__Valid_Child_Status_External_Id__c, CMPL123__Parent_Workflow_Step__c, CMPL123__Child_Relationship__c, CMPL123__Description__c, CMPL123__Required_Child_Workflow_Status__c, Parent_Workflow_Action__c, Parent_Workflow_Rule__c, Ch... FROM  CMPL123__Valid_Child_Status__c WHERE CMPL123__Valid_Child_Status_External_Id__c IN ('qpa-utility-inv-00001', 'qpa-utility-inv-00002', 'qpa-utility-inv-00003', 'qpa-utility-inv-00004', 'qpa-utility-inv-00005', 'qpa-utility-inv-00006', 'qpa-complaints....
 [21:00:51.748] {CMPL123__Valid_Child_Status__c} Using REST API to retrieve the data ...
 [21:00:51.928] {CMPL123__Valid_Child_Status__c} Data retrieval (Target) has been completed. Got 0 new records.
 [21:00:51.931] {CMPL123__WF_Step_Extension__c} Fetching the Target data from Org (STAGE 2: filtered records) ...
 [21:00:51.932] {CMPL123__WF_Step_Extension__c} Query string: SELECT Id, Name, CMPL123__External_Id__c, CMPL123__Parent_Workflow_Step__c, CMPL123__Apply_To_Automated_User__c, CMPL123__Are_Child_Files_Locked__c, CMPL123__Is_Record_Lock_Required__c, CMPL123__Is_Related_Lists_Locked__c, CMPL123__Object_Related_Lis... FROM  CMPL123__WF_Step_Extension__c WHERE CMPL123__External_Id__c IN ('a1K5r000006ydv3EAA', 'a1K5r000006ytOXEAY', 'a1K5r0000070oWeEAI', 'a1K5r000007070iEAA', 'a1K5r00000707bOEAQ', 'a1K5r00000707y6EAA', 'a1K5r00000707iaEAA', 'a1K5r000006yfFjEAI', 'a1K5r000....
 [21:00:51.934] {CMPL123__WF_Step_Extension__c} Using REST API to retrieve the data ...
 [21:00:52.188] {CMPL123__WF_Step_Extension__c} Data retrieval (Target) has been completed. Got 18 new records.
 [21:00:52.190] Data retrieval (STAGE 2) has been completed.
 [21:00:52.192] newLine
 TRIGGERING ADD-ON EVENTS ...
 [21:00:52.196] No Add-On modules found to run.
 [21:00:52.197] newLine
 [21:00:52.198] newLine
 DATA RETRIEVAL SUMMARY.
 [21:00:52.201] {CMPL123__WF_Rule__c} The total amount of the retrieved records: 3/3.
 [21:00:52.203] {CMPL123__WF_Step__c} The total amount of the retrieved records: 31/28.
 [21:00:52.204] {CMPL123__Record_Access_Rule__c} The total amount of the retrieved records: 0/0.
 [21:00:52.205] {CMPL123__AuditTrail_Config__c} The total amount of the retrieved records: 152/152.
 [21:00:52.207] {CMPL123__WF_Action__c} The total amount of the retrieved records: 21/21.
 [21:00:52.208] {CMPL123__WF_Status__c} The total amount of the retrieved records: 19/19.
 [21:00:52.209] {CMPL123__WF_Phase__c} The total amount of the retrieved records: 11/11.
 [21:00:52.211] {CMPL123__WF_Rule_Phase__c} The total amount of the retrieved records: 11/11.
 [21:00:52.212] {CMPL123__WF_Phase_Status__c} The total amount of the retrieved records: 18/18.
 [21:00:52.214] {CMPL123__Context_Based_Security__c} The total amount of the retrieved records: 0/0.
 [21:00:52.215] {CMPL123__X123Task__c} The total amount of the retrieved records: 3/3.
 [21:00:52.216] {CMPL123__X123Job__c} The total amount of the retrieved records: 3/3.
 [21:00:52.218] {CMPL123__Job_Field_Map__c} The total amount of the retrieved records: 0/0.
 [21:00:52.219] {CMPL123__Valid_Child_Status__c} The total amount of the retrieved records: 156/0.
 [21:00:52.221] {CMPL123__WF_Step_Extension__c} The total amount of the retrieved records: 20/18.
 [21:00:52.224] newLine
 UPDATING THE TARGET (STAGE 1) ...
 [21:00:52.233] {CMPL123__WF_Rule__c} 3 target records remained untouched, since they do not differ from the corresponding source records.
 [21:00:52.236] {CMPL123__WF_Action__c} 21 target records remained untouched, since they do not differ from the corresponding source records.
 [21:00:52.238] {CMPL123__WF_Status__c} 19 target records remained untouched, since they do not differ from the corresponding source records.
 [21:00:52.243] {CMPL123__WF_Step__c} Amount of records to Insert: 3.
 [21:00:52.246] {CMPL123__WF_Step__c} The Insert API operation has been started using REST API.
 [21:00:52.247] [Job# REST:Insert] {CMPL123__WF_Step__c} The job has been created. Uploading data ...
 [21:01:01.161] {CMPL123__WF_Step__c} The Insert API operation has been completed.
 [21:01:01.167] {CMPL123__WF_Step__c} Amount of records to Update: 14.
 [21:01:01.171] {CMPL123__WF_Step__c} The Update API operation has been started using REST API.
 [21:01:01.172] [Job# REST:Update] {CMPL123__WF_Step__c} The job has been created. Uploading data ...
 [21:01:09.682] {CMPL123__WF_Step__c} The Update API operation has been completed.
 [21:01:09.690] {CMPL123__WF_Step__c} 14 target records remained untouched, since they do not differ from the corresponding source records.
 [21:01:09.691] {CMPL123__WF_Step__c} The Target has been updated. Totally processed 17 records.
 [21:01:09.693] newLine
 [21:01:09.694] {CMPL123__WF_Phase__c} 11 target records remained untouched, since they do not differ from the corresponding source records.
 [21:01:09.696] {CMPL123__WF_Rule_Phase__c} 11 target records remained untouched, since they do not differ from the corresponding source records.
 [21:01:09.698] {CMPL123__WF_Phase_Status__c} 18 target records remained untouched, since they do not differ from the corresponding source records.
 [21:01:09.701] {CMPL123__X123Task__c} 3 target records remained untouched, since they do not differ from the corresponding source records.
 [21:01:09.705] {CMPL123__X123Job__c} 3 target records remained untouched, since they do not differ from the corresponding source records.
 [21:01:09.712] {CMPL123__Valid_Child_Status__c} Amount of records to Insert: 156.
 [21:01:09.717] {CMPL123__Valid_Child_Status__c} The Insert API operation has been started using REST API.
 [21:01:09.719] [Job# REST:Insert] {CMPL123__Valid_Child_Status__c} The job has been created. Uploading data ...
 [21:01:10.940] {CMPL123__Valid_Child_Status__c} The Insert API operation has been completed.
 [21:01:10.954] {CMPL123__Valid_Child_Status__c} The Target has been updated. Totally processed 156 records.
 [21:01:10.956] newLine
 [21:01:10.958] {CMPL123__WF_Step_Extension__c} Amount of records to Insert: 2.
 [21:01:10.961] {CMPL123__WF_Step_Extension__c} The Insert API operation has been started using REST API.
 [21:01:10.962] [Job# REST:Insert] {CMPL123__WF_Step_Extension__c} The job has been created. Uploading data ...
 [21:01:13.744] {CMPL123__WF_Step_Extension__c} The Insert API operation has been completed.
 [21:01:13.753] {CMPL123__WF_Step_Extension__c} 18 target records remained untouched, since they do not differ from the corresponding source records.
 [21:01:13.754] {CMPL123__WF_Step_Extension__c} The Target has been updated. Totally processed 2 records.
 [21:01:13.756] newLine
 [21:01:13.760] {CMPL123__AuditTrail_Config__c} Amount of records to Update: 4.
 [21:01:13.764] {CMPL123__AuditTrail_Config__c} The Update API operation has been started using REST API.
 [21:01:13.766] [Job# REST:Update] {CMPL123__AuditTrail_Config__c} The job has been created. Uploading data ...
 [21:01:14.60] {CMPL123__AuditTrail_Config__c} The Update API operation has been completed.
 [21:01:14.66] {CMPL123__AuditTrail_Config__c} 148 target records remained untouched, since they do not differ from the corresponding source records.
 [21:01:14.67] {CMPL123__AuditTrail_Config__c} The Target has been updated. Totally processed 4 records.
 [21:01:14.69] newLine
 [21:01:14.70] newLine
 [21:01:14.71] The Target (STAGE 1) has been updated. Totally processed 179 records.
 [21:01:14.73] newLine
 UPDATING THE TARGET (STAGE 2) ...
 [21:01:14.76] newLine
 [21:01:14.78] PASS 1
 =============
 [21:01:14.85] {CMPL123__WF_Step__c} 14 target records remained untouched, since they do not differ from the corresponding source records.
 [21:01:14.88] {CMPL123__WF_Rule_Phase__c} 11 target records remained untouched, since they do not differ from the corresponding source records.
 [21:01:14.91] {CMPL123__WF_Phase_Status__c} 18 target records remained untouched, since they do not differ from the corresponding source records.
 [21:01:14.94] {CMPL123__X123Job__c} 3 target records remained untouched, since they do not differ from the corresponding source records.
 [21:01:14.102] {CMPL123__WF_Step_Extension__c} 18 target records remained untouched, since they do not differ from the corresponding source records.
 [21:01:14.104] newLine
 [21:01:14.106] PASS 2
 =============
 [21:01:14.111] {CMPL123__WF_Step__c} 14 target records remained untouched, since they do not differ from the corresponding source records.
 [21:01:14.112] {CMPL123__WF_Rule_Phase__c} 11 target records remained untouched, since they do not differ from the corresponding source records.
 [21:01:14.114] {CMPL123__WF_Phase_Status__c} 18 target records remained untouched, since they do not differ from the corresponding source records.
 [21:01:14.116] {CMPL123__X123Job__c} 3 target records remained untouched, since they do not differ from the corresponding source records.
 [21:01:14.125] {CMPL123__WF_Step_Extension__c} 18 target records remained untouched, since they do not differ from the corresponding source records.
 [21:01:14.128] newLine
 [21:01:14.129] Nothing was updated.
 [21:01:14.131] newLine
 TRIGGERING ADD-ON EVENTS ...
 [21:01:14.133] No Add-On modules found to run.
 [21:01:14.134] newLine
 [21:01:14.136] newLine
 DATA PROCESSING SUMMARY.
 [21:01:14.139] {CMPL123__WF_Rule__c} Totally processed 0 records.
 [21:01:14.140] {CMPL123__WF_Step__c} Totally processed 17 records.
 [21:01:14.142] {CMPL123__Record_Access_Rule__c} Totally processed 0 records.
 [21:01:14.143] {CMPL123__AuditTrail_Config__c} Totally processed 4 records.
 [21:01:14.144] {CMPL123__WF_Action__c} Totally processed 0 records.
 [21:01:14.146] {CMPL123__WF_Status__c} Totally processed 0 records.
 [21:01:14.147] {CMPL123__WF_Phase__c} Totally processed 0 records.
 [21:01:14.148] {CMPL123__WF_Rule_Phase__c} Totally processed 0 records.
 [21:01:14.149] {CMPL123__WF_Phase_Status__c} Totally processed 0 records.
 [21:01:14.151] {CMPL123__Context_Based_Security__c} Totally processed 0 records.
 [21:01:14.152] {CMPL123__X123Task__c} Totally processed 0 records.
 [21:01:14.153] {CMPL123__X123Job__c} Totally processed 0 records.
 [21:01:14.155] {CMPL123__Job_Field_Map__c} Totally processed 0 records.
 [21:01:14.156] {CMPL123__Valid_Child_Status__c} Totally processed 156 records.
 [21:01:14.157] {CMPL123__WF_Step_Extension__c} Totally processed 2 records.
 [21:01:14.159] newLine
 [21:01:14.161] Writing to C:\Users\Himanshu.Desai\Documents\GitHub\GCHS-Release-1\sfdmu-data\MissingParentRecordsReport.csv ...
 [21:01:14.163] newLine
 [21:01:14.164] newLine
 TRIGGERING ADD-ON EVENTS ...
 [21:01:14.167] No Add-On modules found to run.
 [21:01:14.170] newLine

 [21:01:14.191] Command succeeded.
 [21:01:14.194] Execution of the command sfdmu:run has been completed. Exit code 0 (SUCCESS).
 [21:01:14.196] Total time elapsed: 00h 01m 08s 911ms .