
 [14:01:04.581] Execution of the command sfdmu:run has been started.

 LOADING AND VALIDATING THE EXPORT.JSON SCRIPT ...

 OBJECT SET #1 STARTED

 {
   "Running Plugin version": "4.26.13"
}
 {
   "Running Add-On API version": "1.5.0"
}

 [14:01:04.603] Loading Core Add-On Module declarations ...
 [14:01:04.748] Connecting to the olympus-qa using SFDX force:org:display ...
 [14:01:32.343] Successfully connected to the olympus-qa.
 {
   "Source": "csvfile.",
   "Target": "olympus-qa.",
   "Package script": "/Users/Brian.Lavin/Projects/olympus-dx/sfdmu-data/export.json."
}

 GETTING AND ANALYSING OBJECT METADATA ...
 [14:01:35.241] Processing the object CMPL123__WF_Rule__c ...
 [14:01:35.242] Fetching metadata of the CMPL123__WF_Rule__c (Target) ...
 [14:01:37.579] Processing the object CMPL123__WF_Step__c ...
 [14:01:37.581] Fetching metadata of the CMPL123__WF_Step__c (Target) ...
 [14:01:40.279] Processing the object CMPL123__WF_Phase__c ...
 [14:01:40.280] Fetching metadata of the CMPL123__WF_Phase__c (Target) ...
 [14:01:42.644] Processing the object CMPL123__WF_Rule_Phase__c ...
 [14:01:42.646] Fetching metadata of the CMPL123__WF_Rule_Phase__c (Target) ...
 [14:01:44.979] Processing the object CMPL123__WF_Phase_Status__c ...
 [14:01:44.980] Fetching metadata of the CMPL123__WF_Phase_Status__c (Target) ...
 [14:01:47.491] Processing the object CMPL123__Context_Based_Security__c ...
 [14:01:47.492] Fetching metadata of the CMPL123__Context_Based_Security__c (Target) ...
 [14:01:49.993] Processing the object CMPL123__Job_Field_Map__c ...
 [14:01:49.994] Fetching metadata of the CMPL123__Job_Field_Map__c (Target) ...
 [14:01:52.578] Processing the object CMPL123__Record_Access_Rule__c ...
 [14:01:52.579] Fetching metadata of the CMPL123__Record_Access_Rule__c (Target) ...
 [14:01:54.896] Processing the object CMPL123__Valid_Child_Status__c ...
 [14:01:54.898] Fetching metadata of the CMPL123__Valid_Child_Status__c (Target) ...
 [14:01:57.182] Processing the object CMPL123__WF_Action__c ...
 [14:01:57.183] Fetching metadata of the CMPL123__WF_Action__c (Target) ...
 [14:01:59.728] Processing the object CMPL123__WF_Status__c ...
 [14:01:59.730] Fetching metadata of the CMPL123__WF_Status__c (Target) ...
 [14:02:02.179] Processing the object CMPL123__X123Job__c ...
 [14:02:02.180] Fetching metadata of the CMPL123__X123Job__c (Target) ...
 [14:02:04.729] Processing the object CMPL123__X123Task__c ...
 [14:02:04.730] Fetching metadata of the CMPL123__X123Task__c (Target) ...
 [14:02:07.207] Processing the object CMPL123__WF_Step_Extension__c ...
 [14:02:07.209] Fetching metadata of the CMPL123__WF_Step_Extension__c (Target) ...
 [14:02:09.545] Processing the object CMPL123__AuditTrail_Config__c ...
 [14:02:09.546] Fetching metadata of the CMPL123__AuditTrail_Config__c (Target) ...
 [14:02:11.934] Fetching metadata of the Group (Target) ...
 [14:02:13.488] Processing the object CMPL123__AuditTrail_Config__c ...
 [14:02:13.489] Processing the object CMPL123__WF_Step_Extension__c ...
 [14:02:13.490] Processing the object CMPL123__X123Task__c ...
 [14:02:13.491] Processing the object CMPL123__X123Job__c ...
 [14:02:13.492] Processing the object CMPL123__WF_Status__c ...
 [14:02:13.492] Processing the object CMPL123__WF_Action__c ...
 [14:02:13.493] Processing the object CMPL123__Valid_Child_Status__c ...
 [14:02:13.494] Processing the object CMPL123__Record_Access_Rule__c ...
 [14:02:13.494] Processing the object CMPL123__Job_Field_Map__c ...
 [14:02:13.495] Processing the object CMPL123__Context_Based_Security__c ...
 [14:02:13.496] Processing the object CMPL123__WF_Phase_Status__c ...
 [14:02:13.497] Processing the object CMPL123__WF_Rule_Phase__c ...
 [14:02:13.497] Processing the object CMPL123__WF_Phase__c ...
 [14:02:13.498] Processing the object CMPL123__WF_Step__c ...
 [14:02:13.499] Processing the object CMPL123__WF_Rule__c ...

 PREPARING DATA MIGRATION JOB ...
 [14:02:13.502] Building the migration strategy ...
 {
   "Order of objects to query": "CMPL123__WF_Rule__c; CMPL123__WF_Step__c; CMPL123__Record_Access_Rule__c; CMPL123__AuditTrail_Config__c; CMPL123__WF_Action__c; CMPL123__WF_Status__c; CMPL123__WF_Phase__c; CMPL123__WF_Rule_Phase__c; CMPL123__WF_Phase_Status__c; CMPL123__Context_Based_Security__c; CMPL123__X123Task__c; CMPL123__X123Job__c; CMPL123__Job_Field_Map__c; CMPL123__Valid_Child_Status__c; CMPL123__WF_Step_Extension__c"
}
 {
   "Order of objects to delete": "CMPL123__AuditTrail_Config__c; CMPL123__WF_Step_Extension__c; CMPL123__Valid_Child_Status__c; CMPL123__Record_Access_Rule__c; CMPL123__Job_Field_Map__c; CMPL123__X123Job__c; CMPL123__X123Task__c; CMPL123__Context_Based_Security__c; CMPL123__WF_Phase_Status__c; CMPL123__WF_Rule_Phase__c; CMPL123__WF_Phase__c; CMPL123__WF_Step__c; CMPL123__WF_Status__c; CMPL123__WF_Action__c; CMPL123__WF_Rule__c"
}
 {
   "Order of objects to update": "CMPL123__WF_Rule__c; CMPL123__WF_Action__c; CMPL123__WF_Status__c; CMPL123__WF_Step__c; CMPL123__WF_Phase__c; CMPL123__WF_Rule_Phase__c; CMPL123__WF_Phase_Status__c; CMPL123__Context_Based_Security__c; CMPL123__X123Task__c; CMPL123__X123Job__c; CMPL123__Job_Field_Map__c; CMPL123__Record_Access_Rule__c; CMPL123__Valid_Child_Status__c; CMPL123__WF_Step_Extension__c; CMPL123__AuditTrail_Config__c"
}
 [14:02:13.548] Validation of the source CSV files ...
 [14:02:13.749] Amount of updated source CSV files: 0.
 [14:02:13.750] No issues were found in the source CSV files.
 [14:02:13.751] Processing the source CSV files has been completed.
 [14:02:13.751] Preparing of the data migration job has been completed.

 ANALYSING DATA...
 [14:02:14.879] {CMPL123__WF_Rule__c} The original query string of this object is returning 3 records from the Target org.
 [14:02:15.944] {CMPL123__WF_Action__c} The original query string of this object is returning 230 records from the Target org.
 [14:02:16.978] {CMPL123__WF_Status__c} The original query string of this object is returning 162 records from the Target org.
 [14:02:18.40] {CMPL123__WF_Step__c} The original query string of this object is returning 31 records from the Target org.
 [14:02:19.278] {CMPL123__WF_Phase__c} The original query string of this object is returning 45 records from the Target org.
 [14:02:20.337] {CMPL123__WF_Rule_Phase__c} The original query string of this object is returning 64 records from the Target org.
 [14:02:21.381] {CMPL123__WF_Phase_Status__c} The original query string of this object is returning 103 records from the Target org.
 [14:02:22.432] {CMPL123__Context_Based_Security__c} The original query string of this object is returning 0 records from the Target org.
 [14:02:23.579] {CMPL123__X123Task__c} The original query string of this object is returning 13 records from the Target org.
 [14:02:24.694] {CMPL123__X123Job__c} The original query string of this object is returning 14 records from the Target org.
 [14:02:25.728] {CMPL123__Job_Field_Map__c} The original query string of this object is returning 6 records from the Target org.
 [14:02:26.746] {CMPL123__Record_Access_Rule__c} The original query string of this object is returning 0 records from the Target org.
 [14:02:27.833] {CMPL123__Valid_Child_Status__c} The original query string of this object is returning 256 records from the Target org.
 [14:02:28.895] {CMPL123__WF_Step_Extension__c} The original query string of this object is returning 84 records from the Target org.
 [14:02:30.29] {CMPL123__AuditTrail_Config__c} The original query string of this object is returning 152 records from the Target org.

 TRIGGERING ADD-ON EVENTS ...
 [14:02:30.31] No Add-On modules found to run.

 [14:02:30.32] Ready to process the data.

 DELETING OLD DATA FROM THE TARGET ...
 [14:02:30.34] {CMPL123__AuditTrail_Config__c} No records to delete.
 [14:02:30.35] {CMPL123__WF_Step_Extension__c} No records to delete.
 [14:02:30.36] {CMPL123__Valid_Child_Status__c} Deleting old records from the Target ...
 [14:02:31.439] {CMPL123__Valid_Child_Status__c} Amount of records to delete: 156.
 [14:02:31.443] {CMPL123__Valid_Child_Status__c} The Delete API operation has been started using REST API.
 [14:02:31.444] [Job# REST:Delete] {CMPL123__Valid_Child_Status__c} The job has been created. Uploading data ...
 [14:02:34.429] {CMPL123__Valid_Child_Status__c} The Delete API operation has been completed.
 [14:02:34.434] {CMPL123__Valid_Child_Status__c} Deleting has been completed.
 [14:02:34.435] {CMPL123__Record_Access_Rule__c} No records to delete.
 [14:02:34.436] {CMPL123__Job_Field_Map__c} No records to delete.
 [14:02:34.436] {CMPL123__X123Job__c} No records to delete.
 [14:02:34.437] {CMPL123__X123Task__c} No records to delete.
 [14:02:34.437] {CMPL123__Context_Based_Security__c} No records to delete.
 [14:02:34.438] {CMPL123__WF_Phase_Status__c} No records to delete.
 [14:02:34.438] {CMPL123__WF_Rule_Phase__c} No records to delete.
 [14:02:34.439] {CMPL123__WF_Phase__c} No records to delete.
 [14:02:34.440] {CMPL123__WF_Step__c} No records to delete.
 [14:02:34.440] {CMPL123__WF_Status__c} No records to delete.
 [14:02:34.441] {CMPL123__WF_Action__c} No records to delete.
 [14:02:34.441] {CMPL123__WF_Rule__c} No records to delete.
 [14:02:34.442] Deleting data has been completed.

 SOURCE:
 =============

 FETCHING THE DATA (STAGE 1) ...
 [14:02:34.446] {CMPL123__WF_Rule__c} Fetching the Source data from CSV file (STAGE 1: all records) ...
 [14:02:34.449] {CMPL123__WF_Rule__c} Data retrieval (Source) has been completed. Got 3 new records.
 [14:02:34.450] {CMPL123__WF_Step__c} Fetching the Source data from CSV file (STAGE 1: all records) ...
 [14:02:34.473] {CMPL123__WF_Step__c} Data retrieval (Source) has been completed. Got 31 new records.
 [14:02:34.478] {CMPL123__Record_Access_Rule__c} Fetching the Source data from CSV file (STAGE 1: all records) ...
 [14:02:34.480] {CMPL123__Record_Access_Rule__c} Data retrieval (Source) has been completed. Got 0 new records.
 [14:02:34.480] {CMPL123__AuditTrail_Config__c} Fetching the Source data from CSV file (STAGE 1: all records) ...
 [14:02:34.519] {CMPL123__AuditTrail_Config__c} Data retrieval (Source) has been completed. Got 152 new records.
 [14:02:34.528] {CMPL123__WF_Action__c} Fetching the Source data from CSV file (STAGE 1: all records) ...
 [14:02:34.533] {CMPL123__WF_Action__c} Data retrieval (Source) has been completed. Got 21 new records.
 [14:02:34.534] {CMPL123__WF_Status__c} Fetching the Source data from CSV file (STAGE 1: all records) ...
 [14:02:34.536] {CMPL123__WF_Status__c} Data retrieval (Source) has been completed. Got 19 new records.
 [14:02:34.537] {CMPL123__WF_Phase__c} Fetching the Source data from CSV file (STAGE 1: all records) ...
 [14:02:34.539] {CMPL123__WF_Phase__c} Data retrieval (Source) has been completed. Got 11 new records.
 [14:02:34.540] {CMPL123__WF_Rule_Phase__c} Fetching the Source data from CSV file (STAGE 1: all records) ...
 [14:02:34.543] {CMPL123__WF_Rule_Phase__c} Data retrieval (Source) has been completed. Got 11 new records.
 [14:02:34.544] {CMPL123__WF_Phase_Status__c} Fetching the Source data from CSV file (STAGE 1: all records) ...
 [14:02:34.547] {CMPL123__WF_Phase_Status__c} Data retrieval (Source) has been completed. Got 18 new records.
 [14:02:34.548] {CMPL123__Context_Based_Security__c} Fetching the Source data from CSV file (STAGE 1: all records) ...
 [14:02:34.549] {CMPL123__Context_Based_Security__c} Data retrieval (Source) has been completed. Got 0 new records.
 [14:02:34.550] {CMPL123__X123Task__c} Fetching the Source data from CSV file (STAGE 1: all records) ...
 [14:02:34.552] {CMPL123__X123Task__c} Data retrieval (Source) has been completed. Got 3 new records.
 [14:02:34.552] {CMPL123__X123Job__c} Fetching the Source data from CSV file (STAGE 1: all records) ...
 [14:02:34.556] {CMPL123__X123Job__c} Data retrieval (Source) has been completed. Got 3 new records.
 [14:02:34.556] {CMPL123__Job_Field_Map__c} Fetching the Source data from CSV file (STAGE 1: all records) ...
 [14:02:34.558] {CMPL123__Job_Field_Map__c} Data retrieval (Source) has been completed. Got 0 new records.
 [14:02:34.559] {CMPL123__Valid_Child_Status__c} Fetching the Source data from CSV file (STAGE 1: all records) ...
 [14:02:34.580] {CMPL123__Valid_Child_Status__c} Data retrieval (Source) has been completed. Got 156 new records.
 [14:02:34.581] {CMPL123__WF_Step_Extension__c} Fetching the Source data from CSV file (STAGE 1: all records) ...
 [14:02:34.584] {CMPL123__WF_Step_Extension__c} Data retrieval (Source) has been completed. Got 20 new records.
 [14:02:34.585] Data retrieval (STAGE 1) has been completed.

 FETCHING THE DATA (STAGE 2) ...
 [14:02:34.586] PASS 1
 =============
 [14:02:34.587] No records

 [14:02:34.588] PASS 2
 =============
 [14:02:34.589] No records

 [14:02:34.590] PASS 3
 =============
 [14:02:34.591] No records

 [14:02:34.591] PASS 4
 =============
 [14:02:34.592] No records

 TARGET:
 =============
 [14:02:34.595] {CMPL123__WF_Rule__c} Fetching the Target data from Org (STAGE 2: all records) ...
 [14:02:34.595] {CMPL123__WF_Rule__c} Query string: SELECT Id, Name, CMPL123__WF_Rule_External_Id__c, CMPL123__Description__c, CMPL123__Has_Cycle_Time_Metrics_Fields__c, CMPL123__Has_Multiple_Actions__c, CMPL123__Is_Active__c, CMPL123__Record_Type__c, CMPL123__Target_Object__c, CMPL123__Target_Object_... FROM  CMPL123__WF_Rule__c WHERE Name in ('Complaint Workflow', 'Investigation Workflow', 'Regulatory Report Workflow').
 [14:02:35.630] {CMPL123__WF_Rule__c} Data retrieval (Target) has been completed. Got 3 new records.
 [14:02:35.632] {CMPL123__WF_Step__c} Fetching the Target data from Org (STAGE 2: all records) ...
 [14:02:35.632] {CMPL123__WF_Step__c} Query string: SELECT Id, CMPL123__WF_Step_External_Id__c, CMPL123__WF_Rule__c, CMPL123__Action__c, CMPL123__Are_Child_Files_Locked__c, CMPL123__Are_Child_Records_Locked__c, CMPL123__End_Status__c, CMPL123__Is_Record_Lock_Required__c, CMPL123__Is_Related_Lists_Lock... FROM  CMPL123__WF_Step__c WHERE CMPL123__WF_Rule__r.Name in ('Complaint Workflow', 'Investigation Workflow', 'Regulatory Report Workflow').
 [14:02:37.181] {CMPL123__WF_Step__c} Data retrieval (Target) has been completed. Got 31 new records.
 [14:02:37.182] {CMPL123__Record_Access_Rule__c} Fetching the Target data from Org (STAGE 2: all records) ...
 [14:02:37.183] {CMPL123__Record_Access_Rule__c} Query string: SELECT Id, Name, CMPL123__Record_Access_Rule_External_Id__c, CMPL123__API_Path_to_User_Relationship__c, CMPL123__Active_of_the_rule__c, CMPL123__Apex_Sharing_Reason__c, CMPL123__Child_Objects__c, CMPL123__Target_Object__c, CMPL123__User_Field_Name__c... FROM  CMPL123__Record_Access_Rule__c.
 [14:02:38.229] {CMPL123__Record_Access_Rule__c} Data retrieval (Target) has been completed. Got 0 new records.
 [14:02:38.230] {CMPL123__AuditTrail_Config__c} Fetching the Target data from Org (STAGE 2: all records) ...
 [14:02:38.231] {CMPL123__AuditTrail_Config__c} Query string: SELECT Id, Name, CMPL123__AuditTrail_External_Id__c, CMPL123__Child_Relationships_Object__c, CMPL123__Fields__c, CMPL123__Is_Active__c, CMPL123__Parent_Relationship_Object__c, CMPL123__RFC_Comment_Fields__c, CMPL123__RFC_Fields__c, CMPL123__Report_Ti... FROM  CMPL123__AuditTrail_Config__c.
 [14:02:40.235] {CMPL123__AuditTrail_Config__c} Data retrieval (Target) has been completed. Got 152 new records.
 [14:02:40.237] {CMPL123__WF_Action__c} Fetching the Target data from Org (STAGE 2: filtered records) ...
 [14:02:40.238] {CMPL123__WF_Action__c} Query string: SELECT Id, Name, CMPL123__WF_Action_External_Id__c, CMPL123__Action_Custom_Label__c, CMPL123__Comment_Type__c, CMPL123__Description__c, CMPL123__E_Sign_Message_Custom_Label__c, CMPL123__Esign_Message__c, CMPL123__Generic_Comment__c, CMPL123__Is_Comme... FROM  CMPL123__WF_Action__c WHERE CMPL123__WF_Action_External_Id__c IN ('qpa-common-00032', 'qpa-common-00040', 'qpa-common-00042', 'qpa-common-00044', 'qpa-common-00078', 'qpa-common-00101', 'qpa-common-00138', 'qpa-common-00159', 'qpa-common-00161', 'qp....
 [14:02:41.392] {CMPL123__WF_Action__c} Data retrieval (Target) has been completed. Got 21 new records.
 [14:02:41.393] {CMPL123__WF_Status__c} Fetching the Target data from Org (STAGE 2: filtered records) ...
 [14:02:41.394] {CMPL123__WF_Status__c} Query string: SELECT Id, Name, CMPL123__WF_Status_External_Id__c, CMPL123__Description__c, CMPL123__Status_Custom_Label__c  FROM  CMPL123__WF_Status__c WHERE CMPL123__WF_Status_External_Id__c IN ('qpa-common-00016', 'qpa-common-00020', 'qpa-common-00021', 'qpa-common-00023', 'qpa-common-00024', 'qpa-common-00029', 'qpa-common-00031', 'qpa-common-00033', 'qpa-common-00034', 'qp....
 [14:02:42.429] {CMPL123__WF_Status__c} Data retrieval (Target) has been completed. Got 19 new records.
 [14:02:42.431] {CMPL123__WF_Phase__c} Fetching the Target data from Org (STAGE 2: filtered records) ...
 [14:02:42.432] {CMPL123__WF_Phase__c} Query string: SELECT Id, Name, CMPL123__WF_Phase_External_Id__c, CMPL123__Description__c, CMPL123__Phase_Custom_Label__c, CMPL123__Work_Instructions_Custom_Label__c, CMPL123__Work_Instructions_HTML__c, CMPL123__Work_Instructions__c  FROM  CMPL123__WF_Phase__c WHERE CMPL123__WF_Phase_External_Id__c IN ('qpa-investigation-phase-001', 'qpa-investigation-phase-002', 'qpa-investigation-phase-003', 'qpa-complaints-phase-001', 'qpa-complaints-phase-002', 'qpa-complaints-phase-003', 'qpa-com....
 [14:02:43.642] {CMPL123__WF_Phase__c} Data retrieval (Target) has been completed. Got 11 new records.
 [14:02:43.643] {CMPL123__WF_Rule_Phase__c} Fetching the Target data from Org (STAGE 2: filtered records) ...
 [14:02:43.644] {CMPL123__WF_Rule_Phase__c} Query string: SELECT Id, Name, CMPL123__WF_Rule_Phase_External_Id__c, CMPL123__Order__c, CMPL123__Workflow_Phase__c, CMPL123__Workflow_Rule__c, CMPL123__Workflow_Phase__r.CMPL123__WF_Phase_External_Id__c, CMPL123__Workflow_Rule__r.CMPL123__WF_Rule_External_Id__c  FROM  CMPL123__WF_Rule_Phase__c WHERE CMPL123__WF_Rule_Phase_External_Id__c IN ('qpa-investigation-phrule-001', 'qpa-investigation-phrule-002', 'qpa-investigation-phrule-003', 'qpa-complaints-phrule-001', 'qpa-complaints-phrule-002', 'qpa-complaints-phrul....
 [14:02:44.980] {CMPL123__WF_Rule_Phase__c} Data retrieval (Target) has been completed. Got 11 new records.
 [14:02:44.981] {CMPL123__WF_Phase_Status__c} Fetching the Target data from Org (STAGE 2: filtered records) ...
 [14:02:44.982] {CMPL123__WF_Phase_Status__c} Query string: SELECT Id, CMPL123__WF_Phase_Status_External_Id__c, CMPL123__Workflow_Rule_Phase__c, CMPL123__Workflow_Status__c, Workflow_Phase__c, Workflow_Rule__c, Workflow_Status_hyperlink__c, CMPL123__Workflow_Rule_Phase__r.CMPL123__WF_Rule_Phase_External_Id__c... FROM  CMPL123__WF_Phase_Status__c WHERE CMPL123__WF_Phase_Status_External_Id__c IN ('a1F5r00000274jDEAQ', 'a1F5r0000026kPWEAY', 'qpa-investigation-phstatus-004', 'qpa-investigation-phstatus-003', 'qpa-investigation-phstatus-002', 'qpa-investigation-phstat....
 [14:02:46.509] {CMPL123__WF_Phase_Status__c} Data retrieval (Target) has been completed. Got 18 new records.
 [14:02:46.510] {CMPL123__X123Task__c} Fetching the Target data from Org (STAGE 2: filtered records) ...
 [14:02:46.528] {CMPL123__X123Task__c} Query string: SELECT Id, Name, CMPL123__Task_External_Id__c, CMPL123__Allow_Partial_Processing_for_123_Tasks__c, CMPL123__Description__c, CMPL123__Is_Active__c, CMPL123__Key_Value__c, CMPL123__Related_Object__c  FROM  CMPL123__X123Task__c WHERE CMPL123__Task_External_Id__c IN ('a1N5r000001W2xkEAC', 'a1N5r000001WwPxEAK', 'a1N5r000001WwqiEAC').
 [14:02:47.543] {CMPL123__X123Task__c} Data retrieval (Target) has been completed. Got 3 new records.
 [14:02:47.545] {CMPL123__X123Job__c} Fetching the Target data from Org (STAGE 2: filtered records) ...
 [14:02:47.545] {CMPL123__X123Job__c} Query string: SELECT Id, Name, CMPL123__Job_External_Id__c, CMPL123__Child_Filter_Condition__c, CMPL123__Description__c, CMPL123__Is_Active__c, CMPL123__Job_Type__c, CMPL123__Related_Task__c, CMPL123__Workflow_Step__c, CMPL123__Related_Task__r.CMPL123__Task_Extern... FROM  CMPL123__X123Job__c WHERE CMPL123__Job_External_Id__c IN ('a1M5r000000sEtHEAU', 'a1M5r000001tkV5EAI', 'a1M5r000001tkZjEAI').
 [14:02:48.591] {CMPL123__X123Job__c} Data retrieval (Target) has been completed. Got 3 new records.
 [14:02:48.593] {CMPL123__Valid_Child_Status__c} Fetching the Target data from Org (STAGE 2: filtered records) ...
 [14:02:48.594] {CMPL123__Valid_Child_Status__c} Query string: SELECT Id, Name, CMPL123__Valid_Child_Status_External_Id__c, CMPL123__Parent_Workflow_Step__c, CMPL123__Child_Relationship__c, CMPL123__Description__c, CMPL123__Required_Child_Workflow_Status__c, Child_Workflow_Status__c, Parent_Workflow_Action__c, P... FROM  CMPL123__Valid_Child_Status__c WHERE CMPL123__Valid_Child_Status_External_Id__c IN ('qpa-utility-inv-00001', 'qpa-utility-inv-00002', 'qpa-utility-inv-00003', 'qpa-utility-inv-00004', 'qpa-utility-inv-00005', 'qpa-utility-inv-00006', 'qpa-complaints....
 [14:02:49.793] {CMPL123__Valid_Child_Status__c} Data retrieval (Target) has been completed. Got 0 new records.
 [14:02:49.794] {CMPL123__WF_Step_Extension__c} Fetching the Target data from Org (STAGE 2: filtered records) ...
 [14:02:49.795] {CMPL123__WF_Step_Extension__c} Query string: SELECT Id, Name, CMPL123__External_Id__c, CMPL123__Parent_Workflow_Step__c, CMPL123__Apply_To_Automated_User__c, CMPL123__Are_Child_Files_Locked__c, CMPL123__Is_Record_Lock_Required__c, CMPL123__Is_Related_Lists_Locked__c, CMPL123__Object_Related_Lis... FROM  CMPL123__WF_Step_Extension__c WHERE CMPL123__External_Id__c IN ('a1K5r000006yduyEAA', 'a1K5r000006ydv3EAA', 'a1K5r000006yfFeEAI', 'a1K5r000006yfFjEAI', 'a1K5r000006yfFoEAI', 'a1K5r000006yfFtEAI', 'a1K5r000006yh3pEAA', 'a1K5r000006yh3uEAA', 'a1K5r000....
 [14:02:51.159] {CMPL123__WF_Step_Extension__c} Data retrieval (Target) has been completed. Got 18 new records.
 [14:02:51.160] Data retrieval (STAGE 2) has been completed.

 TRIGGERING ADD-ON EVENTS ...
 [14:02:51.178] No Add-On modules found to run.


 DATA RETRIEVAL SUMMARY.
 [14:02:51.181] {CMPL123__WF_Rule__c} The total amount of the retrieved records: 3/3.
 [14:02:51.181] {CMPL123__WF_Step__c} The total amount of the retrieved records: 31/31.
 [14:02:51.182] {CMPL123__Record_Access_Rule__c} The total amount of the retrieved records: 0/0.
 [14:02:51.182] {CMPL123__AuditTrail_Config__c} The total amount of the retrieved records: 152/152.
 [14:02:51.183] {CMPL123__WF_Action__c} The total amount of the retrieved records: 21/21.
 [14:02:51.183] {CMPL123__WF_Status__c} The total amount of the retrieved records: 19/19.
 [14:02:51.184] {CMPL123__WF_Phase__c} The total amount of the retrieved records: 11/11.
 [14:02:51.184] {CMPL123__WF_Rule_Phase__c} The total amount of the retrieved records: 11/11.
 [14:02:51.185] {CMPL123__WF_Phase_Status__c} The total amount of the retrieved records: 18/18.
 [14:02:51.186] {CMPL123__Context_Based_Security__c} The total amount of the retrieved records: 0/0.
 [14:02:51.186] {CMPL123__X123Task__c} The total amount of the retrieved records: 3/3.
 [14:02:51.187] {CMPL123__X123Job__c} The total amount of the retrieved records: 3/3.
 [14:02:51.187] {CMPL123__Job_Field_Map__c} The total amount of the retrieved records: 0/0.
 [14:02:51.188] {CMPL123__Valid_Child_Status__c} The total amount of the retrieved records: 156/0.
 [14:02:51.188] {CMPL123__WF_Step_Extension__c} The total amount of the retrieved records: 20/18.

 UPDATING THE TARGET (STAGE 1) ...
 [14:02:51.192] {CMPL123__WF_Rule__c} 3 target records remained untouched, since they do not differ from the corresponding source records.
 [14:02:51.193] {CMPL123__WF_Action__c} 21 target records remained untouched, since they do not differ from the corresponding source records.
 [14:02:51.194] {CMPL123__WF_Status__c} 19 target records remained untouched, since they do not differ from the corresponding source records.
 [14:02:51.197] {CMPL123__WF_Step__c} 31 target records remained untouched, since they do not differ from the corresponding source records.
 [14:02:51.197] {CMPL123__WF_Phase__c} 11 target records remained untouched, since they do not differ from the corresponding source records.
 [14:02:51.198] {CMPL123__WF_Rule_Phase__c} 11 target records remained untouched, since they do not differ from the corresponding source records.
 [14:02:51.199] {CMPL123__WF_Phase_Status__c} 18 target records remained untouched, since they do not differ from the corresponding source records.
 [14:02:51.200] {CMPL123__X123Task__c} 3 target records remained untouched, since they do not differ from the corresponding source records.
 [14:02:51.202] {CMPL123__X123Job__c} 3 target records remained untouched, since they do not differ from the corresponding source records.
 [14:02:51.205] {CMPL123__Valid_Child_Status__c} Amount of records to Insert: 156.
 [14:02:51.206] {CMPL123__Valid_Child_Status__c} The Insert API operation has been started using REST API.
 [14:02:51.206] [Job# REST:Insert] {CMPL123__Valid_Child_Status__c} The job has been created. Uploading data ...
 [14:02:53.899] {CMPL123__Valid_Child_Status__c} The Insert API operation has been completed.
 [14:02:53.902] {CMPL123__Valid_Child_Status__c} The Target has been updated. Totally processed 156 records.

 [14:02:53.904] {CMPL123__WF_Step_Extension__c} Amount of records to Insert: 2.
 [14:02:53.905] {CMPL123__WF_Step_Extension__c} The Insert API operation has been started using REST API.
 [14:02:53.906] [Job# REST:Insert] {CMPL123__WF_Step_Extension__c} The job has been created. Uploading data ...
 [14:02:55.628] {CMPL123__WF_Step_Extension__c} The Insert API operation has been completed.
 [14:02:55.630] {CMPL123__WF_Step_Extension__c} 18 target records remained untouched, since they do not differ from the corresponding source records.
 [14:02:55.631] {CMPL123__WF_Step_Extension__c} The Target has been updated. Totally processed 2 records.

 [14:02:55.634] {CMPL123__AuditTrail_Config__c} Amount of records to Update: 2.
 [14:02:55.634] {CMPL123__AuditTrail_Config__c} The Update API operation has been started using REST API.
 [14:02:55.635] [Job# REST:Update] {CMPL123__AuditTrail_Config__c} The job has been created. Uploading data ...
 [14:02:56.951] {CMPL123__AuditTrail_Config__c} The Update API operation has been completed.
 [14:02:56.954] {CMPL123__AuditTrail_Config__c} 150 target records remained untouched, since they do not differ from the corresponding source records.
 [14:02:56.956] {CMPL123__AuditTrail_Config__c} The Target has been updated. Totally processed 2 records.


 [14:02:56.957] The Target (STAGE 1) has been updated. Totally processed 160 records.

 UPDATING THE TARGET (STAGE 2) ...

 [14:02:56.959] PASS 1
 =============
 [14:02:56.962] {CMPL123__WF_Step__c} 31 target records remained untouched, since they do not differ from the corresponding source records.
 [14:02:56.978] {CMPL123__WF_Rule_Phase__c} 11 target records remained untouched, since they do not differ from the corresponding source records.
 [14:02:56.979] {CMPL123__WF_Phase_Status__c} 18 target records remained untouched, since they do not differ from the corresponding source records.
 [14:02:56.980] {CMPL123__X123Job__c} 3 target records remained untouched, since they do not differ from the corresponding source records.
 [14:02:56.986] {CMPL123__WF_Step_Extension__c} 18 target records remained untouched, since they do not differ from the corresponding source records.

 [14:02:56.987] PASS 2
 =============
 [14:02:56.991] {CMPL123__WF_Step__c} 31 target records remained untouched, since they do not differ from the corresponding source records.
 [14:02:56.992] {CMPL123__WF_Rule_Phase__c} 11 target records remained untouched, since they do not differ from the corresponding source records.
 [14:02:56.993] {CMPL123__WF_Phase_Status__c} 18 target records remained untouched, since they do not differ from the corresponding source records.
 [14:02:56.994] {CMPL123__X123Job__c} 3 target records remained untouched, since they do not differ from the corresponding source records.
 [14:02:56.997] {CMPL123__WF_Step_Extension__c} 18 target records remained untouched, since they do not differ from the corresponding source records.

 [14:02:56.999] Nothing was updated.

 TRIGGERING ADD-ON EVENTS ...
 [14:02:57.0] No Add-On modules found to run.


 DATA PROCESSING SUMMARY.
 [14:02:57.2] {CMPL123__WF_Rule__c} Totally processed 0 records.
 [14:02:57.2] {CMPL123__WF_Step__c} Totally processed 0 records.
 [14:02:57.3] {CMPL123__Record_Access_Rule__c} Totally processed 0 records.
 [14:02:57.3] {CMPL123__AuditTrail_Config__c} Totally processed 2 records.
 [14:02:57.4] {CMPL123__WF_Action__c} Totally processed 0 records.
 [14:02:57.5] {CMPL123__WF_Status__c} Totally processed 0 records.
 [14:02:57.5] {CMPL123__WF_Phase__c} Totally processed 0 records.
 [14:02:57.6] {CMPL123__WF_Rule_Phase__c} Totally processed 0 records.
 [14:02:57.6] {CMPL123__WF_Phase_Status__c} Totally processed 0 records.
 [14:02:57.7] {CMPL123__Context_Based_Security__c} Totally processed 0 records.
 [14:02:57.7] {CMPL123__X123Task__c} Totally processed 0 records.
 [14:02:57.8] {CMPL123__X123Job__c} Totally processed 0 records.
 [14:02:57.8] {CMPL123__Job_Field_Map__c} Totally processed 0 records.
 [14:02:57.9] {CMPL123__Valid_Child_Status__c} Totally processed 156 records.
 [14:02:57.9] {CMPL123__WF_Step_Extension__c} Totally processed 2 records.

 [14:02:57.10] Writing to /Users/Brian.Lavin/Projects/olympus-dx/sfdmu-data/MissingParentRecordsReport.csv ...


 TRIGGERING ADD-ON EVENTS ...
 [14:02:57.30] No Add-On modules found to run.


 [14:02:57.33] Command succeeded.
 [14:02:57.33] Execution of the command sfdmu:run has been completed. Exit code 0 (SUCCESS).
 [14:02:57.34] Total time elapsed: 00h 01m 52s 470ms .