
 [09:24:01.367] Execution of the command sfdmu:run has been started.

 LOADING AND VALIDATING THE EXPORT.JSON SCRIPT ...

 OBJECT SET #1 STARTED

 {
   "Running Plugin version": "4.26.13"
}
 {
   "Running Add-On API version": "1.5.0"
}

 [09:24:01.387] Loading Core Add-On Module declarations ...
 [09:24:01.528] Connecting to the olympus-dev using SFDX force:org:display ...
 [09:24:29.136] Successfully connected to the olympus-dev.
 {
   "Source": "olympus-dev.",
   "Target": "csvfile.",
   "Package script": "/Users/Brian.Lavin/Projects/olympus-dx/sfdmu-data/export.json."
}

 GETTING AND ANALYSING OBJECT METADATA ...
 [09:24:31.220] Processing the object CMPL123__WF_Rule__c ...
 [09:24:31.221] Fetching metadata of the CMPL123__WF_Rule__c (Source) ...
 [09:24:33.378] Processing the object CMPL123__WF_Step__c ...
 [09:24:33.380] Fetching metadata of the CMPL123__WF_Step__c (Source) ...
 [09:24:35.624] Processing the object CMPL123__WF_Phase__c ...
 [09:24:35.625] Fetching metadata of the CMPL123__WF_Phase__c (Source) ...
 [09:24:37.756] Processing the object CMPL123__WF_Rule_Phase__c ...
 [09:24:37.763] Fetching metadata of the CMPL123__WF_Rule_Phase__c (Source) ...
 [09:24:39.837] Processing the object CMPL123__WF_Phase_Status__c ...
 [09:24:39.838] Fetching metadata of the CMPL123__WF_Phase_Status__c (Source) ...
 [09:24:42.332] Processing the object CMPL123__Context_Based_Security__c ...
 [09:24:42.333] Fetching metadata of the CMPL123__Context_Based_Security__c (Source) ...
 [09:24:44.677] Processing the object CMPL123__Job_Field_Map__c ...
 [09:24:44.678] Fetching metadata of the CMPL123__Job_Field_Map__c (Source) ...
 [09:24:46.741] Processing the object CMPL123__Record_Access_Rule__c ...
 [09:24:46.742] Fetching metadata of the CMPL123__Record_Access_Rule__c (Source) ...
 [09:24:48.787] Processing the object CMPL123__Valid_Child_Status__c ...
 [09:24:48.788] Fetching metadata of the CMPL123__Valid_Child_Status__c (Source) ...
 [09:24:50.907] Processing the object CMPL123__WF_Action__c ...
 [09:24:50.913] Fetching metadata of the CMPL123__WF_Action__c (Source) ...
 [09:24:52.956] Processing the object CMPL123__WF_Status__c ...
 [09:24:52.963] Fetching metadata of the CMPL123__WF_Status__c (Source) ...
 [09:24:55.292] Processing the object CMPL123__X123Job__c ...
 [09:24:55.293] Fetching metadata of the CMPL123__X123Job__c (Source) ...
 [09:24:57.401] Processing the object CMPL123__X123Task__c ...
 [09:24:57.413] Fetching metadata of the CMPL123__X123Task__c (Source) ...
 [09:24:59.570] Processing the object CMPL123__WF_Step_Extension__c ...
 [09:24:59.571] Fetching metadata of the CMPL123__WF_Step_Extension__c (Source) ...
 [09:25:01.616] Fetching metadata of the Group (Source) ...
 [09:25:03.730] Processing the object CMPL123__WF_Step_Extension__c ...
 [09:25:03.731] Processing the object CMPL123__X123Task__c ...
 [09:25:03.732] Processing the object CMPL123__X123Job__c ...
 [09:25:03.733] Processing the object CMPL123__WF_Status__c ...
 [09:25:03.733] Processing the object CMPL123__WF_Action__c ...
 [09:25:03.734] Processing the object CMPL123__Valid_Child_Status__c ...
 [09:25:03.735] Processing the object CMPL123__Record_Access_Rule__c ...
 [09:25:03.736] Processing the object CMPL123__Job_Field_Map__c ...
 [09:25:03.737] Processing the object CMPL123__Context_Based_Security__c ...
 [09:25:03.738] Processing the object CMPL123__WF_Phase_Status__c ...
 [09:25:03.739] Processing the object CMPL123__WF_Rule_Phase__c ...
 [09:25:03.739] Processing the object CMPL123__WF_Phase__c ...
 [09:25:03.740] Processing the object CMPL123__WF_Step__c ...
 [09:25:03.741] Processing the object CMPL123__WF_Rule__c ...

 PREPARING DATA MIGRATION JOB ...
 [09:25:03.744] Building the migration strategy ...
 {
   "Order of objects to query": "CMPL123__WF_Rule__c; CMPL123__WF_Step__c; CMPL123__Record_Access_Rule__c; CMPL123__WF_Action__c; CMPL123__WF_Status__c; CMPL123__WF_Phase__c; CMPL123__WF_Rule_Phase__c; CMPL123__WF_Phase_Status__c; CMPL123__Context_Based_Security__c; CMPL123__X123Task__c; CMPL123__X123Job__c; CMPL123__Job_Field_Map__c; CMPL123__Valid_Child_Status__c; CMPL123__WF_Step_Extension__c"
}
 {
   "Order of objects to delete": "CMPL123__WF_Step_Extension__c; CMPL123__Valid_Child_Status__c; CMPL123__Record_Access_Rule__c; CMPL123__Job_Field_Map__c; CMPL123__X123Job__c; CMPL123__X123Task__c; CMPL123__Context_Based_Security__c; CMPL123__WF_Phase_Status__c; CMPL123__WF_Rule_Phase__c; CMPL123__WF_Phase__c; CMPL123__WF_Step__c; CMPL123__WF_Status__c; CMPL123__WF_Action__c; CMPL123__WF_Rule__c"
}
 {
   "Order of objects to update": "CMPL123__WF_Rule__c; CMPL123__WF_Action__c; CMPL123__WF_Status__c; CMPL123__WF_Step__c; CMPL123__WF_Phase__c; CMPL123__WF_Rule_Phase__c; CMPL123__WF_Phase_Status__c; CMPL123__Context_Based_Security__c; CMPL123__X123Task__c; CMPL123__X123Job__c; CMPL123__Job_Field_Map__c; CMPL123__Record_Access_Rule__c; CMPL123__Valid_Child_Status__c; CMPL123__WF_Step_Extension__c"
}
 [09:25:03.765] Preparing of the data migration job has been completed.

 ANALYSING DATA...
 [09:25:04.699] {CMPL123__WF_Rule__c} The original query string of this object is returning 3 records from the Source org.
 [09:25:05.608] {CMPL123__WF_Action__c} The original query string of this object is returning 230 records from the Source org.
 [09:25:06.540] {CMPL123__WF_Status__c} The original query string of this object is returning 162 records from the Source org.
 [09:25:07.507] {CMPL123__WF_Step__c} The original query string of this object is returning 31 records from the Source org.
 [09:25:08.887] {CMPL123__WF_Phase__c} The original query string of this object is returning 45 records from the Source org.
 [09:25:09.782] {CMPL123__WF_Rule_Phase__c} The original query string of this object is returning 64 records from the Source org.
 [09:25:10.724] {CMPL123__WF_Phase_Status__c} The original query string of this object is returning 103 records from the Source org.
 [09:25:11.623] {CMPL123__Context_Based_Security__c} The original query string of this object is returning 0 records from the Source org.
 [09:25:12.567] {CMPL123__X123Task__c} The original query string of this object is returning 13 records from the Source org.
 [09:25:13.510] {CMPL123__X123Job__c} The original query string of this object is returning 14 records from the Source org.
 [09:25:14.391] {CMPL123__Job_Field_Map__c} The original query string of this object is returning 6 records from the Source org.
 [09:25:15.301] {CMPL123__Record_Access_Rule__c} The original query string of this object is returning 0 records from the Source org.
 [09:25:16.202] {CMPL123__Valid_Child_Status__c} The original query string of this object is returning 256 records from the Source org.
 [09:25:17.126] {CMPL123__WF_Step_Extension__c} The original query string of this object is returning 86 records from the Source org.

 TRIGGERING ADD-ON EVENTS ...
 [09:25:17.129] No Add-On modules found to run.

 [09:25:17.130] Ready to process the data.

 DELETING OLD DATA FROM THE TARGET ...
 [09:25:17.132] {CMPL123__WF_Step_Extension__c} No records to delete.
 [09:25:17.133] {CMPL123__Valid_Child_Status__c} No records to delete.
 [09:25:17.133] {CMPL123__Record_Access_Rule__c} No records to delete.
 [09:25:17.134] {CMPL123__Job_Field_Map__c} No records to delete.
 [09:25:17.134] {CMPL123__X123Job__c} No records to delete.
 [09:25:17.135] {CMPL123__X123Task__c} No records to delete.
 [09:25:17.135] {CMPL123__Context_Based_Security__c} No records to delete.
 [09:25:17.136] {CMPL123__WF_Phase_Status__c} No records to delete.
 [09:25:17.136] {CMPL123__WF_Rule_Phase__c} No records to delete.
 [09:25:17.137] {CMPL123__WF_Phase__c} No records to delete.
 [09:25:17.137] {CMPL123__WF_Step__c} No records to delete.
 [09:25:17.138] {CMPL123__WF_Status__c} No records to delete.
 [09:25:17.138] {CMPL123__WF_Action__c} No records to delete.
 [09:25:17.139] {CMPL123__WF_Rule__c} No records to delete.
 [09:25:17.139] Deleting data was skipped.

 SOURCE:
 =============

 FETCHING THE DATA (STAGE 1) ...
 [09:25:17.143] {CMPL123__WF_Rule__c} Fetching the Source data from Org (STAGE 1: all records) ...
 [09:25:17.144] {CMPL123__WF_Rule__c} Query string: SELECT Id, Name, CMPL123__WF_Rule_External_Id__c, CMPL123__Description__c, CMPL123__Has_Cycle_Time_Metrics_Fields__c, CMPL123__Has_Multiple_Actions__c, CMPL123__Is_Active__c, CMPL123__Record_Type__c, CMPL123__Target_Object__c, CMPL123__Target_Object_... FROM  CMPL123__WF_Rule__c WHERE Name in ('Complaint Workflow', 'Investigation Workflow', 'Regulatory Report Workflow').
 [09:25:18.73] {CMPL123__WF_Rule__c} Data retrieval (Source) has been completed. Got 3 new records.
 [09:25:18.74] {CMPL123__WF_Step__c} Fetching the Source data from Org (STAGE 1: all records) ...
 [09:25:18.75] {CMPL123__WF_Step__c} Query string: SELECT Id, CMPL123__WF_Step_External_Id__c, CMPL123__WF_Rule__c, CMPL123__Action__c, CMPL123__Are_Child_Files_Locked__c, CMPL123__Are_Child_Records_Locked__c, CMPL123__End_Status__c, CMPL123__Is_Record_Lock_Required__c, CMPL123__Is_Related_Lists_Lock... FROM  CMPL123__WF_Step__c WHERE CMPL123__WF_Rule__r.Name in ('Complaint Workflow', 'Investigation Workflow', 'Regulatory Report Workflow').
 [09:25:19.435] {CMPL123__WF_Step__c} Data retrieval (Source) has been completed. Got 31 new records.
 [09:25:19.436] {CMPL123__Record_Access_Rule__c} Fetching the Source data from Org (STAGE 1: all records) ...
 [09:25:19.437] {CMPL123__Record_Access_Rule__c} Query string: SELECT Id, Name, CMPL123__Record_Access_Rule_External_Id__c, CMPL123__API_Path_to_User_Relationship__c, CMPL123__Active_of_the_rule__c, CMPL123__Apex_Sharing_Reason__c, CMPL123__Child_Objects__c, CMPL123__Target_Object__c, CMPL123__User_Field_Name__c... FROM  CMPL123__Record_Access_Rule__c.
 [09:25:20.388] {CMPL123__Record_Access_Rule__c} Data retrieval (Source) has been completed. Got 0 new records.
 [09:25:20.391] Data retrieval (STAGE 1) has been completed.

 FETCHING THE DATA (STAGE 2) ...
 [09:25:20.393] PASS 1
 =============
 [09:25:20.395] {CMPL123__WF_Rule_Phase__c} Fetching the Source data from Org (STAGE 2: filtered records) ...
 [09:25:20.395] {CMPL123__WF_Rule_Phase__c} Query string: SELECT Id, Name, CMPL123__WF_Rule_Phase_External_Id__c, CMPL123__Order__c, CMPL123__Workflow_Phase__c, CMPL123__Workflow_Rule__c, CMPL123__Workflow_Phase__r.CMPL123__WF_Phase_External_Id__c, CMPL123__Workflow_Rule__r.CMPL123__WF_Rule_External_Id__c  FROM  CMPL123__WF_Rule_Phase__c WHERE CMPL123__Workflow_Rule__c IN ('a1I5r000001zzoIEAQ', 'a1I5r000001zzoOEAQ', 'a1I5r0000020BUxEAM').
 [09:25:21.475] {CMPL123__WF_Rule_Phase__c} Data retrieval (Source) has been completed. Got 11 new records.
 [09:25:21.477] {CMPL123__WF_Phase_Status__c} Fetching the Source data from Org (STAGE 2: filtered records) ...
 [09:25:21.477] {CMPL123__WF_Phase_Status__c} Query string: SELECT Id, CMPL123__WF_Phase_Status_External_Id__c, CMPL123__Workflow_Rule_Phase__c, CMPL123__Workflow_Status__c, Workflow_Phase__c, Workflow_Rule__c, Workflow_Status_hyperlink__c, CMPL123__Workflow_Rule_Phase__r.CMPL123__WF_Rule_Phase_External_Id__c... FROM  CMPL123__WF_Phase_Status__c WHERE CMPL123__Workflow_Rule_Phase__c IN ('a1H5r0000018udwEAA', 'a1H5r0000018udxEAA', 'a1H5r0000018udyEAA', 'a1H5r0000018ue1EAA', 'a1H5r0000018ue2EAA', 'a1H5r0000018ue3EAA', 'a1H5r0000018ue4EAA', 'a1H5r00000190YXEAY', 'a1....
 [09:25:22.672] {CMPL123__WF_Phase_Status__c} Data retrieval (Source) has been completed. Got 18 new records.
 [09:25:22.673] {CMPL123__Context_Based_Security__c} Fetching the Source data from Org (STAGE 2: filtered records) ...
 [09:25:22.674] {CMPL123__Context_Based_Security__c} Query string: SELECT Id, Name, CMPL123__Access_Type__c, CMPL123__Config_Deploy_Id__c, CMPL123__Initial_CBS__c, CMPL123__User_Field_On_Record__c, CMPL123__Workflow_Rule__c, CMPL123__Workflow_Step__c, CMPL123__Corresponding_Object__c, CMPL123__Workflow_Rule__r.CMPL1... FROM  CMPL123__Context_Based_Security__c WHERE CMPL123__Workflow_Rule__c IN ('a1I5r000001zzoIEAQ', 'a1I5r000001zzoOEAQ', 'a1I5r0000020BUxEAM').
 [09:25:23.631] {CMPL123__Context_Based_Security__c} Query string: SELECT Id, Name, CMPL123__Access_Type__c, CMPL123__Config_Deploy_Id__c, CMPL123__Initial_CBS__c, CMPL123__User_Field_On_Record__c, CMPL123__Workflow_Rule__c, CMPL123__Workflow_Step__c, CMPL123__Corresponding_Object__c, CMPL123__Workflow_Rule__r.CMPL1... FROM  CMPL123__Context_Based_Security__c WHERE CMPL123__Workflow_Step__c IN ('a1L5r000000w9b5EAA', 'a1L5r000000w9b6EAA', 'a1L5r000000w9b7EAA', 'a1L5r000000w9b8EAA', 'a1L5r000000w9bAEAQ', 'a1L5r000000w9bBEAQ', 'a1L5r000000w9bIEAQ', 'a1L5r000000w9bKEAQ', 'a....
 [09:25:24.553] {CMPL123__Context_Based_Security__c} Data retrieval (Source) has been completed. Got 0 new records.
 [09:25:24.563] {CMPL123__X123Job__c} Fetching the Source data from Org (STAGE 2: filtered records) ...
 [09:25:24.564] {CMPL123__X123Job__c} Query string: SELECT Id, Name, CMPL123__Job_External_Id__c, CMPL123__Child_Filter_Condition__c, CMPL123__Description__c, CMPL123__Is_Active__c, CMPL123__Job_Type__c, CMPL123__Related_Task__c, CMPL123__Workflow_Step__c, CMPL123__Related_Task__r.CMPL123__Task_Extern... FROM  CMPL123__X123Job__c WHERE CMPL123__Workflow_Step__c IN ('a1L5r000000w9b5EAA', 'a1L5r000000w9b6EAA', 'a1L5r000000w9b7EAA', 'a1L5r000000w9b8EAA', 'a1L5r000000w9bAEAQ', 'a1L5r000000w9bBEAQ', 'a1L5r000000w9bIEAQ', 'a1L5r000000w9bKEAQ', 'a1L5r000000w9bME....
 [09:25:25.517] {CMPL123__X123Job__c} Data retrieval (Source) has been completed. Got 3 new records.
 [09:25:25.518] {CMPL123__Job_Field_Map__c} Fetching the Source data from Org (STAGE 2: filtered records) ...
 [09:25:25.519] {CMPL123__Job_Field_Map__c} Query string: SELECT Id, Name, CMPL123__Job_Field_Map_External_Id__c, CMPL123__Data_Type__c, CMPL123__Field_Name__c, CMPL123__Is_Dynamic__c, CMPL123__Object_Name__c, CMPL123__Parent_Job__c, CMPL123__Relationship_Name__c, CMPL123__Value__c, CMPL123__Parent_Job__r.C... FROM  CMPL123__Job_Field_Map__c WHERE CMPL123__Parent_Job__c IN ('a1M5r000000sEtHEAU', 'a1M5r000001tkV5EAI', 'a1M5r000001tkZjEAI').
 [09:25:26.424] {CMPL123__Job_Field_Map__c} Data retrieval (Source) has been completed. Got 0 new records.
 [09:25:26.425] {CMPL123__Valid_Child_Status__c} Fetching the Source data from Org (STAGE 2: filtered records) ...
 [09:25:26.426] {CMPL123__Valid_Child_Status__c} Query string: SELECT Id, Name, CMPL123__Valid_Child_Status_External_Id__c, CMPL123__Parent_Workflow_Step__c, CMPL123__Child_Relationship__c, CMPL123__Description__c, CMPL123__Required_Child_Workflow_Status__c, Parent_Workflow_Action__c, Parent_Workflow_Rule__c, Ch... FROM  CMPL123__Valid_Child_Status__c WHERE CMPL123__Parent_Workflow_Step__c IN ('a1L5r000000w9b5EAA', 'a1L5r000000w9b6EAA', 'a1L5r000000w9b7EAA', 'a1L5r000000w9b8EAA', 'a1L5r000000w9bAEAQ', 'a1L5r000000w9bBEAQ', 'a1L5r000000w9bIEAQ', 'a1L5r000000w9bKEAQ',....
 [09:25:27.957] {CMPL123__Valid_Child_Status__c} Data retrieval (Source) has been completed. Got 156 new records.
 [09:25:27.963] {CMPL123__WF_Step_Extension__c} Fetching the Source data from Org (STAGE 2: filtered records) ...
 [09:25:27.964] {CMPL123__WF_Step_Extension__c} Query string: SELECT Id, Name, CMPL123__External_Id__c, CMPL123__Parent_Workflow_Step__c, CMPL123__Apply_To_Automated_User__c, CMPL123__Are_Child_Files_Locked__c, CMPL123__Is_Record_Lock_Required__c, CMPL123__Is_Related_Lists_Locked__c, CMPL123__Object_Related_Lis... FROM  CMPL123__WF_Step_Extension__c WHERE CMPL123__Parent_Workflow_Step__c IN ('a1L5r000000w9b5EAA', 'a1L5r000000w9b6EAA', 'a1L5r000000w9b7EAA', 'a1L5r000000w9b8EAA', 'a1L5r000000w9bAEAQ', 'a1L5r000000w9bBEAQ', 'a1L5r000000w9bIEAQ', 'a1L5r000000w9bKEAQ', ....
 [09:25:29.161] {CMPL123__WF_Step_Extension__c} Data retrieval (Source) has been completed. Got 20 new records.

 [09:25:29.164] PASS 2
 =============
 [09:25:29.165] No records

 [09:25:29.166] PASS 3
 =============
 [09:25:29.168] {CMPL123__WF_Action__c} Fetching the Source data from Org (STAGE 1: filtered records) ...
 [09:25:29.168] {CMPL123__WF_Action__c} Query string: SELECT Id, Name, CMPL123__WF_Action_External_Id__c, CMPL123__Action_Custom_Label__c, CMPL123__Comment_Type__c, CMPL123__Description__c, CMPL123__E_Sign_Message_Custom_Label__c, CMPL123__Esign_Message__c, CMPL123__Generic_Comment__c, CMPL123__Is_Comme... FROM  CMPL123__WF_Action__c WHERE Id IN ('a1D5r000000hb6jEAA', 'a1D5r000000hToaEAE', 'a1D5r000000hTpNEAU', 'a1D5r000000hb6oEAA', 'a1D5r000000hbIpEAI', 'a1D5r000000hTpJEAU', 'a1D5r000000hTneEAE', 'a1D5r000000hTnHEAU', 'a1D5r000000hbIuEAI', 'a1D5r000000hTmh....
 [09:25:30.263] {CMPL123__WF_Action__c} Data retrieval (Source) has been completed. Got 21 new records.
 [09:25:30.265] {CMPL123__WF_Status__c} Fetching the Source data from Org (STAGE 1: filtered records) ...
 [09:25:30.266] {CMPL123__WF_Status__c} Query string: SELECT Id, Name, CMPL123__WF_Status_External_Id__c, CMPL123__Description__c, CMPL123__Status_Custom_Label__c  FROM  CMPL123__WF_Status__c WHERE Id IN ('a1J5r000001MHAVEA4', 'a1J5r000001MHADEA4', 'a1J5r000001MHAIEA4', 'a1J5r000001MHALEA4', 'a1J5r000001MHAUEA4', 'a1J5r000001MHASEA4', 'a1J5r000001MHAQEA4', 'a1J5r000001MHAHEA4', 'a1J5r000001MHAKEA4', 'a1J5r000001MHAW....
 [09:25:31.303] {CMPL123__WF_Status__c} Data retrieval (Source) has been completed. Got 19 new records.
 [09:25:31.313] {CMPL123__WF_Phase__c} Fetching the Source data from Org (STAGE 1: filtered records) ...
 [09:25:31.314] {CMPL123__WF_Phase__c} Query string: SELECT Id, Name, CMPL123__WF_Phase_External_Id__c, CMPL123__Description__c, CMPL123__Phase_Custom_Label__c, CMPL123__Work_Instructions_Custom_Label__c, CMPL123__Work_Instructions_HTML__c, CMPL123__Work_Instructions__c  FROM  CMPL123__WF_Phase__c WHERE Id IN ('a1G5r000001niyFEAQ', 'a1G5r000001niyLEAQ', 'a1G5r000001niyEEAQ', 'a1G5r000001niyQEAQ', 'a1G5r000001niyREAQ', 'a1G5r000001niyTEAQ', 'a1G5r000001niyWEAQ', 'a1G5r000001oaZ5EAI', 'a1G5r000001niySEAQ', 'a1G5r000001niyUE....
 [09:25:32.415] {CMPL123__WF_Phase__c} Data retrieval (Source) has been completed. Got 11 new records.
 [09:25:32.416] {CMPL123__WF_Rule_Phase__c} Fetching the Source data from Org (STAGE 1: filtered records) ...
 [09:25:32.417] {CMPL123__WF_Rule_Phase__c} Query string: SELECT Id, Name, CMPL123__WF_Rule_Phase_External_Id__c, CMPL123__Order__c, CMPL123__Workflow_Phase__c, CMPL123__Workflow_Rule__c, CMPL123__Workflow_Phase__r.CMPL123__WF_Phase_External_Id__c, CMPL123__Workflow_Rule__r.CMPL123__WF_Rule_External_Id__c  FROM  CMPL123__WF_Rule_Phase__c WHERE Id IN ('a1H5r0000018udyEAA', 'a1H5r00000190YXEAY', 'a1H5r0000018udxEAA', 'a1H5r0000018udwEAA', 'a1H5r0000018ue2EAA', 'a1H5r0000018ue3EAA', 'a1H5r0000018ue4EAA', 'a1H5r0000018ue1EAA', 'a1H5r0000019CIhEAM', 'a1H5r000001....
 [09:25:33.376] {CMPL123__WF_Rule_Phase__c} Data retrieval (Source) has been completed. Got 0 new records.
 [09:25:33.378] {CMPL123__X123Task__c} Fetching the Source data from Org (STAGE 1: filtered records) ...
 [09:25:33.379] {CMPL123__X123Task__c} Query string: SELECT Id, Name, CMPL123__Task_External_Id__c, CMPL123__Allow_Partial_Processing_for_123_Tasks__c, CMPL123__Description__c, CMPL123__Is_Active__c, CMPL123__Key_Value__c, CMPL123__Related_Object__c  FROM  CMPL123__X123Task__c WHERE Id IN ('a1N5r000001W2xkEAC', 'a1N5r000001WwPxEAK', 'a1N5r000001WwqiEAC').
 [09:25:34.286] {CMPL123__X123Task__c} Data retrieval (Source) has been completed. Got 3 new records.

 [09:25:34.288] PASS 4
 =============
 [09:25:34.290] No records

 TARGET:
 =============
 [09:25:34.292] No records
 [09:25:34.293] Data retrieval (STAGE 2) has been completed.

 TRIGGERING ADD-ON EVENTS ...
 [09:25:34.295] No Add-On modules found to run.


 DATA RETRIEVAL SUMMARY.
 [09:25:34.314] {CMPL123__WF_Rule__c} The total amount of the retrieved records: 3/0.
 [09:25:34.314] {CMPL123__WF_Step__c} The total amount of the retrieved records: 31/0.
 [09:25:34.315] {CMPL123__Record_Access_Rule__c} The total amount of the retrieved records: 0/0.
 [09:25:34.316] {CMPL123__WF_Action__c} The total amount of the retrieved records: 21/0.
 [09:25:34.317] {CMPL123__WF_Status__c} The total amount of the retrieved records: 19/0.
 [09:25:34.317] {CMPL123__WF_Phase__c} The total amount of the retrieved records: 11/0.
 [09:25:34.318] {CMPL123__WF_Rule_Phase__c} The total amount of the retrieved records: 11/0.
 [09:25:34.319] {CMPL123__WF_Phase_Status__c} The total amount of the retrieved records: 18/0.
 [09:25:34.319] {CMPL123__Context_Based_Security__c} The total amount of the retrieved records: 0/0.
 [09:25:34.320] {CMPL123__X123Task__c} The total amount of the retrieved records: 3/0.
 [09:25:34.320] {CMPL123__X123Job__c} The total amount of the retrieved records: 3/0.
 [09:25:34.321] {CMPL123__Job_Field_Map__c} The total amount of the retrieved records: 0/0.
 [09:25:34.321] {CMPL123__Valid_Child_Status__c} The total amount of the retrieved records: 156/0.
 [09:25:34.322] {CMPL123__WF_Step_Extension__c} The total amount of the retrieved records: 20/0.

 UPDATING THE TARGET (STAGE 1) ...
 [09:25:34.324] {CMPL123__WF_Rule__c} Creating the file /Users/Brian.Lavin/Projects/olympus-dx/sfdmu-data/CMPL123__WF_Rule__c.csv ...
 [09:25:34.331] {CMPL123__WF_Rule__c} The Target has been updated. Totally processed 3 records.

 [09:25:34.332] {CMPL123__WF_Action__c} Creating the file /Users/Brian.Lavin/Projects/olympus-dx/sfdmu-data/CMPL123__WF_Action__c.csv ...
 [09:25:34.336] {CMPL123__WF_Action__c} The Target has been updated. Totally processed 21 records.

 [09:25:34.337] {CMPL123__WF_Status__c} Creating the file /Users/Brian.Lavin/Projects/olympus-dx/sfdmu-data/CMPL123__WF_Status__c.csv ...
 [09:25:34.340] {CMPL123__WF_Status__c} The Target has been updated. Totally processed 19 records.

 [09:25:34.342] {CMPL123__WF_Step__c} Creating the file /Users/Brian.Lavin/Projects/olympus-dx/sfdmu-data/CMPL123__WF_Step__c.csv ...
 [09:25:34.365] {CMPL123__WF_Step__c} The Target has been updated. Totally processed 31 records.

 [09:25:34.366] {CMPL123__WF_Phase__c} Creating the file /Users/Brian.Lavin/Projects/olympus-dx/sfdmu-data/CMPL123__WF_Phase__c.csv ...
 [09:25:34.369] {CMPL123__WF_Phase__c} The Target has been updated. Totally processed 11 records.

 [09:25:34.371] {CMPL123__WF_Rule_Phase__c} Creating the file /Users/Brian.Lavin/Projects/olympus-dx/sfdmu-data/CMPL123__WF_Rule_Phase__c.csv ...
 [09:25:34.374] {CMPL123__WF_Rule_Phase__c} The Target has been updated. Totally processed 11 records.

 [09:25:34.375] {CMPL123__WF_Phase_Status__c} Creating the file /Users/Brian.Lavin/Projects/olympus-dx/sfdmu-data/CMPL123__WF_Phase_Status__c.csv ...
 [09:25:34.380] {CMPL123__WF_Phase_Status__c} The Target has been updated. Totally processed 18 records.

 [09:25:34.381] {CMPL123__Context_Based_Security__c} Creating the file /Users/Brian.Lavin/Projects/olympus-dx/sfdmu-data/CMPL123__Context_Based_Security__c.csv ...
 [09:25:34.383] {CMPL123__X123Task__c} Creating the file /Users/Brian.Lavin/Projects/olympus-dx/sfdmu-data/CMPL123__X123Task__c.csv ...
 [09:25:34.385] {CMPL123__X123Task__c} The Target has been updated. Totally processed 3 records.

 [09:25:34.387] {CMPL123__X123Job__c} Creating the file /Users/Brian.Lavin/Projects/olympus-dx/sfdmu-data/CMPL123__X123Job__c.csv ...
 [09:25:34.390] {CMPL123__X123Job__c} The Target has been updated. Totally processed 3 records.

 [09:25:34.391] {CMPL123__Job_Field_Map__c} Creating the file /Users/Brian.Lavin/Projects/olympus-dx/sfdmu-data/CMPL123__Job_Field_Map__c.csv ...
 [09:25:34.393] {CMPL123__Record_Access_Rule__c} Creating the file /Users/Brian.Lavin/Projects/olympus-dx/sfdmu-data/CMPL123__Record_Access_Rule__c.csv ...
 [09:25:34.394] {CMPL123__Valid_Child_Status__c} Creating the file /Users/Brian.Lavin/Projects/olympus-dx/sfdmu-data/CMPL123__Valid_Child_Status__c.csv ...
 [09:25:34.419] {CMPL123__Valid_Child_Status__c} The Target has been updated. Totally processed 156 records.

 [09:25:34.420] {CMPL123__WF_Step_Extension__c} Creating the file /Users/Brian.Lavin/Projects/olympus-dx/sfdmu-data/CMPL123__WF_Step_Extension__c.csv ...
 [09:25:34.424] {CMPL123__WF_Step_Extension__c} The Target has been updated. Totally processed 20 records.


 [09:25:34.426] The Target (STAGE 1) has been updated. Totally processed 296 records.

 UPDATING THE TARGET (STAGE 2) ...

 [09:25:34.430] Nothing was updated.

 TRIGGERING ADD-ON EVENTS ...
 [09:25:34.433] No Add-On modules found to run.


 DATA PROCESSING SUMMARY.
 [09:25:34.436] {CMPL123__WF_Rule__c} Totally processed 3 records.
 [09:25:34.437] {CMPL123__WF_Step__c} Totally processed 31 records.
 [09:25:34.438] {CMPL123__Record_Access_Rule__c} Totally processed 0 records.
 [09:25:34.439] {CMPL123__WF_Action__c} Totally processed 21 records.
 [09:25:34.440] {CMPL123__WF_Status__c} Totally processed 19 records.
 [09:25:34.442] {CMPL123__WF_Phase__c} Totally processed 11 records.
 [09:25:34.443] {CMPL123__WF_Rule_Phase__c} Totally processed 11 records.
 [09:25:34.443] {CMPL123__WF_Phase_Status__c} Totally processed 18 records.
 [09:25:34.444] {CMPL123__Context_Based_Security__c} Totally processed 0 records.
 [09:25:34.445] {CMPL123__X123Task__c} Totally processed 3 records.
 [09:25:34.446] {CMPL123__X123Job__c} Totally processed 3 records.
 [09:25:34.463] {CMPL123__Job_Field_Map__c} Totally processed 0 records.
 [09:25:34.464] {CMPL123__Valid_Child_Status__c} Totally processed 156 records.
 [09:25:34.464] {CMPL123__WF_Step_Extension__c} Totally processed 20 records.

 [09:25:34.466] Writing to /Users/Brian.Lavin/Projects/olympus-dx/sfdmu-data/MissingParentRecordsReport.csv ...


 TRIGGERING ADD-ON EVENTS ...
 [09:25:34.469] No Add-On modules found to run.


 [09:25:34.471] Command succeeded.
 [09:25:34.472] Execution of the command sfdmu:run has been completed. Exit code 0 (SUCCESS).
 [09:25:34.473] Total time elapsed: 00h 01m 33s 107ms .