
 [22:33:46.614] Execution of the command sfdmu:run has been started.
 [22:33:46.637] newLine
 LOADING AND VALIDATING THE EXPORT.JSON SCRIPT ...
 [22:33:46.673] newLine
 OBJECT SET #1 STARTED
 [22:33:46.684] newLine
 {
   "Running Plugin version": "4.33.17"
}
 {
   "Running Add-On API version": "1.5.0"
}
 [22:33:46.710] newLine
 [22:33:46.713] Loading Core Add-On Module declarations ...
 [22:33:46.990] Connecting to the qa-R1-GCHS using SFDX sf org display ...
 [22:33:54.254] Successfully connected to the qa-R1-GCHS.
 {
   "Source": "qa-R1-GCHS.",
   "Target": "csvfile.",
   "Package script": "C:\\Users\\Himanshu.Desai\\Documents\\GitHub\\GCHS-Release-1\\sfdmu-data\\export.json."
}
 [22:33:55.466] newLine
 GETTING AND ANALYSING OBJECT METADATA ...
 [22:33:55.471] Processing the object CMPL123__WF_Rule__c ...
 [22:33:55.475] Fetching metadata of the CMPL123__WF_Rule__c (Source) ...
 [22:33:56.171] Processing the object CMPL123__WF_Step__c ...
 [22:33:56.175] Fetching metadata of the CMPL123__WF_Step__c (Source) ...
 [22:33:57.38] Processing the object CMPL123__WF_Phase__c ...
 [22:33:57.41] Fetching metadata of the CMPL123__WF_Phase__c (Source) ...
 [22:33:58.48] Processing the object CMPL123__WF_Rule_Phase__c ...
 [22:33:58.51] Fetching metadata of the CMPL123__WF_Rule_Phase__c (Source) ...
 [22:33:59.73] Processing the object CMPL123__WF_Phase_Status__c ...
 [22:33:59.75] Fetching metadata of the CMPL123__WF_Phase_Status__c (Source) ...
 [22:34:00.55] Processing the object CMPL123__Context_Based_Security__c ...
 [22:34:00.58] Fetching metadata of the CMPL123__Context_Based_Security__c (Source) ...
 [22:34:00.478] Processing the object CMPL123__Job_Field_Map__c ...
 [22:34:00.481] Fetching metadata of the CMPL123__Job_Field_Map__c (Source) ...
 [22:34:01.448] Processing the object CMPL123__Record_Access_Rule__c ...
 [22:34:01.451] Fetching metadata of the CMPL123__Record_Access_Rule__c (Source) ...
 [22:34:02.146] Processing the object CMPL123__Valid_Child_Status__c ...
 [22:34:02.149] Fetching metadata of the CMPL123__Valid_Child_Status__c (Source) ...
 [22:34:02.490] Processing the object CMPL123__WF_Action__c ...
 [22:34:02.493] Fetching metadata of the CMPL123__WF_Action__c (Source) ...
 [22:34:03.191] Processing the object CMPL123__WF_Status__c ...
 [22:34:03.194] Fetching metadata of the CMPL123__WF_Status__c (Source) ...
 [22:34:03.602] Processing the object CMPL123__X123Job__c ...
 [22:34:03.605] Fetching metadata of the CMPL123__X123Job__c (Source) ...
 [22:34:04.601] Processing the object CMPL123__X123Task__c ...
 [22:34:04.604] Fetching metadata of the CMPL123__X123Task__c (Source) ...
 [22:34:05.339] Processing the object CMPL123__WF_Step_Extension__c ...
 [22:34:05.342] Fetching metadata of the CMPL123__WF_Step_Extension__c (Source) ...
 [22:34:05.937] Processing the object CMPL123__AuditTrail_Config__c ...
 [22:34:05.939] Fetching metadata of the CMPL123__AuditTrail_Config__c (Source) ...
 [22:34:06.608] Fetching metadata of the Group (Source) ...
 [22:34:07.298] Processing the object CMPL123__AuditTrail_Config__c ...
 [22:34:07.301] Processing the object CMPL123__WF_Step_Extension__c ...
 [22:34:07.304] Processing the object CMPL123__X123Task__c ...
 [22:34:07.305] Processing the object CMPL123__X123Job__c ...
 [22:34:07.307] Processing the object CMPL123__WF_Status__c ...
 [22:34:07.309] Processing the object CMPL123__WF_Action__c ...
 [22:34:07.311] Processing the object CMPL123__Valid_Child_Status__c ...
 [22:34:07.313] Processing the object CMPL123__Record_Access_Rule__c ...
 [22:34:07.315] Processing the object CMPL123__Job_Field_Map__c ...
 [22:34:07.317] Processing the object CMPL123__Context_Based_Security__c ...
 [22:34:07.319] Processing the object CMPL123__WF_Phase_Status__c ...
 [22:34:07.321] Processing the object CMPL123__WF_Rule_Phase__c ...
 [22:34:07.332] Processing the object CMPL123__WF_Phase__c ...
 [22:34:07.335] Processing the object CMPL123__WF_Step__c ...
 [22:34:07.338] Processing the object CMPL123__WF_Rule__c ...
 [22:34:07.343] newLine
 PREPARING DATA MIGRATION JOB ...
 [22:34:07.346] Building the migration strategy ...
 {
   "Order of objects to query": "CMPL123__WF_Rule__c; CMPL123__WF_Step__c; CMPL123__Record_Access_Rule__c; CMPL123__AuditTrail_Config__c; CMPL123__WF_Action__c; CMPL123__WF_Status__c; CMPL123__WF_Phase__c; CMPL123__WF_Rule_Phase__c; CMPL123__WF_Phase_Status__c; CMPL123__Context_Based_Security__c; CMPL123__X123Task__c; CMPL123__X123Job__c; CMPL123__Job_Field_Map__c; CMPL123__Valid_Child_Status__c; CMPL123__WF_Step_Extension__c"
}
 {
   "Order of objects to delete": "CMPL123__AuditTrail_Config__c; CMPL123__WF_Step_Extension__c; CMPL123__Valid_Child_Status__c; CMPL123__Record_Access_Rule__c; CMPL123__Job_Field_Map__c; CMPL123__X123Job__c; CMPL123__X123Task__c; CMPL123__Context_Based_Security__c; CMPL123__WF_Phase_Status__c; CMPL123__WF_Rule_Phase__c; CMPL123__WF_Phase__c; CMPL123__WF_Step__c; CMPL123__WF_Status__c; CMPL123__WF_Action__c; CMPL123__WF_Rule__c"
}
 {
   "Order of objects to update": "CMPL123__WF_Rule__c; CMPL123__WF_Action__c; CMPL123__WF_Status__c; CMPL123__WF_Step__c; CMPL123__WF_Phase__c; CMPL123__WF_Rule_Phase__c; CMPL123__WF_Phase_Status__c; CMPL123__Context_Based_Security__c; CMPL123__X123Task__c; CMPL123__X123Job__c; CMPL123__Job_Field_Map__c; CMPL123__Record_Access_Rule__c; CMPL123__Valid_Child_Status__c; CMPL123__WF_Step_Extension__c; CMPL123__AuditTrail_Config__c"
}
 [22:34:07.358] Preparing of the data migration job has been completed.
 [22:34:07.360] newLine
 ANALYSING DATA...
 [22:34:07.544] {CMPL123__WF_Rule__c} The original query string of this object is returning 3 records from the Source org.
 [22:34:07.688] {CMPL123__WF_Action__c} The original query string of this object is returning 230 records from the Source org.
 [22:34:07.826] {CMPL123__WF_Status__c} The original query string of this object is returning 162 records from the Source org.
 [22:34:07.966] {CMPL123__WF_Step__c} The original query string of this object is returning 31 records from the Source org.
 [22:34:08.108] {CMPL123__WF_Phase__c} The original query string of this object is returning 45 records from the Source org.
 [22:34:08.528] {CMPL123__WF_Rule_Phase__c} The original query string of this object is returning 64 records from the Source org.
 [22:34:08.663] {CMPL123__WF_Phase_Status__c} The original query string of this object is returning 103 records from the Source org.
 [22:34:08.804] {CMPL123__Context_Based_Security__c} The original query string of this object is returning 0 records from the Source org.
 [22:34:08.987] {CMPL123__X123Task__c} The original query string of this object is returning 13 records from the Source org.
 [22:34:09.124] {CMPL123__X123Job__c} The original query string of this object is returning 14 records from the Source org.
 [22:34:09.266] {CMPL123__Job_Field_Map__c} The original query string of this object is returning 6 records from the Source org.
 [22:34:09.412] {CMPL123__Record_Access_Rule__c} The original query string of this object is returning 0 records from the Source org.
 [22:34:09.556] {CMPL123__Valid_Child_Status__c} The original query string of this object is returning 256 records from the Source org.
 [22:34:09.697] {CMPL123__WF_Step_Extension__c} The original query string of this object is returning 86 records from the Source org.
 [22:34:09.835] {CMPL123__AuditTrail_Config__c} The original query string of this object is returning 152 records from the Source org.
 [22:34:09.837] newLine
 TRIGGERING ADD-ON EVENTS ...
 [22:34:09.841] No Add-On modules found to run.
 [22:34:09.842] newLine
 [22:34:09.844] Ready to process the data.
 [22:34:09.846] newLine
 DELETING OLD DATA FROM THE TARGET ...
 [22:34:09.850] {CMPL123__AuditTrail_Config__c} No records to delete.
 [22:34:09.852] {CMPL123__WF_Step_Extension__c} No records to delete.
 [22:34:09.853] {CMPL123__Valid_Child_Status__c} No records to delete.
 [22:34:09.855] {CMPL123__Record_Access_Rule__c} No records to delete.
 [22:34:09.857] {CMPL123__Job_Field_Map__c} No records to delete.
 [22:34:09.858] {CMPL123__X123Job__c} No records to delete.
 [22:34:09.860] {CMPL123__X123Task__c} No records to delete.
 [22:34:09.862] {CMPL123__Context_Based_Security__c} No records to delete.
 [22:34:09.863] {CMPL123__WF_Phase_Status__c} No records to delete.
 [22:34:09.865] {CMPL123__WF_Rule_Phase__c} No records to delete.
 [22:34:09.868] {CMPL123__WF_Phase__c} No records to delete.
 [22:34:09.870] {CMPL123__WF_Step__c} No records to delete.
 [22:34:09.872] {CMPL123__WF_Status__c} No records to delete.
 [22:34:09.873] {CMPL123__WF_Action__c} No records to delete.
 [22:34:09.875] {CMPL123__WF_Rule__c} No records to delete.
 [22:34:09.877] Deleting data was skipped.
 [22:34:09.879] newLine
 SOURCE:
 =============
 [22:34:09.884] newLine
 FETCHING THE DATA (STAGE 1) ...
 [22:34:09.889] {CMPL123__WF_Rule__c} Fetching the Source data from Org (STAGE 1: all records) ...
 [22:34:09.891] {CMPL123__WF_Rule__c} Query string: SELECT Id, Name, CMPL123__WF_Rule_External_Id__c, CMPL123__Description__c, CMPL123__Has_Cycle_Time_Metrics_Fields__c, CMPL123__Has_Multiple_Actions__c, CMPL123__Is_Active__c, CMPL123__Record_Type__c, CMPL123__Target_Object__c, CMPL123__Target_Object_... FROM  CMPL123__WF_Rule__c WHERE Name in ('Complaint Workflow', 'Investigation Workflow', 'Regulatory Report Workflow').
 [22:34:09.895] {CMPL123__WF_Rule__c} Using REST API to retrieve the data ...
 [22:34:10.330] {CMPL123__WF_Rule__c} Data retrieval (Source) has been completed. Got 3 new records.
 [22:34:10.348] {CMPL123__WF_Step__c} Fetching the Source data from Org (STAGE 1: all records) ...
 [22:34:10.355] {CMPL123__WF_Step__c} Query string: SELECT Id, CMPL123__WF_Step_External_Id__c, CMPL123__WF_Rule__c, CMPL123__Action__c, CMPL123__Are_Child_Files_Locked__c, CMPL123__Are_Child_Records_Locked__c, CMPL123__End_Status__c, CMPL123__Is_Record_Lock_Required__c, CMPL123__Is_Related_Lists_Lock... FROM  CMPL123__WF_Step__c WHERE CMPL123__WF_Rule__r.Name in ('Complaint Workflow', 'Investigation Workflow', 'Regulatory Report Workflow').
 [22:34:10.362] {CMPL123__WF_Step__c} Using REST API to retrieve the data ...
 [22:34:11.6] {CMPL123__WF_Step__c} Data retrieval (Source) has been completed. Got 31 new records.
 [22:34:11.9] {CMPL123__Record_Access_Rule__c} Fetching the Source data from Org (STAGE 1: all records) ...
 [22:34:11.11] {CMPL123__Record_Access_Rule__c} Query string: SELECT Id, Name, CMPL123__Record_Access_Rule_External_Id__c, CMPL123__API_Path_to_User_Relationship__c, CMPL123__Active_of_the_rule__c, CMPL123__Apex_Sharing_Reason__c, CMPL123__Child_Objects__c, CMPL123__Target_Object__c, CMPL123__User_Field_Name__c... FROM  CMPL123__Record_Access_Rule__c.
 [22:34:11.14] {CMPL123__Record_Access_Rule__c} Using REST API to retrieve the data ...
 [22:34:11.152] {CMPL123__Record_Access_Rule__c} Data retrieval (Source) has been completed. Got 0 new records.
 [22:34:11.154] {CMPL123__AuditTrail_Config__c} Fetching the Source data from Org (STAGE 1: all records) ...
 [22:34:11.156] {CMPL123__AuditTrail_Config__c} Query string: SELECT Id, Name, CMPL123__AuditTrail_External_Id__c, CMPL123__Child_Relationships_Object__c, CMPL123__Fields__c, CMPL123__Is_Active__c, CMPL123__Parent_Relationship_Object__c, CMPL123__RFC_Comment_Fields__c, CMPL123__RFC_Fields__c, CMPL123__Report_Ti... FROM  CMPL123__AuditTrail_Config__c.
 [22:34:11.160] {CMPL123__AuditTrail_Config__c} Using REST API to retrieve the data ...
 [22:34:11.515] {CMPL123__AuditTrail_Config__c} Data retrieval (Source) has been completed. Got 152 new records.
 [22:34:11.520] Data retrieval (STAGE 1) has been completed.
 [22:34:11.522] newLine
 FETCHING THE DATA (STAGE 2) ...
 [22:34:11.525] PASS 1
 =============
 [22:34:11.531] {CMPL123__WF_Rule_Phase__c} Fetching the Source data from Org (STAGE 2: filtered records) ...
 [22:34:11.536] {CMPL123__WF_Rule_Phase__c} Query string: SELECT Id, Name, CMPL123__WF_Rule_Phase_External_Id__c, CMPL123__Order__c, CMPL123__Workflow_Phase__c, CMPL123__Workflow_Rule__c, CMPL123__Workflow_Phase__r.CMPL123__WF_Phase_External_Id__c, CMPL123__Workflow_Rule__r.CMPL123__WF_Rule_External_Id__c  FROM  CMPL123__WF_Rule_Phase__c WHERE CMPL123__Workflow_Rule__c IN ('a1I7E000001YNlAUAW', 'a1I7E000001YNlDUAW', 'a1I7E000001YNlJUAW').
 [22:34:11.544] {CMPL123__WF_Rule_Phase__c} Using REST API to retrieve the data ...
 [22:34:12.68] {CMPL123__WF_Rule_Phase__c} Data retrieval (Source) has been completed. Got 11 new records.
 [22:34:12.71] {CMPL123__WF_Phase_Status__c} Fetching the Source data from Org (STAGE 2: filtered records) ...
 [22:34:12.73] {CMPL123__WF_Phase_Status__c} Query string: SELECT Id, CMPL123__WF_Phase_Status_External_Id__c, CMPL123__Workflow_Rule_Phase__c, CMPL123__Workflow_Status__c, Workflow_Phase__c, Workflow_Rule__c, Workflow_Status_hyperlink__c, CMPL123__Workflow_Rule_Phase__r.CMPL123__WF_Rule_Phase_External_Id__c... FROM  CMPL123__WF_Phase_Status__c WHERE CMPL123__Workflow_Rule_Phase__c IN ('a1H7E000003UbMXUA0', 'a1H7E000003UbMYUA0', 'a1H7E000003UbMZUA0', 'a1H7E000003UbMaUAK', 'a1H7E000003UbMbUAK', 'a1H7E000003UbMcUAK', 'a1H7E000003UbMdUAK', 'a1H7E000003UbMyUAK', 'a1....
 [22:34:12.79] {CMPL123__WF_Phase_Status__c} Using REST API to retrieve the data ...
 [22:34:12.332] {CMPL123__WF_Phase_Status__c} Data retrieval (Source) has been completed. Got 18 new records.
 [22:34:12.334] {CMPL123__Context_Based_Security__c} Fetching the Source data from Org (STAGE 2: filtered records) ...
 [22:34:12.336] {CMPL123__Context_Based_Security__c} Query string: SELECT Id, Name, CMPL123__Access_Type__c, CMPL123__Config_Deploy_Id__c, CMPL123__Initial_CBS__c, CMPL123__User_Field_On_Record__c, CMPL123__Workflow_Rule__c, CMPL123__Workflow_Step__c, CMPL123__Corresponding_Object__c, CMPL123__Workflow_Rule__r.CMPL1... FROM  CMPL123__Context_Based_Security__c WHERE CMPL123__Workflow_Rule__c IN ('a1I7E000001YNlAUAW', 'a1I7E000001YNlDUAW', 'a1I7E000001YNlJUAW').
 [22:34:12.338] {CMPL123__Context_Based_Security__c} Using REST API to retrieve the data ...
 [22:34:12.487] {CMPL123__Context_Based_Security__c} Query string: SELECT Id, Name, CMPL123__Access_Type__c, CMPL123__Config_Deploy_Id__c, CMPL123__Initial_CBS__c, CMPL123__User_Field_On_Record__c, CMPL123__Workflow_Rule__c, CMPL123__Workflow_Step__c, CMPL123__Corresponding_Object__c, CMPL123__Workflow_Rule__r.CMPL1... FROM  CMPL123__Context_Based_Security__c WHERE CMPL123__Workflow_Step__c IN ('a1L7E000001q66wUAA', 'a1L7E000001q66xUAA', 'a1L7E000001q66zUAA', 'a1L7E000001q674UAA', 'a1L7E000001q67aUAA', 'a1L7E000001q67cUAA', 'a1L7E000001q67iUAA', 'a1L7E000001q67nUAA', 'a....
 [22:34:12.493] {CMPL123__Context_Based_Security__c} Using REST API to retrieve the data ...
 [22:34:12.921] {CMPL123__Context_Based_Security__c} Data retrieval (Source) has been completed. Got 0 new records.
 [22:34:12.924] {CMPL123__X123Job__c} Fetching the Source data from Org (STAGE 2: filtered records) ...
 [22:34:12.926] {CMPL123__X123Job__c} Query string: SELECT Id, Name, CMPL123__Job_External_Id__c, CMPL123__Child_Filter_Condition__c, CMPL123__Description__c, CMPL123__Is_Active__c, CMPL123__Job_Type__c, CMPL123__Related_Task__c, CMPL123__Workflow_Step__c, CMPL123__Related_Task__r.CMPL123__Task_Extern... FROM  CMPL123__X123Job__c WHERE CMPL123__Workflow_Step__c IN ('a1L7E000001q66wUAA', 'a1L7E000001q66xUAA', 'a1L7E000001q66zUAA', 'a1L7E000001q674UAA', 'a1L7E000001q67aUAA', 'a1L7E000001q67cUAA', 'a1L7E000001q67iUAA', 'a1L7E000001q67nUAA', 'a1L7E000001q67vU....
 [22:34:12.928] {CMPL123__X123Job__c} Using REST API to retrieve the data ...
 [22:34:13.172] {CMPL123__X123Job__c} Data retrieval (Source) has been completed. Got 3 new records.
 [22:34:13.182] {CMPL123__Job_Field_Map__c} Fetching the Source data from Org (STAGE 2: filtered records) ...
 [22:34:13.184] {CMPL123__Job_Field_Map__c} Query string: SELECT Id, Name, CMPL123__Job_Field_Map_External_Id__c, CMPL123__Data_Type__c, CMPL123__Field_Name__c, CMPL123__Is_Dynamic__c, CMPL123__Object_Name__c, CMPL123__Parent_Job__c, CMPL123__Relationship_Name__c, CMPL123__Value__c, CMPL123__Parent_Job__r.C... FROM  CMPL123__Job_Field_Map__c WHERE CMPL123__Parent_Job__c IN ('a1M7E000003l4VKUAY', 'a1M7E000003l4VNUAY', 'a1M7E000003l4VOUAY').
 [22:34:13.187] {CMPL123__Job_Field_Map__c} Using REST API to retrieve the data ...
 [22:34:13.331] {CMPL123__Job_Field_Map__c} Data retrieval (Source) has been completed. Got 0 new records.
 [22:34:13.334] {CMPL123__Valid_Child_Status__c} Fetching the Source data from Org (STAGE 2: filtered records) ...
 [22:34:13.336] {CMPL123__Valid_Child_Status__c} Query string: SELECT Id, Name, CMPL123__Valid_Child_Status_External_Id__c, CMPL123__Parent_Workflow_Step__c, CMPL123__Child_Relationship__c, CMPL123__Description__c, CMPL123__Required_Child_Workflow_Status__c, Child_Workflow_Status__c, Parent_Workflow_Action__c, P... FROM  CMPL123__Valid_Child_Status__c WHERE CMPL123__Parent_Workflow_Step__c IN ('a1L7E000001q66wUAA', 'a1L7E000001q66xUAA', 'a1L7E000001q66zUAA', 'a1L7E000001q674UAA', 'a1L7E000001q67aUAA', 'a1L7E000001q67cUAA', 'a1L7E000001q67iUAA', 'a1L7E000001q67nUAA',....
 [22:34:13.339] {CMPL123__Valid_Child_Status__c} Using REST API to retrieve the data ...
 [22:34:13.871] {CMPL123__Valid_Child_Status__c} Data retrieval (Source) has been completed. Got 156 new records.
 [22:34:13.875] {CMPL123__WF_Step_Extension__c} Fetching the Source data from Org (STAGE 2: filtered records) ...
 [22:34:13.877] {CMPL123__WF_Step_Extension__c} Query string: SELECT Id, Name, CMPL123__External_Id__c, CMPL123__Parent_Workflow_Step__c, CMPL123__Apply_To_Automated_User__c, CMPL123__Are_Child_Files_Locked__c, CMPL123__Is_Record_Lock_Required__c, CMPL123__Is_Related_Lists_Locked__c, CMPL123__Object_Related_Lis... FROM  CMPL123__WF_Step_Extension__c WHERE CMPL123__Parent_Workflow_Step__c IN ('a1L7E000001q66wUAA', 'a1L7E000001q66xUAA', 'a1L7E000001q66zUAA', 'a1L7E000001q674UAA', 'a1L7E000001q67aUAA', 'a1L7E000001q67cUAA', 'a1L7E000001q67iUAA', 'a1L7E000001q67nUAA', ....
 [22:34:13.880] {CMPL123__WF_Step_Extension__c} Using REST API to retrieve the data ...
 [22:34:14.123] {CMPL123__WF_Step_Extension__c} Data retrieval (Source) has been completed. Got 20 new records.
 [22:34:14.126] newLine
 [22:34:14.128] PASS 2
 =============
 [22:34:14.132] No records
 [22:34:14.133] newLine
 [22:34:14.135] PASS 3
 =============
 [22:34:14.139] {CMPL123__WF_Action__c} Fetching the Source data from Org (STAGE 1: filtered records) ...
 [22:34:14.140] {CMPL123__WF_Action__c} Query string: SELECT Id, Name, CMPL123__WF_Action_External_Id__c, CMPL123__Action_Custom_Label__c, CMPL123__Comment_Type__c, CMPL123__Description__c, CMPL123__E_Sign_Message_Custom_Label__c, CMPL123__Esign_Message__c, CMPL123__Generic_Comment__c, CMPL123__Is_Comme... FROM  CMPL123__WF_Action__c WHERE Id IN ('a1D7E000005ysZIUAY', 'a1D7E000005ysZJUAY', 'a1D7E000005ysZLUAY', 'a1D7E000005ysZOUAY', 'a1D7E000005ysa3UAA', 'a1D7E000005ysa5UAA', 'a1D7E000005ysa7UAA', 'a1D7E000005ysafUAA', 'a1D7E000005ysb2UAA', 'a1D7E000005ysbd....
 [22:34:14.143] {CMPL123__WF_Action__c} Using REST API to retrieve the data ...
 [22:34:14.382] {CMPL123__WF_Action__c} Data retrieval (Source) has been completed. Got 21 new records.
 [22:34:14.386] {CMPL123__WF_Status__c} Fetching the Source data from Org (STAGE 1: filtered records) ...
 [22:34:14.387] {CMPL123__WF_Status__c} Query string: SELECT Id, Name, CMPL123__WF_Status_External_Id__c, CMPL123__Description__c, CMPL123__Status_Custom_Label__c  FROM  CMPL123__WF_Status__c WHERE Id IN ('a1J7E000004ekcrUAA', 'a1J7E000004ekcZUAQ', 'a1J7E000004ekceUAA', 'a1J7E000004ekchUAA', 'a1J7E000004ekcqUAA', 'a1J7E000004ekcoUAA', 'a1J7E000004ekcmUAA', 'a1J7E000004ekcdUAA', 'a1J7E000004ekcgUAA', 'a1J7E000004ekcs....
 [22:34:14.389] {CMPL123__WF_Status__c} Using REST API to retrieve the data ...
 [22:34:14.537] {CMPL123__WF_Status__c} Data retrieval (Source) has been completed. Got 19 new records.
 [22:34:14.539] {CMPL123__WF_Phase__c} Fetching the Source data from Org (STAGE 1: filtered records) ...
 [22:34:14.541] {CMPL123__WF_Phase__c} Query string: SELECT Id, Name, CMPL123__WF_Phase_External_Id__c, CMPL123__Description__c, CMPL123__Phase_Custom_Label__c, CMPL123__Work_Instructions_Custom_Label__c, CMPL123__Work_Instructions_HTML__c, CMPL123__Work_Instructions__c  FROM  CMPL123__WF_Phase__c WHERE Id IN ('a1G7E000002PhWVUA0', 'a1G7E000002PhWXUA0', 'a1G7E000002PhWcUAK', 'a1G7E000002PhWTUA0', 'a1G7E000002PhWUUA0', 'a1G7E000002PhWWUA0', 'a1G7E000002PhWZUA0', 'a1G7E000002PhWkUAK', 'a1G7E000002PhWlUAK', 'a1G7E000002PhWjU....
 [22:34:14.544] {CMPL123__WF_Phase__c} Using REST API to retrieve the data ...
 [22:34:14.773] {CMPL123__WF_Phase__c} Data retrieval (Source) has been completed. Got 11 new records.
 [22:34:14.775] {CMPL123__WF_Rule_Phase__c} Fetching the Source data from Org (STAGE 1: filtered records) ...
 [22:34:14.776] {CMPL123__WF_Rule_Phase__c} Query string: SELECT Id, Name, CMPL123__WF_Rule_Phase_External_Id__c, CMPL123__Order__c, CMPL123__Workflow_Phase__c, CMPL123__Workflow_Rule__c, CMPL123__Workflow_Phase__r.CMPL123__WF_Phase_External_Id__c, CMPL123__Workflow_Rule__r.CMPL123__WF_Rule_External_Id__c  FROM  CMPL123__WF_Rule_Phase__c WHERE Id IN ('a1H7E000003UbMXUA0', 'a1H7E000003UbMYUA0', 'a1H7E000003UbMZUA0', 'a1H7E000003UbMbUAK', 'a1H7E000003UbMcUAK', 'a1H7E000003UbMdUAK', 'a1H7E000003UbMaUAK', 'a1H7E000003UbN0UAK', 'a1H7E000003UbNUUA0', 'a1H7E000003....
 [22:34:14.778] {CMPL123__WF_Rule_Phase__c} Using REST API to retrieve the data ...
 [22:34:15.27] {CMPL123__WF_Rule_Phase__c} Data retrieval (Source) has been completed. Got 0 new records.
 [22:34:15.29] {CMPL123__X123Task__c} Fetching the Source data from Org (STAGE 1: filtered records) ...
 [22:34:15.31] {CMPL123__X123Task__c} Query string: SELECT Id, Name, CMPL123__Task_External_Id__c, CMPL123__Allow_Partial_Processing_for_123_Tasks__c, CMPL123__Description__c, CMPL123__Is_Active__c, CMPL123__Key_Value__c, CMPL123__Related_Object__c  FROM  CMPL123__X123Task__c WHERE Id IN ('a1N7E000005WNvvUAG', 'a1N7E000005WNvrUAG', 'a1N7E000005WNvsUAG').
 [22:34:15.33] {CMPL123__X123Task__c} Using REST API to retrieve the data ...
 [22:34:15.170] {CMPL123__X123Task__c} Data retrieval (Source) has been completed. Got 3 new records.
 [22:34:15.173] newLine
 [22:34:15.174] PASS 4
 =============
 [22:34:15.179] No records
 [22:34:15.180] newLine
 TARGET:
 =============
 [22:34:15.185] No records
 [22:34:15.187] Data retrieval (STAGE 2) has been completed.
 [22:34:15.189] newLine
 TRIGGERING ADD-ON EVENTS ...
 [22:34:15.193] No Add-On modules found to run.
 [22:34:15.195] newLine
 [22:34:15.205] newLine
 DATA RETRIEVAL SUMMARY.
 [22:34:15.210] {CMPL123__WF_Rule__c} The total amount of the retrieved records: 3/0.
 [22:34:15.212] {CMPL123__WF_Step__c} The total amount of the retrieved records: 31/0.
 [22:34:15.213] {CMPL123__Record_Access_Rule__c} The total amount of the retrieved records: 0/0.
 [22:34:15.215] {CMPL123__AuditTrail_Config__c} The total amount of the retrieved records: 152/0.
 [22:34:15.216] {CMPL123__WF_Action__c} The total amount of the retrieved records: 21/0.
 [22:34:15.222] {CMPL123__WF_Status__c} The total amount of the retrieved records: 19/0.
 [22:34:15.226] {CMPL123__WF_Phase__c} The total amount of the retrieved records: 11/0.
 [22:34:15.227] {CMPL123__WF_Rule_Phase__c} The total amount of the retrieved records: 11/0.
 [22:34:15.228] {CMPL123__WF_Phase_Status__c} The total amount of the retrieved records: 18/0.
 [22:34:15.230] {CMPL123__Context_Based_Security__c} The total amount of the retrieved records: 0/0.
 [22:34:15.231] {CMPL123__X123Task__c} The total amount of the retrieved records: 3/0.
 [22:34:15.233] {CMPL123__X123Job__c} The total amount of the retrieved records: 3/0.
 [22:34:15.235] {CMPL123__Job_Field_Map__c} The total amount of the retrieved records: 0/0.
 [22:34:15.238] {CMPL123__Valid_Child_Status__c} The total amount of the retrieved records: 156/0.
 [22:34:15.239] {CMPL123__WF_Step_Extension__c} The total amount of the retrieved records: 20/0.
 [22:34:15.242] newLine
 UPDATING THE TARGET (STAGE 1) ...
 [22:34:15.245] {CMPL123__WF_Rule__c} Creating the file C:\Users\Himanshu.Desai\Documents\GitHub\GCHS-Release-1\sfdmu-data\CMPL123__WF_Rule__c.csv ...
 [22:34:15.264] {CMPL123__WF_Rule__c} The Target has been updated. Totally processed 3 records.
 [22:34:15.265] newLine
 [22:34:15.268] {CMPL123__WF_Action__c} Creating the file C:\Users\Himanshu.Desai\Documents\GitHub\GCHS-Release-1\sfdmu-data\CMPL123__WF_Action__c.csv ...
 [22:34:15.280] {CMPL123__WF_Action__c} The Target has been updated. Totally processed 21 records.
 [22:34:15.282] newLine
 [22:34:15.284] {CMPL123__WF_Status__c} Creating the file C:\Users\Himanshu.Desai\Documents\GitHub\GCHS-Release-1\sfdmu-data\CMPL123__WF_Status__c.csv ...
 [22:34:15.304] {CMPL123__WF_Status__c} The Target has been updated. Totally processed 19 records.
 [22:34:15.306] newLine
 [22:34:15.308] {CMPL123__WF_Step__c} Creating the file C:\Users\Himanshu.Desai\Documents\GitHub\GCHS-Release-1\sfdmu-data\CMPL123__WF_Step__c.csv ...
 [22:34:15.326] {CMPL123__WF_Step__c} The Target has been updated. Totally processed 31 records.
 [22:34:15.327] newLine
 [22:34:15.329] {CMPL123__WF_Phase__c} Creating the file C:\Users\Himanshu.Desai\Documents\GitHub\GCHS-Release-1\sfdmu-data\CMPL123__WF_Phase__c.csv ...
 [22:34:15.338] {CMPL123__WF_Phase__c} The Target has been updated. Totally processed 11 records.
 [22:34:15.340] newLine
 [22:34:15.341] {CMPL123__WF_Rule_Phase__c} Creating the file C:\Users\Himanshu.Desai\Documents\GitHub\GCHS-Release-1\sfdmu-data\CMPL123__WF_Rule_Phase__c.csv ...
 [22:34:15.351] {CMPL123__WF_Rule_Phase__c} The Target has been updated. Totally processed 11 records.
 [22:34:15.352] newLine
 [22:34:15.354] {CMPL123__WF_Phase_Status__c} Creating the file C:\Users\Himanshu.Desai\Documents\GitHub\GCHS-Release-1\sfdmu-data\CMPL123__WF_Phase_Status__c.csv ...
 [22:34:15.364] {CMPL123__WF_Phase_Status__c} The Target has been updated. Totally processed 18 records.
 [22:34:15.366] newLine
 [22:34:15.368] {CMPL123__Context_Based_Security__c} Creating the file C:\Users\Himanshu.Desai\Documents\GitHub\GCHS-Release-1\sfdmu-data\CMPL123__Context_Based_Security__c.csv ...
 [22:34:15.373] {CMPL123__X123Task__c} Creating the file C:\Users\Himanshu.Desai\Documents\GitHub\GCHS-Release-1\sfdmu-data\CMPL123__X123Task__c.csv ...
 [22:34:15.383] {CMPL123__X123Task__c} The Target has been updated. Totally processed 3 records.
 [22:34:15.384] newLine
 [22:34:15.386] {CMPL123__X123Job__c} Creating the file C:\Users\Himanshu.Desai\Documents\GitHub\GCHS-Release-1\sfdmu-data\CMPL123__X123Job__c.csv ...
 [22:34:15.393] {CMPL123__X123Job__c} The Target has been updated. Totally processed 3 records.
 [22:34:15.394] newLine
 [22:34:15.396] {CMPL123__Job_Field_Map__c} Creating the file C:\Users\Himanshu.Desai\Documents\GitHub\GCHS-Release-1\sfdmu-data\CMPL123__Job_Field_Map__c.csv ...
 [22:34:15.401] {CMPL123__Record_Access_Rule__c} Creating the file C:\Users\Himanshu.Desai\Documents\GitHub\GCHS-Release-1\sfdmu-data\CMPL123__Record_Access_Rule__c.csv ...
 [22:34:15.406] {CMPL123__Valid_Child_Status__c} Creating the file C:\Users\Himanshu.Desai\Documents\GitHub\GCHS-Release-1\sfdmu-data\CMPL123__Valid_Child_Status__c.csv ...
 [22:34:15.427] {CMPL123__Valid_Child_Status__c} The Target has been updated. Totally processed 156 records.
 [22:34:15.429] newLine
 [22:34:15.431] {CMPL123__WF_Step_Extension__c} Creating the file C:\Users\Himanshu.Desai\Documents\GitHub\GCHS-Release-1\sfdmu-data\CMPL123__WF_Step_Extension__c.csv ...
 [22:34:15.439] {CMPL123__WF_Step_Extension__c} The Target has been updated. Totally processed 20 records.
 [22:34:15.441] newLine
 [22:34:15.443] {CMPL123__AuditTrail_Config__c} Creating the file C:\Users\Himanshu.Desai\Documents\GitHub\GCHS-Release-1\sfdmu-data\CMPL123__AuditTrail_Config__c.csv ...
 [22:34:15.471] {CMPL123__AuditTrail_Config__c} The Target has been updated. Totally processed 152 records.
 [22:34:15.472] newLine
 [22:34:15.474] newLine
 [22:34:15.475] The Target (STAGE 1) has been updated. Totally processed 448 records.
 [22:34:15.476] newLine
 UPDATING THE TARGET (STAGE 2) ...
 [22:34:15.479] newLine
 [22:34:15.481] Nothing was updated.
 [22:34:15.482] newLine
 TRIGGERING ADD-ON EVENTS ...
 [22:34:15.485] No Add-On modules found to run.
 [22:34:15.486] newLine
 [22:34:15.488] newLine
 DATA PROCESSING SUMMARY.
 [22:34:15.490] {CMPL123__WF_Rule__c} Totally processed 3 records.
 [22:34:15.492] {CMPL123__WF_Step__c} Totally processed 31 records.
 [22:34:15.494] {CMPL123__Record_Access_Rule__c} Totally processed 0 records.
 [22:34:15.496] {CMPL123__AuditTrail_Config__c} Totally processed 152 records.
 [22:34:15.497] {CMPL123__WF_Action__c} Totally processed 21 records.
 [22:34:15.498] {CMPL123__WF_Status__c} Totally processed 19 records.
 [22:34:15.500] {CMPL123__WF_Phase__c} Totally processed 11 records.
 [22:34:15.501] {CMPL123__WF_Rule_Phase__c} Totally processed 11 records.
 [22:34:15.502] {CMPL123__WF_Phase_Status__c} Totally processed 18 records.
 [22:34:15.503] {CMPL123__Context_Based_Security__c} Totally processed 0 records.
 [22:34:15.505] {CMPL123__X123Task__c} Totally processed 3 records.
 [22:34:15.506] {CMPL123__X123Job__c} Totally processed 3 records.
 [22:34:15.507] {CMPL123__Job_Field_Map__c} Totally processed 0 records.
 [22:34:15.508] {CMPL123__Valid_Child_Status__c} Totally processed 156 records.
 [22:34:15.510] {CMPL123__WF_Step_Extension__c} Totally processed 20 records.
 [22:34:15.511] newLine
 [22:34:15.513] Writing to C:\Users\Himanshu.Desai\Documents\GitHub\GCHS-Release-1\sfdmu-data\MissingParentRecordsReport.csv ...
 [22:34:15.516] newLine
 [22:34:15.517] newLine
 TRIGGERING ADD-ON EVENTS ...
 [22:34:15.520] No Add-On modules found to run.
 [22:34:15.521] newLine

 [22:34:15.555] Command succeeded.
 [22:34:15.557] Execution of the command sfdmu:run has been completed. Exit code 0 (SUCCESS).
 [22:34:15.560] Total time elapsed: 00h 00m 28s 946ms .