
 [22:37:05.375] Execution of the command sfdmu:run has been started.
 [22:37:05.380] newLine
 LOADING AND VALIDATING THE EXPORT.JSON SCRIPT ...
 [22:37:05.396] newLine
 OBJECT SET #1 STARTED
 [22:37:05.400] newLine
 {
   "Running Plugin version": "4.33.17"
}
 {
   "Running Add-On API version": "1.5.0"
}
 [22:37:05.410] newLine
 [22:37:05.412] Loading Core Add-On Module declarations ...
 [22:37:05.867] Connecting to the PlayGroud-R1-GCHS using SFDX sf org display ...
 [22:37:12.311] Successfully connected to the PlayGroud-R1-GCHS.
 {
   "Source": "csvfile.",
   "Target": "PlayGroud-R1-GCHS.",
   "Package script": "C:\\Users\\Himanshu.Desai\\Documents\\GitHub\\GCHS-Release-1\\sfdmu-data\\export.json."
}
 [22:37:13.684] newLine
 GETTING AND ANALYSING OBJECT METADATA ...
 [22:37:13.689] Processing the object CMPL123__WF_Rule__c ...
 [22:37:13.692] Fetching metadata of the CMPL123__WF_Rule__c (Target) ...
 [22:37:14.440] Processing the object CMPL123__WF_Step__c ...
 [22:37:14.443] Fetching metadata of the CMPL123__WF_Step__c (Target) ...
 [22:37:15.536] Processing the object CMPL123__WF_Phase__c ...
 [22:37:15.539] Fetching metadata of the CMPL123__WF_Phase__c (Target) ...
 [22:37:16.534] Processing the object CMPL123__WF_Rule_Phase__c ...
 [22:37:16.537] Fetching metadata of the CMPL123__WF_Rule_Phase__c (Target) ...
 [22:37:16.936] Processing the object CMPL123__WF_Phase_Status__c ...
 [22:37:16.938] Fetching metadata of the CMPL123__WF_Phase_Status__c (Target) ...
 [22:37:17.957] Processing the object CMPL123__Context_Based_Security__c ...
 [22:37:17.960] Fetching metadata of the CMPL123__Context_Based_Security__c (Target) ...
 [22:37:18.955] Processing the object CMPL123__Job_Field_Map__c ...
 [22:37:18.958] Fetching metadata of the CMPL123__Job_Field_Map__c (Target) ...
 [22:37:19.649] Processing the object CMPL123__Record_Access_Rule__c ...
 [22:37:19.652] Fetching metadata of the CMPL123__Record_Access_Rule__c (Target) ...
 [22:37:20.350] Processing the object CMPL123__Valid_Child_Status__c ...
 [22:37:20.353] Fetching metadata of the CMPL123__Valid_Child_Status__c (Target) ...
 [22:37:20.786] Processing the object CMPL123__WF_Action__c ...
 [22:37:20.789] Fetching metadata of the CMPL123__WF_Action__c (Target) ...
 [22:37:21.223] Processing the object CMPL123__WF_Status__c ...
 [22:37:21.225] Fetching metadata of the CMPL123__WF_Status__c (Target) ...
 [22:37:21.910] Processing the object CMPL123__X123Job__c ...
 [22:37:21.913] Fetching metadata of the CMPL123__X123Job__c (Target) ...
 [22:37:22.356] Processing the object CMPL123__X123Task__c ...
 [22:37:22.360] Fetching metadata of the CMPL123__X123Task__c (Target) ...
 [22:37:22.828] Processing the object CMPL123__WF_Step_Extension__c ...
 [22:37:22.831] Fetching metadata of the CMPL123__WF_Step_Extension__c (Target) ...
 [22:37:23.239] Processing the object CMPL123__AuditTrail_Config__c ...
 [22:37:23.242] Fetching metadata of the CMPL123__AuditTrail_Config__c (Target) ...
 [22:37:23.938] Fetching metadata of the Group (Target) ...
 [22:37:24.658] Processing the object CMPL123__AuditTrail_Config__c ...
 [22:37:24.661] Processing the object CMPL123__WF_Step_Extension__c ...
 [22:37:24.664] Processing the object CMPL123__X123Task__c ...
 [22:37:24.666] Processing the object CMPL123__X123Job__c ...
 [22:37:24.668] Processing the object CMPL123__WF_Status__c ...
 [22:37:24.669] Processing the object CMPL123__WF_Action__c ...
 [22:37:24.671] Processing the object CMPL123__Valid_Child_Status__c ...
 [22:37:24.674] Processing the object CMPL123__Record_Access_Rule__c ...
 [22:37:24.676] Processing the object CMPL123__Job_Field_Map__c ...
 [22:37:24.679] Processing the object CMPL123__Context_Based_Security__c ...
 [22:37:24.681] Processing the object CMPL123__WF_Phase_Status__c ...
 [22:37:24.682] Processing the object CMPL123__WF_Rule_Phase__c ...
 [22:37:24.684] Processing the object CMPL123__WF_Phase__c ...
 [22:37:24.687] Processing the object CMPL123__WF_Step__c ...
 [22:37:24.691] Processing the object CMPL123__WF_Rule__c ...
 [22:37:24.695] newLine
 PREPARING DATA MIGRATION JOB ...
 [22:37:24.698] Building the migration strategy ...
 {
   "Order of objects to query": "CMPL123__WF_Rule__c; CMPL123__WF_Step__c; CMPL123__Record_Access_Rule__c; CMPL123__AuditTrail_Config__c; CMPL123__WF_Action__c; CMPL123__WF_Status__c; CMPL123__WF_Phase__c; CMPL123__WF_Rule_Phase__c; CMPL123__WF_Phase_Status__c; CMPL123__Context_Based_Security__c; CMPL123__X123Task__c; CMPL123__X123Job__c; CMPL123__Job_Field_Map__c; CMPL123__Valid_Child_Status__c; CMPL123__WF_Step_Extension__c"
}
 {
   "Order of objects to delete": "CMPL123__AuditTrail_Config__c; CMPL123__WF_Step_Extension__c; CMPL123__Valid_Child_Status__c; CMPL123__Record_Access_Rule__c; CMPL123__Job_Field_Map__c; CMPL123__X123Job__c; CMPL123__X123Task__c; CMPL123__Context_Based_Security__c; CMPL123__WF_Phase_Status__c; CMPL123__WF_Rule_Phase__c; CMPL123__WF_Phase__c; CMPL123__WF_Step__c; CMPL123__WF_Status__c; CMPL123__WF_Action__c; CMPL123__WF_Rule__c"
}
 {
   "Order of objects to update": "CMPL123__WF_Rule__c; CMPL123__WF_Action__c; CMPL123__WF_Status__c; CMPL123__WF_Step__c; CMPL123__WF_Phase__c; CMPL123__WF_Rule_Phase__c; CMPL123__WF_Phase_Status__c; CMPL123__Context_Based_Security__c; CMPL123__X123Task__c; CMPL123__X123Job__c; CMPL123__Job_Field_Map__c; CMPL123__Record_Access_Rule__c; CMPL123__Valid_Child_Status__c; CMPL123__WF_Step_Extension__c; CMPL123__AuditTrail_Config__c"
}
 [22:37:24.788] Validation of the source CSV files ...
 [22:37:25.250] Writing to C:\Users\Himanshu.Desai\Documents\GitHub\GCHS-Release-1\sfdmu-data\source\CMPL123__WF_Step__c_source.csv ...
 [22:37:25.277] Writing to C:\Users\Himanshu.Desai\Documents\GitHub\GCHS-Release-1\sfdmu-data\source\CMPL123__WF_Rule_Phase__c_source.csv ...
 [22:37:25.285] Writing to C:\Users\Himanshu.Desai\Documents\GitHub\GCHS-Release-1\sfdmu-data\source\CMPL123__WF_Phase_Status__c_source.csv ...
 [22:37:25.292] Writing to C:\Users\Himanshu.Desai\Documents\GitHub\GCHS-Release-1\sfdmu-data\source\CMPL123__X123Job__c_source.csv ...
 [22:37:25.298] Writing to C:\Users\Himanshu.Desai\Documents\GitHub\GCHS-Release-1\sfdmu-data\source\CMPL123__Valid_Child_Status__c_source.csv ...
 [22:37:25.312] Writing to C:\Users\Himanshu.Desai\Documents\GitHub\GCHS-Release-1\sfdmu-data\source\CMPL123__WF_Step_Extension__c_source.csv ...
 [22:37:25.318] Amount of updated source CSV files: 6.
 [22:37:25.320] No issues were found in the source CSV files.
 [22:37:25.322] Processing the source CSV files has been completed.
 [22:37:25.324] Preparing of the data migration job has been completed.
 [22:37:25.327] newLine
 ANALYSING DATA...
 [22:37:25.486] {CMPL123__WF_Rule__c} The original query string of this object is returning 3 records from the Target org.
 [22:37:25.643] {CMPL123__WF_Action__c} The original query string of this object is returning 230 records from the Target org.
 [22:37:25.783] {CMPL123__WF_Status__c} The original query string of this object is returning 162 records from the Target org.
 [22:37:25.946] {CMPL123__WF_Step__c} The original query string of this object is returning 28 records from the Target org.
 [22:37:26.84] {CMPL123__WF_Phase__c} The original query string of this object is returning 45 records from the Target org.
 [22:37:26.233] {CMPL123__WF_Rule_Phase__c} The original query string of this object is returning 64 records from the Target org.
 [22:37:26.376] {CMPL123__WF_Phase_Status__c} The original query string of this object is returning 103 records from the Target org.
 [22:37:26.517] {CMPL123__Context_Based_Security__c} The original query string of this object is returning 0 records from the Target org.
 [22:37:26.669] {CMPL123__X123Task__c} The original query string of this object is returning 13 records from the Target org.
 [22:37:26.812] {CMPL123__X123Job__c} The original query string of this object is returning 14 records from the Target org.
 [22:37:27.233] {CMPL123__Job_Field_Map__c} The original query string of this object is returning 6 records from the Target org.
 [22:37:27.386] {CMPL123__Record_Access_Rule__c} The original query string of this object is returning 0 records from the Target org.
 [22:37:27.521] {CMPL123__Valid_Child_Status__c} The original query string of this object is returning 258 records from the Target org.
 [22:37:27.653] {CMPL123__WF_Step_Extension__c} The original query string of this object is returning 84 records from the Target org.
 [22:37:27.797] {CMPL123__AuditTrail_Config__c} The original query string of this object is returning 152 records from the Target org.
 [22:37:27.800] newLine
 TRIGGERING ADD-ON EVENTS ...
 [22:37:27.804] No Add-On modules found to run.
 [22:37:27.805] newLine
 [22:37:27.807] Ready to process the data.
 [22:37:27.809] newLine
 DELETING OLD DATA FROM THE TARGET ...
 [22:37:27.813] {CMPL123__AuditTrail_Config__c} No records to delete.
 [22:37:27.815] {CMPL123__WF_Step_Extension__c} No records to delete.
 [22:37:27.817] {CMPL123__Valid_Child_Status__c} Deleting old records from the Target ...
 [22:37:28.62] {CMPL123__Valid_Child_Status__c} Amount of records to delete: 158.
 [22:37:28.77] {CMPL123__Valid_Child_Status__c} The Delete API operation has been started using REST API.
 [22:37:28.80] [Job# REST:Delete] {CMPL123__Valid_Child_Status__c} The job has been created. Uploading data ...
 [22:37:40.337] {CMPL123__Valid_Child_Status__c} The Delete API operation has been completed.
 [22:37:40.668] {CMPL123__Valid_Child_Status__c} Deleting has been completed.
 [22:37:40.671] {CMPL123__Record_Access_Rule__c} No records to delete.
 [22:37:40.676] {CMPL123__Job_Field_Map__c} No records to delete.
 [22:37:40.679] {CMPL123__X123Job__c} No records to delete.
 [22:37:40.683] {CMPL123__X123Task__c} No records to delete.
 [22:37:40.685] {CMPL123__Context_Based_Security__c} No records to delete.
 [22:37:40.688] {CMPL123__WF_Phase_Status__c} No records to delete.
 [22:37:40.691] {CMPL123__WF_Rule_Phase__c} No records to delete.
 [22:37:40.693] {CMPL123__WF_Phase__c} No records to delete.
 [22:37:40.695] {CMPL123__WF_Step__c} No records to delete.
 [22:37:40.697] {CMPL123__WF_Status__c} No records to delete.
 [22:37:40.699] {CMPL123__WF_Action__c} No records to delete.
 [22:37:40.701] {CMPL123__WF_Rule__c} No records to delete.
 [22:37:40.704] Deleting data has been completed.
 [22:37:40.707] newLine
 SOURCE:
 =============
 [22:37:40.718] newLine
 FETCHING THE DATA (STAGE 1) ...
 [22:37:40.724] {CMPL123__WF_Rule__c} Fetching the Source data from CSV file (STAGE 1: all records) ...
 [22:37:40.749] {CMPL123__WF_Rule__c} Data retrieval (Source) has been completed. Got 3 new records.
 [22:37:40.753] {CMPL123__WF_Step__c} Fetching the Source data from CSV file (STAGE 1: all records) ...
 [22:37:40.822] {CMPL123__WF_Step__c} Data retrieval (Source) has been completed. Got 31 new records.
 [22:37:40.825] {CMPL123__Record_Access_Rule__c} Fetching the Source data from CSV file (STAGE 1: all records) ...
 [22:37:40.831] {CMPL123__Record_Access_Rule__c} Data retrieval (Source) has been completed. Got 0 new records.
 [22:37:40.834] {CMPL123__AuditTrail_Config__c} Fetching the Source data from CSV file (STAGE 1: all records) ...
 [22:37:40.881] {CMPL123__AuditTrail_Config__c} Data retrieval (Source) has been completed. Got 152 new records.
 [22:37:40.883] {CMPL123__WF_Action__c} Fetching the Source data from CSV file (STAGE 1: all records) ...
 [22:37:40.892] {CMPL123__WF_Action__c} Data retrieval (Source) has been completed. Got 21 new records.
 [22:37:40.894] {CMPL123__WF_Status__c} Fetching the Source data from CSV file (STAGE 1: all records) ...
 [22:37:40.903] {CMPL123__WF_Status__c} Data retrieval (Source) has been completed. Got 19 new records.
 [22:37:40.905] {CMPL123__WF_Phase__c} Fetching the Source data from CSV file (STAGE 1: all records) ...
 [22:37:40.910] {CMPL123__WF_Phase__c} Data retrieval (Source) has been completed. Got 11 new records.
 [22:37:40.912] {CMPL123__WF_Rule_Phase__c} Fetching the Source data from CSV file (STAGE 1: all records) ...
 [22:37:40.920] {CMPL123__WF_Rule_Phase__c} Data retrieval (Source) has been completed. Got 11 new records.
 [22:37:40.922] {CMPL123__WF_Phase_Status__c} Fetching the Source data from CSV file (STAGE 1: all records) ...
 [22:37:40.956] {CMPL123__WF_Phase_Status__c} Data retrieval (Source) has been completed. Got 18 new records.
 [22:37:40.960] {CMPL123__Context_Based_Security__c} Fetching the Source data from CSV file (STAGE 1: all records) ...
 [22:37:40.970] {CMPL123__Context_Based_Security__c} Data retrieval (Source) has been completed. Got 0 new records.
 [22:37:40.972] {CMPL123__X123Task__c} Fetching the Source data from CSV file (STAGE 1: all records) ...
 [22:37:40.980] {CMPL123__X123Task__c} Data retrieval (Source) has been completed. Got 3 new records.
 [22:37:40.983] {CMPL123__X123Job__c} Fetching the Source data from CSV file (STAGE 1: all records) ...
 [22:37:40.990] {CMPL123__X123Job__c} Data retrieval (Source) has been completed. Got 3 new records.
 [22:37:40.992] {CMPL123__Job_Field_Map__c} Fetching the Source data from CSV file (STAGE 1: all records) ...
 [22:37:40.999] {CMPL123__Job_Field_Map__c} Data retrieval (Source) has been completed. Got 0 new records.
 [22:37:41.1] {CMPL123__Valid_Child_Status__c} Fetching the Source data from CSV file (STAGE 1: all records) ...
 [22:37:41.65] {CMPL123__Valid_Child_Status__c} Data retrieval (Source) has been completed. Got 156 new records.
 [22:37:41.69] {CMPL123__WF_Step_Extension__c} Fetching the Source data from CSV file (STAGE 1: all records) ...
 [22:37:41.80] {CMPL123__WF_Step_Extension__c} Data retrieval (Source) has been completed. Got 20 new records.
 [22:37:41.82] Data retrieval (STAGE 1) has been completed.
 [22:37:41.85] newLine
 FETCHING THE DATA (STAGE 2) ...
 [22:37:41.89] PASS 1
 =============
 [22:37:41.93] No records
 [22:37:41.96] newLine
 [22:37:41.98] PASS 2
 =============
 [22:37:41.102] No records
 [22:37:41.104] newLine
 [22:37:41.106] PASS 3
 =============
 [22:37:41.109] No records
 [22:37:41.111] newLine
 [22:37:41.112] PASS 4
 =============
 [22:37:41.115] No records
 [22:37:41.116] newLine
 TARGET:
 =============
 [22:37:41.122] {CMPL123__WF_Rule__c} Fetching the Target data from Org (STAGE 2: all records) ...
 [22:37:41.123] {CMPL123__WF_Rule__c} Query string: SELECT Id, Name, CMPL123__WF_Rule_External_Id__c, CMPL123__Description__c, CMPL123__Has_Cycle_Time_Metrics_Fields__c, CMPL123__Has_Multiple_Actions__c, CMPL123__Is_Active__c, CMPL123__Record_Type__c, CMPL123__Target_Object__c, CMPL123__Target_Object_... FROM  CMPL123__WF_Rule__c WHERE Name in ('Complaint Workflow', 'Investigation Workflow', 'Regulatory Report Workflow').
 [22:37:41.126] {CMPL123__WF_Rule__c} Using REST API to retrieve the data ...
 [22:37:41.286] {CMPL123__WF_Rule__c} Data retrieval (Target) has been completed. Got 3 new records.
 [22:37:41.290] {CMPL123__WF_Step__c} Fetching the Target data from Org (STAGE 2: all records) ...
 [22:37:41.291] {CMPL123__WF_Step__c} Query string: SELECT Id, CMPL123__WF_Step_External_Id__c, CMPL123__WF_Rule__c, CMPL123__Action__c, CMPL123__Are_Child_Files_Locked__c, CMPL123__Are_Child_Records_Locked__c, CMPL123__End_Status__c, CMPL123__Is_Record_Lock_Required__c, CMPL123__Is_Related_Lists_Lock... FROM  CMPL123__WF_Step__c WHERE CMPL123__WF_Rule__r.Name in ('Complaint Workflow', 'Investigation Workflow', 'Regulatory Report Workflow').
 [22:37:41.296] {CMPL123__WF_Step__c} Using REST API to retrieve the data ...
 [22:37:41.754] {CMPL123__WF_Step__c} Data retrieval (Target) has been completed. Got 28 new records.
 [22:37:41.757] {CMPL123__Record_Access_Rule__c} Fetching the Target data from Org (STAGE 2: all records) ...
 [22:37:41.759] {CMPL123__Record_Access_Rule__c} Query string: SELECT Id, Name, CMPL123__Record_Access_Rule_External_Id__c, CMPL123__API_Path_to_User_Relationship__c, CMPL123__Active_of_the_rule__c, CMPL123__Apex_Sharing_Reason__c, CMPL123__Child_Objects__c, CMPL123__Target_Object__c, CMPL123__User_Field_Name__c... FROM  CMPL123__Record_Access_Rule__c.
 [22:37:41.761] {CMPL123__Record_Access_Rule__c} Using REST API to retrieve the data ...
 [22:37:41.907] {CMPL123__Record_Access_Rule__c} Data retrieval (Target) has been completed. Got 0 new records.
 [22:37:41.910] {CMPL123__AuditTrail_Config__c} Fetching the Target data from Org (STAGE 2: all records) ...
 [22:37:41.911] {CMPL123__AuditTrail_Config__c} Query string: SELECT Id, Name, CMPL123__AuditTrail_External_Id__c, CMPL123__Child_Relationships_Object__c, CMPL123__Fields__c, CMPL123__Is_Active__c, CMPL123__Parent_Relationship_Object__c, CMPL123__RFC_Comment_Fields__c, CMPL123__RFC_Fields__c, CMPL123__Report_Ti... FROM  CMPL123__AuditTrail_Config__c.
 [22:37:41.919] {CMPL123__AuditTrail_Config__c} Using REST API to retrieve the data ...
 [22:37:42.622] {CMPL123__AuditTrail_Config__c} Data retrieval (Target) has been completed. Got 152 new records.
 [22:37:42.627] {CMPL123__WF_Action__c} Fetching the Target data from Org (STAGE 2: filtered records) ...
 [22:37:42.629] {CMPL123__WF_Action__c} Query string: SELECT Id, Name, CMPL123__WF_Action_External_Id__c, CMPL123__Action_Custom_Label__c, CMPL123__Comment_Type__c, CMPL123__Description__c, CMPL123__E_Sign_Message_Custom_Label__c, CMPL123__Esign_Message__c, CMPL123__Generic_Comment__c, CMPL123__Is_Comme... FROM  CMPL123__WF_Action__c WHERE CMPL123__WF_Action_External_Id__c IN ('a1D5r000000hdpgEAA', 'a1D5r000000hjJ9EAI', 'a1D5r000000hqRuEAI', 'a1D5r000000hjEqEAI', 'qpa-common-00032', 'qpa-common-00040', 'qpa-common-00042', 'qpa-common-00044', 'qpa-common-000....
 [22:37:42.644] {CMPL123__WF_Action__c} Using REST API to retrieve the data ...
 [22:37:42.892] {CMPL123__WF_Action__c} Data retrieval (Target) has been completed. Got 21 new records.
 [22:37:42.895] {CMPL123__WF_Status__c} Fetching the Target data from Org (STAGE 2: filtered records) ...
 [22:37:42.896] {CMPL123__WF_Status__c} Query string: SELECT Id, Name, CMPL123__WF_Status_External_Id__c, CMPL123__Description__c, CMPL123__Status_Custom_Label__c  FROM  CMPL123__WF_Status__c WHERE CMPL123__WF_Status_External_Id__c IN ('a1J5r000001NvJyEAK', 'qpa-common-00016', 'qpa-common-00020', 'qpa-common-00021', 'qpa-common-00023', 'qpa-common-00024', 'qpa-common-00029', 'qpa-common-00031', 'qpa-common-00033', '....
 [22:37:42.901] {CMPL123__WF_Status__c} Using REST API to retrieve the data ...
 [22:37:43.139] {CMPL123__WF_Status__c} Data retrieval (Target) has been completed. Got 19 new records.
 [22:37:43.142] {CMPL123__WF_Phase__c} Fetching the Target data from Org (STAGE 2: filtered records) ...
 [22:37:43.146] {CMPL123__WF_Phase__c} Query string: SELECT Id, Name, CMPL123__WF_Phase_External_Id__c, CMPL123__Description__c, CMPL123__Phase_Custom_Label__c, CMPL123__Work_Instructions_Custom_Label__c, CMPL123__Work_Instructions_HTML__c, CMPL123__Work_Instructions__c  FROM  CMPL123__WF_Phase__c WHERE CMPL123__WF_Phase_External_Id__c IN ('qpa-complaints-phase-001', 'qpa-complaints-phase-002', 'qpa-complaints-phase-003', 'qpa-complaints-phase-004', 'qpa-complaints-phase-005', 'qpa-complaints-phase-007', 'qpa-complaints-p....
 [22:37:43.150] {CMPL123__WF_Phase__c} Using REST API to retrieve the data ...
 [22:37:43.673] {CMPL123__WF_Phase__c} Data retrieval (Target) has been completed. Got 11 new records.
 [22:37:43.676] {CMPL123__WF_Rule_Phase__c} Fetching the Target data from Org (STAGE 2: filtered records) ...
 [22:37:43.678] {CMPL123__WF_Rule_Phase__c} Query string: SELECT Id, Name, CMPL123__WF_Rule_Phase_External_Id__c, CMPL123__Order__c, CMPL123__Workflow_Phase__c, CMPL123__Workflow_Rule__c, CMPL123__Workflow_Phase__r.CMPL123__WF_Phase_External_Id__c, CMPL123__Workflow_Rule__r.CMPL123__WF_Rule_External_Id__c  FROM  CMPL123__WF_Rule_Phase__c WHERE CMPL123__WF_Rule_Phase_External_Id__c IN ('a1H5r0000019CIhEAM', 'a1H5r0000019CIiEAM', 'a1H5r0000019CIjEAM', 'qpa-complaints-phrule-001', 'qpa-complaints-phrule-002', 'qpa-complaints-phrule-003', 'qpa-complaints-phrule....
 [22:37:43.684] {CMPL123__WF_Rule_Phase__c} Using REST API to retrieve the data ...
 [22:37:43.930] {CMPL123__WF_Rule_Phase__c} Data retrieval (Target) has been completed. Got 11 new records.
 [22:37:43.933] {CMPL123__WF_Phase_Status__c} Fetching the Target data from Org (STAGE 2: filtered records) ...
 [22:37:43.935] {CMPL123__WF_Phase_Status__c} Query string: SELECT Id, CMPL123__WF_Phase_Status_External_Id__c, CMPL123__Workflow_Rule_Phase__c, CMPL123__Workflow_Status__c, Workflow_Phase__c, Workflow_Rule__c, Workflow_Status_hyperlink__c, CMPL123__Workflow_Rule_Phase__r.CMPL123__WF_Rule_Phase_External_Id__c... FROM  CMPL123__WF_Phase_Status__c WHERE CMPL123__WF_Phase_Status_External_Id__c IN ('a1F5r0000026qj1EAA', 'a1F5r0000026qj0EAA', 'a1F5r0000026qizEAA', 'a1F5r0000026qiyEAA', 'a1F5r0000026ifAEAQ', 'a1F5r0000026if9EAA', 'a1F5r0000026if8EAA', 'a1F5r0000026if7E....
 [22:37:43.939] {CMPL123__WF_Phase_Status__c} Using REST API to retrieve the data ...
 [22:37:44.200] {CMPL123__WF_Phase_Status__c} Data retrieval (Target) has been completed. Got 18 new records.
 [22:37:44.212] {CMPL123__X123Task__c} Fetching the Target data from Org (STAGE 2: filtered records) ...
 [22:37:44.214] {CMPL123__X123Task__c} Query string: SELECT Id, Name, CMPL123__Task_External_Id__c, CMPL123__Allow_Partial_Processing_for_123_Tasks__c, CMPL123__Description__c, CMPL123__Is_Active__c, CMPL123__Key_Value__c, CMPL123__Related_Object__c  FROM  CMPL123__X123Task__c WHERE CMPL123__Task_External_Id__c IN ('a1N5r000001WwqiEAC', 'a1N5r000001WwPxEAK', 'a1N5r000001W2xkEAC').
 [22:37:44.217] {CMPL123__X123Task__c} Using REST API to retrieve the data ...
 [22:37:44.360] {CMPL123__X123Task__c} Data retrieval (Target) has been completed. Got 3 new records.
 [22:37:44.362] {CMPL123__X123Job__c} Fetching the Target data from Org (STAGE 2: filtered records) ...
 [22:37:44.364] {CMPL123__X123Job__c} Query string: SELECT Id, Name, CMPL123__Job_External_Id__c, CMPL123__Child_Filter_Condition__c, CMPL123__Description__c, CMPL123__Is_Active__c, CMPL123__Job_Type__c, CMPL123__Related_Task__c, CMPL123__Workflow_Step__c, CMPL123__Related_Task__r.CMPL123__Task_Extern... FROM  CMPL123__X123Job__c WHERE CMPL123__Job_External_Id__c IN ('a1M5r000000sEtHEAU', 'a1M5r000001tkZjEAI', 'a1M5r000001tkV5EAI').
 [22:37:44.366] {CMPL123__X123Job__c} Using REST API to retrieve the data ...
 [22:37:44.522] {CMPL123__X123Job__c} Data retrieval (Target) has been completed. Got 3 new records.
 [22:37:44.525] {CMPL123__Valid_Child_Status__c} Fetching the Target data from Org (STAGE 2: filtered records) ...
 [22:37:44.526] {CMPL123__Valid_Child_Status__c} Query string: SELECT Id, Name, CMPL123__Valid_Child_Status_External_Id__c, CMPL123__Parent_Workflow_Step__c, CMPL123__Child_Relationship__c, CMPL123__Description__c, CMPL123__Required_Child_Workflow_Status__c, Parent_Workflow_Action__c, Parent_Workflow_Rule__c, Ch... FROM  CMPL123__Valid_Child_Status__c WHERE CMPL123__Valid_Child_Status_External_Id__c IN ('qpa-utility-inv-00001', 'qpa-utility-inv-00002', 'qpa-utility-inv-00003', 'qpa-utility-inv-00004', 'qpa-utility-inv-00005', 'qpa-utility-inv-00006', 'qpa-complaints....
 [22:37:44.531] {CMPL123__Valid_Child_Status__c} Using REST API to retrieve the data ...
 [22:37:44.690] {CMPL123__Valid_Child_Status__c} Data retrieval (Target) has been completed. Got 0 new records.
 [22:37:44.693] {CMPL123__WF_Step_Extension__c} Fetching the Target data from Org (STAGE 2: filtered records) ...
 [22:37:44.694] {CMPL123__WF_Step_Extension__c} Query string: SELECT Id, Name, CMPL123__External_Id__c, CMPL123__Parent_Workflow_Step__c, CMPL123__Apply_To_Automated_User__c, CMPL123__Are_Child_Files_Locked__c, CMPL123__Is_Record_Lock_Required__c, CMPL123__Is_Related_Lists_Locked__c, CMPL123__Object_Related_Lis... FROM  CMPL123__WF_Step_Extension__c WHERE CMPL123__External_Id__c IN ('a1K5r000006ydv3EAA', 'a1K5r000006ytOXEAY', 'a1K5r0000070oWeEAI', 'a1K5r000007070iEAA', 'a1K5r00000707bOEAQ', 'a1K5r00000707y6EAA', 'a1K5r00000707iaEAA', 'a1K5r000006yfFjEAI', 'a1K5r000....
 [22:37:44.697] {CMPL123__WF_Step_Extension__c} Using REST API to retrieve the data ...
 [22:37:44.943] {CMPL123__WF_Step_Extension__c} Data retrieval (Target) has been completed. Got 18 new records.
 [22:37:44.944] Data retrieval (STAGE 2) has been completed.
 [22:37:44.946] newLine
 TRIGGERING ADD-ON EVENTS ...
 [22:37:44.949] No Add-On modules found to run.
 [22:37:44.950] newLine
 [22:37:44.951] newLine
 DATA RETRIEVAL SUMMARY.
 [22:37:44.954] {CMPL123__WF_Rule__c} The total amount of the retrieved records: 3/3.
 [22:37:44.955] {CMPL123__WF_Step__c} The total amount of the retrieved records: 31/28.
 [22:37:44.957] {CMPL123__Record_Access_Rule__c} The total amount of the retrieved records: 0/0.
 [22:37:44.958] {CMPL123__AuditTrail_Config__c} The total amount of the retrieved records: 152/152.
 [22:37:44.960] {CMPL123__WF_Action__c} The total amount of the retrieved records: 21/21.
 [22:37:44.961] {CMPL123__WF_Status__c} The total amount of the retrieved records: 19/19.
 [22:37:44.962] {CMPL123__WF_Phase__c} The total amount of the retrieved records: 11/11.
 [22:37:44.963] {CMPL123__WF_Rule_Phase__c} The total amount of the retrieved records: 11/11.
 [22:37:44.965] {CMPL123__WF_Phase_Status__c} The total amount of the retrieved records: 18/18.
 [22:37:44.966] {CMPL123__Context_Based_Security__c} The total amount of the retrieved records: 0/0.
 [22:37:44.968] {CMPL123__X123Task__c} The total amount of the retrieved records: 3/3.
 [22:37:44.969] {CMPL123__X123Job__c} The total amount of the retrieved records: 3/3.
 [22:37:44.970] {CMPL123__Job_Field_Map__c} The total amount of the retrieved records: 0/0.
 [22:37:44.971] {CMPL123__Valid_Child_Status__c} The total amount of the retrieved records: 156/0.
 [22:37:44.973] {CMPL123__WF_Step_Extension__c} The total amount of the retrieved records: 20/18.
 [22:37:44.975] newLine
 UPDATING THE TARGET (STAGE 1) ...
 [22:37:44.981] {CMPL123__WF_Rule__c} 3 target records remained untouched, since they do not differ from the corresponding source records.
 [22:37:44.984] {CMPL123__WF_Action__c} 21 target records remained untouched, since they do not differ from the corresponding source records.
 [22:37:44.986] {CMPL123__WF_Status__c} 19 target records remained untouched, since they do not differ from the corresponding source records.
 [22:37:44.990] {CMPL123__WF_Step__c} Amount of records to Insert: 3.
 [22:37:44.993] {CMPL123__WF_Step__c} The Insert API operation has been started using REST API.
 [22:37:44.995] [Job# REST:Insert] {CMPL123__WF_Step__c} The job has been created. Uploading data ...
 [22:37:50.77] {CMPL123__WF_Step__c} The Insert API operation has been completed.
 [22:37:50.82] {CMPL123__WF_Step__c} Amount of records to Update: 14.
 [22:37:50.85] {CMPL123__WF_Step__c} The Update API operation has been started using REST API.
 [22:37:50.86] [Job# REST:Update] {CMPL123__WF_Step__c} The job has been created. Uploading data ...
 [22:37:50.905] {CMPL123__WF_Step__c} The Update API operation has been completed.
 [22:37:50.914] {CMPL123__WF_Step__c} 14 target records remained untouched, since they do not differ from the corresponding source records.
 [22:37:50.915] {CMPL123__WF_Step__c} The Target has been updated. Totally processed 17 records.
 [22:37:50.917] newLine
 [22:37:50.919] {CMPL123__WF_Phase__c} 11 target records remained untouched, since they do not differ from the corresponding source records.
 [22:37:50.921] {CMPL123__WF_Rule_Phase__c} 11 target records remained untouched, since they do not differ from the corresponding source records.
 [22:37:50.924] {CMPL123__WF_Phase_Status__c} 18 target records remained untouched, since they do not differ from the corresponding source records.
 [22:37:50.926] {CMPL123__X123Task__c} 3 target records remained untouched, since they do not differ from the corresponding source records.
 [22:37:50.929] {CMPL123__X123Job__c} 3 target records remained untouched, since they do not differ from the corresponding source records.
 [22:37:50.936] {CMPL123__Valid_Child_Status__c} Amount of records to Insert: 156.
 [22:37:50.939] {CMPL123__Valid_Child_Status__c} The Insert API operation has been started using REST API.
 [22:37:50.940] [Job# REST:Insert] {CMPL123__Valid_Child_Status__c} The job has been created. Uploading data ...
 [22:37:52.48] {CMPL123__Valid_Child_Status__c} The Insert API operation has been completed.
 [22:37:52.62] {CMPL123__Valid_Child_Status__c} The Target has been updated. Totally processed 156 records.
 [22:37:52.64] newLine
 [22:37:52.67] {CMPL123__WF_Step_Extension__c} Amount of records to Insert: 2.
 [22:37:52.69] {CMPL123__WF_Step_Extension__c} The Insert API operation has been started using REST API.
 [22:37:52.70] [Job# REST:Insert] {CMPL123__WF_Step_Extension__c} The job has been created. Uploading data ...
 [22:37:56.832] {CMPL123__WF_Step_Extension__c} The Insert API operation has been completed.
 [22:37:56.838] {CMPL123__WF_Step_Extension__c} 18 target records remained untouched, since they do not differ from the corresponding source records.
 [22:37:56.840] {CMPL123__WF_Step_Extension__c} The Target has been updated. Totally processed 2 records.
 [22:37:56.841] newLine
 [22:37:56.846] {CMPL123__AuditTrail_Config__c} Amount of records to Update: 4.
 [22:37:56.848] {CMPL123__AuditTrail_Config__c} The Update API operation has been started using REST API.
 [22:37:56.849] [Job# REST:Update] {CMPL123__AuditTrail_Config__c} The job has been created. Uploading data ...
 [22:37:57.154] {CMPL123__AuditTrail_Config__c} The Update API operation has been completed.
 [22:37:57.160] {CMPL123__AuditTrail_Config__c} 148 target records remained untouched, since they do not differ from the corresponding source records.
 [22:37:57.161] {CMPL123__AuditTrail_Config__c} The Target has been updated. Totally processed 4 records.
 [22:37:57.163] newLine
 [22:37:57.164] newLine
 [22:37:57.166] The Target (STAGE 1) has been updated. Totally processed 179 records.
 [22:37:57.167] newLine
 UPDATING THE TARGET (STAGE 2) ...
 [22:37:57.170] newLine
 [22:37:57.172] PASS 1
 =============
 [22:37:57.177] {CMPL123__WF_Step__c} 14 target records remained untouched, since they do not differ from the corresponding source records.
 [22:37:57.179] {CMPL123__WF_Rule_Phase__c} 11 target records remained untouched, since they do not differ from the corresponding source records.
 [22:37:57.183] {CMPL123__WF_Phase_Status__c} 18 target records remained untouched, since they do not differ from the corresponding source records.
 [22:37:57.185] {CMPL123__X123Job__c} 3 target records remained untouched, since they do not differ from the corresponding source records.
 [22:37:57.192] {CMPL123__WF_Step_Extension__c} 18 target records remained untouched, since they do not differ from the corresponding source records.
 [22:37:57.205] newLine
 [22:37:57.208] PASS 2
 =============
 [22:37:57.215] {CMPL123__WF_Step__c} 14 target records remained untouched, since they do not differ from the corresponding source records.
 [22:37:57.219] {CMPL123__WF_Rule_Phase__c} 11 target records remained untouched, since they do not differ from the corresponding source records.
 [22:37:57.222] {CMPL123__WF_Phase_Status__c} 18 target records remained untouched, since they do not differ from the corresponding source records.
 [22:37:57.224] {CMPL123__X123Job__c} 3 target records remained untouched, since they do not differ from the corresponding source records.
 [22:37:57.235] {CMPL123__WF_Step_Extension__c} 18 target records remained untouched, since they do not differ from the corresponding source records.
 [22:37:57.238] newLine
 [22:37:57.240] Nothing was updated.
 [22:37:57.241] newLine
 TRIGGERING ADD-ON EVENTS ...
 [22:37:57.245] No Add-On modules found to run.
 [22:37:57.246] newLine
 [22:37:57.247] newLine
 DATA PROCESSING SUMMARY.
 [22:37:57.251] {CMPL123__WF_Rule__c} Totally processed 0 records.
 [22:37:57.253] {CMPL123__WF_Step__c} Totally processed 17 records.
 [22:37:57.254] {CMPL123__Record_Access_Rule__c} Totally processed 0 records.
 [22:37:57.256] {CMPL123__AuditTrail_Config__c} Totally processed 4 records.
 [22:37:57.257] {CMPL123__WF_Action__c} Totally processed 0 records.
 [22:37:57.258] {CMPL123__WF_Status__c} Totally processed 0 records.
 [22:37:57.260] {CMPL123__WF_Phase__c} Totally processed 0 records.
 [22:37:57.261] {CMPL123__WF_Rule_Phase__c} Totally processed 0 records.
 [22:37:57.262] {CMPL123__WF_Phase_Status__c} Totally processed 0 records.
 [22:37:57.264] {CMPL123__Context_Based_Security__c} Totally processed 0 records.
 [22:37:57.265] {CMPL123__X123Task__c} Totally processed 0 records.
 [22:37:57.267] {CMPL123__X123Job__c} Totally processed 0 records.
 [22:37:57.269] {CMPL123__Job_Field_Map__c} Totally processed 0 records.
 [22:37:57.270] {CMPL123__Valid_Child_Status__c} Totally processed 156 records.
 [22:37:57.271] {CMPL123__WF_Step_Extension__c} Totally processed 2 records.
 [22:37:57.273] newLine
 [22:37:57.275] Writing to C:\Users\Himanshu.Desai\Documents\GitHub\GCHS-Release-1\sfdmu-data\MissingParentRecordsReport.csv ...
 [22:37:57.285] newLine
 [22:37:57.286] newLine
 TRIGGERING ADD-ON EVENTS ...
 [22:37:57.290] No Add-On modules found to run.
 [22:37:57.292] newLine

 [22:37:57.341] Command succeeded.
 [22:37:57.347] Execution of the command sfdmu:run has been completed. Exit code 0 (SUCCESS).
 [22:37:57.376] Total time elapsed: 00h 00m 51s 971ms .