
 [20:20:36.496] Execution of the command sfdmu:run has been started.
 [20:20:36.504] newLine
 LOADING AND VALIDATING THE EXPORT.JSON SCRIPT ...
 [20:20:36.522] newLine
 OBJECT SET #1 STARTED
 [20:20:36.526] newLine
 {
   "Running Plugin version": "4.33.17"
}
 {
   "Running Add-On API version": "1.5.0"
}
 [20:20:36.546] newLine
 [20:20:36.549] Loading Core Add-On Module declarations ...
 [20:20:36.965] Connecting to the cmownbckup using SFDX sf org display ...
 [20:20:43.517] Successfully connected to the cmownbckup.
 {
   "Source": "csvfile.",
   "Target": "cmownbckup.",
   "Package script": "C:\\Users\\Himanshu.Desai\\Documents\\GitHub\\GCHS-Release-1\\sfdmu-data\\export.json."
}
 [20:20:44.583] newLine
 GETTING AND ANALYSING OBJECT METADATA ...
 [20:20:44.587] Processing the object CMPL123__WF_Rule__c ...
 [20:20:44.590] Fetching metadata of the CMPL123__WF_Rule__c (Target) ...
 [20:20:45.495] Processing the object CMPL123__WF_Step__c ...
 [20:20:45.498] Fetching metadata of the CMPL123__WF_Step__c (Target) ...
 [20:20:46.376] Processing the object CMPL123__WF_Phase__c ...
 [20:20:46.379] Fetching metadata of the CMPL123__WF_Phase__c (Target) ...
 [20:20:47.161] Processing the object CMPL123__WF_Rule_Phase__c ...
 [20:20:47.164] Fetching metadata of the CMPL123__WF_Rule_Phase__c (Target) ...
 [20:20:48.224] Processing the object CMPL123__WF_Phase_Status__c ...
 [20:20:48.227] Fetching metadata of the CMPL123__WF_Phase_Status__c (Target) ...
 [20:20:48.654] Processing the object CMPL123__Context_Based_Security__c ...
 [20:20:48.656] Fetching metadata of the CMPL123__Context_Based_Security__c (Target) ...
 [20:20:49.401] Processing the object CMPL123__Job_Field_Map__c ...
 [20:20:49.403] Fetching metadata of the CMPL123__Job_Field_Map__c (Target) ...
 [20:20:50.239] Processing the object CMPL123__Record_Access_Rule__c ...
 [20:20:50.241] Fetching metadata of the CMPL123__Record_Access_Rule__c (Target) ...
 [20:20:50.954] Processing the object CMPL123__Valid_Child_Status__c ...
 [20:20:50.957] Fetching metadata of the CMPL123__Valid_Child_Status__c (Target) ...
 [20:20:51.403] Processing the object CMPL123__WF_Action__c ...
 [20:20:51.406] Fetching metadata of the CMPL123__WF_Action__c (Target) ...
 [20:20:51.894] Processing the object CMPL123__WF_Status__c ...
 [20:20:51.896] Fetching metadata of the CMPL123__WF_Status__c (Target) ...
 [20:20:52.327] Processing the object CMPL123__X123Job__c ...
 [20:20:52.330] Fetching metadata of the CMPL123__X123Job__c (Target) ...
 [20:20:52.808] Processing the object CMPL123__X123Task__c ...
 [20:20:52.811] Fetching metadata of the CMPL123__X123Task__c (Target) ...
 [20:20:53.567] Processing the object CMPL123__WF_Step_Extension__c ...
 [20:20:53.570] Fetching metadata of the CMPL123__WF_Step_Extension__c (Target) ...
 [20:20:53.944] Processing the object CMPL123__AuditTrail_Config__c ...
 [20:20:53.947] Fetching metadata of the CMPL123__AuditTrail_Config__c (Target) ...
 [20:20:54.390] Fetching metadata of the Group (Target) ...
 [20:20:55.41] Processing the object CMPL123__AuditTrail_Config__c ...
 [20:20:55.44] Processing the object CMPL123__WF_Step_Extension__c ...
 [20:20:55.47] Processing the object CMPL123__X123Task__c ...
 [20:20:55.49] Processing the object CMPL123__X123Job__c ...
 [20:20:55.52] Processing the object CMPL123__WF_Status__c ...
 [20:20:55.54] Processing the object CMPL123__WF_Action__c ...
 [20:20:55.57] Processing the object CMPL123__Valid_Child_Status__c ...
 [20:20:55.59] Processing the object CMPL123__Record_Access_Rule__c ...
 [20:20:55.62] Processing the object CMPL123__Job_Field_Map__c ...
 [20:20:55.65] Processing the object CMPL123__Context_Based_Security__c ...
 [20:20:55.68] Processing the object CMPL123__WF_Phase_Status__c ...
 [20:20:55.72] Processing the object CMPL123__WF_Rule_Phase__c ...
 [20:20:55.75] Processing the object CMPL123__WF_Phase__c ...
 [20:20:55.77] Processing the object CMPL123__WF_Step__c ...
 [20:20:55.81] Processing the object CMPL123__WF_Rule__c ...
 [20:20:55.86] newLine
 PREPARING DATA MIGRATION JOB ...
 [20:20:55.92] Building the migration strategy ...
 {
   "Order of objects to query": "CMPL123__WF_Rule__c; CMPL123__WF_Step__c; CMPL123__Record_Access_Rule__c; CMPL123__AuditTrail_Config__c; CMPL123__WF_Action__c; CMPL123__WF_Status__c; CMPL123__WF_Phase__c; CMPL123__WF_Rule_Phase__c; CMPL123__WF_Phase_Status__c; CMPL123__Context_Based_Security__c; CMPL123__X123Task__c; CMPL123__X123Job__c; CMPL123__Job_Field_Map__c; CMPL123__Valid_Child_Status__c; CMPL123__WF_Step_Extension__c"
}
 {
   "Order of objects to delete": "CMPL123__AuditTrail_Config__c; CMPL123__WF_Step_Extension__c; CMPL123__Valid_Child_Status__c; CMPL123__Record_Access_Rule__c; CMPL123__Job_Field_Map__c; CMPL123__X123Job__c; CMPL123__X123Task__c; CMPL123__Context_Based_Security__c; CMPL123__WF_Phase_Status__c; CMPL123__WF_Rule_Phase__c; CMPL123__WF_Phase__c; CMPL123__WF_Step__c; CMPL123__WF_Status__c; CMPL123__WF_Action__c; CMPL123__WF_Rule__c"
}
 {
   "Order of objects to update": "CMPL123__WF_Rule__c; CMPL123__WF_Action__c; CMPL123__WF_Status__c; CMPL123__WF_Step__c; CMPL123__WF_Phase__c; CMPL123__WF_Rule_Phase__c; CMPL123__WF_Phase_Status__c; CMPL123__Context_Based_Security__c; CMPL123__X123Task__c; CMPL123__X123Job__c; CMPL123__Job_Field_Map__c; CMPL123__Record_Access_Rule__c; CMPL123__Valid_Child_Status__c; CMPL123__WF_Step_Extension__c; CMPL123__AuditTrail_Config__c"
}
 [20:20:55.196] Validation of the source CSV files ...
 [20:20:55.552] Writing to C:\Users\Himanshu.Desai\Documents\GitHub\GCHS-Release-1\sfdmu-data\source\CMPL123__WF_Step__c_source.csv ...
 [20:20:55.570] Writing to C:\Users\Himanshu.Desai\Documents\GitHub\GCHS-Release-1\sfdmu-data\source\CMPL123__WF_Rule_Phase__c_source.csv ...
 [20:20:55.575] Writing to C:\Users\Himanshu.Desai\Documents\GitHub\GCHS-Release-1\sfdmu-data\source\CMPL123__WF_Phase_Status__c_source.csv ...
 [20:20:55.580] Writing to C:\Users\Himanshu.Desai\Documents\GitHub\GCHS-Release-1\sfdmu-data\source\CMPL123__X123Job__c_source.csv ...
 [20:20:55.585] Writing to C:\Users\Himanshu.Desai\Documents\GitHub\GCHS-Release-1\sfdmu-data\source\CMPL123__Valid_Child_Status__c_source.csv ...
 [20:20:55.599] Writing to C:\Users\Himanshu.Desai\Documents\GitHub\GCHS-Release-1\sfdmu-data\source\CMPL123__WF_Step_Extension__c_source.csv ...
 [20:20:55.605] Amount of updated source CSV files: 6.
 [20:20:55.607] No issues were found in the source CSV files.
 [20:20:55.609] Processing the source CSV files has been completed.
 [20:20:55.610] Preparing of the data migration job has been completed.
 [20:20:55.613] newLine
 ANALYSING DATA...
 [20:20:55.790] {CMPL123__WF_Rule__c} The original query string of this object is returning 3 records from the Target org.
 [20:20:55.936] {CMPL123__WF_Action__c} The original query string of this object is returning 230 records from the Target org.
 [20:20:56.82] {CMPL123__WF_Status__c} The original query string of this object is returning 162 records from the Target org.
 [20:20:56.241] {CMPL123__WF_Step__c} The original query string of this object is returning 28 records from the Target org.
 [20:20:56.414] {CMPL123__WF_Phase__c} The original query string of this object is returning 45 records from the Target org.
 [20:20:56.557] {CMPL123__WF_Rule_Phase__c} The original query string of this object is returning 64 records from the Target org.
 [20:20:56.696] {CMPL123__WF_Phase_Status__c} The original query string of this object is returning 103 records from the Target org.
 [20:20:57.123] {CMPL123__Context_Based_Security__c} The original query string of this object is returning 0 records from the Target org.
 [20:20:57.267] {CMPL123__X123Task__c} The original query string of this object is returning 13 records from the Target org.
 [20:20:57.425] {CMPL123__X123Job__c} The original query string of this object is returning 14 records from the Target org.
 [20:20:57.843] {CMPL123__Job_Field_Map__c} The original query string of this object is returning 6 records from the Target org.
 [20:20:57.984] {CMPL123__Record_Access_Rule__c} The original query string of this object is returning 0 records from the Target org.
 [20:20:58.128] {CMPL123__Valid_Child_Status__c} The original query string of this object is returning 258 records from the Target org.
 [20:20:58.267] {CMPL123__WF_Step_Extension__c} The original query string of this object is returning 84 records from the Target org.
 [20:20:58.405] {CMPL123__AuditTrail_Config__c} The original query string of this object is returning 152 records from the Target org.
 [20:20:58.409] newLine
 TRIGGERING ADD-ON EVENTS ...
 [20:20:58.413] No Add-On modules found to run.
 [20:20:58.415] newLine
 [20:20:58.416] Ready to process the data.
 [20:20:58.418] newLine
 DELETING OLD DATA FROM THE TARGET ...
 [20:20:58.422] {CMPL123__AuditTrail_Config__c} No records to delete.
 [20:20:58.424] {CMPL123__WF_Step_Extension__c} No records to delete.
 [20:20:58.426] {CMPL123__Valid_Child_Status__c} Deleting old records from the Target ...
 [20:20:58.955] {CMPL123__Valid_Child_Status__c} Amount of records to delete: 158.
 [20:20:58.962] {CMPL123__Valid_Child_Status__c} The Delete API operation has been started using REST API.
 [20:20:58.963] [Job# REST:Delete] {CMPL123__Valid_Child_Status__c} The job has been created. Uploading data ...
 [20:21:14.470] {CMPL123__Valid_Child_Status__c} The Delete API operation has been completed.
 [20:21:14.482] {CMPL123__Valid_Child_Status__c} Deleting has been completed.
 [20:21:14.484] {CMPL123__Record_Access_Rule__c} No records to delete.
 [20:21:14.486] {CMPL123__Job_Field_Map__c} No records to delete.
 [20:21:14.488] {CMPL123__X123Job__c} No records to delete.
 [20:21:14.489] {CMPL123__X123Task__c} No records to delete.
 [20:21:14.491] {CMPL123__Context_Based_Security__c} No records to delete.
 [20:21:14.493] {CMPL123__WF_Phase_Status__c} No records to delete.
 [20:21:14.500] {CMPL123__WF_Rule_Phase__c} No records to delete.
 [20:21:14.501] {CMPL123__WF_Phase__c} No records to delete.
 [20:21:14.503] {CMPL123__WF_Step__c} No records to delete.
 [20:21:14.505] {CMPL123__WF_Status__c} No records to delete.
 [20:21:14.507] {CMPL123__WF_Action__c} No records to delete.
 [20:21:14.509] {CMPL123__WF_Rule__c} No records to delete.
 [20:21:14.510] Deleting data has been completed.
 [20:21:14.513] newLine
 SOURCE:
 =============
 [20:21:14.518] newLine
 FETCHING THE DATA (STAGE 1) ...
 [20:21:14.524] {CMPL123__WF_Rule__c} Fetching the Source data from CSV file (STAGE 1: all records) ...
 [20:21:14.537] {CMPL123__WF_Rule__c} Data retrieval (Source) has been completed. Got 3 new records.
 [20:21:14.540] {CMPL123__WF_Step__c} Fetching the Source data from CSV file (STAGE 1: all records) ...
 [20:21:14.613] {CMPL123__WF_Step__c} Data retrieval (Source) has been completed. Got 31 new records.
 [20:21:14.616] {CMPL123__Record_Access_Rule__c} Fetching the Source data from CSV file (STAGE 1: all records) ...
 [20:21:14.620] {CMPL123__Record_Access_Rule__c} Data retrieval (Source) has been completed. Got 0 new records.
 [20:21:14.623] {CMPL123__AuditTrail_Config__c} Fetching the Source data from CSV file (STAGE 1: all records) ...
 [20:21:14.664] {CMPL123__AuditTrail_Config__c} Data retrieval (Source) has been completed. Got 152 new records.
 [20:21:14.668] {CMPL123__WF_Action__c} Fetching the Source data from CSV file (STAGE 1: all records) ...
 [20:21:14.679] {CMPL123__WF_Action__c} Data retrieval (Source) has been completed. Got 21 new records.
 [20:21:14.682] {CMPL123__WF_Status__c} Fetching the Source data from CSV file (STAGE 1: all records) ...
 [20:21:14.689] {CMPL123__WF_Status__c} Data retrieval (Source) has been completed. Got 19 new records.
 [20:21:14.691] {CMPL123__WF_Phase__c} Fetching the Source data from CSV file (STAGE 1: all records) ...
 [20:21:14.697] {CMPL123__WF_Phase__c} Data retrieval (Source) has been completed. Got 11 new records.
 [20:21:14.700] {CMPL123__WF_Rule_Phase__c} Fetching the Source data from CSV file (STAGE 1: all records) ...
 [20:21:14.709] {CMPL123__WF_Rule_Phase__c} Data retrieval (Source) has been completed. Got 11 new records.
 [20:21:14.712] {CMPL123__WF_Phase_Status__c} Fetching the Source data from CSV file (STAGE 1: all records) ...
 [20:21:14.728] {CMPL123__WF_Phase_Status__c} Data retrieval (Source) has been completed. Got 18 new records.
 [20:21:14.731] {CMPL123__Context_Based_Security__c} Fetching the Source data from CSV file (STAGE 1: all records) ...
 [20:21:14.737] {CMPL123__Context_Based_Security__c} Data retrieval (Source) has been completed. Got 0 new records.
 [20:21:14.739] {CMPL123__X123Task__c} Fetching the Source data from CSV file (STAGE 1: all records) ...
 [20:21:14.743] {CMPL123__X123Task__c} Data retrieval (Source) has been completed. Got 3 new records.
 [20:21:14.745] {CMPL123__X123Job__c} Fetching the Source data from CSV file (STAGE 1: all records) ...
 [20:21:14.750] {CMPL123__X123Job__c} Data retrieval (Source) has been completed. Got 3 new records.
 [20:21:14.751] {CMPL123__Job_Field_Map__c} Fetching the Source data from CSV file (STAGE 1: all records) ...
 [20:21:14.755] {CMPL123__Job_Field_Map__c} Data retrieval (Source) has been completed. Got 0 new records.
 [20:21:14.757] {CMPL123__Valid_Child_Status__c} Fetching the Source data from CSV file (STAGE 1: all records) ...
 [20:21:14.814] {CMPL123__Valid_Child_Status__c} Data retrieval (Source) has been completed. Got 156 new records.
 [20:21:14.817] {CMPL123__WF_Step_Extension__c} Fetching the Source data from CSV file (STAGE 1: all records) ...
 [20:21:14.829] {CMPL123__WF_Step_Extension__c} Data retrieval (Source) has been completed. Got 20 new records.
 [20:21:14.831] Data retrieval (STAGE 1) has been completed.
 [20:21:14.833] newLine
 FETCHING THE DATA (STAGE 2) ...
 [20:21:14.836] PASS 1
 =============
 [20:21:14.839] No records
 [20:21:14.841] newLine
 [20:21:14.843] PASS 2
 =============
 [20:21:14.846] No records
 [20:21:14.848] newLine
 [20:21:14.849] PASS 3
 =============
 [20:21:14.852] No records
 [20:21:14.854] newLine
 [20:21:14.855] PASS 4
 =============
 [20:21:14.857] No records
 [20:21:14.859] newLine
 TARGET:
 =============
 [20:21:14.865] {CMPL123__WF_Rule__c} Fetching the Target data from Org (STAGE 2: all records) ...
 [20:21:14.866] {CMPL123__WF_Rule__c} Query string: SELECT Id, Name, CMPL123__WF_Rule_External_Id__c, CMPL123__Description__c, CMPL123__Has_Cycle_Time_Metrics_Fields__c, CMPL123__Has_Multiple_Actions__c, CMPL123__Is_Active__c, CMPL123__Record_Type__c, CMPL123__Target_Object__c, CMPL123__Target_Object_... FROM  CMPL123__WF_Rule__c WHERE Name in ('Complaint Workflow', 'Investigation Workflow', 'Regulatory Report Workflow').
 [20:21:14.870] {CMPL123__WF_Rule__c} Using REST API to retrieve the data ...
 [20:21:15.67] {CMPL123__WF_Rule__c} Data retrieval (Target) has been completed. Got 3 new records.
 [20:21:15.69] {CMPL123__WF_Step__c} Fetching the Target data from Org (STAGE 2: all records) ...
 [20:21:15.70] {CMPL123__WF_Step__c} Query string: SELECT Id, CMPL123__WF_Step_External_Id__c, CMPL123__WF_Rule__c, CMPL123__Action__c, CMPL123__Are_Child_Files_Locked__c, CMPL123__Are_Child_Records_Locked__c, CMPL123__End_Status__c, CMPL123__Is_Record_Lock_Required__c, CMPL123__Is_Related_Lists_Lock... FROM  CMPL123__WF_Step__c WHERE CMPL123__WF_Rule__r.Name in ('Complaint Workflow', 'Investigation Workflow', 'Regulatory Report Workflow').
 [20:21:15.76] {CMPL123__WF_Step__c} Using REST API to retrieve the data ...
 [20:21:15.580] {CMPL123__WF_Step__c} Data retrieval (Target) has been completed. Got 28 new records.
 [20:21:15.582] {CMPL123__Record_Access_Rule__c} Fetching the Target data from Org (STAGE 2: all records) ...
 [20:21:15.584] {CMPL123__Record_Access_Rule__c} Query string: SELECT Id, Name, CMPL123__Record_Access_Rule_External_Id__c, CMPL123__API_Path_to_User_Relationship__c, CMPL123__Active_of_the_rule__c, CMPL123__Apex_Sharing_Reason__c, CMPL123__Child_Objects__c, CMPL123__Target_Object__c, CMPL123__User_Field_Name__c... FROM  CMPL123__Record_Access_Rule__c.
 [20:21:15.586] {CMPL123__Record_Access_Rule__c} Using REST API to retrieve the data ...
 [20:21:15.761] {CMPL123__Record_Access_Rule__c} Data retrieval (Target) has been completed. Got 0 new records.
 [20:21:15.763] {CMPL123__AuditTrail_Config__c} Fetching the Target data from Org (STAGE 2: all records) ...
 [20:21:15.765] {CMPL123__AuditTrail_Config__c} Query string: SELECT Id, Name, CMPL123__AuditTrail_External_Id__c, CMPL123__Child_Relationships_Object__c, CMPL123__Fields__c, CMPL123__Is_Active__c, CMPL123__Parent_Relationship_Object__c, CMPL123__RFC_Comment_Fields__c, CMPL123__RFC_Fields__c, CMPL123__Report_Ti... FROM  CMPL123__AuditTrail_Config__c.
 [20:21:15.767] {CMPL123__AuditTrail_Config__c} Using REST API to retrieve the data ...
 [20:21:16.382] {CMPL123__AuditTrail_Config__c} Data retrieval (Target) has been completed. Got 152 new records.
 [20:21:16.387] {CMPL123__WF_Action__c} Fetching the Target data from Org (STAGE 2: filtered records) ...
 [20:21:16.388] {CMPL123__WF_Action__c} Query string: SELECT Id, Name, CMPL123__WF_Action_External_Id__c, CMPL123__Action_Custom_Label__c, CMPL123__Comment_Type__c, CMPL123__Description__c, CMPL123__E_Sign_Message_Custom_Label__c, CMPL123__Esign_Message__c, CMPL123__Generic_Comment__c, CMPL123__Is_Comme... FROM  CMPL123__WF_Action__c WHERE CMPL123__WF_Action_External_Id__c IN ('a1D5r000000hdpgEAA', 'a1D5r000000hjJ9EAI', 'a1D5r000000hqRuEAI', 'a1D5r000000hjEqEAI', 'qpa-common-00032', 'qpa-common-00040', 'qpa-common-00042', 'qpa-common-00044', 'qpa-common-000....
 [20:21:16.398] {CMPL123__WF_Action__c} Using REST API to retrieve the data ...
 [20:21:16.643] {CMPL123__WF_Action__c} Data retrieval (Target) has been completed. Got 21 new records.
 [20:21:16.646] {CMPL123__WF_Status__c} Fetching the Target data from Org (STAGE 2: filtered records) ...
 [20:21:16.647] {CMPL123__WF_Status__c} Query string: SELECT Id, Name, CMPL123__WF_Status_External_Id__c, CMPL123__Description__c, CMPL123__Status_Custom_Label__c  FROM  CMPL123__WF_Status__c WHERE CMPL123__WF_Status_External_Id__c IN ('a1J5r000001NvJyEAK', 'qpa-common-00016', 'qpa-common-00020', 'qpa-common-00021', 'qpa-common-00023', 'qpa-common-00024', 'qpa-common-00029', 'qpa-common-00031', 'qpa-common-00033', '....
 [20:21:16.651] {CMPL123__WF_Status__c} Using REST API to retrieve the data ...
 [20:21:16.893] {CMPL123__WF_Status__c} Data retrieval (Target) has been completed. Got 19 new records.
 [20:21:16.896] {CMPL123__WF_Phase__c} Fetching the Target data from Org (STAGE 2: filtered records) ...
 [20:21:16.897] {CMPL123__WF_Phase__c} Query string: SELECT Id, Name, CMPL123__WF_Phase_External_Id__c, CMPL123__Description__c, CMPL123__Phase_Custom_Label__c, CMPL123__Work_Instructions_Custom_Label__c, CMPL123__Work_Instructions_HTML__c, CMPL123__Work_Instructions__c  FROM  CMPL123__WF_Phase__c WHERE CMPL123__WF_Phase_External_Id__c IN ('qpa-complaints-phase-001', 'qpa-complaints-phase-002', 'qpa-complaints-phase-003', 'qpa-complaints-phase-004', 'qpa-complaints-phase-005', 'qpa-complaints-phase-007', 'qpa-complaints-p....
 [20:21:16.899] {CMPL123__WF_Phase__c} Using REST API to retrieve the data ...
 [20:21:17.322] {CMPL123__WF_Phase__c} Data retrieval (Target) has been completed. Got 11 new records.
 [20:21:17.325] {CMPL123__WF_Rule_Phase__c} Fetching the Target data from Org (STAGE 2: filtered records) ...
 [20:21:17.326] {CMPL123__WF_Rule_Phase__c} Query string: SELECT Id, Name, CMPL123__WF_Rule_Phase_External_Id__c, CMPL123__Order__c, CMPL123__Workflow_Phase__c, CMPL123__Workflow_Rule__c, CMPL123__Workflow_Phase__r.CMPL123__WF_Phase_External_Id__c, CMPL123__Workflow_Rule__r.CMPL123__WF_Rule_External_Id__c  FROM  CMPL123__WF_Rule_Phase__c WHERE CMPL123__WF_Rule_Phase_External_Id__c IN ('a1H5r0000019CIhEAM', 'a1H5r0000019CIiEAM', 'a1H5r0000019CIjEAM', 'qpa-complaints-phrule-001', 'qpa-complaints-phrule-002', 'qpa-complaints-phrule-003', 'qpa-complaints-phrule....
 [20:21:17.329] {CMPL123__WF_Rule_Phase__c} Using REST API to retrieve the data ...
 [20:21:17.936] {CMPL123__WF_Rule_Phase__c} Data retrieval (Target) has been completed. Got 11 new records.
 [20:21:17.939] {CMPL123__WF_Phase_Status__c} Fetching the Target data from Org (STAGE 2: filtered records) ...
 [20:21:17.941] {CMPL123__WF_Phase_Status__c} Query string: SELECT Id, CMPL123__WF_Phase_Status_External_Id__c, CMPL123__Workflow_Rule_Phase__c, CMPL123__Workflow_Status__c, Workflow_Phase__c, Workflow_Rule__c, Workflow_Status_hyperlink__c, CMPL123__Workflow_Rule_Phase__r.CMPL123__WF_Rule_Phase_External_Id__c... FROM  CMPL123__WF_Phase_Status__c WHERE CMPL123__WF_Phase_Status_External_Id__c IN ('a1F5r0000026qj1EAA', 'a1F5r0000026qj0EAA', 'a1F5r0000026qizEAA', 'a1F5r0000026qiyEAA', 'a1F5r0000026ifAEAQ', 'a1F5r0000026if9EAA', 'a1F5r0000026if8EAA', 'a1F5r0000026if7E....
 [20:21:17.945] {CMPL123__WF_Phase_Status__c} Using REST API to retrieve the data ...
 [20:21:18.224] {CMPL123__WF_Phase_Status__c} Data retrieval (Target) has been completed. Got 18 new records.
 [20:21:18.227] {CMPL123__X123Task__c} Fetching the Target data from Org (STAGE 2: filtered records) ...
 [20:21:18.228] {CMPL123__X123Task__c} Query string: SELECT Id, Name, CMPL123__Task_External_Id__c, CMPL123__Allow_Partial_Processing_for_123_Tasks__c, CMPL123__Description__c, CMPL123__Is_Active__c, CMPL123__Key_Value__c, CMPL123__Related_Object__c  FROM  CMPL123__X123Task__c WHERE CMPL123__Task_External_Id__c IN ('a1N5r000001WwqiEAC', 'a1N5r000001WwPxEAK', 'a1N5r000001W2xkEAC').
 [20:21:18.230] {CMPL123__X123Task__c} Using REST API to retrieve the data ...
 [20:21:18.386] {CMPL123__X123Task__c} Data retrieval (Target) has been completed. Got 3 new records.
 [20:21:18.389] {CMPL123__X123Job__c} Fetching the Target data from Org (STAGE 2: filtered records) ...
 [20:21:18.390] {CMPL123__X123Job__c} Query string: SELECT Id, Name, CMPL123__Job_External_Id__c, CMPL123__Child_Filter_Condition__c, CMPL123__Description__c, CMPL123__Is_Active__c, CMPL123__Job_Type__c, CMPL123__Related_Task__c, CMPL123__Workflow_Step__c, CMPL123__Related_Task__r.CMPL123__Task_Extern... FROM  CMPL123__X123Job__c WHERE CMPL123__Job_External_Id__c IN ('a1M5r000000sEtHEAU', 'a1M5r000001tkZjEAI', 'a1M5r000001tkV5EAI').
 [20:21:18.393] {CMPL123__X123Job__c} Using REST API to retrieve the data ...
 [20:21:18.682] {CMPL123__X123Job__c} Data retrieval (Target) has been completed. Got 3 new records.
 [20:21:18.685] {CMPL123__Valid_Child_Status__c} Fetching the Target data from Org (STAGE 2: filtered records) ...
 [20:21:18.686] {CMPL123__Valid_Child_Status__c} Query string: SELECT Id, Name, CMPL123__Valid_Child_Status_External_Id__c, CMPL123__Parent_Workflow_Step__c, CMPL123__Child_Relationship__c, CMPL123__Description__c, CMPL123__Required_Child_Workflow_Status__c, Parent_Workflow_Action__c, Parent_Workflow_Rule__c, Ch... FROM  CMPL123__Valid_Child_Status__c WHERE CMPL123__Valid_Child_Status_External_Id__c IN ('qpa-utility-inv-00001', 'qpa-utility-inv-00002', 'qpa-utility-inv-00003', 'qpa-utility-inv-00004', 'qpa-utility-inv-00005', 'qpa-utility-inv-00006', 'qpa-complaints....
 [20:21:18.691] {CMPL123__Valid_Child_Status__c} Using REST API to retrieve the data ...
 [20:21:18.869] {CMPL123__Valid_Child_Status__c} Data retrieval (Target) has been completed. Got 0 new records.
 [20:21:18.872] {CMPL123__WF_Step_Extension__c} Fetching the Target data from Org (STAGE 2: filtered records) ...
 [20:21:18.873] {CMPL123__WF_Step_Extension__c} Query string: SELECT Id, Name, CMPL123__External_Id__c, CMPL123__Parent_Workflow_Step__c, CMPL123__Apply_To_Automated_User__c, CMPL123__Are_Child_Files_Locked__c, CMPL123__Is_Record_Lock_Required__c, CMPL123__Is_Related_Lists_Locked__c, CMPL123__Object_Related_Lis... FROM  CMPL123__WF_Step_Extension__c WHERE CMPL123__External_Id__c IN ('a1K5r000006ydv3EAA', 'a1K5r000006ytOXEAY', 'a1K5r0000070oWeEAI', 'a1K5r000007070iEAA', 'a1K5r00000707bOEAQ', 'a1K5r00000707y6EAA', 'a1K5r00000707iaEAA', 'a1K5r000006yfFjEAI', 'a1K5r000....
 [20:21:18.875] {CMPL123__WF_Step_Extension__c} Using REST API to retrieve the data ...
 [20:21:19.131] {CMPL123__WF_Step_Extension__c} Data retrieval (Target) has been completed. Got 18 new records.
 [20:21:19.136] Data retrieval (STAGE 2) has been completed.
 [20:21:19.138] newLine
 TRIGGERING ADD-ON EVENTS ...
 [20:21:19.141] No Add-On modules found to run.
 [20:21:19.142] newLine
 [20:21:19.144] newLine
 DATA RETRIEVAL SUMMARY.
 [20:21:19.146] {CMPL123__WF_Rule__c} The total amount of the retrieved records: 3/3.
 [20:21:19.147] {CMPL123__WF_Step__c} The total amount of the retrieved records: 31/28.
 [20:21:19.148] {CMPL123__Record_Access_Rule__c} The total amount of the retrieved records: 0/0.
 [20:21:19.149] {CMPL123__AuditTrail_Config__c} The total amount of the retrieved records: 152/152.
 [20:21:19.150] {CMPL123__WF_Action__c} The total amount of the retrieved records: 21/21.
 [20:21:19.152] {CMPL123__WF_Status__c} The total amount of the retrieved records: 19/19.
 [20:21:19.153] {CMPL123__WF_Phase__c} The total amount of the retrieved records: 11/11.
 [20:21:19.154] {CMPL123__WF_Rule_Phase__c} The total amount of the retrieved records: 11/11.
 [20:21:19.155] {CMPL123__WF_Phase_Status__c} The total amount of the retrieved records: 18/18.
 [20:21:19.156] {CMPL123__Context_Based_Security__c} The total amount of the retrieved records: 0/0.
 [20:21:19.158] {CMPL123__X123Task__c} The total amount of the retrieved records: 3/3.
 [20:21:19.159] {CMPL123__X123Job__c} The total amount of the retrieved records: 3/3.
 [20:21:19.160] {CMPL123__Job_Field_Map__c} The total amount of the retrieved records: 0/0.
 [20:21:19.161] {CMPL123__Valid_Child_Status__c} The total amount of the retrieved records: 156/0.
 [20:21:19.163] {CMPL123__WF_Step_Extension__c} The total amount of the retrieved records: 20/18.
 [20:21:19.165] newLine
 UPDATING THE TARGET (STAGE 1) ...
 [20:21:19.171] {CMPL123__WF_Rule__c} 3 target records remained untouched, since they do not differ from the corresponding source records.
 [20:21:19.173] {CMPL123__WF_Action__c} 21 target records remained untouched, since they do not differ from the corresponding source records.
 [20:21:19.175] {CMPL123__WF_Status__c} 19 target records remained untouched, since they do not differ from the corresponding source records.
 [20:21:19.180] {CMPL123__WF_Step__c} Amount of records to Insert: 3.
 [20:21:19.183] {CMPL123__WF_Step__c} The Insert API operation has been started using REST API.
 [20:21:19.184] [Job# REST:Insert] {CMPL123__WF_Step__c} The job has been created. Uploading data ...
 [20:21:27.418] {CMPL123__WF_Step__c} The Insert API operation has been completed.
 [20:21:27.423] {CMPL123__WF_Step__c} Amount of records to Update: 14.
 [20:21:27.426] {CMPL123__WF_Step__c} The Update API operation has been started using REST API.
 [20:21:27.427] [Job# REST:Update] {CMPL123__WF_Step__c} The job has been created. Uploading data ...
 [20:21:29.63] {CMPL123__WF_Step__c} The Update API operation has been completed.
 [20:21:29.70] {CMPL123__WF_Step__c} 14 target records remained untouched, since they do not differ from the corresponding source records.
 [20:21:29.72] {CMPL123__WF_Step__c} The Target has been updated. Totally processed 17 records.
 [20:21:29.73] newLine
 [20:21:29.75] {CMPL123__WF_Phase__c} 11 target records remained untouched, since they do not differ from the corresponding source records.
 [20:21:29.77] {CMPL123__WF_Rule_Phase__c} 11 target records remained untouched, since they do not differ from the corresponding source records.
 [20:21:29.80] {CMPL123__WF_Phase_Status__c} 18 target records remained untouched, since they do not differ from the corresponding source records.
 [20:21:29.82] {CMPL123__X123Task__c} 3 target records remained untouched, since they do not differ from the corresponding source records.
 [20:21:29.85] {CMPL123__X123Job__c} 3 target records remained untouched, since they do not differ from the corresponding source records.
 [20:21:29.92] {CMPL123__Valid_Child_Status__c} Amount of records to Insert: 156.
 [20:21:29.95] {CMPL123__Valid_Child_Status__c} The Insert API operation has been started using REST API.
 [20:21:29.100] [Job# REST:Insert] {CMPL123__Valid_Child_Status__c} The job has been created. Uploading data ...
 [20:21:30.782] {CMPL123__Valid_Child_Status__c} The Insert API operation has been completed.
 [20:21:30.794] {CMPL123__Valid_Child_Status__c} The Target has been updated. Totally processed 156 records.
 [20:21:30.796] newLine
 [20:21:30.798] {CMPL123__WF_Step_Extension__c} Amount of records to Insert: 2.
 [20:21:30.800] {CMPL123__WF_Step_Extension__c} The Insert API operation has been started using REST API.
 [20:21:30.802] [Job# REST:Insert] {CMPL123__WF_Step_Extension__c} The job has been created. Uploading data ...
 [20:21:37.374] {CMPL123__WF_Step_Extension__c} The Insert API operation has been completed.
 [20:21:37.380] {CMPL123__WF_Step_Extension__c} 18 target records remained untouched, since they do not differ from the corresponding source records.
 [20:21:37.382] {CMPL123__WF_Step_Extension__c} The Target has been updated. Totally processed 2 records.
 [20:21:37.383] newLine
 [20:21:37.388] {CMPL123__AuditTrail_Config__c} Amount of records to Update: 4.
 [20:21:37.391] {CMPL123__AuditTrail_Config__c} The Update API operation has been started using REST API.
 [20:21:37.394] [Job# REST:Update] {CMPL123__AuditTrail_Config__c} The job has been created. Uploading data ...
 [20:21:37.705] {CMPL123__AuditTrail_Config__c} The Update API operation has been completed.
 [20:21:37.712] {CMPL123__AuditTrail_Config__c} 148 target records remained untouched, since they do not differ from the corresponding source records.
 [20:21:37.714] {CMPL123__AuditTrail_Config__c} The Target has been updated. Totally processed 4 records.
 [20:21:37.716] newLine
 [20:21:37.717] newLine
 [20:21:37.719] The Target (STAGE 1) has been updated. Totally processed 179 records.
 [20:21:37.721] newLine
 UPDATING THE TARGET (STAGE 2) ...
 [20:21:37.725] newLine
 [20:21:37.726] PASS 1
 =============
 [20:21:37.732] {CMPL123__WF_Step__c} 14 target records remained untouched, since they do not differ from the corresponding source records.
 [20:21:37.734] {CMPL123__WF_Rule_Phase__c} 11 target records remained untouched, since they do not differ from the corresponding source records.
 [20:21:37.736] {CMPL123__WF_Phase_Status__c} 18 target records remained untouched, since they do not differ from the corresponding source records.
 [20:21:37.738] {CMPL123__X123Job__c} 3 target records remained untouched, since they do not differ from the corresponding source records.
 [20:21:37.745] {CMPL123__WF_Step_Extension__c} 18 target records remained untouched, since they do not differ from the corresponding source records.
 [20:21:37.747] newLine
 [20:21:37.749] PASS 2
 =============
 [20:21:37.756] {CMPL123__WF_Step__c} 14 target records remained untouched, since they do not differ from the corresponding source records.
 [20:21:37.758] {CMPL123__WF_Rule_Phase__c} 11 target records remained untouched, since they do not differ from the corresponding source records.
 [20:21:37.760] {CMPL123__WF_Phase_Status__c} 18 target records remained untouched, since they do not differ from the corresponding source records.
 [20:21:37.762] {CMPL123__X123Job__c} 3 target records remained untouched, since they do not differ from the corresponding source records.
 [20:21:37.771] {CMPL123__WF_Step_Extension__c} 18 target records remained untouched, since they do not differ from the corresponding source records.
 [20:21:37.774] newLine
 [20:21:37.777] Nothing was updated.
 [20:21:37.780] newLine
 TRIGGERING ADD-ON EVENTS ...
 [20:21:37.784] No Add-On modules found to run.
 [20:21:37.785] newLine
 [20:21:37.787] newLine
 DATA PROCESSING SUMMARY.
 [20:21:37.791] {CMPL123__WF_Rule__c} Totally processed 0 records.
 [20:21:37.792] {CMPL123__WF_Step__c} Totally processed 17 records.
 [20:21:37.794] {CMPL123__Record_Access_Rule__c} Totally processed 0 records.
 [20:21:37.797] {CMPL123__AuditTrail_Config__c} Totally processed 4 records.
 [20:21:37.817] {CMPL123__WF_Action__c} Totally processed 0 records.
 [20:21:37.819] {CMPL123__WF_Status__c} Totally processed 0 records.
 [20:21:37.821] {CMPL123__WF_Phase__c} Totally processed 0 records.
 [20:21:37.822] {CMPL123__WF_Rule_Phase__c} Totally processed 0 records.
 [20:21:37.837] {CMPL123__WF_Phase_Status__c} Totally processed 0 records.
 [20:21:37.839] {CMPL123__Context_Based_Security__c} Totally processed 0 records.
 [20:21:37.841] {CMPL123__X123Task__c} Totally processed 0 records.
 [20:21:37.845] {CMPL123__X123Job__c} Totally processed 0 records.
 [20:21:37.846] {CMPL123__Job_Field_Map__c} Totally processed 0 records.
 [20:21:37.848] {CMPL123__Valid_Child_Status__c} Totally processed 156 records.
 [20:21:37.850] {CMPL123__WF_Step_Extension__c} Totally processed 2 records.
 [20:21:37.851] newLine
 [20:21:37.853] Writing to C:\Users\Himanshu.Desai\Documents\GitHub\GCHS-Release-1\sfdmu-data\MissingParentRecordsReport.csv ...
 [20:21:37.856] newLine
 [20:21:37.858] newLine
 TRIGGERING ADD-ON EVENTS ...
 [20:21:37.862] No Add-On modules found to run.
 [20:21:37.864] newLine

 [20:21:38.38] Command succeeded.
 [20:21:38.42] Execution of the command sfdmu:run has been completed. Exit code 0 (SUCCESS).
 [20:21:38.45] Total time elapsed: 00h 01m 01s 546ms .