
 [20:41:11.672] Execution of the command sfdmu:run has been started.
 [20:41:11.677] newLine
 LOADING AND VALIDATING THE EXPORT.JSON SCRIPT ...
 [20:41:11.694] newLine
 OBJECT SET #1 STARTED
 [20:41:11.698] newLine
 {
   "Running Plugin version": "4.33.17"
}
 {
   "Running Add-On API version": "1.5.0"
}
 [20:41:11.709] newLine
 [20:41:11.712] Loading Core Add-On Module declarations ...
 [20:41:12.26] Connecting to the asusbckup using SFDX sf org display ...
 [20:41:18.871] Successfully connected to the asusbckup.
 {
   "Source": "csvfile.",
   "Target": "asusbckup.",
   "Package script": "C:\\Users\\Himanshu.Desai\\Documents\\GitHub\\GCHS-Release-1\\sfdmu-data\\export.json."
}
 [20:41:20.209] newLine
 GETTING AND ANALYSING OBJECT METADATA ...
 [20:41:20.213] Processing the object CMPL123__WF_Rule__c ...
 [20:41:20.216] Fetching metadata of the CMPL123__WF_Rule__c (Target) ...
 [20:41:21.53] Processing the object CMPL123__WF_Step__c ...
 [20:41:21.56] Fetching metadata of the CMPL123__WF_Step__c (Target) ...
 [20:41:22.130] Processing the object CMPL123__WF_Phase__c ...
 [20:41:22.132] Fetching metadata of the CMPL123__WF_Phase__c (Target) ...
 [20:41:22.910] Processing the object CMPL123__WF_Rule_Phase__c ...
 [20:41:22.914] Fetching metadata of the CMPL123__WF_Rule_Phase__c (Target) ...
 [20:41:23.682] Processing the object CMPL123__WF_Phase_Status__c ...
 [20:41:23.684] Fetching metadata of the CMPL123__WF_Phase_Status__c (Target) ...
 [20:41:24.446] Processing the object CMPL123__Context_Based_Security__c ...
 [20:41:24.449] Fetching metadata of the CMPL123__Context_Based_Security__c (Target) ...
 [20:41:25.457] Processing the object CMPL123__Job_Field_Map__c ...
 [20:41:25.461] Fetching metadata of the CMPL123__Job_Field_Map__c (Target) ...
 [20:41:26.468] Processing the object CMPL123__Record_Access_Rule__c ...
 [20:41:26.471] Fetching metadata of the CMPL123__Record_Access_Rule__c (Target) ...
 [20:41:27.441] Processing the object CMPL123__Valid_Child_Status__c ...
 [20:41:27.443] Fetching metadata of the CMPL123__Valid_Child_Status__c (Target) ...
 [20:41:27.926] Processing the object CMPL123__WF_Action__c ...
 [20:41:27.929] Fetching metadata of the CMPL123__WF_Action__c (Target) ...
 [20:41:28.652] Processing the object CMPL123__WF_Status__c ...
 [20:41:28.655] Fetching metadata of the CMPL123__WF_Status__c (Target) ...
 [20:41:29.625] Processing the object CMPL123__X123Job__c ...
 [20:41:29.628] Fetching metadata of the CMPL123__X123Job__c (Target) ...
 [20:41:30.104] Processing the object CMPL123__X123Task__c ...
 [20:41:30.109] Fetching metadata of the CMPL123__X123Task__c (Target) ...
 [20:41:30.569] Processing the object CMPL123__WF_Step_Extension__c ...
 [20:41:30.572] Fetching metadata of the CMPL123__WF_Step_Extension__c (Target) ...
 [20:41:30.996] Processing the object CMPL123__AuditTrail_Config__c ...
 [20:41:30.998] Fetching metadata of the CMPL123__AuditTrail_Config__c (Target) ...
 [20:41:31.698] Fetching metadata of the Group (Target) ...
 [20:41:32.403] Processing the object CMPL123__AuditTrail_Config__c ...
 [20:41:32.406] Processing the object CMPL123__WF_Step_Extension__c ...
 [20:41:32.409] Processing the object CMPL123__X123Task__c ...
 [20:41:32.410] Processing the object CMPL123__X123Job__c ...
 [20:41:32.412] Processing the object CMPL123__WF_Status__c ...
 [20:41:32.414] Processing the object CMPL123__WF_Action__c ...
 [20:41:32.416] Processing the object CMPL123__Valid_Child_Status__c ...
 [20:41:32.418] Processing the object CMPL123__Record_Access_Rule__c ...
 [20:41:32.419] Processing the object CMPL123__Job_Field_Map__c ...
 [20:41:32.423] Processing the object CMPL123__Context_Based_Security__c ...
 [20:41:32.424] Processing the object CMPL123__WF_Phase_Status__c ...
 [20:41:32.427] Processing the object CMPL123__WF_Rule_Phase__c ...
 [20:41:32.429] Processing the object CMPL123__WF_Phase__c ...
 [20:41:32.430] Processing the object CMPL123__WF_Step__c ...
 [20:41:32.433] Processing the object CMPL123__WF_Rule__c ...
 [20:41:32.438] newLine
 PREPARING DATA MIGRATION JOB ...
 [20:41:32.442] Building the migration strategy ...
 {
   "Order of objects to query": "CMPL123__WF_Rule__c; CMPL123__WF_Step__c; CMPL123__Record_Access_Rule__c; CMPL123__AuditTrail_Config__c; CMPL123__WF_Action__c; CMPL123__WF_Status__c; CMPL123__WF_Phase__c; CMPL123__WF_Rule_Phase__c; CMPL123__WF_Phase_Status__c; CMPL123__Context_Based_Security__c; CMPL123__X123Task__c; CMPL123__X123Job__c; CMPL123__Job_Field_Map__c; CMPL123__Valid_Child_Status__c; CMPL123__WF_Step_Extension__c"
}
 {
   "Order of objects to delete": "CMPL123__AuditTrail_Config__c; CMPL123__WF_Step_Extension__c; CMPL123__Valid_Child_Status__c; CMPL123__Record_Access_Rule__c; CMPL123__Job_Field_Map__c; CMPL123__X123Job__c; CMPL123__X123Task__c; CMPL123__Context_Based_Security__c; CMPL123__WF_Phase_Status__c; CMPL123__WF_Rule_Phase__c; CMPL123__WF_Phase__c; CMPL123__WF_Step__c; CMPL123__WF_Status__c; CMPL123__WF_Action__c; CMPL123__WF_Rule__c"
}
 {
   "Order of objects to update": "CMPL123__WF_Rule__c; CMPL123__WF_Action__c; CMPL123__WF_Status__c; CMPL123__WF_Step__c; CMPL123__WF_Phase__c; CMPL123__WF_Rule_Phase__c; CMPL123__WF_Phase_Status__c; CMPL123__Context_Based_Security__c; CMPL123__X123Task__c; CMPL123__X123Job__c; CMPL123__Job_Field_Map__c; CMPL123__Record_Access_Rule__c; CMPL123__Valid_Child_Status__c; CMPL123__WF_Step_Extension__c; CMPL123__AuditTrail_Config__c"
}
 [20:41:32.518] Validation of the source CSV files ...
 [20:41:32.946] Writing to C:\Users\Himanshu.Desai\Documents\GitHub\GCHS-Release-1\sfdmu-data\source\CMPL123__WF_Step__c_source.csv ...
 [20:41:32.958] Writing to C:\Users\Himanshu.Desai\Documents\GitHub\GCHS-Release-1\sfdmu-data\source\CMPL123__WF_Rule_Phase__c_source.csv ...
 [20:41:32.963] Writing to C:\Users\Himanshu.Desai\Documents\GitHub\GCHS-Release-1\sfdmu-data\source\CMPL123__WF_Phase_Status__c_source.csv ...
 [20:41:32.968] Writing to C:\Users\Himanshu.Desai\Documents\GitHub\GCHS-Release-1\sfdmu-data\source\CMPL123__X123Job__c_source.csv ...
 [20:41:32.972] Writing to C:\Users\Himanshu.Desai\Documents\GitHub\GCHS-Release-1\sfdmu-data\source\CMPL123__Valid_Child_Status__c_source.csv ...
 [20:41:32.984] Writing to C:\Users\Himanshu.Desai\Documents\GitHub\GCHS-Release-1\sfdmu-data\source\CMPL123__WF_Step_Extension__c_source.csv ...
 [20:41:32.989] Amount of updated source CSV files: 6.
 [20:41:32.990] No issues were found in the source CSV files.
 [20:41:32.992] Processing the source CSV files has been completed.
 [20:41:32.994] Preparing of the data migration job has been completed.
 [20:41:32.996] newLine
 ANALYSING DATA...
 [20:41:33.169] {CMPL123__WF_Rule__c} The original query string of this object is returning 3 records from the Target org.
 [20:41:33.315] {CMPL123__WF_Action__c} The original query string of this object is returning 230 records from the Target org.
 [20:41:33.452] {CMPL123__WF_Status__c} The original query string of this object is returning 162 records from the Target org.
 [20:41:33.608] {CMPL123__WF_Step__c} The original query string of this object is returning 28 records from the Target org.
 [20:41:33.775] {CMPL123__WF_Phase__c} The original query string of this object is returning 45 records from the Target org.
 [20:41:33.921] {CMPL123__WF_Rule_Phase__c} The original query string of this object is returning 64 records from the Target org.
 [20:41:34.342] {CMPL123__WF_Phase_Status__c} The original query string of this object is returning 103 records from the Target org.
 [20:41:34.485] {CMPL123__Context_Based_Security__c} The original query string of this object is returning 0 records from the Target org.
 [20:41:34.627] {CMPL123__X123Task__c} The original query string of this object is returning 13 records from the Target org.
 [20:41:34.765] {CMPL123__X123Job__c} The original query string of this object is returning 14 records from the Target org.
 [20:41:34.900] {CMPL123__Job_Field_Map__c} The original query string of this object is returning 6 records from the Target org.
 [20:41:35.35] {CMPL123__Record_Access_Rule__c} The original query string of this object is returning 0 records from the Target org.
 [20:41:35.170] {CMPL123__Valid_Child_Status__c} The original query string of this object is returning 258 records from the Target org.
 [20:41:35.312] {CMPL123__WF_Step_Extension__c} The original query string of this object is returning 84 records from the Target org.
 [20:41:35.449] {CMPL123__AuditTrail_Config__c} The original query string of this object is returning 152 records from the Target org.
 [20:41:35.451] newLine
 TRIGGERING ADD-ON EVENTS ...
 [20:41:35.455] No Add-On modules found to run.
 [20:41:35.457] newLine
 [20:41:35.458] Ready to process the data.
 [20:41:35.460] newLine
 DELETING OLD DATA FROM THE TARGET ...
 [20:41:35.464] {CMPL123__AuditTrail_Config__c} No records to delete.
 [20:41:35.466] {CMPL123__WF_Step_Extension__c} No records to delete.
 [20:41:35.467] {CMPL123__Valid_Child_Status__c} Deleting old records from the Target ...
 [20:41:35.995] {CMPL123__Valid_Child_Status__c} Amount of records to delete: 158.
 [20:41:36.2] {CMPL123__Valid_Child_Status__c} The Delete API operation has been started using REST API.
 [20:41:36.4] [Job# REST:Delete] {CMPL123__Valid_Child_Status__c} The job has been created. Uploading data ...
 [20:41:50.674] {CMPL123__Valid_Child_Status__c} The Delete API operation has been completed.
 [20:41:50.684] {CMPL123__Valid_Child_Status__c} Deleting has been completed.
 [20:41:50.686] {CMPL123__Record_Access_Rule__c} No records to delete.
 [20:41:50.688] {CMPL123__Job_Field_Map__c} No records to delete.
 [20:41:50.689] {CMPL123__X123Job__c} No records to delete.
 [20:41:50.691] {CMPL123__X123Task__c} No records to delete.
 [20:41:50.693] {CMPL123__Context_Based_Security__c} No records to delete.
 [20:41:50.695] {CMPL123__WF_Phase_Status__c} No records to delete.
 [20:41:50.697] {CMPL123__WF_Rule_Phase__c} No records to delete.
 [20:41:50.698] {CMPL123__WF_Phase__c} No records to delete.
 [20:41:50.700] {CMPL123__WF_Step__c} No records to delete.
 [20:41:50.702] {CMPL123__WF_Status__c} No records to delete.
 [20:41:50.704] {CMPL123__WF_Action__c} No records to delete.
 [20:41:50.705] {CMPL123__WF_Rule__c} No records to delete.
 [20:41:50.707] Deleting data has been completed.
 [20:41:50.710] newLine
 SOURCE:
 =============
 [20:41:50.715] newLine
 FETCHING THE DATA (STAGE 1) ...
 [20:41:50.721] {CMPL123__WF_Rule__c} Fetching the Source data from CSV file (STAGE 1: all records) ...
 [20:41:50.732] {CMPL123__WF_Rule__c} Data retrieval (Source) has been completed. Got 3 new records.
 [20:41:50.735] {CMPL123__WF_Step__c} Fetching the Source data from CSV file (STAGE 1: all records) ...
 [20:41:50.803] {CMPL123__WF_Step__c} Data retrieval (Source) has been completed. Got 31 new records.
 [20:41:50.807] {CMPL123__Record_Access_Rule__c} Fetching the Source data from CSV file (STAGE 1: all records) ...
 [20:41:50.812] {CMPL123__Record_Access_Rule__c} Data retrieval (Source) has been completed. Got 0 new records.
 [20:41:50.814] {CMPL123__AuditTrail_Config__c} Fetching the Source data from CSV file (STAGE 1: all records) ...
 [20:41:50.853] {CMPL123__AuditTrail_Config__c} Data retrieval (Source) has been completed. Got 152 new records.
 [20:41:50.856] {CMPL123__WF_Action__c} Fetching the Source data from CSV file (STAGE 1: all records) ...
 [20:41:50.868] {CMPL123__WF_Action__c} Data retrieval (Source) has been completed. Got 21 new records.
 [20:41:50.870] {CMPL123__WF_Status__c} Fetching the Source data from CSV file (STAGE 1: all records) ...
 [20:41:50.877] {CMPL123__WF_Status__c} Data retrieval (Source) has been completed. Got 19 new records.
 [20:41:50.879] {CMPL123__WF_Phase__c} Fetching the Source data from CSV file (STAGE 1: all records) ...
 [20:41:50.885] {CMPL123__WF_Phase__c} Data retrieval (Source) has been completed. Got 11 new records.
 [20:41:50.888] {CMPL123__WF_Rule_Phase__c} Fetching the Source data from CSV file (STAGE 1: all records) ...
 [20:41:50.894] {CMPL123__WF_Rule_Phase__c} Data retrieval (Source) has been completed. Got 11 new records.
 [20:41:50.897] {CMPL123__WF_Phase_Status__c} Fetching the Source data from CSV file (STAGE 1: all records) ...
 [20:41:50.909] {CMPL123__WF_Phase_Status__c} Data retrieval (Source) has been completed. Got 18 new records.
 [20:41:50.912] {CMPL123__Context_Based_Security__c} Fetching the Source data from CSV file (STAGE 1: all records) ...
 [20:41:50.917] {CMPL123__Context_Based_Security__c} Data retrieval (Source) has been completed. Got 0 new records.
 [20:41:50.919] {CMPL123__X123Task__c} Fetching the Source data from CSV file (STAGE 1: all records) ...
 [20:41:50.923] {CMPL123__X123Task__c} Data retrieval (Source) has been completed. Got 3 new records.
 [20:41:50.925] {CMPL123__X123Job__c} Fetching the Source data from CSV file (STAGE 1: all records) ...
 [20:41:50.931] {CMPL123__X123Job__c} Data retrieval (Source) has been completed. Got 3 new records.
 [20:41:50.934] {CMPL123__Job_Field_Map__c} Fetching the Source data from CSV file (STAGE 1: all records) ...
 [20:41:50.937] {CMPL123__Job_Field_Map__c} Data retrieval (Source) has been completed. Got 0 new records.
 [20:41:50.939] {CMPL123__Valid_Child_Status__c} Fetching the Source data from CSV file (STAGE 1: all records) ...
 [20:41:51.32] {CMPL123__Valid_Child_Status__c} Data retrieval (Source) has been completed. Got 156 new records.
 [20:41:51.35] {CMPL123__WF_Step_Extension__c} Fetching the Source data from CSV file (STAGE 1: all records) ...
 [20:41:51.42] {CMPL123__WF_Step_Extension__c} Data retrieval (Source) has been completed. Got 20 new records.
 [20:41:51.44] Data retrieval (STAGE 1) has been completed.
 [20:41:51.46] newLine
 FETCHING THE DATA (STAGE 2) ...
 [20:41:51.50] PASS 1
 =============
 [20:41:51.53] No records
 [20:41:51.55] newLine
 [20:41:51.56] PASS 2
 =============
 [20:41:51.59] No records
 [20:41:51.60] newLine
 [20:41:51.62] PASS 3
 =============
 [20:41:51.65] No records
 [20:41:51.66] newLine
 [20:41:51.68] PASS 4
 =============
 [20:41:51.71] No records
 [20:41:51.72] newLine
 TARGET:
 =============
 [20:41:51.81] {CMPL123__WF_Rule__c} Fetching the Target data from Org (STAGE 2: all records) ...
 [20:41:51.82] {CMPL123__WF_Rule__c} Query string: SELECT Id, Name, CMPL123__WF_Rule_External_Id__c, CMPL123__Description__c, CMPL123__Has_Cycle_Time_Metrics_Fields__c, CMPL123__Has_Multiple_Actions__c, CMPL123__Is_Active__c, CMPL123__Record_Type__c, CMPL123__Target_Object__c, CMPL123__Target_Object_... FROM  CMPL123__WF_Rule__c WHERE Name in ('Complaint Workflow', 'Investigation Workflow', 'Regulatory Report Workflow').
 [20:41:51.86] {CMPL123__WF_Rule__c} Using REST API to retrieve the data ...
 [20:41:51.347] {CMPL123__WF_Rule__c} Data retrieval (Target) has been completed. Got 3 new records.
 [20:41:51.350] {CMPL123__WF_Step__c} Fetching the Target data from Org (STAGE 2: all records) ...
 [20:41:51.352] {CMPL123__WF_Step__c} Query string: SELECT Id, CMPL123__WF_Step_External_Id__c, CMPL123__WF_Rule__c, CMPL123__Action__c, CMPL123__Are_Child_Files_Locked__c, CMPL123__Are_Child_Records_Locked__c, CMPL123__End_Status__c, CMPL123__Is_Record_Lock_Required__c, CMPL123__Is_Related_Lists_Lock... FROM  CMPL123__WF_Step__c WHERE CMPL123__WF_Rule__r.Name in ('Complaint Workflow', 'Investigation Workflow', 'Regulatory Report Workflow').
 [20:41:51.357] {CMPL123__WF_Step__c} Using REST API to retrieve the data ...
 [20:41:51.825] {CMPL123__WF_Step__c} Data retrieval (Target) has been completed. Got 28 new records.
 [20:41:51.828] {CMPL123__Record_Access_Rule__c} Fetching the Target data from Org (STAGE 2: all records) ...
 [20:41:51.829] {CMPL123__Record_Access_Rule__c} Query string: SELECT Id, Name, CMPL123__Record_Access_Rule_External_Id__c, CMPL123__API_Path_to_User_Relationship__c, CMPL123__Active_of_the_rule__c, CMPL123__Apex_Sharing_Reason__c, CMPL123__Child_Objects__c, CMPL123__Target_Object__c, CMPL123__User_Field_Name__c... FROM  CMPL123__Record_Access_Rule__c.
 [20:41:51.832] {CMPL123__Record_Access_Rule__c} Using REST API to retrieve the data ...
 [20:41:51.973] {CMPL123__Record_Access_Rule__c} Data retrieval (Target) has been completed. Got 0 new records.
 [20:41:51.975] {CMPL123__AuditTrail_Config__c} Fetching the Target data from Org (STAGE 2: all records) ...
 [20:41:51.977] {CMPL123__AuditTrail_Config__c} Query string: SELECT Id, Name, CMPL123__AuditTrail_External_Id__c, CMPL123__Child_Relationships_Object__c, CMPL123__Fields__c, CMPL123__Is_Active__c, CMPL123__Parent_Relationship_Object__c, CMPL123__RFC_Comment_Fields__c, CMPL123__RFC_Fields__c, CMPL123__Report_Ti... FROM  CMPL123__AuditTrail_Config__c.
 [20:41:51.978] {CMPL123__AuditTrail_Config__c} Using REST API to retrieve the data ...
 [20:41:52.512] {CMPL123__AuditTrail_Config__c} Data retrieval (Target) has been completed. Got 152 new records.
 [20:41:52.516] {CMPL123__WF_Action__c} Fetching the Target data from Org (STAGE 2: filtered records) ...
 [20:41:52.517] {CMPL123__WF_Action__c} Query string: SELECT Id, Name, CMPL123__WF_Action_External_Id__c, CMPL123__Action_Custom_Label__c, CMPL123__Comment_Type__c, CMPL123__Description__c, CMPL123__E_Sign_Message_Custom_Label__c, CMPL123__Esign_Message__c, CMPL123__Generic_Comment__c, CMPL123__Is_Comme... FROM  CMPL123__WF_Action__c WHERE CMPL123__WF_Action_External_Id__c IN ('a1D5r000000hdpgEAA', 'a1D5r000000hjJ9EAI', 'a1D5r000000hqRuEAI', 'a1D5r000000hjEqEAI', 'qpa-common-00032', 'qpa-common-00040', 'qpa-common-00042', 'qpa-common-00044', 'qpa-common-000....
 [20:41:52.528] {CMPL123__WF_Action__c} Using REST API to retrieve the data ...
 [20:41:52.775] {CMPL123__WF_Action__c} Data retrieval (Target) has been completed. Got 21 new records.
 [20:41:52.778] {CMPL123__WF_Status__c} Fetching the Target data from Org (STAGE 2: filtered records) ...
 [20:41:52.780] {CMPL123__WF_Status__c} Query string: SELECT Id, Name, CMPL123__WF_Status_External_Id__c, CMPL123__Description__c, CMPL123__Status_Custom_Label__c  FROM  CMPL123__WF_Status__c WHERE CMPL123__WF_Status_External_Id__c IN ('a1J5r000001NvJyEAK', 'qpa-common-00016', 'qpa-common-00020', 'qpa-common-00021', 'qpa-common-00023', 'qpa-common-00024', 'qpa-common-00029', 'qpa-common-00031', 'qpa-common-00033', '....
 [20:41:52.784] {CMPL123__WF_Status__c} Using REST API to retrieve the data ...
 [20:41:53.31] {CMPL123__WF_Status__c} Data retrieval (Target) has been completed. Got 19 new records.
 [20:41:53.34] {CMPL123__WF_Phase__c} Fetching the Target data from Org (STAGE 2: filtered records) ...
 [20:41:53.35] {CMPL123__WF_Phase__c} Query string: SELECT Id, Name, CMPL123__WF_Phase_External_Id__c, CMPL123__Description__c, CMPL123__Phase_Custom_Label__c, CMPL123__Work_Instructions_Custom_Label__c, CMPL123__Work_Instructions_HTML__c, CMPL123__Work_Instructions__c  FROM  CMPL123__WF_Phase__c WHERE CMPL123__WF_Phase_External_Id__c IN ('qpa-complaints-phase-001', 'qpa-complaints-phase-002', 'qpa-complaints-phase-003', 'qpa-complaints-phase-004', 'qpa-complaints-phase-005', 'qpa-complaints-phase-007', 'qpa-complaints-p....
 [20:41:53.38] {CMPL123__WF_Phase__c} Using REST API to retrieve the data ...
 [20:41:53.272] {CMPL123__WF_Phase__c} Data retrieval (Target) has been completed. Got 11 new records.
 [20:41:53.276] {CMPL123__WF_Rule_Phase__c} Fetching the Target data from Org (STAGE 2: filtered records) ...
 [20:41:53.278] {CMPL123__WF_Rule_Phase__c} Query string: SELECT Id, Name, CMPL123__WF_Rule_Phase_External_Id__c, CMPL123__Order__c, CMPL123__Workflow_Phase__c, CMPL123__Workflow_Rule__c, CMPL123__Workflow_Phase__r.CMPL123__WF_Phase_External_Id__c, CMPL123__Workflow_Rule__r.CMPL123__WF_Rule_External_Id__c  FROM  CMPL123__WF_Rule_Phase__c WHERE CMPL123__WF_Rule_Phase_External_Id__c IN ('a1H5r0000019CIhEAM', 'a1H5r0000019CIiEAM', 'a1H5r0000019CIjEAM', 'qpa-complaints-phrule-001', 'qpa-complaints-phrule-002', 'qpa-complaints-phrule-003', 'qpa-complaints-phrule....
 [20:41:53.282] {CMPL123__WF_Rule_Phase__c} Using REST API to retrieve the data ...
 [20:41:53.530] {CMPL123__WF_Rule_Phase__c} Data retrieval (Target) has been completed. Got 11 new records.
 [20:41:53.533] {CMPL123__WF_Phase_Status__c} Fetching the Target data from Org (STAGE 2: filtered records) ...
 [20:41:53.534] {CMPL123__WF_Phase_Status__c} Query string: SELECT Id, CMPL123__WF_Phase_Status_External_Id__c, CMPL123__Workflow_Rule_Phase__c, CMPL123__Workflow_Status__c, Workflow_Phase__c, Workflow_Rule__c, Workflow_Status_hyperlink__c, CMPL123__Workflow_Rule_Phase__r.CMPL123__WF_Rule_Phase_External_Id__c... FROM  CMPL123__WF_Phase_Status__c WHERE CMPL123__WF_Phase_Status_External_Id__c IN ('a1F5r0000026qj1EAA', 'a1F5r0000026qj0EAA', 'a1F5r0000026qizEAA', 'a1F5r0000026qiyEAA', 'a1F5r0000026ifAEAQ', 'a1F5r0000026if9EAA', 'a1F5r0000026if8EAA', 'a1F5r0000026if7E....
 [20:41:53.537] {CMPL123__WF_Phase_Status__c} Using REST API to retrieve the data ...
 [20:41:54.104] {CMPL123__WF_Phase_Status__c} Data retrieval (Target) has been completed. Got 18 new records.
 [20:41:54.107] {CMPL123__X123Task__c} Fetching the Target data from Org (STAGE 2: filtered records) ...
 [20:41:54.108] {CMPL123__X123Task__c} Query string: SELECT Id, Name, CMPL123__Task_External_Id__c, CMPL123__Allow_Partial_Processing_for_123_Tasks__c, CMPL123__Description__c, CMPL123__Is_Active__c, CMPL123__Key_Value__c, CMPL123__Related_Object__c  FROM  CMPL123__X123Task__c WHERE CMPL123__Task_External_Id__c IN ('a1N5r000001WwqiEAC', 'a1N5r000001WwPxEAK', 'a1N5r000001W2xkEAC').
 [20:41:54.110] {CMPL123__X123Task__c} Using REST API to retrieve the data ...
 [20:41:54.273] {CMPL123__X123Task__c} Data retrieval (Target) has been completed. Got 3 new records.
 [20:41:54.276] {CMPL123__X123Job__c} Fetching the Target data from Org (STAGE 2: filtered records) ...
 [20:41:54.278] {CMPL123__X123Job__c} Query string: SELECT Id, Name, CMPL123__Job_External_Id__c, CMPL123__Child_Filter_Condition__c, CMPL123__Description__c, CMPL123__Is_Active__c, CMPL123__Job_Type__c, CMPL123__Related_Task__c, CMPL123__Workflow_Step__c, CMPL123__Related_Task__r.CMPL123__Task_Extern... FROM  CMPL123__X123Job__c WHERE CMPL123__Job_External_Id__c IN ('a1M5r000000sEtHEAU', 'a1M5r000001tkZjEAI', 'a1M5r000001tkV5EAI').
 [20:41:54.280] {CMPL123__X123Job__c} Using REST API to retrieve the data ...
 [20:41:54.549] {CMPL123__X123Job__c} Data retrieval (Target) has been completed. Got 3 new records.
 [20:41:54.552] {CMPL123__Valid_Child_Status__c} Fetching the Target data from Org (STAGE 2: filtered records) ...
 [20:41:54.553] {CMPL123__Valid_Child_Status__c} Query string: SELECT Id, Name, CMPL123__Valid_Child_Status_External_Id__c, CMPL123__Parent_Workflow_Step__c, CMPL123__Child_Relationship__c, CMPL123__Description__c, CMPL123__Required_Child_Workflow_Status__c, Parent_Workflow_Action__c, Parent_Workflow_Rule__c, Ch... FROM  CMPL123__Valid_Child_Status__c WHERE CMPL123__Valid_Child_Status_External_Id__c IN ('qpa-utility-inv-00001', 'qpa-utility-inv-00002', 'qpa-utility-inv-00003', 'qpa-utility-inv-00004', 'qpa-utility-inv-00005', 'qpa-utility-inv-00006', 'qpa-complaints....
 [20:41:54.558] {CMPL123__Valid_Child_Status__c} Using REST API to retrieve the data ...
 [20:41:54.719] {CMPL123__Valid_Child_Status__c} Data retrieval (Target) has been completed. Got 0 new records.
 [20:41:54.722] {CMPL123__WF_Step_Extension__c} Fetching the Target data from Org (STAGE 2: filtered records) ...
 [20:41:54.724] {CMPL123__WF_Step_Extension__c} Query string: SELECT Id, Name, CMPL123__External_Id__c, CMPL123__Parent_Workflow_Step__c, CMPL123__Apply_To_Automated_User__c, CMPL123__Are_Child_Files_Locked__c, CMPL123__Is_Record_Lock_Required__c, CMPL123__Is_Related_Lists_Locked__c, CMPL123__Object_Related_Lis... FROM  CMPL123__WF_Step_Extension__c WHERE CMPL123__External_Id__c IN ('a1K5r000006ydv3EAA', 'a1K5r000006ytOXEAY', 'a1K5r0000070oWeEAI', 'a1K5r000007070iEAA', 'a1K5r00000707bOEAQ', 'a1K5r00000707y6EAA', 'a1K5r00000707iaEAA', 'a1K5r000006yfFjEAI', 'a1K5r000....
 [20:41:54.727] {CMPL123__WF_Step_Extension__c} Using REST API to retrieve the data ...
 [20:41:55.249] {CMPL123__WF_Step_Extension__c} Data retrieval (Target) has been completed. Got 18 new records.
 [20:41:55.251] Data retrieval (STAGE 2) has been completed.
 [20:41:55.252] newLine
 TRIGGERING ADD-ON EVENTS ...
 [20:41:55.255] No Add-On modules found to run.
 [20:41:55.257] newLine
 [20:41:55.258] newLine
 DATA RETRIEVAL SUMMARY.
 [20:41:55.261] {CMPL123__WF_Rule__c} The total amount of the retrieved records: 3/3.
 [20:41:55.262] {CMPL123__WF_Step__c} The total amount of the retrieved records: 31/28.
 [20:41:55.264] {CMPL123__Record_Access_Rule__c} The total amount of the retrieved records: 0/0.
 [20:41:55.265] {CMPL123__AuditTrail_Config__c} The total amount of the retrieved records: 152/152.
 [20:41:55.267] {CMPL123__WF_Action__c} The total amount of the retrieved records: 21/21.
 [20:41:55.268] {CMPL123__WF_Status__c} The total amount of the retrieved records: 19/19.
 [20:41:55.270] {CMPL123__WF_Phase__c} The total amount of the retrieved records: 11/11.
 [20:41:55.272] {CMPL123__WF_Rule_Phase__c} The total amount of the retrieved records: 11/11.
 [20:41:55.273] {CMPL123__WF_Phase_Status__c} The total amount of the retrieved records: 18/18.
 [20:41:55.275] {CMPL123__Context_Based_Security__c} The total amount of the retrieved records: 0/0.
 [20:41:55.277] {CMPL123__X123Task__c} The total amount of the retrieved records: 3/3.
 [20:41:55.278] {CMPL123__X123Job__c} The total amount of the retrieved records: 3/3.
 [20:41:55.279] {CMPL123__Job_Field_Map__c} The total amount of the retrieved records: 0/0.
 [20:41:55.281] {CMPL123__Valid_Child_Status__c} The total amount of the retrieved records: 156/0.
 [20:41:55.282] {CMPL123__WF_Step_Extension__c} The total amount of the retrieved records: 20/18.
 [20:41:55.285] newLine
 UPDATING THE TARGET (STAGE 1) ...
 [20:41:55.292] {CMPL123__WF_Rule__c} 3 target records remained untouched, since they do not differ from the corresponding source records.
 [20:41:55.295] {CMPL123__WF_Action__c} 21 target records remained untouched, since they do not differ from the corresponding source records.
 [20:41:55.298] {CMPL123__WF_Status__c} 19 target records remained untouched, since they do not differ from the corresponding source records.
 [20:41:55.306] {CMPL123__WF_Step__c} Amount of records to Insert: 3.
 [20:41:55.313] {CMPL123__WF_Step__c} The Insert API operation has been started using REST API.
 [20:41:55.315] [Job# REST:Insert] {CMPL123__WF_Step__c} The job has been created. Uploading data ...
 [20:42:03.606] {CMPL123__WF_Step__c} The Insert API operation has been completed.
 [20:42:03.611] {CMPL123__WF_Step__c} Amount of records to Update: 14.
 [20:42:03.613] {CMPL123__WF_Step__c} The Update API operation has been started using REST API.
 [20:42:03.614] [Job# REST:Update] {CMPL123__WF_Step__c} The job has been created. Uploading data ...
 [20:42:05.607] {CMPL123__WF_Step__c} The Update API operation has been completed.
 [20:42:05.615] {CMPL123__WF_Step__c} 14 target records remained untouched, since they do not differ from the corresponding source records.
 [20:42:05.617] {CMPL123__WF_Step__c} The Target has been updated. Totally processed 17 records.
 [20:42:05.618] newLine
 [20:42:05.620] {CMPL123__WF_Phase__c} 11 target records remained untouched, since they do not differ from the corresponding source records.
 [20:42:05.623] {CMPL123__WF_Rule_Phase__c} 11 target records remained untouched, since they do not differ from the corresponding source records.
 [20:42:05.625] {CMPL123__WF_Phase_Status__c} 18 target records remained untouched, since they do not differ from the corresponding source records.
 [20:42:05.627] {CMPL123__X123Task__c} 3 target records remained untouched, since they do not differ from the corresponding source records.
 [20:42:05.630] {CMPL123__X123Job__c} 3 target records remained untouched, since they do not differ from the corresponding source records.
 [20:42:05.636] {CMPL123__Valid_Child_Status__c} Amount of records to Insert: 156.
 [20:42:05.639] {CMPL123__Valid_Child_Status__c} The Insert API operation has been started using REST API.
 [20:42:05.641] [Job# REST:Insert] {CMPL123__Valid_Child_Status__c} The job has been created. Uploading data ...
 [20:42:07.424] {CMPL123__Valid_Child_Status__c} The Insert API operation has been completed.
 [20:42:07.440] {CMPL123__Valid_Child_Status__c} The Target has been updated. Totally processed 156 records.
 [20:42:07.442] newLine
 [20:42:07.445] {CMPL123__WF_Step_Extension__c} Amount of records to Insert: 2.
 [20:42:07.447] {CMPL123__WF_Step_Extension__c} The Insert API operation has been started using REST API.
 [20:42:07.449] [Job# REST:Insert] {CMPL123__WF_Step_Extension__c} The job has been created. Uploading data ...
 [20:42:14.139] {CMPL123__WF_Step_Extension__c} The Insert API operation has been completed.
 [20:42:14.145] {CMPL123__WF_Step_Extension__c} 18 target records remained untouched, since they do not differ from the corresponding source records.
 [20:42:14.147] {CMPL123__WF_Step_Extension__c} The Target has been updated. Totally processed 2 records.
 [20:42:14.149] newLine
 [20:42:14.152] {CMPL123__AuditTrail_Config__c} Amount of records to Update: 4.
 [20:42:14.155] {CMPL123__AuditTrail_Config__c} The Update API operation has been started using REST API.
 [20:42:14.157] [Job# REST:Update] {CMPL123__AuditTrail_Config__c} The job has been created. Uploading data ...
 [20:42:14.994] {CMPL123__AuditTrail_Config__c} The Update API operation has been completed.
 [20:42:15.131] {CMPL123__AuditTrail_Config__c} 148 target records remained untouched, since they do not differ from the corresponding source records.
 [20:42:15.133] {CMPL123__AuditTrail_Config__c} The Target has been updated. Totally processed 4 records.
 [20:42:15.159] newLine
 [20:42:15.162] newLine
 [20:42:15.163] The Target (STAGE 1) has been updated. Totally processed 179 records.
 [20:42:15.165] newLine
 UPDATING THE TARGET (STAGE 2) ...
 [20:42:15.170] newLine
 [20:42:15.172] PASS 1
 =============
 [20:42:15.190] {CMPL123__WF_Step__c} 14 target records remained untouched, since they do not differ from the corresponding source records.
 [20:42:15.193] {CMPL123__WF_Rule_Phase__c} 11 target records remained untouched, since they do not differ from the corresponding source records.
 [20:42:15.196] {CMPL123__WF_Phase_Status__c} 18 target records remained untouched, since they do not differ from the corresponding source records.
 [20:42:15.270] {CMPL123__X123Job__c} 3 target records remained untouched, since they do not differ from the corresponding source records.
 [20:42:15.278] {CMPL123__WF_Step_Extension__c} 18 target records remained untouched, since they do not differ from the corresponding source records.
 [20:42:15.284] newLine
 [20:42:15.286] PASS 2
 =============
 [20:42:15.294] {CMPL123__WF_Step__c} 14 target records remained untouched, since they do not differ from the corresponding source records.
 [20:42:15.297] {CMPL123__WF_Rule_Phase__c} 11 target records remained untouched, since they do not differ from the corresponding source records.
 [20:42:15.300] {CMPL123__WF_Phase_Status__c} 18 target records remained untouched, since they do not differ from the corresponding source records.
 [20:42:15.303] {CMPL123__X123Job__c} 3 target records remained untouched, since they do not differ from the corresponding source records.
 [20:42:15.356] {CMPL123__WF_Step_Extension__c} 18 target records remained untouched, since they do not differ from the corresponding source records.
 [20:42:15.358] newLine
 [20:42:15.360] Nothing was updated.
 [20:42:15.361] newLine
 TRIGGERING ADD-ON EVENTS ...
 [20:42:15.364] No Add-On modules found to run.
 [20:42:15.365] newLine
 [20:42:15.367] newLine
 DATA PROCESSING SUMMARY.
 [20:42:15.370] {CMPL123__WF_Rule__c} Totally processed 0 records.
 [20:42:15.371] {CMPL123__WF_Step__c} Totally processed 17 records.
 [20:42:15.372] {CMPL123__Record_Access_Rule__c} Totally processed 0 records.
 [20:42:15.374] {CMPL123__AuditTrail_Config__c} Totally processed 4 records.
 [20:42:15.375] {CMPL123__WF_Action__c} Totally processed 0 records.
 [20:42:15.377] {CMPL123__WF_Status__c} Totally processed 0 records.
 [20:42:15.378] {CMPL123__WF_Phase__c} Totally processed 0 records.
 [20:42:15.379] {CMPL123__WF_Rule_Phase__c} Totally processed 0 records.
 [20:42:15.382] {CMPL123__WF_Phase_Status__c} Totally processed 0 records.
 [20:42:15.384] {CMPL123__Context_Based_Security__c} Totally processed 0 records.
 [20:42:15.416] {CMPL123__X123Task__c} Totally processed 0 records.
 [20:42:15.418] {CMPL123__X123Job__c} Totally processed 0 records.
 [20:42:15.419] {CMPL123__Job_Field_Map__c} Totally processed 0 records.
 [20:42:15.421] {CMPL123__Valid_Child_Status__c} Totally processed 156 records.
 [20:42:15.423] {CMPL123__WF_Step_Extension__c} Totally processed 2 records.
 [20:42:15.424] newLine
 [20:42:15.426] Writing to C:\Users\Himanshu.Desai\Documents\GitHub\GCHS-Release-1\sfdmu-data\MissingParentRecordsReport.csv ...
 [20:42:15.429] newLine
 [20:42:15.431] newLine
 TRIGGERING ADD-ON EVENTS ...
 [20:42:15.434] No Add-On modules found to run.
 [20:42:15.435] newLine

 [20:42:16.77] Command succeeded.
 [20:42:16.81] Execution of the command sfdmu:run has been completed. Exit code 0 (SUCCESS).
 [20:42:16.86] Total time elapsed: 00h 01m 04s 408ms .