
 [15:36:13.875] Execution of the command sfdmu:run has been started.
 [15:36:13.880] newLine
 LOADING AND VALIDATING THE EXPORT.JSON SCRIPT ...
 [15:36:13.935] newLine
 OBJECT SET #1 STARTED
 [15:36:13.940] newLine
 {
   "Running Plugin version": "4.33.15"
}
 {
   "Running Add-On API version": "1.5.0"
}
 [15:36:13.969] newLine
 [15:36:13.971] Loading Core Add-On Module declarations ...
 [15:36:13.973] 

### The job is running in the SIMULATION MODE ###


 [15:36:14.185] Connecting to the olympus-dev using SFDX sf org display ...
 [15:36:19.569] Successfully connected to the olympus-dev.
 {
   "Source": "csvfile.",
   "Target": "olympus-dev.",
   "Package script": "C:\\SalesForce\\olympus-dx\\sfdmu-data\\export.json."
}
 [15:36:21.451] newLine
 GETTING AND ANALYSING OBJECT METADATA ...
 [15:36:21.454] Processing the object CMPL123__WF_Rule__c ...
 [15:36:21.457] Fetching metadata of the CMPL123__WF_Rule__c (Target) ...
 [15:36:22.702] Processing the object CMPL123__WF_Step__c ...
 [15:36:22.705] Fetching metadata of the CMPL123__WF_Step__c (Target) ...
 [15:36:24.512] Processing the object CMPL123__WF_Phase__c ...
 [15:36:24.515] Fetching metadata of the CMPL123__WF_Phase__c (Target) ...
 [15:36:26.131] Processing the object CMPL123__WF_Rule_Phase__c ...
 [15:36:26.133] Fetching metadata of the CMPL123__WF_Rule_Phase__c (Target) ...
 [15:36:27.752] Processing the object CMPL123__WF_Phase_Status__c ...
 [15:36:27.754] Fetching metadata of the CMPL123__WF_Phase_Status__c (Target) ...
 [15:36:29.51] Processing the object CMPL123__Context_Based_Security__c ...
 [15:36:29.54] Fetching metadata of the CMPL123__Context_Based_Security__c (Target) ...
 [15:36:30.664] Processing the object CMPL123__Job_Field_Map__c ...
 [15:36:30.666] Fetching metadata of the CMPL123__Job_Field_Map__c (Target) ...
 [15:36:31.540] Processing the object CMPL123__Record_Access_Rule__c ...
 [15:36:31.542] Fetching metadata of the CMPL123__Record_Access_Rule__c (Target) ...
 [15:36:32.729] Processing the object CMPL123__Valid_Child_Status__c ...
 [15:36:32.731] Fetching metadata of the CMPL123__Valid_Child_Status__c (Target) ...
 [15:36:33.976] Processing the object CMPL123__WF_Action__c ...
 [15:36:33.979] Fetching metadata of the CMPL123__WF_Action__c (Target) ...
 [15:36:34.827] Processing the object CMPL123__WF_Status__c ...
 [15:36:34.829] Fetching metadata of the CMPL123__WF_Status__c (Target) ...
 [15:36:35.647] Processing the object CMPL123__X123Job__c ...
 [15:36:35.650] Fetching metadata of the CMPL123__X123Job__c (Target) ...
 [15:36:37.332] Processing the object CMPL123__X123Task__c ...
 [15:36:37.335] Fetching metadata of the CMPL123__X123Task__c (Target) ...
 [15:36:38.676] Processing the object CMPL123__WF_Step_Extension__c ...
 [15:36:38.679] Fetching metadata of the CMPL123__WF_Step_Extension__c (Target) ...
 [15:36:39.495] Fetching metadata of the Group (Target) ...
 [15:36:40.251] Processing the object CMPL123__WF_Step_Extension__c ...
 [15:36:40.255] Processing the object CMPL123__X123Task__c ...
 [15:36:40.257] Processing the object CMPL123__X123Job__c ...
 [15:36:40.259] Processing the object CMPL123__WF_Status__c ...
 [15:36:40.261] Processing the object CMPL123__WF_Action__c ...
 [15:36:40.262] Processing the object CMPL123__Valid_Child_Status__c ...
 [15:36:40.265] Processing the object CMPL123__Record_Access_Rule__c ...
 [15:36:40.266] Processing the object CMPL123__Job_Field_Map__c ...
 [15:36:40.269] Processing the object CMPL123__Context_Based_Security__c ...
 [15:36:40.271] Processing the object CMPL123__WF_Phase_Status__c ...
 [15:36:40.273] Processing the object CMPL123__WF_Rule_Phase__c ...
 [15:36:40.275] Processing the object CMPL123__WF_Phase__c ...
 [15:36:40.276] Processing the object CMPL123__WF_Step__c ...
 [15:36:40.279] Processing the object CMPL123__WF_Rule__c ...
 [15:36:40.284] newLine
 PREPARING DATA MIGRATION JOB ...
 [15:36:40.288] Building the migration strategy ...
 {
   "Order of objects to query": "CMPL123__WF_Rule__c; CMPL123__WF_Step__c; CMPL123__Record_Access_Rule__c; CMPL123__WF_Action__c; CMPL123__WF_Status__c; CMPL123__WF_Phase__c; CMPL123__WF_Rule_Phase__c; CMPL123__WF_Phase_Status__c; CMPL123__Context_Based_Security__c; CMPL123__X123Task__c; CMPL123__X123Job__c; CMPL123__Job_Field_Map__c; CMPL123__Valid_Child_Status__c; CMPL123__WF_Step_Extension__c"
}
 {
   "Order of objects to delete": "CMPL123__WF_Step_Extension__c; CMPL123__Valid_Child_Status__c; CMPL123__Record_Access_Rule__c; CMPL123__Job_Field_Map__c; CMPL123__X123Job__c; CMPL123__X123Task__c; CMPL123__Context_Based_Security__c; CMPL123__WF_Phase_Status__c; CMPL123__WF_Rule_Phase__c; CMPL123__WF_Phase__c; CMPL123__WF_Step__c; CMPL123__WF_Status__c; CMPL123__WF_Action__c; CMPL123__WF_Rule__c"
}
 {
   "Order of objects to update": "CMPL123__WF_Rule__c; CMPL123__WF_Action__c; CMPL123__WF_Status__c; CMPL123__WF_Step__c; CMPL123__WF_Phase__c; CMPL123__WF_Rule_Phase__c; CMPL123__WF_Phase_Status__c; CMPL123__Context_Based_Security__c; CMPL123__X123Task__c; CMPL123__X123Job__c; CMPL123__Job_Field_Map__c; CMPL123__Record_Access_Rule__c; CMPL123__Valid_Child_Status__c; CMPL123__WF_Step_Extension__c"
}
 [15:36:40.441] Validation of the source CSV files ...
 [15:36:40.664] Writing to C:\SalesForce\olympus-dx\sfdmu-data\source\CMPL123__WF_Step__c_source.csv ...
 [15:36:40.751] Writing to C:\SalesForce\olympus-dx\sfdmu-data\source\CMPL123__WF_Rule_Phase__c_source.csv ...
 [15:36:40.755] Writing to C:\SalesForce\olympus-dx\sfdmu-data\source\CMPL123__WF_Phase_Status__c_source.csv ...
 [15:36:40.760] Writing to C:\SalesForce\olympus-dx\sfdmu-data\source\CMPL123__X123Job__c_source.csv ...
 [15:36:40.765] Writing to C:\SalesForce\olympus-dx\sfdmu-data\source\CMPL123__WF_Step_Extension__c_source.csv ...
 [15:36:40.773] Amount of updated source CSV files: 5.
 [15:36:40.774] No issues were found in the source CSV files.
 [15:36:40.776] Processing the source CSV files has been completed.
 [15:36:40.778] Preparing of the data migration job has been completed.
 [15:36:40.780] newLine
 ANALYSING DATA...
 [15:36:41.85] {CMPL123__WF_Rule__c} The original query string of this object is returning 3 records from the Target org.
 [15:36:41.787] {CMPL123__WF_Action__c} The original query string of this object is returning 230 records from the Target org.
 [15:36:42.501] {CMPL123__WF_Status__c} The original query string of this object is returning 162 records from the Target org.
 [15:36:42.824] {CMPL123__WF_Step__c} The original query string of this object is returning 36 records from the Target org.
 [15:36:43.115] {CMPL123__WF_Phase__c} The original query string of this object is returning 45 records from the Target org.
 [15:36:43.390] {CMPL123__WF_Rule_Phase__c} The original query string of this object is returning 64 records from the Target org.
 [15:36:43.667] {CMPL123__WF_Phase_Status__c} The original query string of this object is returning 103 records from the Target org.
 [15:36:44.429] {CMPL123__Context_Based_Security__c} The original query string of this object is returning 0 records from the Target org.
 [15:36:44.723] {CMPL123__X123Task__c} The original query string of this object is returning 13 records from the Target org.
 [15:36:44.995] {CMPL123__X123Job__c} The original query string of this object is returning 14 records from the Target org.
 [15:36:45.304] {CMPL123__Job_Field_Map__c} The original query string of this object is returning 6 records from the Target org.
 [15:36:46.13] {CMPL123__Record_Access_Rule__c} The original query string of this object is returning 0 records from the Target org.
 [15:36:46.700] {CMPL123__Valid_Child_Status__c} The original query string of this object is returning 256 records from the Target org.
 [15:36:46.976] {CMPL123__WF_Step_Extension__c} The original query string of this object is returning 86 records from the Target org.
 [15:36:46.979] newLine
 TRIGGERING ADD-ON EVENTS ...
 [15:36:46.982] No Add-On modules found to run.
 [15:36:46.984] newLine
 [15:36:46.986] Ready to process the data.
 [15:36:46.988] newLine
 DELETING OLD DATA FROM THE TARGET ...
 [15:36:46.991] {CMPL123__WF_Step_Extension__c} No records to delete.
 [15:36:46.993] {CMPL123__Valid_Child_Status__c} Deleting old records from the Target ...
 [15:36:47.278] {CMPL123__Valid_Child_Status__c} No records to delete.
 [15:36:47.280] {CMPL123__Record_Access_Rule__c} No records to delete.
 [15:36:47.283] {CMPL123__Job_Field_Map__c} No records to delete.
 [15:36:47.286] {CMPL123__X123Job__c} No records to delete.
 [15:36:47.288] {CMPL123__X123Task__c} No records to delete.
 [15:36:47.290] {CMPL123__Context_Based_Security__c} No records to delete.
 [15:36:47.292] {CMPL123__WF_Phase_Status__c} No records to delete.
 [15:36:47.294] {CMPL123__WF_Rule_Phase__c} No records to delete.
 [15:36:47.296] {CMPL123__WF_Phase__c} No records to delete.
 [15:36:47.298] {CMPL123__WF_Step__c} No records to delete.
 [15:36:47.299] {CMPL123__WF_Status__c} No records to delete.
 [15:36:47.301] {CMPL123__WF_Action__c} No records to delete.
 [15:36:47.303] {CMPL123__WF_Rule__c} No records to delete.
 [15:36:47.305] Deleting data was skipped.
 [15:36:47.308] newLine
 SOURCE:
 =============
 [15:36:47.314] newLine
 FETCHING THE DATA (STAGE 1) ...
 [15:36:47.320] {CMPL123__WF_Rule__c} Fetching the Source data from CSV file (STAGE 1: all records) ...
 [15:36:47.335] {CMPL123__WF_Rule__c} Data retrieval (Source) has been completed. Got 3 new records.
 [15:36:47.339] {CMPL123__WF_Step__c} Fetching the Source data from CSV file (STAGE 1: all records) ...
 [15:36:47.407] {CMPL123__WF_Step__c} Data retrieval (Source) has been completed. Got 36 new records.
 [15:36:47.411] {CMPL123__Record_Access_Rule__c} Fetching the Source data from CSV file (STAGE 1: all records) ...
 [15:36:47.414] {CMPL123__Record_Access_Rule__c} Data retrieval (Source) has been completed. Got 0 new records.
 [15:36:47.416] {CMPL123__WF_Action__c} Fetching the Source data from CSV file (STAGE 1: all records) ...
 [15:36:47.425] {CMPL123__WF_Action__c} Data retrieval (Source) has been completed. Got 23 new records.
 [15:36:47.427] {CMPL123__WF_Status__c} Fetching the Source data from CSV file (STAGE 1: all records) ...
 [15:36:47.435] {CMPL123__WF_Status__c} Data retrieval (Source) has been completed. Got 18 new records.
 [15:36:47.438] {CMPL123__WF_Phase__c} Fetching the Source data from CSV file (STAGE 1: all records) ...
 [15:36:47.445] {CMPL123__WF_Phase__c} Data retrieval (Source) has been completed. Got 7 new records.
 [15:36:47.447] {CMPL123__WF_Rule_Phase__c} Fetching the Source data from CSV file (STAGE 1: all records) ...
 [15:36:47.453] {CMPL123__WF_Rule_Phase__c} Data retrieval (Source) has been completed. Got 8 new records.
 [15:36:47.455] {CMPL123__WF_Phase_Status__c} Fetching the Source data from CSV file (STAGE 1: all records) ...
 [15:36:47.465] {CMPL123__WF_Phase_Status__c} Data retrieval (Source) has been completed. Got 15 new records.
 [15:36:47.467] {CMPL123__Context_Based_Security__c} Fetching the Source data from CSV file (STAGE 1: all records) ...
 [15:36:47.473] {CMPL123__Context_Based_Security__c} Data retrieval (Source) has been completed. Got 0 new records.
 [15:36:47.478] {CMPL123__X123Task__c} Fetching the Source data from CSV file (STAGE 1: all records) ...
 [15:36:47.482] {CMPL123__X123Task__c} Data retrieval (Source) has been completed. Got 5 new records.
 [15:36:47.484] {CMPL123__X123Job__c} Fetching the Source data from CSV file (STAGE 1: all records) ...
 [15:36:47.488] {CMPL123__X123Job__c} Data retrieval (Source) has been completed. Got 5 new records.
 [15:36:47.490] {CMPL123__Job_Field_Map__c} Fetching the Source data from CSV file (STAGE 1: all records) ...
 [15:36:47.492] {CMPL123__Job_Field_Map__c} Data retrieval (Source) has been completed. Got 0 new records.
 [15:36:47.494] {CMPL123__Valid_Child_Status__c} Fetching the Source data from CSV file (STAGE 1: all records) ...
 [15:36:47.497] {CMPL123__Valid_Child_Status__c} Data retrieval (Source) has been completed. Got 0 new records.
 [15:36:47.499] {CMPL123__WF_Step_Extension__c} Fetching the Source data from CSV file (STAGE 1: all records) ...
 [15:36:47.510] {CMPL123__WF_Step_Extension__c} Data retrieval (Source) has been completed. Got 35 new records.
 [15:36:47.511] Data retrieval (STAGE 1) has been completed.
 [15:36:47.513] newLine
 FETCHING THE DATA (STAGE 2) ...
 [15:36:47.517] PASS 1
 =============
 [15:36:47.520] No records
 [15:36:47.521] newLine
 [15:36:47.523] PASS 2
 =============
 [15:36:47.525] No records
 [15:36:47.527] newLine
 [15:36:47.528] PASS 3
 =============
 [15:36:47.531] No records
 [15:36:47.532] newLine
 [15:36:47.534] PASS 4
 =============
 [15:36:47.536] No records
 [15:36:47.538] newLine
 TARGET:
 =============
 [15:36:47.542] {CMPL123__WF_Rule__c} Fetching the Target data from Org (STAGE 2: all records) ...
 [15:36:47.544] {CMPL123__WF_Rule__c} Query string: SELECT Id, Name, CMPL123__WF_Rule_External_Id__c, CMPL123__Description__c, CMPL123__Has_Cycle_Time_Metrics_Fields__c, CMPL123__Has_Multiple_Actions__c, CMPL123__Is_Active__c, CMPL123__Record_Type__c, CMPL123__Target_Object__c, CMPL123__Target_Object_... FROM  CMPL123__WF_Rule__c WHERE Name in ('Due Diligence Workflow', 'eMDR Workflow', 'Assessment (US MDR)').
 [15:36:47.548] {CMPL123__WF_Rule__c} Using REST API to retrieve the data ...
 [15:36:47.909] {CMPL123__WF_Rule__c} Data retrieval (Target) has been completed. Got 3 new records.
 [15:36:47.911] {CMPL123__WF_Step__c} Fetching the Target data from Org (STAGE 2: all records) ...
 [15:36:47.913] {CMPL123__WF_Step__c} Query string: SELECT Id, CMPL123__WF_Step_External_Id__c, CMPL123__WF_Rule__c, CMPL123__Action__c, CMPL123__Are_Child_Files_Locked__c, CMPL123__Are_Child_Records_Locked__c, CMPL123__End_Status__c, CMPL123__Is_Record_Lock_Required__c, CMPL123__Is_Related_Lists_Lock... FROM  CMPL123__WF_Step__c WHERE CMPL123__WF_Rule__r.Name in ('Due Diligence Workflow', 'eMDR Workflow', 'Assessment (US MDR)').
 [15:36:47.916] {CMPL123__WF_Step__c} Using REST API to retrieve the data ...
 [15:36:48.824] {CMPL123__WF_Step__c} Data retrieval (Target) has been completed. Got 36 new records.
 [15:36:48.827] {CMPL123__Record_Access_Rule__c} Fetching the Target data from Org (STAGE 2: all records) ...
 [15:36:48.829] {CMPL123__Record_Access_Rule__c} Query string: SELECT Id, Name, CMPL123__Record_Access_Rule_External_Id__c, CMPL123__API_Path_to_User_Relationship__c, CMPL123__Active_of_the_rule__c, CMPL123__Apex_Sharing_Reason__c, CMPL123__Child_Objects__c, CMPL123__Target_Object__c, CMPL123__User_Field_Name__c... FROM  CMPL123__Record_Access_Rule__c.
 [15:36:48.832] {CMPL123__Record_Access_Rule__c} Using REST API to retrieve the data ...
 [15:36:49.115] {CMPL123__Record_Access_Rule__c} Data retrieval (Target) has been completed. Got 0 new records.
 [15:36:49.120] {CMPL123__WF_Action__c} Fetching the Target data from Org (STAGE 2: filtered records) ...
 [15:36:49.121] {CMPL123__WF_Action__c} Query string: SELECT Id, Name, CMPL123__WF_Action_External_Id__c, CMPL123__Action_Custom_Label__c, CMPL123__Comment_Type__c, CMPL123__Description__c, CMPL123__E_Sign_Message_Custom_Label__c, CMPL123__Esign_Message__c, CMPL123__Generic_Comment__c, CMPL123__Is_Comme... FROM  CMPL123__WF_Action__c WHERE CMPL123__WF_Action_External_Id__c IN ('qpa-common-00015', 'qpa-common-00032', 'qpa-common-00038', 'qpa-common-00042', 'qpa-common-00080', 'qpa-common-00138', 'qpa-common-00139', 'qpa-common-00158', 'qpa-common-00159', 'qp....
 [15:36:49.130] {CMPL123__WF_Action__c} Using REST API to retrieve the data ...
 [15:36:49.583] {CMPL123__WF_Action__c} Data retrieval (Target) has been completed. Got 23 new records.
 [15:36:49.587] {CMPL123__WF_Status__c} Fetching the Target data from Org (STAGE 2: filtered records) ...
 [15:36:49.588] {CMPL123__WF_Status__c} Query string: SELECT Id, Name, CMPL123__WF_Status_External_Id__c, CMPL123__Description__c, CMPL123__Status_Custom_Label__c  FROM  CMPL123__WF_Status__c WHERE CMPL123__WF_Status_External_Id__c IN ('qpa-common-00016', 'qpa-common-00020', 'qpa-common-00023', 'qpa-common-00035', 'qpa-common-00049', 'qpa-common-00050', 'qpa-common-00062', 'qpa-common-00063', 'qpa-common-00082', 'qp....
 [15:36:49.593] {CMPL123__WF_Status__c} Using REST API to retrieve the data ...
 [15:36:50.77] {CMPL123__WF_Status__c} Data retrieval (Target) has been completed. Got 18 new records.
 [15:36:50.79] {CMPL123__WF_Phase__c} Fetching the Target data from Org (STAGE 2: filtered records) ...
 [15:36:50.81] {CMPL123__WF_Phase__c} Query string: SELECT Id, Name, CMPL123__WF_Phase_External_Id__c, CMPL123__Description__c, CMPL123__Phase_Custom_Label__c, CMPL123__Work_Instructions_Custom_Label__c, CMPL123__Work_Instructions_HTML__c, CMPL123__Work_Instructions__c  FROM  CMPL123__WF_Phase__c WHERE CMPL123__WF_Phase_External_Id__c IN ('qpa-assess-phase-001', 'qpa-assess-phase-002', 'qpa-assess-phase-003', 'qpa-action-phase-004', 'qpa-capac-phase-002', 'a1G5r000001oavXEAQ', 'a1G5r0000020P4pEAE').
 [15:36:50.83] {CMPL123__WF_Phase__c} Using REST API to retrieve the data ...
 [15:36:50.815] {CMPL123__WF_Phase__c} Data retrieval (Target) has been completed. Got 7 new records.
 [15:36:50.820] {CMPL123__WF_Rule_Phase__c} Fetching the Target data from Org (STAGE 2: filtered records) ...
 [15:36:50.822] {CMPL123__WF_Rule_Phase__c} Query string: SELECT Id, Name, CMPL123__WF_Rule_Phase_External_Id__c, CMPL123__Order__c, CMPL123__Workflow_Phase__c, CMPL123__Workflow_Rule__c, CMPL123__Workflow_Phase__r.CMPL123__WF_Phase_External_Id__c, CMPL123__Workflow_Rule__r.CMPL123__WF_Rule_External_Id__c  FROM  CMPL123__WF_Rule_Phase__c WHERE CMPL123__WF_Rule_Phase_External_Id__c IN ('a1H5r00000190dcEAA', 'a1H5r00000190ddEAA', 'a1H5r00000190deEAA', 'a1H5r00000190dhEAA', 'a1H5r00000199jpEAA', 'a1H5r00000199jqEAA', 'a1H5r00000199jrEAA', 'a1H5r000001M0uIEAS').
 [15:36:50.824] {CMPL123__WF_Rule_Phase__c} Using REST API to retrieve the data ...
 [15:36:51.135] {CMPL123__WF_Rule_Phase__c} Data retrieval (Target) has been completed. Got 8 new records.
 [15:36:51.137] {CMPL123__WF_Phase_Status__c} Fetching the Target data from Org (STAGE 2: filtered records) ...
 [15:36:51.142] {CMPL123__WF_Phase_Status__c} Query string: SELECT Id, CMPL123__WF_Phase_Status_External_Id__c, CMPL123__Workflow_Rule_Phase__c, CMPL123__Workflow_Status__c, Workflow_Phase__c, Workflow_Rule__c, Workflow_Status_hyperlink__c, CMPL123__Workflow_Rule_Phase__r.CMPL123__WF_Rule_Phase_External_Id__c... FROM  CMPL123__WF_Phase_Status__c WHERE CMPL123__WF_Phase_Status_External_Id__c IN ('a1F5r00000274xrEAA', 'a1F5r00000274xqEAA', 'a1F5r00000273WmEAI', 'a1F5r0000026kcZEAQ', 'a1F5r0000026kcCEAQ', 'a1F5r0000026kcAEAQ', 'a1F5r0000026kc9EAA', 'a1F5r0000026kc8E....
 [15:36:51.145] {CMPL123__WF_Phase_Status__c} Using REST API to retrieve the data ...
 [15:36:52.119] {CMPL123__WF_Phase_Status__c} Data retrieval (Target) has been completed. Got 15 new records.
 [15:36:52.122] {CMPL123__X123Task__c} Fetching the Target data from Org (STAGE 2: filtered records) ...
 [15:36:52.123] {CMPL123__X123Task__c} Query string: SELECT Id, Name, CMPL123__Task_External_Id__c, CMPL123__Allow_Partial_Processing_for_123_Tasks__c, CMPL123__Description__c, CMPL123__Is_Active__c, CMPL123__Key_Value__c, CMPL123__Related_Object__c  FROM  CMPL123__X123Task__c WHERE CMPL123__Task_External_Id__c IN ('a1N5r000001WeDiEAK', 'a1N5r000001WegTEAS', 'a1N5r000001WegdEAC', 'a1N5r000001WrNsEAK', 'a1N5r000001WwQ2EAK').
 [15:36:52.126] {CMPL123__X123Task__c} Using REST API to retrieve the data ...
 [15:36:52.851] {CMPL123__X123Task__c} Data retrieval (Target) has been completed. Got 5 new records.
 [15:36:52.854] {CMPL123__X123Job__c} Fetching the Target data from Org (STAGE 2: filtered records) ...
 [15:36:52.856] {CMPL123__X123Job__c} Query string: SELECT Id, Name, CMPL123__Job_External_Id__c, CMPL123__Child_Filter_Condition__c, CMPL123__Description__c, CMPL123__Is_Active__c, CMPL123__Job_Type__c, CMPL123__Related_Task__c, CMPL123__Workflow_Step__c, CMPL123__Related_Task__r.CMPL123__Task_Extern... FROM  CMPL123__X123Job__c WHERE CMPL123__Job_External_Id__c IN ('a1M5r000001tcEZEAY', 'a1M5r000001td9pEAA', 'a1M5r000001tdA9EAI', 'a1M5r000001thvhEAA', 'a1M5r000001tkV0EAI').
 [15:36:52.859] {CMPL123__X123Job__c} Using REST API to retrieve the data ...
 [15:36:53.340] {CMPL123__X123Job__c} Data retrieval (Target) has been completed. Got 5 new records.
 [15:36:53.344] {CMPL123__WF_Step_Extension__c} Fetching the Target data from Org (STAGE 2: filtered records) ...
 [15:36:53.346] {CMPL123__WF_Step_Extension__c} Query string: SELECT Id, Name, CMPL123__External_Id__c, CMPL123__Parent_Workflow_Step__c, CMPL123__Apply_To_Automated_User__c, CMPL123__Are_Child_Files_Locked__c, CMPL123__Is_Record_Lock_Required__c, CMPL123__Is_Related_Lists_Locked__c, CMPL123__Object_Related_Lis... FROM  CMPL123__WF_Step_Extension__c WHERE CMPL123__External_Id__c IN ('a1K5r000006ybO5EAI', 'a1K5r000006ybOAEAY', 'a1K5r000006ybOFEAY', 'a1K5r000006ybOKEAY', 'a1K5r000006ybOPEAY', 'a1K5r000006ybOUEAY', 'a1K5r000006ybOZEAY', 'a1K5r000006ybOeEAI', 'a1K5r000....
 [15:36:53.350] {CMPL123__WF_Step_Extension__c} Using REST API to retrieve the data ...
 [15:36:53.882] {CMPL123__WF_Step_Extension__c} Data retrieval (Target) has been completed. Got 35 new records.
 [15:36:53.885] Data retrieval (STAGE 2) has been completed.
 [15:36:53.886] newLine
 TRIGGERING ADD-ON EVENTS ...
 [15:36:53.890] No Add-On modules found to run.
 [15:36:53.892] newLine
 [15:36:53.893] newLine
 DATA RETRIEVAL SUMMARY.
 [15:36:53.897] {CMPL123__WF_Rule__c} The total amount of the retrieved records: 3/3.
 [15:36:53.899] {CMPL123__WF_Step__c} The total amount of the retrieved records: 36/36.
 [15:36:53.901] {CMPL123__Record_Access_Rule__c} The total amount of the retrieved records: 0/0.
 [15:36:53.903] {CMPL123__WF_Action__c} The total amount of the retrieved records: 23/23.
 [15:36:53.907] {CMPL123__WF_Status__c} The total amount of the retrieved records: 18/18.
 [15:36:53.909] {CMPL123__WF_Phase__c} The total amount of the retrieved records: 7/7.
 [15:36:53.911] {CMPL123__WF_Rule_Phase__c} The total amount of the retrieved records: 8/8.
 [15:36:53.912] {CMPL123__WF_Phase_Status__c} The total amount of the retrieved records: 15/15.
 [15:36:53.914] {CMPL123__Context_Based_Security__c} The total amount of the retrieved records: 0/0.
 [15:36:53.915] {CMPL123__X123Task__c} The total amount of the retrieved records: 5/5.
 [15:36:53.917] {CMPL123__X123Job__c} The total amount of the retrieved records: 5/5.
 [15:36:53.918] {CMPL123__Job_Field_Map__c} The total amount of the retrieved records: 0/0.
 [15:36:53.920] {CMPL123__Valid_Child_Status__c} The total amount of the retrieved records: 0/0.
 [15:36:53.921] {CMPL123__WF_Step_Extension__c} The total amount of the retrieved records: 35/35.
 [15:36:53.924] newLine
 UPDATING THE TARGET (STAGE 1) ...
 [15:36:53.932] {CMPL123__WF_Rule__c} 3 target records remained untouched, since they do not differ from the corresponding source records.
 [15:36:53.934] {CMPL123__WF_Action__c} 23 target records remained untouched, since they do not differ from the corresponding source records.
 [15:36:53.936] {CMPL123__WF_Status__c} 18 target records remained untouched, since they do not differ from the corresponding source records.
 [15:36:53.943] {CMPL123__WF_Step__c} Amount of records to Update: 16.
 [15:36:53.948] {CMPL123__WF_Step__c} The Update API operation has been started using REST API (SIMULATION MODE).
 [15:36:53.950] {CMPL123__WF_Step__c} The Update API operation has been completed.
 [15:36:53.956] {CMPL123__WF_Step__c} 20 target records remained untouched, since they do not differ from the corresponding source records.
 [15:36:53.958] {CMPL123__WF_Step__c} The Target has been updated. Totally processed 16 records.
 [15:36:53.960] newLine
 [15:36:53.962] {CMPL123__WF_Phase__c} 7 target records remained untouched, since they do not differ from the corresponding source records.
 [15:36:53.966] {CMPL123__WF_Rule_Phase__c} 8 target records remained untouched, since they do not differ from the corresponding source records.
 [15:36:53.968] {CMPL123__WF_Phase_Status__c} 15 target records remained untouched, since they do not differ from the corresponding source records.
 [15:36:53.970] {CMPL123__X123Task__c} 5 target records remained untouched, since they do not differ from the corresponding source records.
 [15:36:53.973] {CMPL123__X123Job__c} 5 target records remained untouched, since they do not differ from the corresponding source records.
 [15:36:53.976] {CMPL123__WF_Step_Extension__c} 35 target records remained untouched, since they do not differ from the corresponding source records.
 [15:36:53.978] newLine
 [15:36:53.979] The Target (STAGE 1) has been updated. Totally processed 16 records.
 [15:36:53.981] newLine
 UPDATING THE TARGET (STAGE 2) ...
 [15:36:53.984] newLine
 [15:36:53.985] PASS 1
 =============
 [15:36:53.993] {CMPL123__WF_Step__c} 20 target records remained untouched, since they do not differ from the corresponding source records.
 [15:36:53.996] {CMPL123__WF_Rule_Phase__c} 8 target records remained untouched, since they do not differ from the corresponding source records.
 [15:36:53.998] {CMPL123__WF_Phase_Status__c} 15 target records remained untouched, since they do not differ from the corresponding source records.
 [15:36:54.1] {CMPL123__X123Job__c} 5 target records remained untouched, since they do not differ from the corresponding source records.
 [15:36:54.4] {CMPL123__WF_Step_Extension__c} 35 target records remained untouched, since they do not differ from the corresponding source records.
 [15:36:54.5] newLine
 [15:36:54.7] PASS 2
 =============
 [15:36:54.13] {CMPL123__WF_Step__c} 20 target records remained untouched, since they do not differ from the corresponding source records.
 [15:36:54.15] {CMPL123__WF_Rule_Phase__c} 8 target records remained untouched, since they do not differ from the corresponding source records.
 [15:36:54.17] {CMPL123__WF_Phase_Status__c} 15 target records remained untouched, since they do not differ from the corresponding source records.
 [15:36:54.19] {CMPL123__X123Job__c} 5 target records remained untouched, since they do not differ from the corresponding source records.
 [15:36:54.22] {CMPL123__WF_Step_Extension__c} 35 target records remained untouched, since they do not differ from the corresponding source records.
 [15:36:54.24] newLine
 [15:36:54.25] Nothing was updated.
 [15:36:54.27] newLine
 TRIGGERING ADD-ON EVENTS ...
 [15:36:54.30] No Add-On modules found to run.
 [15:36:54.32] newLine
 [15:36:54.33] newLine
 DATA PROCESSING SUMMARY.
 [15:36:54.37] {CMPL123__WF_Rule__c} Totally processed 0 records.
 [15:36:54.38] {CMPL123__WF_Step__c} Totally processed 16 records.
 [15:36:54.40] {CMPL123__Record_Access_Rule__c} Totally processed 0 records.
 [15:36:54.41] {CMPL123__WF_Action__c} Totally processed 0 records.
 [15:36:54.43] {CMPL123__WF_Status__c} Totally processed 0 records.
 [15:36:54.46] {CMPL123__WF_Phase__c} Totally processed 0 records.
 [15:36:54.47] {CMPL123__WF_Rule_Phase__c} Totally processed 0 records.
 [15:36:54.50] {CMPL123__WF_Phase_Status__c} Totally processed 0 records.
 [15:36:54.52] {CMPL123__Context_Based_Security__c} Totally processed 0 records.
 [15:36:54.54] {CMPL123__X123Task__c} Totally processed 0 records.
 [15:36:54.57] {CMPL123__X123Job__c} Totally processed 0 records.
 [15:36:54.59] {CMPL123__Job_Field_Map__c} Totally processed 0 records.
 [15:36:54.61] {CMPL123__Valid_Child_Status__c} Totally processed 0 records.
 [15:36:54.62] {CMPL123__WF_Step_Extension__c} Totally processed 0 records.
 [15:36:54.64] newLine
 [15:36:54.67] Writing to C:\SalesForce\olympus-dx\sfdmu-data\MissingParentRecordsReport.csv ...
 [15:36:54.70] newLine
 [15:36:54.77] newLine
 TRIGGERING ADD-ON EVENTS ...
 [15:36:54.81] No Add-On modules found to run.
 [15:36:54.83] newLine

 [15:36:54.133] Command succeeded.
 [15:36:54.135] Execution of the command sfdmu:run has been completed. Exit code 0 (SUCCESS).
 [15:36:54.139] Total time elapsed: 00h 00m 40s 262ms .