
 [09:09:45.701] Execution of the command sfdmu:run has been started.
 [09:09:45.739] newLine
 LOADING AND VALIDATING THE EXPORT.JSON SCRIPT ...
 [09:09:45.815] newLine
 OBJECT SET #1 STARTED
 [09:09:45.820] newLine
 {
   "Running Plugin version": "4.33.15"
}
 {
   "Running Add-On API version": "1.5.0"
}
 [09:09:45.867] newLine
 [09:09:45.870] Loading Core Add-On Module declarations ...
 [09:09:46.201] Connecting to the olympus-dev using SFDX sf org display ...
 [09:09:53.447] Successfully connected to the olympus-dev.
 {
   "Source": "olympus-dev.",
   "Target": "csvfile.",
   "Package script": "C:\\SalesForce\\olympus-dx\\sfdmu-data\\export.json."
}
 [09:09:55.61] newLine
 GETTING AND ANALYSING OBJECT METADATA ...
 [09:09:55.67] Processing the object CMPL123__WF_Rule__c ...
 [09:09:55.70] Fetching metadata of the CMPL123__WF_Rule__c (Source) ...
 [09:09:55.870] Processing the object CMPL123__WF_Step__c ...
 [09:09:55.873] Fetching metadata of the CMPL123__WF_Step__c (Source) ...
 [09:09:56.865] Processing the object CMPL123__WF_Phase__c ...
 [09:09:56.869] Fetching metadata of the CMPL123__WF_Phase__c (Source) ...
 [09:09:57.650] Processing the object CMPL123__WF_Rule_Phase__c ...
 [09:09:57.654] Fetching metadata of the CMPL123__WF_Rule_Phase__c (Source) ...
 [09:09:58.862] Processing the object CMPL123__WF_Phase_Status__c ...
 [09:09:58.865] Fetching metadata of the CMPL123__WF_Phase_Status__c (Source) ...
 [09:09:59.718] Processing the object CMPL123__Context_Based_Security__c ...
 [09:09:59.721] Fetching metadata of the CMPL123__Context_Based_Security__c (Source) ...
 [09:10:01.334] Processing the object CMPL123__Job_Field_Map__c ...
 [09:10:01.338] Fetching metadata of the CMPL123__Job_Field_Map__c (Source) ...
 [09:10:02.548] Processing the object CMPL123__Record_Access_Rule__c ...
 [09:10:02.551] Fetching metadata of the CMPL123__Record_Access_Rule__c (Source) ...
 [09:10:03.828] Processing the object CMPL123__Valid_Child_Status__c ...
 [09:10:03.832] Fetching metadata of the CMPL123__Valid_Child_Status__c (Source) ...
 [09:10:04.683] Processing the object CMPL123__WF_Action__c ...
 [09:10:04.686] Fetching metadata of the CMPL123__WF_Action__c (Source) ...
 [09:10:05.955] Processing the object CMPL123__WF_Status__c ...
 [09:10:05.960] Fetching metadata of the CMPL123__WF_Status__c (Source) ...
 [09:10:07.106] Processing the object CMPL123__X123Job__c ...
 [09:10:07.109] Fetching metadata of the CMPL123__X123Job__c (Source) ...
 [09:10:08.334] Processing the object CMPL123__X123Task__c ...
 [09:10:08.337] Fetching metadata of the CMPL123__X123Task__c (Source) ...
 [09:10:09.625] Processing the object CMPL123__WF_Step_Extension__c ...
 [09:10:09.628] Fetching metadata of the CMPL123__WF_Step_Extension__c (Source) ...
 [09:10:11.208] Fetching metadata of the Group (Source) ...
 [09:10:12.370] Processing the object CMPL123__WF_Step_Extension__c ...
 [09:10:12.377] Processing the object CMPL123__X123Task__c ...
 [09:10:12.380] Processing the object CMPL123__X123Job__c ...
 [09:10:12.383] Processing the object CMPL123__WF_Status__c ...
 [09:10:12.386] Processing the object CMPL123__WF_Action__c ...
 [09:10:12.389] Processing the object CMPL123__Valid_Child_Status__c ...
 [09:10:12.392] Processing the object CMPL123__Record_Access_Rule__c ...
 [09:10:12.406] Processing the object CMPL123__Job_Field_Map__c ...
 [09:10:12.408] Processing the object CMPL123__Context_Based_Security__c ...
 [09:10:12.413] Processing the object CMPL123__WF_Phase_Status__c ...
 [09:10:12.419] Processing the object CMPL123__WF_Rule_Phase__c ...
 [09:10:12.434] Processing the object CMPL123__WF_Phase__c ...
 [09:10:12.437] Processing the object CMPL123__WF_Step__c ...
 [09:10:12.446] Processing the object CMPL123__WF_Rule__c ...
 [09:10:12.457] newLine
 PREPARING DATA MIGRATION JOB ...
 [09:10:12.463] Building the migration strategy ...
 {
   "Order of objects to query": "CMPL123__WF_Rule__c; CMPL123__WF_Step__c; CMPL123__Record_Access_Rule__c; CMPL123__WF_Action__c; CMPL123__WF_Status__c; CMPL123__WF_Phase__c; CMPL123__WF_Rule_Phase__c; CMPL123__WF_Phase_Status__c; CMPL123__Context_Based_Security__c; CMPL123__X123Task__c; CMPL123__X123Job__c; CMPL123__Job_Field_Map__c; CMPL123__Valid_Child_Status__c; CMPL123__WF_Step_Extension__c"
}
 {
   "Order of objects to delete": "CMPL123__WF_Step_Extension__c; CMPL123__Valid_Child_Status__c; CMPL123__Record_Access_Rule__c; CMPL123__Job_Field_Map__c; CMPL123__X123Job__c; CMPL123__X123Task__c; CMPL123__Context_Based_Security__c; CMPL123__WF_Phase_Status__c; CMPL123__WF_Rule_Phase__c; CMPL123__WF_Phase__c; CMPL123__WF_Step__c; CMPL123__WF_Status__c; CMPL123__WF_Action__c; CMPL123__WF_Rule__c"
}
 {
   "Order of objects to update": "CMPL123__WF_Rule__c; CMPL123__WF_Action__c; CMPL123__WF_Status__c; CMPL123__WF_Step__c; CMPL123__WF_Phase__c; CMPL123__WF_Rule_Phase__c; CMPL123__WF_Phase_Status__c; CMPL123__Context_Based_Security__c; CMPL123__X123Task__c; CMPL123__X123Job__c; CMPL123__Job_Field_Map__c; CMPL123__Record_Access_Rule__c; CMPL123__Valid_Child_Status__c; CMPL123__WF_Step_Extension__c"
}
 [09:10:12.483] Preparing of the data migration job has been completed.
 [09:10:12.490] newLine
 ANALYSING DATA...
 [09:10:12.782] {CMPL123__WF_Rule__c} The original query string of this object is returning 5 records from the Source org.
 [09:10:13.472] {CMPL123__WF_Action__c} The original query string of this object is returning 230 records from the Source org.
 [09:10:13.744] {CMPL123__WF_Status__c} The original query string of this object is returning 162 records from the Source org.
 [09:10:14.40] {CMPL123__WF_Step__c} The original query string of this object is returning 53 records from the Source org.
 [09:10:14.849] {CMPL123__WF_Phase__c} The original query string of this object is returning 45 records from the Source org.
 [09:10:15.119] {CMPL123__WF_Rule_Phase__c} The original query string of this object is returning 64 records from the Source org.
 [09:10:15.391] {CMPL123__WF_Phase_Status__c} The original query string of this object is returning 103 records from the Source org.
 [09:10:15.678] {CMPL123__Context_Based_Security__c} The original query string of this object is returning 0 records from the Source org.
 [09:10:15.956] {CMPL123__X123Task__c} The original query string of this object is returning 13 records from the Source org.
 [09:10:16.225] {CMPL123__X123Job__c} The original query string of this object is returning 14 records from the Source org.
 [09:10:16.918] {CMPL123__Job_Field_Map__c} The original query string of this object is returning 6 records from the Source org.
 [09:10:17.183] {CMPL123__Record_Access_Rule__c} The original query string of this object is returning 0 records from the Source org.
 [09:10:17.461] {CMPL123__Valid_Child_Status__c} The original query string of this object is returning 258 records from the Source org.
 [09:10:17.733] {CMPL123__WF_Step_Extension__c} The original query string of this object is returning 86 records from the Source org.
 [09:10:17.738] newLine
 TRIGGERING ADD-ON EVENTS ...
 [09:10:17.742] No Add-On modules found to run.
 [09:10:17.744] newLine
 [09:10:17.746] Ready to process the data.
 [09:10:17.748] newLine
 DELETING OLD DATA FROM THE TARGET ...
 [09:10:17.751] {CMPL123__WF_Step_Extension__c} No records to delete.
 [09:10:17.753] {CMPL123__Valid_Child_Status__c} No records to delete.
 [09:10:17.755] {CMPL123__Record_Access_Rule__c} No records to delete.
 [09:10:17.757] {CMPL123__Job_Field_Map__c} No records to delete.
 [09:10:17.759] {CMPL123__X123Job__c} No records to delete.
 [09:10:17.761] {CMPL123__X123Task__c} No records to delete.
 [09:10:17.763] {CMPL123__Context_Based_Security__c} No records to delete.
 [09:10:17.766] {CMPL123__WF_Phase_Status__c} No records to delete.
 [09:10:17.768] {CMPL123__WF_Rule_Phase__c} No records to delete.
 [09:10:17.770] {CMPL123__WF_Phase__c} No records to delete.
 [09:10:17.774] {CMPL123__WF_Step__c} No records to delete.
 [09:10:17.780] {CMPL123__WF_Status__c} No records to delete.
 [09:10:17.782] {CMPL123__WF_Action__c} No records to delete.
 [09:10:17.786] {CMPL123__WF_Rule__c} No records to delete.
 [09:10:17.788] Deleting data was skipped.
 [09:10:17.790] newLine
 SOURCE:
 =============
 [09:10:17.796] newLine
 FETCHING THE DATA (STAGE 1) ...
 [09:10:17.801] {CMPL123__WF_Rule__c} Fetching the Source data from Org (STAGE 1: all records) ...
 [09:10:17.803] {CMPL123__WF_Rule__c} Query string: SELECT Id, Name, CMPL123__WF_Rule_External_Id__c, CMPL123__Description__c, CMPL123__Has_Cycle_Time_Metrics_Fields__c, CMPL123__Has_Multiple_Actions__c, CMPL123__Is_Active__c, CMPL123__Record_Type__c, CMPL123__Target_Object__c, CMPL123__Target_Object_... FROM  CMPL123__WF_Rule__c WHERE Name in ('Due Diligence Workflow', 'eMDR Workflow', 'Assessment (US MDR)', 'Investigation Workflow', 'Inquiry Workflow').
 [09:10:17.809] {CMPL123__WF_Rule__c} Using REST API to retrieve the data ...
 [09:10:18.650] {CMPL123__WF_Rule__c} Data retrieval (Source) has been completed. Got 5 new records.
 [09:10:18.654] {CMPL123__WF_Step__c} Fetching the Source data from Org (STAGE 1: all records) ...
 [09:10:18.656] {CMPL123__WF_Step__c} Query string: SELECT Id, CMPL123__WF_Step_External_Id__c, CMPL123__WF_Rule__c, CMPL123__Action__c, CMPL123__Are_Child_Files_Locked__c, CMPL123__Are_Child_Records_Locked__c, CMPL123__End_Status__c, CMPL123__Is_Record_Lock_Required__c, CMPL123__Is_Related_Lists_Lock... FROM  CMPL123__WF_Step__c WHERE CMPL123__WF_Rule__r.Name in ('Due Diligence Workflow', 'eMDR Workflow', 'Assessment (US MDR)', 'Investigation Workflow', 'Inquiry Workflow').
 [09:10:18.664] {CMPL123__WF_Step__c} Using REST API to retrieve the data ...
 [09:10:19.745] {CMPL123__WF_Step__c} Data retrieval (Source) has been completed. Got 53 new records.
 [09:10:19.749] {CMPL123__Record_Access_Rule__c} Fetching the Source data from Org (STAGE 1: all records) ...
 [09:10:19.751] {CMPL123__Record_Access_Rule__c} Query string: SELECT Id, Name, CMPL123__Record_Access_Rule_External_Id__c, CMPL123__API_Path_to_User_Relationship__c, CMPL123__Active_of_the_rule__c, CMPL123__Apex_Sharing_Reason__c, CMPL123__Child_Objects__c, CMPL123__Target_Object__c, CMPL123__User_Field_Name__c... FROM  CMPL123__Record_Access_Rule__c.
 [09:10:19.754] {CMPL123__Record_Access_Rule__c} Using REST API to retrieve the data ...
 [09:10:20.19] {CMPL123__Record_Access_Rule__c} Data retrieval (Source) has been completed. Got 0 new records.
 [09:10:20.26] Data retrieval (STAGE 1) has been completed.
 [09:10:20.28] newLine
 FETCHING THE DATA (STAGE 2) ...
 [09:10:20.31] PASS 1
 =============
 [09:10:20.36] {CMPL123__WF_Rule_Phase__c} Fetching the Source data from Org (STAGE 2: filtered records) ...
 [09:10:20.38] {CMPL123__WF_Rule_Phase__c} Query string: SELECT Id, Name, CMPL123__WF_Rule_Phase_External_Id__c, CMPL123__Order__c, CMPL123__Workflow_Phase__c, CMPL123__Workflow_Rule__c, CMPL123__Workflow_Phase__r.CMPL123__WF_Phase_External_Id__c, CMPL123__Workflow_Rule__r.CMPL123__WF_Rule_External_Id__c  FROM  CMPL123__WF_Rule_Phase__c WHERE CMPL123__Workflow_Rule__c IN ('a1I5r000001zzoIEAQ', 'a1I5r000001zzoPEAQ', 'a1I5r000001zzoTEAQ', 'a1I5r00000202PmEAI', 'a1I5r00000209TaEAI').
 [09:10:20.43] {CMPL123__WF_Rule_Phase__c} Using REST API to retrieve the data ...
 [09:10:20.514] {CMPL123__WF_Rule_Phase__c} Data retrieval (Source) has been completed. Got 15 new records.
 [09:10:20.517] {CMPL123__WF_Phase_Status__c} Fetching the Source data from Org (STAGE 2: filtered records) ...
 [09:10:20.519] {CMPL123__WF_Phase_Status__c} Query string: SELECT Id, CMPL123__WF_Phase_Status_External_Id__c, CMPL123__Workflow_Rule_Phase__c, CMPL123__Workflow_Status__c, Workflow_Phase__c, Workflow_Rule__c, Workflow_Status_hyperlink__c, CMPL123__Workflow_Rule_Phase__r.CMPL123__WF_Rule_Phase_External_Id__c... FROM  CMPL123__WF_Phase_Status__c WHERE CMPL123__Workflow_Rule_Phase__c IN ('a1H5r0000018udwEAA', 'a1H5r0000018udxEAA', 'a1H5r0000018udyEAA', 'a1H5r0000018ueGEAQ', 'a1H5r0000018ueHEAQ', 'a1H5r0000018ueIEAQ', 'a1H5r00000190YXEAY', 'a1H5r00000190dcEAA', 'a1....
 [09:10:20.525] {CMPL123__WF_Phase_Status__c} Using REST API to retrieve the data ...
 [09:10:20.984] {CMPL123__WF_Phase_Status__c} Data retrieval (Source) has been completed. Got 26 new records.
 [09:10:20.988] {CMPL123__Context_Based_Security__c} Fetching the Source data from Org (STAGE 2: filtered records) ...
 [09:10:20.990] {CMPL123__Context_Based_Security__c} Query string: SELECT Id, Name, CMPL123__Access_Type__c, CMPL123__Config_Deploy_Id__c, CMPL123__Initial_CBS__c, CMPL123__User_Field_On_Record__c, CMPL123__Workflow_Rule__c, CMPL123__Workflow_Step__c, CMPL123__Corresponding_Object__c, CMPL123__Workflow_Rule__r.CMPL1... FROM  CMPL123__Context_Based_Security__c WHERE CMPL123__Workflow_Rule__c IN ('a1I5r000001zzoIEAQ', 'a1I5r000001zzoPEAQ', 'a1I5r000001zzoTEAQ', 'a1I5r00000202PmEAI', 'a1I5r00000209TaEAI').
 [09:10:20.993] {CMPL123__Context_Based_Security__c} Using REST API to retrieve the data ...
 [09:10:21.285] {CMPL123__Context_Based_Security__c} Query string: SELECT Id, Name, CMPL123__Access_Type__c, CMPL123__Config_Deploy_Id__c, CMPL123__Initial_CBS__c, CMPL123__User_Field_On_Record__c, CMPL123__Workflow_Rule__c, CMPL123__Workflow_Step__c, CMPL123__Corresponding_Object__c, CMPL123__Workflow_Rule__r.CMPL1... FROM  CMPL123__Context_Based_Security__c WHERE CMPL123__Workflow_Step__c IN ('a1L5r000000w9b5EAA', 'a1L5r000000w9b6EAA', 'a1L5r000000w9b7EAA', 'a1L5r000000w9b8EAA', 'a1L5r000000w9bDEAQ', 'a1L5r000000w9bSEAQ', 'a1L5r000000w9bTEAQ', 'a1L5r000000w9bUEAQ', 'a....
 [09:10:21.293] {CMPL123__Context_Based_Security__c} Using REST API to retrieve the data ...
 [09:10:21.613] {CMPL123__Context_Based_Security__c} Data retrieval (Source) has been completed. Got 0 new records.
 [09:10:21.616] {CMPL123__X123Job__c} Fetching the Source data from Org (STAGE 2: filtered records) ...
 [09:10:21.618] {CMPL123__X123Job__c} Query string: SELECT Id, Name, CMPL123__Job_External_Id__c, CMPL123__Child_Filter_Condition__c, CMPL123__Description__c, CMPL123__Is_Active__c, CMPL123__Job_Type__c, CMPL123__Related_Task__c, CMPL123__Workflow_Step__c, CMPL123__Related_Task__r.CMPL123__Task_Extern... FROM  CMPL123__X123Job__c WHERE CMPL123__Workflow_Step__c IN ('a1L5r000000w9b5EAA', 'a1L5r000000w9b6EAA', 'a1L5r000000w9b7EAA', 'a1L5r000000w9b8EAA', 'a1L5r000000w9bDEAQ', 'a1L5r000000w9bSEAQ', 'a1L5r000000w9bTEAQ', 'a1L5r000000w9bUEAQ', 'a1L5r000000w9bbE....
 [09:10:21.621] {CMPL123__X123Job__c} Using REST API to retrieve the data ...
 [09:10:22.100] {CMPL123__X123Job__c} Data retrieval (Source) has been completed. Got 7 new records.
 [09:10:22.106] {CMPL123__Job_Field_Map__c} Fetching the Source data from Org (STAGE 2: filtered records) ...
 [09:10:22.108] {CMPL123__Job_Field_Map__c} Query string: SELECT Id, Name, CMPL123__Job_Field_Map_External_Id__c, CMPL123__Data_Type__c, CMPL123__Field_Name__c, CMPL123__Is_Dynamic__c, CMPL123__Object_Name__c, CMPL123__Parent_Job__c, CMPL123__Relationship_Name__c, CMPL123__Value__c, CMPL123__Parent_Job__r.C... FROM  CMPL123__Job_Field_Map__c WHERE CMPL123__Parent_Job__c IN ('a1M5r000000sF8AEAU', 'a1M5r000001tcEZEAY', 'a1M5r000001td9pEAA', 'a1M5r000001tdA9EAI', 'a1M5r000001thvhEAA', 'a1M5r000001tkV0EAI', 'a1M5r000001tkV5EAI').
 [09:10:22.111] {CMPL123__Job_Field_Map__c} Using REST API to retrieve the data ...
 [09:10:22.459] {CMPL123__Job_Field_Map__c} Data retrieval (Source) has been completed. Got 0 new records.
 [09:10:22.462] {CMPL123__Valid_Child_Status__c} Fetching the Source data from Org (STAGE 2: filtered records) ...
 [09:10:22.464] {CMPL123__Valid_Child_Status__c} Query string: SELECT Id, Name, CMPL123__Valid_Child_Status_External_Id__c, CMPL123__Parent_Workflow_Step__c, CMPL123__Child_Relationship__c, CMPL123__Description__c, CMPL123__Required_Child_Workflow_Status__c, Parent_Workflow_Action__c, Parent_Workflow_Rule__c, Ch... FROM  CMPL123__Valid_Child_Status__c WHERE CMPL123__Parent_Workflow_Step__c IN ('a1L5r000000w9b5EAA', 'a1L5r000000w9b6EAA', 'a1L5r000000w9b7EAA', 'a1L5r000000w9b8EAA', 'a1L5r000000w9bDEAQ', 'a1L5r000000w9bSEAQ', 'a1L5r000000w9bTEAQ', 'a1L5r000000w9bUEAQ',....
 [09:10:22.467] {CMPL123__Valid_Child_Status__c} Using REST API to retrieve the data ...
 [09:10:23.107] {CMPL123__Valid_Child_Status__c} Data retrieval (Source) has been completed. Got 32 new records.
 [09:10:23.111] {CMPL123__WF_Step_Extension__c} Fetching the Source data from Org (STAGE 2: filtered records) ...
 [09:10:23.113] {CMPL123__WF_Step_Extension__c} Query string: SELECT Id, Name, CMPL123__External_Id__c, CMPL123__Parent_Workflow_Step__c, CMPL123__Apply_To_Automated_User__c, CMPL123__Are_Child_Files_Locked__c, CMPL123__Is_Record_Lock_Required__c, CMPL123__Is_Related_Lists_Locked__c, CMPL123__Object_Related_Lis... FROM  CMPL123__WF_Step_Extension__c WHERE CMPL123__Parent_Workflow_Step__c IN ('a1L5r000000w9b5EAA', 'a1L5r000000w9b6EAA', 'a1L5r000000w9b7EAA', 'a1L5r000000w9b8EAA', 'a1L5r000000w9bDEAQ', 'a1L5r000000w9bSEAQ', 'a1L5r000000w9bTEAQ', 'a1L5r000000w9bUEAQ', ....
 [09:10:23.116] {CMPL123__WF_Step_Extension__c} Using REST API to retrieve the data ...
 [09:10:23.701] {CMPL123__WF_Step_Extension__c} Data retrieval (Source) has been completed. Got 47 new records.
 [09:10:23.704] newLine
 [09:10:23.706] PASS 2
 =============
 [09:10:23.710] No records
 [09:10:23.711] newLine
 [09:10:23.713] PASS 3
 =============
 [09:10:23.717] {CMPL123__WF_Action__c} Fetching the Source data from Org (STAGE 1: filtered records) ...
 [09:10:23.719] {CMPL123__WF_Action__c} Query string: SELECT Id, Name, CMPL123__WF_Action_External_Id__c, CMPL123__Action_Custom_Label__c, CMPL123__Comment_Type__c, CMPL123__Description__c, CMPL123__E_Sign_Message_Custom_Label__c, CMPL123__Esign_Message__c, CMPL123__Generic_Comment__c, CMPL123__Is_Comme... FROM  CMPL123__WF_Action__c WHERE Id IN ('a1D5r000000hb6jEAA', 'a1D5r000000hToaEAE', 'a1D5r000000hTpNEAU', 'a1D5r000000hb6oEAA', 'a1D5r000000hTo1EAE', 'a1D5r000000hToZEAU', 'a1D5r000000hTmdEAE', 'a1D5r000000hTmXEAU', 'a1D5r000000hTmfEAE', 'a1D5r000000hTmu....
 [09:10:23.722] {CMPL123__WF_Action__c} Using REST API to retrieve the data ...
 [09:10:24.144] {CMPL123__WF_Action__c} Data retrieval (Source) has been completed. Got 28 new records.
 [09:10:24.151] {CMPL123__WF_Status__c} Fetching the Source data from Org (STAGE 1: filtered records) ...
 [09:10:24.153] {CMPL123__WF_Status__c} Query string: SELECT Id, Name, CMPL123__WF_Status_External_Id__c, CMPL123__Description__c, CMPL123__Status_Custom_Label__c  FROM  CMPL123__WF_Status__c WHERE Id IN ('a1J5r000001MHADEA4', 'a1J5r000001MHAIEA4', 'a1J5r000001MHAVEA4', 'a1J5r000001MHAHEA4', 'a1J5r000001MIj5EAG', 'a1J5r000001MHAQEA4', 'a1J5r000001MHASEA4', 'a1J5r000001MHAUEA4', 'a1J5r000001NvJyEAK', 'a1J5r000001MHB1....
 [09:10:24.156] {CMPL123__WF_Status__c} Using REST API to retrieve the data ...
 [09:10:24.567] {CMPL123__WF_Status__c} Data retrieval (Source) has been completed. Got 28 new records.
 [09:10:24.570] {CMPL123__WF_Phase__c} Fetching the Source data from Org (STAGE 1: filtered records) ...
 [09:10:24.572] {CMPL123__WF_Phase__c} Query string: SELECT Id, Name, CMPL123__WF_Phase_External_Id__c, CMPL123__Description__c, CMPL123__Phase_Custom_Label__c, CMPL123__Work_Instructions_Custom_Label__c, CMPL123__Work_Instructions_HTML__c, CMPL123__Work_Instructions__c  FROM  CMPL123__WF_Phase__c WHERE Id IN ('a1G5r000001niyFEAQ', 'a1G5r000001niyLEAQ', 'a1G5r000001niyEEAQ', 'a1G5r000001niyVEAQ', 'a1G5r000001niybEAA', 'a1G5r000001niyREAQ', 'a1G5r000001oaZ5EAI', 'a1G5r000001niyGEAQ', 'a1G5r000001niyHEAQ', 'a1G5r000001niyIE....
 [09:10:24.575] {CMPL123__WF_Phase__c} Using REST API to retrieve the data ...
 [09:10:24.994] {CMPL123__WF_Phase__c} Data retrieval (Source) has been completed. Got 14 new records.
 [09:10:24.997] {CMPL123__WF_Rule_Phase__c} Fetching the Source data from Org (STAGE 1: filtered records) ...
 [09:10:24.999] {CMPL123__WF_Rule_Phase__c} Query string: SELECT Id, Name, CMPL123__WF_Rule_Phase_External_Id__c, CMPL123__Order__c, CMPL123__Workflow_Phase__c, CMPL123__Workflow_Rule__c, CMPL123__Workflow_Phase__r.CMPL123__WF_Phase_External_Id__c, CMPL123__Workflow_Rule__r.CMPL123__WF_Rule_External_Id__c  FROM  CMPL123__WF_Rule_Phase__c WHERE Id IN ('a1H5r0000018udyEAA', 'a1H5r00000190YXEAY', 'a1H5r0000018udxEAA', 'a1H5r0000018udwEAA', 'a1H5r0000018ueIEAQ', 'a1H5r0000018ueHEAQ', 'a1H5r0000018ueGEAQ', 'a1H5r00000190dcEAA', 'a1H5r00000190ddEAA', 'a1H5r000001....
 [09:10:25.1] {CMPL123__WF_Rule_Phase__c} Using REST API to retrieve the data ...
 [09:10:25.416] {CMPL123__WF_Rule_Phase__c} Data retrieval (Source) has been completed. Got 0 new records.
 [09:10:25.420] {CMPL123__X123Task__c} Fetching the Source data from Org (STAGE 1: filtered records) ...
 [09:10:25.422] {CMPL123__X123Task__c} Query string: SELECT Id, Name, CMPL123__Task_External_Id__c, CMPL123__Allow_Partial_Processing_for_123_Tasks__c, CMPL123__Description__c, CMPL123__Is_Active__c, CMPL123__Key_Value__c, CMPL123__Related_Object__c  FROM  CMPL123__X123Task__c WHERE Id IN ('a1N5r000001W5m3EAC', 'a1N5r000001WeDiEAK', 'a1N5r000001WegTEAS', 'a1N5r000001WegdEAC', 'a1N5r000001WrNsEAK', 'a1N5r000001WwQ2EAK', 'a1N5r000001WwPxEAK').
 [09:10:25.424] {CMPL123__X123Task__c} Using REST API to retrieve the data ...
 [09:10:25.839] {CMPL123__X123Task__c} Data retrieval (Source) has been completed. Got 7 new records.
 [09:10:25.842] newLine
 [09:10:25.844] PASS 4
 =============
 [09:10:25.852] No records
 [09:10:25.854] newLine
 TARGET:
 =============
 [09:10:25.858] No records
 [09:10:25.860] Data retrieval (STAGE 2) has been completed.
 [09:10:25.861] newLine
 TRIGGERING ADD-ON EVENTS ...
 [09:10:25.864] No Add-On modules found to run.
 [09:10:25.866] newLine
 [09:10:25.868] newLine
 DATA RETRIEVAL SUMMARY.
 [09:10:25.872] {CMPL123__WF_Rule__c} The total amount of the retrieved records: 5/0.
 [09:10:25.873] {CMPL123__WF_Step__c} The total amount of the retrieved records: 53/0.
 [09:10:25.875] {CMPL123__Record_Access_Rule__c} The total amount of the retrieved records: 0/0.
 [09:10:25.876] {CMPL123__WF_Action__c} The total amount of the retrieved records: 28/0.
 [09:10:25.878] {CMPL123__WF_Status__c} The total amount of the retrieved records: 28/0.
 [09:10:25.880] {CMPL123__WF_Phase__c} The total amount of the retrieved records: 14/0.
 [09:10:25.881] {CMPL123__WF_Rule_Phase__c} The total amount of the retrieved records: 15/0.
 [09:10:25.883] {CMPL123__WF_Phase_Status__c} The total amount of the retrieved records: 26/0.
 [09:10:25.885] {CMPL123__Context_Based_Security__c} The total amount of the retrieved records: 0/0.
 [09:10:25.887] {CMPL123__X123Task__c} The total amount of the retrieved records: 7/0.
 [09:10:25.888] {CMPL123__X123Job__c} The total amount of the retrieved records: 7/0.
 [09:10:25.890] {CMPL123__Job_Field_Map__c} The total amount of the retrieved records: 0/0.
 [09:10:25.892] {CMPL123__Valid_Child_Status__c} The total amount of the retrieved records: 32/0.
 [09:10:25.894] {CMPL123__WF_Step_Extension__c} The total amount of the retrieved records: 47/0.
 [09:10:25.896] newLine
 UPDATING THE TARGET (STAGE 1) ...
 [09:10:25.901] {CMPL123__WF_Rule__c} Creating the file C:\SalesForce\olympus-dx\sfdmu-data\CMPL123__WF_Rule__c.csv ...
 [09:10:25.918] {CMPL123__WF_Rule__c} The Target has been updated. Totally processed 5 records.
 [09:10:25.920] newLine
 [09:10:25.921] {CMPL123__WF_Action__c} Creating the file C:\SalesForce\olympus-dx\sfdmu-data\CMPL123__WF_Action__c.csv ...
 [09:10:25.933] {CMPL123__WF_Action__c} The Target has been updated. Totally processed 28 records.
 [09:10:25.935] newLine
 [09:10:25.937] {CMPL123__WF_Status__c} Creating the file C:\SalesForce\olympus-dx\sfdmu-data\CMPL123__WF_Status__c.csv ...
 [09:10:25.947] {CMPL123__WF_Status__c} The Target has been updated. Totally processed 28 records.
 [09:10:25.949] newLine
 [09:10:25.951] {CMPL123__WF_Step__c} Creating the file C:\SalesForce\olympus-dx\sfdmu-data\CMPL123__WF_Step__c.csv ...
 [09:10:25.974] {CMPL123__WF_Step__c} The Target has been updated. Totally processed 53 records.
 [09:10:25.976] newLine
 [09:10:25.978] {CMPL123__WF_Phase__c} Creating the file C:\SalesForce\olympus-dx\sfdmu-data\CMPL123__WF_Phase__c.csv ...
 [09:10:25.989] {CMPL123__WF_Phase__c} The Target has been updated. Totally processed 14 records.
 [09:10:25.990] newLine
 [09:10:25.992] {CMPL123__WF_Rule_Phase__c} Creating the file C:\SalesForce\olympus-dx\sfdmu-data\CMPL123__WF_Rule_Phase__c.csv ...
 [09:10:26.3] {CMPL123__WF_Rule_Phase__c} The Target has been updated. Totally processed 15 records.
 [09:10:26.5] newLine
 [09:10:26.6] {CMPL123__WF_Phase_Status__c} Creating the file C:\SalesForce\olympus-dx\sfdmu-data\CMPL123__WF_Phase_Status__c.csv ...
 [09:10:26.17] {CMPL123__WF_Phase_Status__c} The Target has been updated. Totally processed 26 records.
 [09:10:26.19] newLine
 [09:10:26.21] {CMPL123__Context_Based_Security__c} Creating the file C:\SalesForce\olympus-dx\sfdmu-data\CMPL123__Context_Based_Security__c.csv ...
 [09:10:26.26] {CMPL123__X123Task__c} Creating the file C:\SalesForce\olympus-dx\sfdmu-data\CMPL123__X123Task__c.csv ...
 [09:10:26.35] {CMPL123__X123Task__c} The Target has been updated. Totally processed 7 records.
 [09:10:26.37] newLine
 [09:10:26.39] {CMPL123__X123Job__c} Creating the file C:\SalesForce\olympus-dx\sfdmu-data\CMPL123__X123Job__c.csv ...
 [09:10:26.46] {CMPL123__X123Job__c} The Target has been updated. Totally processed 7 records.
 [09:10:26.48] newLine
 [09:10:26.50] {CMPL123__Job_Field_Map__c} Creating the file C:\SalesForce\olympus-dx\sfdmu-data\CMPL123__Job_Field_Map__c.csv ...
 [09:10:26.59] {CMPL123__Record_Access_Rule__c} Creating the file C:\SalesForce\olympus-dx\sfdmu-data\CMPL123__Record_Access_Rule__c.csv ...
 [09:10:26.68] {CMPL123__Valid_Child_Status__c} Creating the file C:\SalesForce\olympus-dx\sfdmu-data\CMPL123__Valid_Child_Status__c.csv ...
 [09:10:26.118] {CMPL123__Valid_Child_Status__c} The Target has been updated. Totally processed 32 records.
 [09:10:26.125] newLine
 [09:10:26.127] {CMPL123__WF_Step_Extension__c} Creating the file C:\SalesForce\olympus-dx\sfdmu-data\CMPL123__WF_Step_Extension__c.csv ...
 [09:10:26.139] {CMPL123__WF_Step_Extension__c} The Target has been updated. Totally processed 47 records.
 [09:10:26.142] newLine
 [09:10:26.145] newLine
 [09:10:26.156] The Target (STAGE 1) has been updated. Totally processed 262 records.
 [09:10:26.162] newLine
 UPDATING THE TARGET (STAGE 2) ...
 [09:10:26.166] newLine
 [09:10:26.170] Nothing was updated.
 [09:10:26.172] newLine
 TRIGGERING ADD-ON EVENTS ...
 [09:10:26.176] No Add-On modules found to run.
 [09:10:26.179] newLine
 [09:10:26.181] newLine
 DATA PROCESSING SUMMARY.
 [09:10:26.187] {CMPL123__WF_Rule__c} Totally processed 5 records.
 [09:10:26.188] {CMPL123__WF_Step__c} Totally processed 53 records.
 [09:10:26.191] {CMPL123__Record_Access_Rule__c} Totally processed 0 records.
 [09:10:26.193] {CMPL123__WF_Action__c} Totally processed 28 records.
 [09:10:26.194] {CMPL123__WF_Status__c} Totally processed 28 records.
 [09:10:26.200] {CMPL123__WF_Phase__c} Totally processed 14 records.
 [09:10:26.213] {CMPL123__WF_Rule_Phase__c} Totally processed 15 records.
 [09:10:26.217] {CMPL123__WF_Phase_Status__c} Totally processed 26 records.
 [09:10:26.221] {CMPL123__Context_Based_Security__c} Totally processed 0 records.
 [09:10:26.223] {CMPL123__X123Task__c} Totally processed 7 records.
 [09:10:26.225] {CMPL123__X123Job__c} Totally processed 7 records.
 [09:10:26.226] {CMPL123__Job_Field_Map__c} Totally processed 0 records.
 [09:10:26.228] {CMPL123__Valid_Child_Status__c} Totally processed 32 records.
 [09:10:26.229] {CMPL123__WF_Step_Extension__c} Totally processed 47 records.
 [09:10:26.231] newLine
 [09:10:26.235] Writing to C:\SalesForce\olympus-dx\sfdmu-data\MissingParentRecordsReport.csv ...
 [09:10:26.238] newLine
 [09:10:26.239] newLine
 TRIGGERING ADD-ON EVENTS ...
 [09:10:26.243] No Add-On modules found to run.
 [09:10:26.245] newLine

 [09:10:26.264] Command succeeded.
 [09:10:26.266] Execution of the command sfdmu:run has been completed. Exit code 0 (SUCCESS).
 [09:10:26.269] Total time elapsed: 00h 00m 40s 570ms .