
 [16:14:28.215] Execution of the command sfdmu:run has been started.
 [16:14:28.306] newLine
 LOADING AND VALIDATING THE EXPORT.JSON SCRIPT ...
 [16:14:28.371] newLine
 OBJECT SET #1 STARTED
 [16:14:28.382] newLine
 {
   "Running Plugin version": "4.33.17"
}
 {
   "Running Add-On API version": "1.5.0"
}
 [16:14:28.427] newLine
 [16:14:28.430] Loading Core Add-On Module declarations ...
 [16:14:28.898] Connecting to the qa-R1-GCHS using SFDX sf org display ...
 [16:14:41.166] Successfully connected to the qa-R1-GCHS.
 {
   "Source": "qa-R1-GCHS.",
   "Target": "csvfile.",
   "Package script": "C:\\Users\\Himanshu.Desai\\Documents\\GitHub\\GCHS-Release-1\\sfdmu-data\\export.json."
}
 [16:14:42.411] newLine
 GETTING AND ANALYSING OBJECT METADATA ...
 [16:14:42.415] Processing the object CMPL123__WF_Rule__c ...
 [16:14:42.419] Fetching metadata of the CMPL123__WF_Rule__c (Source) ...
 [16:14:43.235] Processing the object CMPL123__WF_Step__c ...
 [16:14:43.240] Fetching metadata of the CMPL123__WF_Step__c (Source) ...
 [16:14:44.50] Processing the object CMPL123__WF_Phase__c ...
 [16:14:44.53] Fetching metadata of the CMPL123__WF_Phase__c (Source) ...
 [16:14:44.838] Processing the object CMPL123__WF_Rule_Phase__c ...
 [16:14:44.842] Fetching metadata of the CMPL123__WF_Rule_Phase__c (Source) ...
 [16:14:45.811] Processing the object CMPL123__WF_Phase_Status__c ...
 [16:14:45.815] Fetching metadata of the CMPL123__WF_Phase_Status__c (Source) ...
 [16:14:46.789] Processing the object CMPL123__Context_Based_Security__c ...
 [16:14:46.792] Fetching metadata of the CMPL123__Context_Based_Security__c (Source) ...
 [16:14:47.284] Processing the object CMPL123__Job_Field_Map__c ...
 [16:14:47.287] Fetching metadata of the CMPL123__Job_Field_Map__c (Source) ...
 [16:14:48.159] Processing the object CMPL123__Record_Access_Rule__c ...
 [16:14:48.163] Fetching metadata of the CMPL123__Record_Access_Rule__c (Source) ...
 [16:14:48.969] Processing the object CMPL123__Valid_Child_Status__c ...
 [16:14:48.972] Fetching metadata of the CMPL123__Valid_Child_Status__c (Source) ...
 [16:14:49.390] Processing the object CMPL123__WF_Action__c ...
 [16:14:49.393] Fetching metadata of the CMPL123__WF_Action__c (Source) ...
 [16:14:49.831] Processing the object CMPL123__WF_Status__c ...
 [16:14:49.834] Fetching metadata of the CMPL123__WF_Status__c (Source) ...
 [16:14:50.856] Processing the object CMPL123__X123Job__c ...
 [16:14:50.859] Fetching metadata of the CMPL123__X123Job__c (Source) ...
 [16:14:51.650] Processing the object CMPL123__X123Task__c ...
 [16:14:51.654] Fetching metadata of the CMPL123__X123Task__c (Source) ...
 [16:14:52.188] Processing the object CMPL123__WF_Step_Extension__c ...
 [16:14:52.191] Fetching metadata of the CMPL123__WF_Step_Extension__c (Source) ...
 [16:14:52.884] Processing the object CMPL123__AuditTrail_Config__c ...
 [16:14:52.887] Fetching metadata of the CMPL123__AuditTrail_Config__c (Source) ...
 [16:14:53.781] Fetching metadata of the Group (Source) ...
 [16:14:54.399] Processing the object CMPL123__AuditTrail_Config__c ...
 [16:14:54.402] Processing the object CMPL123__WF_Step_Extension__c ...
 [16:14:54.408] Processing the object CMPL123__X123Task__c ...
 [16:14:54.411] Processing the object CMPL123__X123Job__c ...
 [16:14:54.443] Processing the object CMPL123__WF_Status__c ...
 [16:14:54.446] Processing the object CMPL123__WF_Action__c ...
 [16:14:54.449] Processing the object CMPL123__Valid_Child_Status__c ...
 [16:14:54.529] Processing the object CMPL123__Record_Access_Rule__c ...
 [16:14:54.533] Processing the object CMPL123__Job_Field_Map__c ...
 [16:14:54.581] Processing the object CMPL123__Context_Based_Security__c ...
 [16:14:54.585] Processing the object CMPL123__WF_Phase_Status__c ...
 [16:14:54.587] Processing the object CMPL123__WF_Rule_Phase__c ...
 [16:14:54.599] Processing the object CMPL123__WF_Phase__c ...
 [16:14:54.603] Processing the object CMPL123__WF_Step__c ...
 [16:14:54.607] Processing the object CMPL123__WF_Rule__c ...
 [16:14:54.612] newLine
 PREPARING DATA MIGRATION JOB ...
 [16:14:54.617] Building the migration strategy ...
 {
   "Order of objects to query": "CMPL123__WF_Rule__c; CMPL123__WF_Step__c; CMPL123__Record_Access_Rule__c; CMPL123__AuditTrail_Config__c; CMPL123__WF_Action__c; CMPL123__WF_Status__c; CMPL123__WF_Phase__c; CMPL123__WF_Rule_Phase__c; CMPL123__WF_Phase_Status__c; CMPL123__Context_Based_Security__c; CMPL123__X123Task__c; CMPL123__X123Job__c; CMPL123__Job_Field_Map__c; CMPL123__Valid_Child_Status__c; CMPL123__WF_Step_Extension__c"
}
 {
   "Order of objects to delete": "CMPL123__AuditTrail_Config__c; CMPL123__WF_Step_Extension__c; CMPL123__Valid_Child_Status__c; CMPL123__Record_Access_Rule__c; CMPL123__Job_Field_Map__c; CMPL123__X123Job__c; CMPL123__X123Task__c; CMPL123__Context_Based_Security__c; CMPL123__WF_Phase_Status__c; CMPL123__WF_Rule_Phase__c; CMPL123__WF_Phase__c; CMPL123__WF_Step__c; CMPL123__WF_Status__c; CMPL123__WF_Action__c; CMPL123__WF_Rule__c"
}
 {
   "Order of objects to update": "CMPL123__WF_Rule__c; CMPL123__WF_Action__c; CMPL123__WF_Status__c; CMPL123__WF_Step__c; CMPL123__WF_Phase__c; CMPL123__WF_Rule_Phase__c; CMPL123__WF_Phase_Status__c; CMPL123__Context_Based_Security__c; CMPL123__X123Task__c; CMPL123__X123Job__c; CMPL123__Job_Field_Map__c; CMPL123__Record_Access_Rule__c; CMPL123__Valid_Child_Status__c; CMPL123__WF_Step_Extension__c; CMPL123__AuditTrail_Config__c"
}
 [16:14:54.716] Preparing of the data migration job has been completed.
 [16:14:54.719] newLine
 ANALYSING DATA...
 [16:14:55.164] {CMPL123__WF_Rule__c} The original query string of this object is returning 3 records from the Source org.
 [16:14:55.313] {CMPL123__WF_Action__c} The original query string of this object is returning 230 records from the Source org.
 [16:14:55.731] {CMPL123__WF_Status__c} The original query string of this object is returning 162 records from the Source org.
 [16:14:56.180] {CMPL123__WF_Step__c} The original query string of this object is returning 31 records from the Source org.
 [16:14:56.621] {CMPL123__WF_Phase__c} The original query string of this object is returning 45 records from the Source org.
 [16:14:56.762] {CMPL123__WF_Rule_Phase__c} The original query string of this object is returning 64 records from the Source org.
 [16:14:56.904] {CMPL123__WF_Phase_Status__c} The original query string of this object is returning 103 records from the Source org.
 [16:14:57.321] {CMPL123__Context_Based_Security__c} The original query string of this object is returning 0 records from the Source org.
 [16:14:57.463] {CMPL123__X123Task__c} The original query string of this object is returning 13 records from the Source org.
 [16:14:57.604] {CMPL123__X123Job__c} The original query string of this object is returning 14 records from the Source org.
 [16:14:57.748] {CMPL123__Job_Field_Map__c} The original query string of this object is returning 6 records from the Source org.
 [16:14:57.885] {CMPL123__Record_Access_Rule__c} The original query string of this object is returning 0 records from the Source org.
 [16:14:58.30] {CMPL123__Valid_Child_Status__c} The original query string of this object is returning 256 records from the Source org.
 [16:14:58.186] {CMPL123__AuditTrail_Config__c} The original query string of this object is returning 152 records from the Source org.
 [16:14:58.190] newLine
 TRIGGERING ADD-ON EVENTS ...
 [16:14:58.194] No Add-On modules found to run.
 [16:14:58.197] newLine
 [16:14:58.199] Ready to process the data.
 [16:14:58.201] newLine
 DELETING OLD DATA FROM THE TARGET ...
 [16:14:58.205] {CMPL123__AuditTrail_Config__c} No records to delete.
 [16:14:58.207] {CMPL123__WF_Step_Extension__c} No records to delete.
 [16:14:58.210] {CMPL123__Valid_Child_Status__c} No records to delete.
 [16:14:58.212] {CMPL123__Record_Access_Rule__c} No records to delete.
 [16:14:58.214] {CMPL123__Job_Field_Map__c} No records to delete.
 [16:14:58.216] {CMPL123__X123Job__c} No records to delete.
 [16:14:58.219] {CMPL123__X123Task__c} No records to delete.
 [16:14:58.221] {CMPL123__Context_Based_Security__c} No records to delete.
 [16:14:58.223] {CMPL123__WF_Phase_Status__c} No records to delete.
 [16:14:58.225] {CMPL123__WF_Rule_Phase__c} No records to delete.
 [16:14:58.227] {CMPL123__WF_Phase__c} No records to delete.
 [16:14:58.229] {CMPL123__WF_Step__c} No records to delete.
 [16:14:58.231] {CMPL123__WF_Status__c} No records to delete.
 [16:14:58.233] {CMPL123__WF_Action__c} No records to delete.
 [16:14:58.235] {CMPL123__WF_Rule__c} No records to delete.
 [16:14:58.237] Deleting data was skipped.
 [16:14:58.240] newLine
 SOURCE:
 =============
 [16:14:58.246] newLine
 FETCHING THE DATA (STAGE 1) ...
 [16:14:58.252] {CMPL123__WF_Rule__c} Fetching the Source data from Org (STAGE 1: all records) ...
 [16:14:58.255] {CMPL123__WF_Rule__c} Query string: SELECT Id, Name, CMPL123__WF_Rule_External_Id__c, CMPL123__Description__c, CMPL123__Has_Cycle_Time_Metrics_Fields__c, CMPL123__Has_Multiple_Actions__c, CMPL123__Is_Active__c, CMPL123__Record_Type__c, CMPL123__Target_Object__c, CMPL123__Target_Object_... FROM  CMPL123__WF_Rule__c WHERE Name in ('Complaint Workflow', 'Investigation Workflow', 'Regulatory Report Workflow').
 [16:14:58.260] {CMPL123__WF_Rule__c} Using REST API to retrieve the data ...
 [16:14:58.525] {CMPL123__WF_Rule__c} Data retrieval (Source) has been completed. Got 3 new records.
 [16:14:58.529] {CMPL123__WF_Step__c} Fetching the Source data from Org (STAGE 1: all records) ...
 [16:14:58.532] {CMPL123__WF_Step__c} Query string: SELECT Id, CMPL123__WF_Step_External_Id__c, CMPL123__WF_Rule__c, CMPL123__Action__c, CMPL123__Are_Child_Files_Locked__c, CMPL123__Are_Child_Records_Locked__c, CMPL123__End_Status__c, CMPL123__Is_Record_Lock_Required__c, CMPL123__Is_Related_Lists_Lock... FROM  CMPL123__WF_Step__c WHERE CMPL123__WF_Rule__r.Name in ('Complaint Workflow', 'Investigation Workflow', 'Regulatory Report Workflow').
 [16:14:58.540] {CMPL123__WF_Step__c} Using REST API to retrieve the data ...
 [16:14:59.33] {CMPL123__WF_Step__c} Data retrieval (Source) has been completed. Got 31 new records.
 [16:14:59.36] {CMPL123__Record_Access_Rule__c} Fetching the Source data from Org (STAGE 1: all records) ...
 [16:14:59.39] {CMPL123__Record_Access_Rule__c} Query string: SELECT Id, Name, CMPL123__Record_Access_Rule_External_Id__c, CMPL123__API_Path_to_User_Relationship__c, CMPL123__Active_of_the_rule__c, CMPL123__Apex_Sharing_Reason__c, CMPL123__Child_Objects__c, CMPL123__Target_Object__c, CMPL123__User_Field_Name__c... FROM  CMPL123__Record_Access_Rule__c.
 [16:14:59.41] {CMPL123__Record_Access_Rule__c} Using REST API to retrieve the data ...
 [16:14:59.188] {CMPL123__Record_Access_Rule__c} Data retrieval (Source) has been completed. Got 0 new records.
 [16:14:59.191] {CMPL123__AuditTrail_Config__c} Fetching the Source data from Org (STAGE 1: all records) ...
 [16:14:59.193] {CMPL123__AuditTrail_Config__c} Query string: SELECT Id, Name, CMPL123__AuditTrail_External_Id__c, CMPL123__Child_Relationships_Object__c, CMPL123__Fields__c, CMPL123__Is_Active__c, CMPL123__Parent_Relationship_Object__c, CMPL123__RFC_Comment_Fields__c, CMPL123__RFC_Fields__c, CMPL123__Report_Ti... FROM  CMPL123__AuditTrail_Config__c.
 [16:14:59.196] {CMPL123__AuditTrail_Config__c} Using REST API to retrieve the data ...
 [16:14:59.818] {CMPL123__AuditTrail_Config__c} Data retrieval (Source) has been completed. Got 152 new records.
 [16:14:59.824] Data retrieval (STAGE 1) has been completed.
 [16:14:59.827] newLine
 FETCHING THE DATA (STAGE 2) ...
 [16:14:59.831] PASS 1
 =============
 [16:14:59.837] {CMPL123__WF_Rule_Phase__c} Fetching the Source data from Org (STAGE 2: filtered records) ...
 [16:14:59.839] {CMPL123__WF_Rule_Phase__c} Query string: SELECT Id, Name, CMPL123__WF_Rule_Phase_External_Id__c, CMPL123__Order__c, CMPL123__Workflow_Phase__c, CMPL123__Workflow_Rule__c, CMPL123__Workflow_Phase__r.CMPL123__WF_Phase_External_Id__c, CMPL123__Workflow_Rule__r.CMPL123__WF_Rule_External_Id__c  FROM  CMPL123__WF_Rule_Phase__c WHERE CMPL123__Workflow_Rule__c IN ('a1I7E000001YNlAUAW', 'a1I7E000001YNlDUAW', 'a1I7E000001YNlJUAW').
 [16:14:59.846] {CMPL123__WF_Rule_Phase__c} Using REST API to retrieve the data ...
 [16:15:00.125] {CMPL123__WF_Rule_Phase__c} Data retrieval (Source) has been completed. Got 11 new records.
 [16:15:00.128] {CMPL123__WF_Phase_Status__c} Fetching the Source data from Org (STAGE 2: filtered records) ...
 [16:15:00.130] {CMPL123__WF_Phase_Status__c} Query string: SELECT Id, CMPL123__WF_Phase_Status_External_Id__c, CMPL123__Workflow_Rule_Phase__c, CMPL123__Workflow_Status__c, Workflow_Phase__c, Workflow_Rule__c, Workflow_Status_hyperlink__c, CMPL123__Workflow_Rule_Phase__r.CMPL123__WF_Rule_Phase_External_Id__c... FROM  CMPL123__WF_Phase_Status__c WHERE CMPL123__Workflow_Rule_Phase__c IN ('a1H7E000003UbMXUA0', 'a1H7E000003UbMYUA0', 'a1H7E000003UbMZUA0', 'a1H7E000003UbMaUAK', 'a1H7E000003UbMbUAK', 'a1H7E000003UbMcUAK', 'a1H7E000003UbMdUAK', 'a1H7E000003UbMyUAK', 'a1....
 [16:15:00.136] {CMPL123__WF_Phase_Status__c} Using REST API to retrieve the data ...
 [16:15:00.700] {CMPL123__WF_Phase_Status__c} Data retrieval (Source) has been completed. Got 18 new records.
 [16:15:00.704] {CMPL123__Context_Based_Security__c} Fetching the Source data from Org (STAGE 2: filtered records) ...
 [16:15:00.706] {CMPL123__Context_Based_Security__c} Query string: SELECT Id, Name, CMPL123__Access_Type__c, CMPL123__Config_Deploy_Id__c, CMPL123__Initial_CBS__c, CMPL123__User_Field_On_Record__c, CMPL123__Workflow_Rule__c, CMPL123__Workflow_Step__c, CMPL123__Corresponding_Object__c, CMPL123__Workflow_Rule__r.CMPL1... FROM  CMPL123__Context_Based_Security__c WHERE CMPL123__Workflow_Rule__c IN ('a1I7E000001YNlAUAW', 'a1I7E000001YNlDUAW', 'a1I7E000001YNlJUAW').
 [16:15:00.709] {CMPL123__Context_Based_Security__c} Using REST API to retrieve the data ...
 [16:15:00.870] {CMPL123__Context_Based_Security__c} Query string: SELECT Id, Name, CMPL123__Access_Type__c, CMPL123__Config_Deploy_Id__c, CMPL123__Initial_CBS__c, CMPL123__User_Field_On_Record__c, CMPL123__Workflow_Rule__c, CMPL123__Workflow_Step__c, CMPL123__Corresponding_Object__c, CMPL123__Workflow_Rule__r.CMPL1... FROM  CMPL123__Context_Based_Security__c WHERE CMPL123__Workflow_Step__c IN ('a1L7E000001q66wUAA', 'a1L7E000001q66xUAA', 'a1L7E000001q66zUAA', 'a1L7E000001q674UAA', 'a1L7E000001q67aUAA', 'a1L7E000001q67cUAA', 'a1L7E000001q67iUAA', 'a1L7E000001q67nUAA', 'a....
 [16:15:00.878] {CMPL123__Context_Based_Security__c} Using REST API to retrieve the data ...
 [16:15:01.329] {CMPL123__Context_Based_Security__c} Data retrieval (Source) has been completed. Got 0 new records.
 [16:15:01.333] {CMPL123__X123Job__c} Fetching the Source data from Org (STAGE 2: filtered records) ...
 [16:15:01.335] {CMPL123__X123Job__c} Query string: SELECT Id, Name, CMPL123__Job_External_Id__c, CMPL123__Child_Filter_Condition__c, CMPL123__Description__c, CMPL123__Is_Active__c, CMPL123__Job_Type__c, CMPL123__Related_Task__c, CMPL123__Workflow_Step__c, CMPL123__Related_Task__r.CMPL123__Task_Extern... FROM  CMPL123__X123Job__c WHERE CMPL123__Workflow_Step__c IN ('a1L7E000001q66wUAA', 'a1L7E000001q66xUAA', 'a1L7E000001q66zUAA', 'a1L7E000001q674UAA', 'a1L7E000001q67aUAA', 'a1L7E000001q67cUAA', 'a1L7E000001q67iUAA', 'a1L7E000001q67nUAA', 'a1L7E000001q67vU....
 [16:15:01.338] {CMPL123__X123Job__c} Using REST API to retrieve the data ...
 [16:15:01.516] {CMPL123__X123Job__c} Data retrieval (Source) has been completed. Got 3 new records.
 [16:15:01.520] {CMPL123__Job_Field_Map__c} Fetching the Source data from Org (STAGE 2: filtered records) ...
 [16:15:01.522] {CMPL123__Job_Field_Map__c} Query string: SELECT Id, Name, CMPL123__Job_Field_Map_External_Id__c, CMPL123__Data_Type__c, CMPL123__Field_Name__c, CMPL123__Is_Dynamic__c, CMPL123__Object_Name__c, CMPL123__Parent_Job__c, CMPL123__Relationship_Name__c, CMPL123__Value__c, CMPL123__Parent_Job__r.C... FROM  CMPL123__Job_Field_Map__c WHERE CMPL123__Parent_Job__c IN ('a1M7E000003l4VKUAY', 'a1M7E000003l4VNUAY', 'a1M7E000003l4VOUAY').
 [16:15:01.525] {CMPL123__Job_Field_Map__c} Using REST API to retrieve the data ...
 [16:15:01.673] {CMPL123__Job_Field_Map__c} Data retrieval (Source) has been completed. Got 0 new records.
 [16:15:01.676] {CMPL123__Valid_Child_Status__c} Fetching the Source data from Org (STAGE 2: filtered records) ...
 [16:15:01.679] {CMPL123__Valid_Child_Status__c} Query string: SELECT Id, Name, CMPL123__Valid_Child_Status_External_Id__c, CMPL123__Parent_Workflow_Step__c, CMPL123__Child_Relationship__c, CMPL123__Description__c, CMPL123__Required_Child_Workflow_Status__c, Child_Workflow_Status__c, Parent_Workflow_Action__c, P... FROM  CMPL123__Valid_Child_Status__c WHERE CMPL123__Parent_Workflow_Step__c IN ('a1L7E000001q66wUAA', 'a1L7E000001q66xUAA', 'a1L7E000001q66zUAA', 'a1L7E000001q674UAA', 'a1L7E000001q67aUAA', 'a1L7E000001q67cUAA', 'a1L7E000001q67iUAA', 'a1L7E000001q67nUAA',....
 [16:15:01.683] {CMPL123__Valid_Child_Status__c} Using REST API to retrieve the data ...
 [16:15:02.168] {CMPL123__Valid_Child_Status__c} Data retrieval (Source) has been completed. Got 156 new records.
 [16:15:02.172] {CMPL123__WF_Step_Extension__c} Fetching the Source data from Org (STAGE 2: filtered records) ...
 [16:15:02.174] {CMPL123__WF_Step_Extension__c} Query string: SELECT Id, Name, CMPL123__External_Id__c, CMPL123__Parent_Workflow_Step__c, CMPL123__Apply_To_Automated_User__c, CMPL123__Are_Child_Files_Locked__c, CMPL123__Is_Record_Lock_Required__c, CMPL123__Is_Related_Lists_Locked__c, CMPL123__Object_Related_Lis... FROM  CMPL123__WF_Step_Extension__c WHERE CMPL123__Parent_Workflow_Step__c IN ('a1L7E000001q66wUAA', 'a1L7E000001q66xUAA', 'a1L7E000001q66zUAA', 'a1L7E000001q674UAA', 'a1L7E000001q67aUAA', 'a1L7E000001q67cUAA', 'a1L7E000001q67iUAA', 'a1L7E000001q67nUAA', ....
 [16:15:02.179] {CMPL123__WF_Step_Extension__c} Using REST API to retrieve the data ...
 [16:15:02.442] {CMPL123__WF_Step_Extension__c} Data retrieval (Source) has been completed. Got 20 new records.
 [16:15:02.445] newLine
 [16:15:02.446] PASS 2
 =============
 [16:15:02.451] No records
 [16:15:02.452] newLine
 [16:15:02.454] PASS 3
 =============
 [16:15:02.458] {CMPL123__WF_Action__c} Fetching the Source data from Org (STAGE 1: filtered records) ...
 [16:15:02.460] {CMPL123__WF_Action__c} Query string: SELECT Id, Name, CMPL123__WF_Action_External_Id__c, CMPL123__Action_Custom_Label__c, CMPL123__Comment_Type__c, CMPL123__Description__c, CMPL123__E_Sign_Message_Custom_Label__c, CMPL123__Esign_Message__c, CMPL123__Generic_Comment__c, CMPL123__Is_Comme... FROM  CMPL123__WF_Action__c WHERE Id IN ('a1D7E000005ysZIUAY', 'a1D7E000005ysZJUAY', 'a1D7E000005ysZLUAY', 'a1D7E000005ysZOUAY', 'a1D7E000005ysa3UAA', 'a1D7E000005ysa5UAA', 'a1D7E000005ysa7UAA', 'a1D7E000005ysafUAA', 'a1D7E000005ysb2UAA', 'a1D7E000005ysbd....
 [16:15:02.463] {CMPL123__WF_Action__c} Using REST API to retrieve the data ...
 [16:15:02.716] {CMPL123__WF_Action__c} Data retrieval (Source) has been completed. Got 21 new records.
 [16:15:02.720] {CMPL123__WF_Status__c} Fetching the Source data from Org (STAGE 1: filtered records) ...
 [16:15:02.721] {CMPL123__WF_Status__c} Query string: SELECT Id, Name, CMPL123__WF_Status_External_Id__c, CMPL123__Description__c, CMPL123__Status_Custom_Label__c  FROM  CMPL123__WF_Status__c WHERE Id IN ('a1J7E000004ekcrUAA', 'a1J7E000004ekcZUAQ', 'a1J7E000004ekceUAA', 'a1J7E000004ekchUAA', 'a1J7E000004ekcqUAA', 'a1J7E000004ekcoUAA', 'a1J7E000004ekcmUAA', 'a1J7E000004ekcdUAA', 'a1J7E000004ekcgUAA', 'a1J7E000004ekcs....
 [16:15:02.724] {CMPL123__WF_Status__c} Using REST API to retrieve the data ...
 [16:15:02.960] {CMPL123__WF_Status__c} Data retrieval (Source) has been completed. Got 19 new records.
 [16:15:02.963] {CMPL123__WF_Phase__c} Fetching the Source data from Org (STAGE 1: filtered records) ...
 [16:15:02.965] {CMPL123__WF_Phase__c} Query string: SELECT Id, Name, CMPL123__WF_Phase_External_Id__c, CMPL123__Description__c, CMPL123__Phase_Custom_Label__c, CMPL123__Work_Instructions_Custom_Label__c, CMPL123__Work_Instructions_HTML__c, CMPL123__Work_Instructions__c  FROM  CMPL123__WF_Phase__c WHERE Id IN ('a1G7E000002PhWVUA0', 'a1G7E000002PhWXUA0', 'a1G7E000002PhWcUAK', 'a1G7E000002PhWTUA0', 'a1G7E000002PhWUUA0', 'a1G7E000002PhWWUA0', 'a1G7E000002PhWZUA0', 'a1G7E000002PhWkUAK', 'a1G7E000002PhWlUAK', 'a1G7E000002PhWjU....
 [16:15:02.969] {CMPL123__WF_Phase__c} Using REST API to retrieve the data ...
 [16:15:03.213] {CMPL123__WF_Phase__c} Data retrieval (Source) has been completed. Got 11 new records.
 [16:15:03.216] {CMPL123__WF_Rule_Phase__c} Fetching the Source data from Org (STAGE 1: filtered records) ...
 [16:15:03.217] {CMPL123__WF_Rule_Phase__c} Query string: SELECT Id, Name, CMPL123__WF_Rule_Phase_External_Id__c, CMPL123__Order__c, CMPL123__Workflow_Phase__c, CMPL123__Workflow_Rule__c, CMPL123__Workflow_Phase__r.CMPL123__WF_Phase_External_Id__c, CMPL123__Workflow_Rule__r.CMPL123__WF_Rule_External_Id__c  FROM  CMPL123__WF_Rule_Phase__c WHERE Id IN ('a1H7E000003UbMXUA0', 'a1H7E000003UbMYUA0', 'a1H7E000003UbMZUA0', 'a1H7E000003UbMbUAK', 'a1H7E000003UbMcUAK', 'a1H7E000003UbMdUAK', 'a1H7E000003UbMaUAK', 'a1H7E000003UbN0UAK', 'a1H7E000003UbNUUA0', 'a1H7E000003....
 [16:15:03.219] {CMPL123__WF_Rule_Phase__c} Using REST API to retrieve the data ...
 [16:15:03.743] {CMPL123__WF_Rule_Phase__c} Data retrieval (Source) has been completed. Got 0 new records.
 [16:15:03.746] {CMPL123__X123Task__c} Fetching the Source data from Org (STAGE 1: filtered records) ...
 [16:15:03.748] {CMPL123__X123Task__c} Query string: SELECT Id, Name, CMPL123__Task_External_Id__c, CMPL123__Allow_Partial_Processing_for_123_Tasks__c, CMPL123__Description__c, CMPL123__Is_Active__c, CMPL123__Key_Value__c, CMPL123__Related_Object__c  FROM  CMPL123__X123Task__c WHERE Id IN ('a1N7E000005WNvvUAG', 'a1N7E000005WNvrUAG', 'a1N7E000005WNvsUAG').
 [16:15:03.750] {CMPL123__X123Task__c} Using REST API to retrieve the data ...
 [16:15:03.990] {CMPL123__X123Task__c} Data retrieval (Source) has been completed. Got 3 new records.
 [16:15:03.993] newLine
 [16:15:03.995] PASS 4
 =============
 [16:15:03.999] No records
 [16:15:04.1] newLine
 TARGET:
 =============
 [16:15:04.6] No records
 [16:15:04.8] Data retrieval (STAGE 2) has been completed.
 [16:15:04.9] newLine
 TRIGGERING ADD-ON EVENTS ...
 [16:15:04.13] No Add-On modules found to run.
 [16:15:04.15] newLine
 [16:15:04.16] newLine
 DATA RETRIEVAL SUMMARY.
 [16:15:04.19] {CMPL123__WF_Rule__c} The total amount of the retrieved records: 3/0.
 [16:15:04.21] {CMPL123__WF_Step__c} The total amount of the retrieved records: 31/0.
 [16:15:04.24] {CMPL123__Record_Access_Rule__c} The total amount of the retrieved records: 0/0.
 [16:15:04.25] {CMPL123__AuditTrail_Config__c} The total amount of the retrieved records: 152/0.
 [16:15:04.27] {CMPL123__WF_Action__c} The total amount of the retrieved records: 21/0.
 [16:15:04.29] {CMPL123__WF_Status__c} The total amount of the retrieved records: 19/0.
 [16:15:04.31] {CMPL123__WF_Phase__c} The total amount of the retrieved records: 11/0.
 [16:15:04.32] {CMPL123__WF_Rule_Phase__c} The total amount of the retrieved records: 11/0.
 [16:15:04.34] {CMPL123__WF_Phase_Status__c} The total amount of the retrieved records: 18/0.
 [16:15:04.35] {CMPL123__Context_Based_Security__c} The total amount of the retrieved records: 0/0.
 [16:15:04.37] {CMPL123__X123Task__c} The total amount of the retrieved records: 3/0.
 [16:15:04.39] {CMPL123__X123Job__c} The total amount of the retrieved records: 3/0.
 [16:15:04.40] {CMPL123__Job_Field_Map__c} The total amount of the retrieved records: 0/0.
 [16:15:04.42] {CMPL123__Valid_Child_Status__c} The total amount of the retrieved records: 156/0.
 [16:15:04.44] {CMPL123__WF_Step_Extension__c} The total amount of the retrieved records: 20/0.
 [16:15:04.47] newLine
 UPDATING THE TARGET (STAGE 1) ...
 [16:15:04.52] {CMPL123__WF_Rule__c} Creating the file C:\Users\Himanshu.Desai\Documents\GitHub\GCHS-Release-1\sfdmu-data\CMPL123__WF_Rule__c.csv ...
 [16:15:04.221] {CMPL123__WF_Rule__c} The Target has been updated. Totally processed 3 records.
 [16:15:04.224] newLine
 [16:15:04.226] {CMPL123__WF_Action__c} Creating the file C:\Users\Himanshu.Desai\Documents\GitHub\GCHS-Release-1\sfdmu-data\CMPL123__WF_Action__c.csv ...
 [16:15:04.265] {CMPL123__WF_Action__c} The Target has been updated. Totally processed 21 records.
 [16:15:04.267] newLine
 [16:15:04.273] {CMPL123__WF_Status__c} Creating the file C:\Users\Himanshu.Desai\Documents\GitHub\GCHS-Release-1\sfdmu-data\CMPL123__WF_Status__c.csv ...
 [16:15:04.294] {CMPL123__WF_Status__c} The Target has been updated. Totally processed 19 records.
 [16:15:04.297] newLine
 [16:15:04.300] {CMPL123__WF_Step__c} Creating the file C:\Users\Himanshu.Desai\Documents\GitHub\GCHS-Release-1\sfdmu-data\CMPL123__WF_Step__c.csv ...
 [16:15:04.323] {CMPL123__WF_Step__c} The Target has been updated. Totally processed 31 records.
 [16:15:04.325] newLine
 [16:15:04.328] {CMPL123__WF_Phase__c} Creating the file C:\Users\Himanshu.Desai\Documents\GitHub\GCHS-Release-1\sfdmu-data\CMPL123__WF_Phase__c.csv ...
 [16:15:04.356] {CMPL123__WF_Phase__c} The Target has been updated. Totally processed 11 records.
 [16:15:04.358] newLine
 [16:15:04.361] {CMPL123__WF_Rule_Phase__c} Creating the file C:\Users\Himanshu.Desai\Documents\GitHub\GCHS-Release-1\sfdmu-data\CMPL123__WF_Rule_Phase__c.csv ...
 [16:15:04.374] {CMPL123__WF_Rule_Phase__c} The Target has been updated. Totally processed 11 records.
 [16:15:04.376] newLine
 [16:15:04.378] {CMPL123__WF_Phase_Status__c} Creating the file C:\Users\Himanshu.Desai\Documents\GitHub\GCHS-Release-1\sfdmu-data\CMPL123__WF_Phase_Status__c.csv ...
 [16:15:04.390] {CMPL123__WF_Phase_Status__c} The Target has been updated. Totally processed 18 records.
 [16:15:04.393] newLine
 [16:15:04.395] {CMPL123__Context_Based_Security__c} Creating the file C:\Users\Himanshu.Desai\Documents\GitHub\GCHS-Release-1\sfdmu-data\CMPL123__Context_Based_Security__c.csv ...
 [16:15:04.401] {CMPL123__X123Task__c} Creating the file C:\Users\Himanshu.Desai\Documents\GitHub\GCHS-Release-1\sfdmu-data\CMPL123__X123Task__c.csv ...
 [16:15:04.446] {CMPL123__X123Task__c} The Target has been updated. Totally processed 3 records.
 [16:15:04.448] newLine
 [16:15:04.455] {CMPL123__X123Job__c} Creating the file C:\Users\Himanshu.Desai\Documents\GitHub\GCHS-Release-1\sfdmu-data\CMPL123__X123Job__c.csv ...
 [16:15:04.463] {CMPL123__X123Job__c} The Target has been updated. Totally processed 3 records.
 [16:15:04.465] newLine
 [16:15:04.472] {CMPL123__Job_Field_Map__c} Creating the file C:\Users\Himanshu.Desai\Documents\GitHub\GCHS-Release-1\sfdmu-data\CMPL123__Job_Field_Map__c.csv ...
 [16:15:04.480] {CMPL123__Record_Access_Rule__c} Creating the file C:\Users\Himanshu.Desai\Documents\GitHub\GCHS-Release-1\sfdmu-data\CMPL123__Record_Access_Rule__c.csv ...
 [16:15:04.501] {CMPL123__Valid_Child_Status__c} Creating the file C:\Users\Himanshu.Desai\Documents\GitHub\GCHS-Release-1\sfdmu-data\CMPL123__Valid_Child_Status__c.csv ...
 [16:15:04.573] {CMPL123__Valid_Child_Status__c} The Target has been updated. Totally processed 156 records.
 [16:15:04.603] newLine
 [16:15:04.639] {CMPL123__WF_Step_Extension__c} Creating the file C:\Users\Himanshu.Desai\Documents\GitHub\GCHS-Release-1\sfdmu-data\CMPL123__WF_Step_Extension__c.csv ...
 [16:15:04.686] {CMPL123__WF_Step_Extension__c} The Target has been updated. Totally processed 20 records.
 [16:15:04.691] newLine
 [16:15:04.701] {CMPL123__AuditTrail_Config__c} Creating the file C:\Users\Himanshu.Desai\Documents\GitHub\GCHS-Release-1\sfdmu-data\CMPL123__AuditTrail_Config__c.csv ...
 [16:15:05.78] {CMPL123__AuditTrail_Config__c} The Target has been updated. Totally processed 152 records.
 [16:15:05.115] newLine
 [16:15:05.197] newLine
 [16:15:05.238] The Target (STAGE 1) has been updated. Totally processed 448 records.
 [16:15:05.249] newLine
 UPDATING THE TARGET (STAGE 2) ...
 [16:15:05.295] newLine
 [16:15:05.298] Nothing was updated.
 [16:15:05.306] newLine
 TRIGGERING ADD-ON EVENTS ...
 [16:15:05.313] No Add-On modules found to run.
 [16:15:05.314] newLine
 [16:15:05.316] newLine
 DATA PROCESSING SUMMARY.
 [16:15:05.319] {CMPL123__WF_Rule__c} Totally processed 3 records.
 [16:15:05.321] {CMPL123__WF_Step__c} Totally processed 31 records.
 [16:15:05.322] {CMPL123__Record_Access_Rule__c} Totally processed 0 records.
 [16:15:05.324] {CMPL123__AuditTrail_Config__c} Totally processed 152 records.
 [16:15:05.326] {CMPL123__WF_Action__c} Totally processed 21 records.
 [16:15:05.328] {CMPL123__WF_Status__c} Totally processed 19 records.
 [16:15:05.329] {CMPL123__WF_Phase__c} Totally processed 11 records.
 [16:15:05.331] {CMPL123__WF_Rule_Phase__c} Totally processed 11 records.
 [16:15:05.333] {CMPL123__WF_Phase_Status__c} Totally processed 18 records.
 [16:15:05.335] {CMPL123__Context_Based_Security__c} Totally processed 0 records.
 [16:15:05.336] {CMPL123__X123Task__c} Totally processed 3 records.
 [16:15:05.338] {CMPL123__X123Job__c} Totally processed 3 records.
 [16:15:05.340] {CMPL123__Job_Field_Map__c} Totally processed 0 records.
 [16:15:05.345] {CMPL123__Valid_Child_Status__c} Totally processed 156 records.
 [16:15:05.347] {CMPL123__WF_Step_Extension__c} Totally processed 20 records.
 [16:15:05.349] newLine
 [16:15:05.352] Writing to C:\Users\Himanshu.Desai\Documents\GitHub\GCHS-Release-1\sfdmu-data\MissingParentRecordsReport.csv ...
 [16:15:05.356] newLine
 [16:15:05.360] newLine
 TRIGGERING ADD-ON EVENTS ...
 [16:15:05.363] No Add-On modules found to run.
 [16:15:05.365] newLine

 [16:15:05.399] Command succeeded.
 [16:15:05.404] Execution of the command sfdmu:run has been completed. Exit code 0 (SUCCESS).
 [16:15:05.412] Total time elapsed: 00h 00m 37s 193ms .